[2024-04-15T09:59:18.875+0000] {local_task_job_runner.py:120} INFO - ::group::Pre task execution logs
[2024-04-15T09:59:18.944+0000] {taskinstance.py:2073} INFO - Dependencies all met for dep_context=non-requeueable deps ti=<TaskInstance: prioritas1_no1.touch_about_us scheduled__2024-04-14T00:00:00+00:00 [queued]>
[2024-04-15T09:59:18.973+0000] {taskinstance.py:2073} INFO - Dependencies all met for dep_context=requeueable deps ti=<TaskInstance: prioritas1_no1.touch_about_us scheduled__2024-04-14T00:00:00+00:00 [queued]>
[2024-04-15T09:59:18.974+0000] {taskinstance.py:2303} INFO - Starting attempt 1 of 6
[2024-04-15T09:59:19.052+0000] {taskinstance.py:2327} INFO - Executing <Task(BashOperator): touch_about_us> on 2024-04-14 00:00:00+00:00
[2024-04-15T09:59:19.073+0000] {warnings.py:110} WARNING - /home/***/.local/lib/python3.12/site-packages/***/task/task_runner/standard_task_runner.py:61: DeprecationWarning: This process (pid=106) is multi-threaded, use of fork() may lead to deadlocks in the child.
  pid = os.fork()

[2024-04-15T09:59:19.095+0000] {standard_task_runner.py:63} INFO - Started process 110 to run task
[2024-04-15T09:59:19.076+0000] {standard_task_runner.py:90} INFO - Running: ['***', 'tasks', 'run', 'prioritas1_no1', 'touch_about_us', 'scheduled__2024-04-14T00:00:00+00:00', '--job-id', '278', '--raw', '--subdir', 'DAGS_FOLDER/prioritas1_dag.py', '--cfg-path', '/tmp/tmpfy3clns5']
[2024-04-15T09:59:19.102+0000] {standard_task_runner.py:91} INFO - Job 278: Subtask touch_about_us
[2024-04-15T09:59:19.310+0000] {task_command.py:426} INFO - Running <TaskInstance: prioritas1_no1.touch_about_us scheduled__2024-04-14T00:00:00+00:00 [running]> on host 2354a2c4893f
[2024-04-15T09:59:19.815+0000] {taskinstance.py:2644} INFO - Exporting env vars: AIRFLOW_CTX_DAG_OWNER='abdan' AIRFLOW_CTX_DAG_ID='prioritas1_no1' AIRFLOW_CTX_TASK_ID='touch_about_us' AIRFLOW_CTX_EXECUTION_DATE='2024-04-14T00:00:00+00:00' AIRFLOW_CTX_TRY_NUMBER='1' AIRFLOW_CTX_DAG_RUN_ID='scheduled__2024-04-14T00:00:00+00:00'
[2024-04-15T09:59:19.826+0000] {taskinstance.py:430} INFO - ::endgroup::
[2024-04-15T09:59:19.830+0000] {subprocess.py:63} INFO - Tmp dir root location: /tmp
[2024-04-15T09:59:19.845+0000] {subprocess.py:75} INFO - Running command: ['/usr/bin/bash', '-c', 'touch /opt/***/dags/about_us/about.txt']
[2024-04-15T09:59:19.902+0000] {subprocess.py:86} INFO - Output:
[2024-04-15T09:59:19.956+0000] {subprocess.py:97} INFO - Command exited with return code 0
[2024-04-15T09:59:19.958+0000] {taskinstance.py:441} INFO - ::group::Post task execution logs
[2024-04-15T09:59:20.129+0000] {taskinstance.py:1205} INFO - Marking task as SUCCESS. dag_id=prioritas1_no1, task_id=touch_about_us, execution_date=20240414T000000, start_date=20240415T095918, end_date=20240415T095920
[2024-04-15T09:59:20.264+0000] {local_task_job_runner.py:240} INFO - Task exited with return code 0
[2024-04-15T09:59:20.386+0000] {taskinstance.py:3482} INFO - 1 downstream tasks scheduled from follow-on schedule check
[2024-04-15T09:59:20.405+0000] {local_task_job_runner.py:222} INFO - ::endgroup::
