[2024-04-14T11:54:30.668+0000] {local_task_job_runner.py:120} INFO - ::group::Pre task execution logs
[2024-04-14T11:54:30.744+0000] {taskinstance.py:2073} INFO - Dependencies all met for dep_context=non-requeueable deps ti=<TaskInstance: prioritas1_no1.touch_our_works scheduled__2024-04-13T00:00:00+00:00 [queued]>
[2024-04-14T11:54:30.792+0000] {taskinstance.py:2073} INFO - Dependencies all met for dep_context=requeueable deps ti=<TaskInstance: prioritas1_no1.touch_our_works scheduled__2024-04-13T00:00:00+00:00 [queued]>
[2024-04-14T11:54:30.795+0000] {taskinstance.py:2303} INFO - Starting attempt 1 of 6
[2024-04-14T11:54:30.833+0000] {taskinstance.py:2327} INFO - Executing <Task(BashOperator): touch_our_works> on 2024-04-13 00:00:00+00:00
[2024-04-14T11:54:30.849+0000] {warnings.py:110} WARNING - /home/***/.local/lib/python3.12/site-packages/***/task/task_runner/standard_task_runner.py:61: DeprecationWarning: This process (pid=98) is multi-threaded, use of fork() may lead to deadlocks in the child.
  pid = os.fork()

[2024-04-14T11:54:30.853+0000] {standard_task_runner.py:63} INFO - Started process 111 to run task
[2024-04-14T11:54:30.856+0000] {standard_task_runner.py:90} INFO - Running: ['***', 'tasks', 'run', 'prioritas1_no1', 'touch_our_works', 'scheduled__2024-04-13T00:00:00+00:00', '--job-id', '262', '--raw', '--subdir', 'DAGS_FOLDER/prioritas1_dag.py', '--cfg-path', '/tmp/tmpkjeq6pz5']
[2024-04-14T11:54:30.862+0000] {standard_task_runner.py:91} INFO - Job 262: Subtask touch_our_works
[2024-04-14T11:54:31.092+0000] {task_command.py:426} INFO - Running <TaskInstance: prioritas1_no1.touch_our_works scheduled__2024-04-13T00:00:00+00:00 [running]> on host 2354a2c4893f
[2024-04-14T11:54:31.552+0000] {taskinstance.py:2644} INFO - Exporting env vars: AIRFLOW_CTX_DAG_OWNER='abdan' AIRFLOW_CTX_DAG_ID='prioritas1_no1' AIRFLOW_CTX_TASK_ID='touch_our_works' AIRFLOW_CTX_EXECUTION_DATE='2024-04-13T00:00:00+00:00' AIRFLOW_CTX_TRY_NUMBER='1' AIRFLOW_CTX_DAG_RUN_ID='scheduled__2024-04-13T00:00:00+00:00'
[2024-04-14T11:54:31.556+0000] {taskinstance.py:430} INFO - ::endgroup::
[2024-04-14T11:54:31.592+0000] {subprocess.py:63} INFO - Tmp dir root location: /tmp
[2024-04-14T11:54:31.596+0000] {subprocess.py:75} INFO - Running command: ['/usr/bin/bash', '-c', 'touch /opt/***/dags/our_works/works.txt']
[2024-04-14T11:54:31.638+0000] {subprocess.py:86} INFO - Output:
[2024-04-14T11:54:31.699+0000] {subprocess.py:97} INFO - Command exited with return code 0
[2024-04-14T11:54:31.701+0000] {taskinstance.py:441} INFO - ::group::Post task execution logs
[2024-04-14T11:54:31.750+0000] {taskinstance.py:1205} INFO - Marking task as SUCCESS. dag_id=prioritas1_no1, task_id=touch_our_works, execution_date=20240413T000000, start_date=20240414T115430, end_date=20240414T115431
[2024-04-14T11:54:31.835+0000] {local_task_job_runner.py:240} INFO - Task exited with return code 0
[2024-04-14T11:54:31.912+0000] {taskinstance.py:3482} INFO - 1 downstream tasks scheduled from follow-on schedule check
[2024-04-14T11:54:31.956+0000] {local_task_job_runner.py:222} INFO - ::endgroup::
