[2024-04-09T17:20:43.498+0000] {local_task_job_runner.py:120} INFO - ::group::Pre task execution logs
[2024-04-09T17:20:43.587+0000] {taskinstance.py:2073} INFO - Dependencies all met for dep_context=non-requeueable deps ti=<TaskInstance: prioritas1_no1.echo_hello_airflow scheduled__2024-04-08T00:00:00+00:00 [queued]>
[2024-04-09T17:20:43.613+0000] {taskinstance.py:2073} INFO - Dependencies all met for dep_context=requeueable deps ti=<TaskInstance: prioritas1_no1.echo_hello_airflow scheduled__2024-04-08T00:00:00+00:00 [queued]>
[2024-04-09T17:20:43.615+0000] {taskinstance.py:2303} INFO - Starting attempt 1 of 6
[2024-04-09T17:20:44.315+0000] {taskinstance.py:2327} INFO - Executing <Task(BashOperator): echo_hello_airflow> on 2024-04-08 00:00:00+00:00
[2024-04-09T17:20:44.368+0000] {warnings.py:110} WARNING - /home/***/.local/lib/python3.12/site-packages/***/task/task_runner/standard_task_runner.py:61: DeprecationWarning: This process (pid=115) is multi-threaded, use of fork() may lead to deadlocks in the child.
  pid = os.fork()

[2024-04-09T17:20:44.380+0000] {standard_task_runner.py:63} INFO - Started process 126 to run task
[2024-04-09T17:20:44.395+0000] {standard_task_runner.py:90} INFO - Running: ['***', 'tasks', 'run', 'prioritas1_no1', 'echo_hello_***', 'scheduled__2024-04-08T00:00:00+00:00', '--job-id', '6', '--raw', '--subdir', 'DAGS_FOLDER/prioritas1_dag.py', '--cfg-path', '/tmp/tmp4xz7ko59']
[2024-04-09T17:20:44.411+0000] {standard_task_runner.py:91} INFO - Job 6: Subtask echo_hello_***
[2024-04-09T17:20:44.753+0000] {task_command.py:426} INFO - Running <TaskInstance: prioritas1_no1.echo_hello_airflow scheduled__2024-04-08T00:00:00+00:00 [running]> on host 805e8d5936d1
[2024-04-09T17:20:45.734+0000] {taskinstance.py:2644} INFO - Exporting env vars: AIRFLOW_CTX_DAG_OWNER='abdan' AIRFLOW_CTX_DAG_ID='prioritas1_no1' AIRFLOW_CTX_TASK_ID='echo_hello_***' AIRFLOW_CTX_EXECUTION_DATE='2024-04-08T00:00:00+00:00' AIRFLOW_CTX_TRY_NUMBER='1' AIRFLOW_CTX_DAG_RUN_ID='scheduled__2024-04-08T00:00:00+00:00'
[2024-04-09T17:20:45.746+0000] {taskinstance.py:430} INFO - ::endgroup::
[2024-04-09T17:20:45.761+0000] {subprocess.py:63} INFO - Tmp dir root location: /tmp
[2024-04-09T17:20:45.763+0000] {subprocess.py:75} INFO - Running command: ['/usr/bin/bash', '-c', 'echo hello ***']
[2024-04-09T17:20:45.862+0000] {subprocess.py:86} INFO - Output:
[2024-04-09T17:20:45.887+0000] {subprocess.py:93} INFO - hello ***
[2024-04-09T17:20:45.893+0000] {subprocess.py:97} INFO - Command exited with return code 0
[2024-04-09T17:20:45.894+0000] {taskinstance.py:441} INFO - ::group::Post task execution logs
[2024-04-09T17:20:46.679+0000] {taskinstance.py:1205} INFO - Marking task as SUCCESS. dag_id=prioritas1_no1, task_id=echo_hello_***, execution_date=20240408T000000, start_date=20240409T172043, end_date=20240409T172046
[2024-04-09T17:20:46.747+0000] {local_task_job_runner.py:240} INFO - Task exited with return code 0
[2024-04-09T17:20:46.817+0000] {taskinstance.py:3482} INFO - 2 downstream tasks scheduled from follow-on schedule check
[2024-04-09T17:20:46.829+0000] {local_task_job_runner.py:222} INFO - ::endgroup::
