[2024-04-14T13:43:05.662+0000] {local_task_job_runner.py:120} INFO - ::group::Pre task execution logs
[2024-04-14T13:43:05.818+0000] {taskinstance.py:2073} INFO - Dependencies all met for dep_context=non-requeueable deps ti=<TaskInstance: eksplorasi_data_ingestion.extract_task manual__2024-04-14T13:26:59.627068+00:00 [queued]>
[2024-04-14T13:43:05.850+0000] {taskinstance.py:2073} INFO - Dependencies all met for dep_context=requeueable deps ti=<TaskInstance: eksplorasi_data_ingestion.extract_task manual__2024-04-14T13:26:59.627068+00:00 [queued]>
[2024-04-14T13:43:05.851+0000] {taskinstance.py:2303} INFO - Starting attempt 2 of 2
[2024-04-14T13:43:05.919+0000] {taskinstance.py:2327} INFO - Executing <Task(PythonOperator): extract_task> on 2024-04-14 13:26:59.627068+00:00
[2024-04-14T13:43:06.006+0000] {warnings.py:110} WARNING - /home/***/.local/lib/python3.12/site-packages/***/task/task_runner/standard_task_runner.py:61: DeprecationWarning: This process (pid=778) is multi-threaded, use of fork() may lead to deadlocks in the child.
  pid = os.fork()

[2024-04-14T13:43:06.019+0000] {standard_task_runner.py:63} INFO - Started process 787 to run task
[2024-04-14T13:43:06.012+0000] {standard_task_runner.py:90} INFO - Running: ['***', 'tasks', 'run', 'eksplorasi_data_ingestion', 'extract_task', 'manual__2024-04-14T13:26:59.627068+00:00', '--job-id', '10', '--raw', '--subdir', 'DAGS_FOLDER/eksplorasi_dag.py', '--cfg-path', '/tmp/tmptfc62ja6']
[2024-04-14T13:43:06.041+0000] {standard_task_runner.py:91} INFO - Job 10: Subtask extract_task
[2024-04-14T13:43:06.376+0000] {task_command.py:426} INFO - Running <TaskInstance: eksplorasi_data_ingestion.extract_task manual__2024-04-14T13:26:59.627068+00:00 [running]> on host 327943d91b42
[2024-04-14T13:43:07.017+0000] {taskinstance.py:2644} INFO - Exporting env vars: AIRFLOW_CTX_DAG_OWNER='abdan' AIRFLOW_CTX_DAG_ID='eksplorasi_data_ingestion' AIRFLOW_CTX_TASK_ID='extract_task' AIRFLOW_CTX_EXECUTION_DATE='2024-04-14T13:26:59.627068+00:00' AIRFLOW_CTX_TRY_NUMBER='2' AIRFLOW_CTX_DAG_RUN_ID='manual__2024-04-14T13:26:59.627068+00:00'
[2024-04-14T13:43:07.020+0000] {taskinstance.py:430} INFO - ::endgroup::
[2024-04-14T13:43:08.845+0000] {logging_mixin.py:188} INFO - Extracted books (head):
[2024-04-14T13:43:08.907+0000] {logging_mixin.py:188} INFO -                     judul           pengarang  tahun_terbit            genre
0  The Quantum Experiment      Alice Thompson          2018  Science Fiction
1      Echoes of Infinity  Benjamin Rodriguez          2021          Fantasy
2       Cipher of Shadows     Catherine White          2019          Mystery
3          Astral Journey        David Turner          2020        Adventure
4        Temporal Paradox        Emily Harris          2017  Science Fiction
[2024-04-14T13:43:08.908+0000] {logging_mixin.py:188} INFO - Extracted books (tail):
[2024-04-14T13:43:08.944+0000] {logging_mixin.py:188} INFO -                                judul  ...            genre
45       Infinity's Embrace Extended  ...        Adventure
46  Whispers of the Stars Reimagined  ...  Science Fiction
47              Dark Descent Revived  ...           Horror
48              Mystic Mosaic Mended  ...          Fantasy
49            Lost Legends Continued  ...          Mystery

[5 rows x 4 columns]
[2024-04-14T13:43:08.950+0000] {python.py:237} INFO - Done. Returned value was: None
[2024-04-14T13:43:08.950+0000] {taskinstance.py:441} INFO - ::group::Post task execution logs
[2024-04-14T13:43:08.971+0000] {taskinstance.py:1205} INFO - Marking task as SUCCESS. dag_id=eksplorasi_data_ingestion, task_id=extract_task, execution_date=20240414T132659, start_date=20240414T134305, end_date=20240414T134308
[2024-04-14T13:43:09.084+0000] {local_task_job_runner.py:240} INFO - Task exited with return code 0
[2024-04-14T13:43:09.151+0000] {taskinstance.py:3482} INFO - 0 downstream tasks scheduled from follow-on schedule check
[2024-04-14T13:43:09.179+0000] {local_task_job_runner.py:222} INFO - ::endgroup::
