[2024-04-12T01:18:55.464+0000] {local_task_job_runner.py:120} INFO - ::group::Pre task execution logs
[2024-04-12T01:18:55.511+0000] {taskinstance.py:2073} INFO - Dependencies all met for dep_context=non-requeueable deps ti=<TaskInstance: prioritas2.check_even_sum manual__2024-04-12T01:18:37.088170+00:00 [queued]>
[2024-04-12T01:18:55.526+0000] {taskinstance.py:2073} INFO - Dependencies all met for dep_context=requeueable deps ti=<TaskInstance: prioritas2.check_even_sum manual__2024-04-12T01:18:37.088170+00:00 [queued]>
[2024-04-12T01:18:55.527+0000] {taskinstance.py:2303} INFO - Starting attempt 1 of 6
[2024-04-12T01:18:55.569+0000] {taskinstance.py:2327} INFO - Executing <Task(PythonOperator): check_even_sum> on 2024-04-12 01:18:37.088170+00:00
[2024-04-12T01:18:55.605+0000] {warnings.py:110} WARNING - /home/***/.local/lib/python3.12/site-packages/***/task/task_runner/standard_task_runner.py:61: DeprecationWarning: This process (pid=939) is multi-threaded, use of fork() may lead to deadlocks in the child.
  pid = os.fork()

[2024-04-12T01:18:55.608+0000] {standard_task_runner.py:63} INFO - Started process 941 to run task
[2024-04-12T01:18:55.608+0000] {standard_task_runner.py:90} INFO - Running: ['***', 'tasks', 'run', 'prioritas2', 'check_even_sum', 'manual__2024-04-12T01:18:37.088170+00:00', '--job-id', '96', '--raw', '--subdir', 'DAGS_FOLDER/prioritas2_dag.py', '--cfg-path', '/tmp/tmp2wflbogm']
[2024-04-12T01:18:55.612+0000] {standard_task_runner.py:91} INFO - Job 96: Subtask check_even_sum
[2024-04-12T01:18:55.679+0000] {task_command.py:426} INFO - Running <TaskInstance: prioritas2.check_even_sum manual__2024-04-12T01:18:37.088170+00:00 [running]> on host 805e8d5936d1
[2024-04-12T01:18:55.796+0000] {taskinstance.py:2644} INFO - Exporting env vars: AIRFLOW_CTX_DAG_OWNER='abdan' AIRFLOW_CTX_DAG_ID='prioritas2' AIRFLOW_CTX_TASK_ID='check_even_sum' AIRFLOW_CTX_EXECUTION_DATE='2024-04-12T01:18:37.088170+00:00' AIRFLOW_CTX_TRY_NUMBER='1' AIRFLOW_CTX_DAG_RUN_ID='manual__2024-04-12T01:18:37.088170+00:00'
[2024-04-12T01:18:55.798+0000] {taskinstance.py:430} INFO - ::endgroup::
[2024-04-12T01:18:55.812+0000] {logging_mixin.py:188} INFO - Odd Sum
[2024-04-12T01:18:55.813+0000] {python.py:237} INFO - Done. Returned value was: None
[2024-04-12T01:18:55.813+0000] {taskinstance.py:441} INFO - ::group::Post task execution logs
[2024-04-12T01:18:55.825+0000] {taskinstance.py:1205} INFO - Marking task as SUCCESS. dag_id=prioritas2, task_id=check_even_sum, execution_date=20240412T011837, start_date=20240412T011855, end_date=20240412T011855
[2024-04-12T01:18:55.863+0000] {local_task_job_runner.py:240} INFO - Task exited with return code 0
[2024-04-12T01:18:55.880+0000] {taskinstance.py:3482} INFO - 0 downstream tasks scheduled from follow-on schedule check
[2024-04-12T01:18:55.887+0000] {local_task_job_runner.py:222} INFO - ::endgroup::
