[2024-04-13T19:01:02.252+0000] {local_task_job_runner.py:120} INFO - ::group::Pre task execution logs
[2024-04-13T19:01:02.307+0000] {taskinstance.py:2073} INFO - Dependencies all met for dep_context=non-requeueable deps ti=<TaskInstance: fruits_data_pipeline.create_fruits_table manual__2024-04-13T18:59:18.547094+00:00 [queued]>
[2024-04-13T19:01:02.331+0000] {taskinstance.py:2073} INFO - Dependencies all met for dep_context=requeueable deps ti=<TaskInstance: fruits_data_pipeline.create_fruits_table manual__2024-04-13T18:59:18.547094+00:00 [queued]>
[2024-04-13T19:01:02.333+0000] {taskinstance.py:2303} INFO - Starting attempt 1 of 4
[2024-04-13T19:01:02.381+0000] {taskinstance.py:2327} INFO - Executing <Task(PythonOperator): create_fruits_table> on 2024-04-13 18:59:18.547094+00:00
[2024-04-13T19:01:02.447+0000] {warnings.py:110} WARNING - /home/***/.local/lib/python3.12/site-packages/***/task/task_runner/standard_task_runner.py:61: DeprecationWarning: This process (pid=742) is multi-threaded, use of fork() may lead to deadlocks in the child.
  pid = os.fork()

[2024-04-13T19:01:02.472+0000] {standard_task_runner.py:63} INFO - Started process 744 to run task
[2024-04-13T19:01:02.469+0000] {standard_task_runner.py:90} INFO - Running: ['***', 'tasks', 'run', 'fruits_data_pipeline', 'create_fruits_table', 'manual__2024-04-13T18:59:18.547094+00:00', '--job-id', '247', '--raw', '--subdir', 'DAGS_FOLDER/eksplorasii_dag.py', '--cfg-path', '/tmp/tmp46katzx0']
[2024-04-13T19:01:02.481+0000] {standard_task_runner.py:91} INFO - Job 247: Subtask create_fruits_table
[2024-04-13T19:01:03.130+0000] {task_command.py:426} INFO - Running <TaskInstance: fruits_data_pipeline.create_fruits_table manual__2024-04-13T18:59:18.547094+00:00 [running]> on host 2354a2c4893f
[2024-04-13T19:01:03.278+0000] {taskinstance.py:2644} INFO - Exporting env vars: AIRFLOW_CTX_DAG_OWNER='abdan' AIRFLOW_CTX_DAG_ID='fruits_data_pipeline' AIRFLOW_CTX_TASK_ID='create_fruits_table' AIRFLOW_CTX_EXECUTION_DATE='2024-04-13T18:59:18.547094+00:00' AIRFLOW_CTX_TRY_NUMBER='1' AIRFLOW_CTX_DAG_RUN_ID='manual__2024-04-13T18:59:18.547094+00:00'
[2024-04-13T19:01:03.281+0000] {taskinstance.py:430} INFO - ::endgroup::
[2024-04-13T19:01:03.288+0000] {logging_mixin.py:188} INFO - Error connecting to PostgreSQL: connection to server at "localhost" (::1), port 5432 failed: Connection refused
	Is the server running on that host and accepting TCP/IP connections?
connection to server at "localhost" (127.0.0.1), port 5432 failed: Connection refused
	Is the server running on that host and accepting TCP/IP connections?
[2024-04-13T19:01:03.289+0000] {taskinstance.py:441} INFO - ::group::Post task execution logs
[2024-04-13T19:01:03.290+0000] {taskinstance.py:2890} ERROR - Task failed with exception
Traceback (most recent call last):
  File "/home/airflow/.local/lib/python3.12/site-packages/airflow/models/taskinstance.py", line 465, in _execute_task
    result = _execute_callable(context=context, **execute_callable_kwargs)
             ^^^^^^^^^^^^^^^^^^^^^^^^^^^^^^^^^^^^^^^^^^^^^^^^^^^^^^^^^^^^^
  File "/home/airflow/.local/lib/python3.12/site-packages/airflow/models/taskinstance.py", line 432, in _execute_callable
    return execute_callable(context=context, **execute_callable_kwargs)
           ^^^^^^^^^^^^^^^^^^^^^^^^^^^^^^^^^^^^^^^^^^^^^^^^^^^^^^^^^^^^
  File "/home/airflow/.local/lib/python3.12/site-packages/airflow/models/baseoperator.py", line 400, in wrapper
    return func(self, *args, **kwargs)
           ^^^^^^^^^^^^^^^^^^^^^^^^^^^
  File "/home/airflow/.local/lib/python3.12/site-packages/airflow/operators/python.py", line 235, in execute
    return_value = self.execute_callable()
                   ^^^^^^^^^^^^^^^^^^^^^^^
  File "/home/airflow/.local/lib/python3.12/site-packages/airflow/operators/python.py", line 252, in execute_callable
    return self.python_callable(*self.op_args, **self.op_kwargs)
           ^^^^^^^^^^^^^^^^^^^^^^^^^^^^^^^^^^^^^^^^^^^^^^^^^^^^^
  File "/opt/airflow/dags/eksplorasii_dag.py", line 50, in create_fruits_table
    raise e
  File "/opt/airflow/dags/eksplorasii_dag.py", line 32, in create_fruits_table
    conn = psycopg2.connect(
           ^^^^^^^^^^^^^^^^^
  File "/home/airflow/.local/lib/python3.12/site-packages/psycopg2/__init__.py", line 122, in connect
    conn = _connect(dsn, connection_factory=connection_factory, **kwasync)
           ^^^^^^^^^^^^^^^^^^^^^^^^^^^^^^^^^^^^^^^^^^^^^^^^^^^^^^^^^^^^^^^
psycopg2.OperationalError: connection to server at "localhost" (::1), port 5432 failed: Connection refused
	Is the server running on that host and accepting TCP/IP connections?
connection to server at "localhost" (127.0.0.1), port 5432 failed: Connection refused
	Is the server running on that host and accepting TCP/IP connections?

[2024-04-13T19:01:03.321+0000] {taskinstance.py:1205} INFO - Marking task as UP_FOR_RETRY. dag_id=fruits_data_pipeline, task_id=create_fruits_table, execution_date=20240413T185918, start_date=20240413T190102, end_date=20240413T190103
[2024-04-13T19:01:03.352+0000] {standard_task_runner.py:110} ERROR - Failed to execute job 247 for task create_fruits_table (connection to server at "localhost" (::1), port 5432 failed: Connection refused
	Is the server running on that host and accepting TCP/IP connections?
connection to server at "localhost" (127.0.0.1), port 5432 failed: Connection refused
	Is the server running on that host and accepting TCP/IP connections?
; 744)
[2024-04-13T19:01:03.377+0000] {local_task_job_runner.py:240} INFO - Task exited with return code 1
[2024-04-13T19:01:03.420+0000] {taskinstance.py:3482} INFO - 0 downstream tasks scheduled from follow-on schedule check
[2024-04-13T19:01:03.427+0000] {local_task_job_runner.py:222} INFO - ::endgroup::
