[2024-04-14T11:52:50.741+0000] {processor.py:161} INFO - Started process (PID=59) to work on /home/airflow/.local/lib/python3.12/site-packages/airflow/example_dags/example_skip_dag.py
[2024-04-14T11:52:50.766+0000] {processor.py:830} INFO - Processing file /home/airflow/.local/lib/python3.12/site-packages/airflow/example_dags/example_skip_dag.py for tasks to queue
[2024-04-14T11:52:50.776+0000] {logging_mixin.py:188} INFO - [2024-04-14T11:52:50.775+0000] {dagbag.py:540} INFO - Filling up the DagBag from /home/airflow/.local/lib/python3.12/site-packages/airflow/example_dags/example_skip_dag.py
[2024-04-14T11:52:50.944+0000] {processor.py:840} INFO - DAG(s) 'example_skip_dag' retrieved from /home/airflow/.local/lib/python3.12/site-packages/airflow/example_dags/example_skip_dag.py
[2024-04-14T11:52:51.385+0000] {logging_mixin.py:188} INFO - [2024-04-14T11:52:51.384+0000] {dag.py:3096} INFO - Sync 1 DAGs
[2024-04-14T11:52:51.464+0000] {logging_mixin.py:188} INFO - [2024-04-14T11:52:51.463+0000] {dag.py:3954} INFO - Setting next_dagrun for example_skip_dag to 2024-04-13 00:00:00+00:00, run_after=2024-04-14 00:00:00+00:00
[2024-04-14T11:52:51.521+0000] {processor.py:183} INFO - Processing /home/airflow/.local/lib/python3.12/site-packages/airflow/example_dags/example_skip_dag.py took 0.865 seconds
[2024-04-14T11:53:48.974+0000] {processor.py:161} INFO - Started process (PID=133) to work on /home/airflow/.local/lib/python3.12/site-packages/airflow/example_dags/example_skip_dag.py
[2024-04-14T11:53:48.978+0000] {processor.py:830} INFO - Processing file /home/airflow/.local/lib/python3.12/site-packages/airflow/example_dags/example_skip_dag.py for tasks to queue
[2024-04-14T11:53:48.983+0000] {logging_mixin.py:188} INFO - [2024-04-14T11:53:48.982+0000] {dagbag.py:540} INFO - Filling up the DagBag from /home/airflow/.local/lib/python3.12/site-packages/airflow/example_dags/example_skip_dag.py
[2024-04-14T11:53:49.005+0000] {processor.py:840} INFO - DAG(s) 'example_skip_dag' retrieved from /home/airflow/.local/lib/python3.12/site-packages/airflow/example_dags/example_skip_dag.py
[2024-04-14T11:53:49.076+0000] {logging_mixin.py:188} INFO - [2024-04-14T11:53:49.076+0000] {dag.py:3096} INFO - Sync 1 DAGs
[2024-04-14T11:53:49.133+0000] {logging_mixin.py:188} INFO - [2024-04-14T11:53:49.133+0000] {dag.py:3954} INFO - Setting next_dagrun for example_skip_dag to 2024-04-13 00:00:00+00:00, run_after=2024-04-14 00:00:00+00:00
[2024-04-14T11:53:49.178+0000] {processor.py:183} INFO - Processing /home/airflow/.local/lib/python3.12/site-packages/airflow/example_dags/example_skip_dag.py took 0.211 seconds
[2024-04-14T11:54:25.517+0000] {processor.py:161} INFO - Started process (PID=199) to work on /home/airflow/.local/lib/python3.12/site-packages/airflow/example_dags/example_skip_dag.py
[2024-04-14T11:54:25.540+0000] {processor.py:830} INFO - Processing file /home/airflow/.local/lib/python3.12/site-packages/airflow/example_dags/example_skip_dag.py for tasks to queue
[2024-04-14T11:54:25.648+0000] {logging_mixin.py:188} INFO - [2024-04-14T11:54:25.608+0000] {dagbag.py:540} INFO - Filling up the DagBag from /home/airflow/.local/lib/python3.12/site-packages/airflow/example_dags/example_skip_dag.py
[2024-04-14T11:54:27.502+0000] {processor.py:840} INFO - DAG(s) 'example_skip_dag' retrieved from /home/airflow/.local/lib/python3.12/site-packages/airflow/example_dags/example_skip_dag.py
[2024-04-14T11:54:27.942+0000] {logging_mixin.py:188} INFO - [2024-04-14T11:54:27.941+0000] {dag.py:3096} INFO - Sync 1 DAGs
[2024-04-14T11:54:28.429+0000] {logging_mixin.py:188} INFO - [2024-04-14T11:54:28.425+0000] {dag.py:3954} INFO - Setting next_dagrun for example_skip_dag to 2024-04-13 00:00:00+00:00, run_after=2024-04-14 00:00:00+00:00
[2024-04-14T11:54:28.765+0000] {processor.py:183} INFO - Processing /home/airflow/.local/lib/python3.12/site-packages/airflow/example_dags/example_skip_dag.py took 3.431 seconds
[2024-04-14T11:54:59.420+0000] {processor.py:161} INFO - Started process (PID=262) to work on /home/airflow/.local/lib/python3.12/site-packages/airflow/example_dags/example_skip_dag.py
[2024-04-14T11:54:59.435+0000] {processor.py:830} INFO - Processing file /home/airflow/.local/lib/python3.12/site-packages/airflow/example_dags/example_skip_dag.py for tasks to queue
[2024-04-14T11:54:59.554+0000] {logging_mixin.py:188} INFO - [2024-04-14T11:54:59.554+0000] {dagbag.py:540} INFO - Filling up the DagBag from /home/airflow/.local/lib/python3.12/site-packages/airflow/example_dags/example_skip_dag.py
[2024-04-14T11:54:59.667+0000] {processor.py:840} INFO - DAG(s) 'example_skip_dag' retrieved from /home/airflow/.local/lib/python3.12/site-packages/airflow/example_dags/example_skip_dag.py
[2024-04-14T11:54:59.820+0000] {logging_mixin.py:188} INFO - [2024-04-14T11:54:59.820+0000] {dag.py:3096} INFO - Sync 1 DAGs
[2024-04-14T11:54:59.961+0000] {logging_mixin.py:188} INFO - [2024-04-14T11:54:59.958+0000] {dag.py:3954} INFO - Setting next_dagrun for example_skip_dag to 2024-04-13 00:00:00+00:00, run_after=2024-04-14 00:00:00+00:00
[2024-04-14T11:55:00.147+0000] {processor.py:183} INFO - Processing /home/airflow/.local/lib/python3.12/site-packages/airflow/example_dags/example_skip_dag.py took 0.757 seconds
[2024-04-14T11:55:30.267+0000] {processor.py:161} INFO - Started process (PID=325) to work on /home/airflow/.local/lib/python3.12/site-packages/airflow/example_dags/example_skip_dag.py
[2024-04-14T11:55:30.272+0000] {processor.py:830} INFO - Processing file /home/airflow/.local/lib/python3.12/site-packages/airflow/example_dags/example_skip_dag.py for tasks to queue
[2024-04-14T11:55:30.278+0000] {logging_mixin.py:188} INFO - [2024-04-14T11:55:30.278+0000] {dagbag.py:540} INFO - Filling up the DagBag from /home/airflow/.local/lib/python3.12/site-packages/airflow/example_dags/example_skip_dag.py
[2024-04-14T11:55:30.301+0000] {processor.py:840} INFO - DAG(s) 'example_skip_dag' retrieved from /home/airflow/.local/lib/python3.12/site-packages/airflow/example_dags/example_skip_dag.py
[2024-04-14T11:55:30.383+0000] {logging_mixin.py:188} INFO - [2024-04-14T11:55:30.382+0000] {dag.py:3096} INFO - Sync 1 DAGs
[2024-04-14T11:55:30.444+0000] {logging_mixin.py:188} INFO - [2024-04-14T11:55:30.444+0000] {dag.py:3954} INFO - Setting next_dagrun for example_skip_dag to 2024-04-13 00:00:00+00:00, run_after=2024-04-14 00:00:00+00:00
[2024-04-14T11:55:30.493+0000] {processor.py:183} INFO - Processing /home/airflow/.local/lib/python3.12/site-packages/airflow/example_dags/example_skip_dag.py took 0.245 seconds
