[2024-04-14T11:52:50.658+0000] {processor.py:161} INFO - Started process (PID=58) to work on /home/airflow/.local/lib/python3.12/site-packages/airflow/example_dags/example_branch_labels.py
[2024-04-14T11:52:50.660+0000] {processor.py:830} INFO - Processing file /home/airflow/.local/lib/python3.12/site-packages/airflow/example_dags/example_branch_labels.py for tasks to queue
[2024-04-14T11:52:50.663+0000] {logging_mixin.py:188} INFO - [2024-04-14T11:52:50.663+0000] {dagbag.py:540} INFO - Filling up the DagBag from /home/airflow/.local/lib/python3.12/site-packages/airflow/example_dags/example_branch_labels.py
[2024-04-14T11:52:50.683+0000] {processor.py:840} INFO - DAG(s) 'example_branch_labels' retrieved from /home/airflow/.local/lib/python3.12/site-packages/airflow/example_dags/example_branch_labels.py
[2024-04-14T11:52:50.895+0000] {logging_mixin.py:188} INFO - [2024-04-14T11:52:50.893+0000] {dag.py:3096} INFO - Sync 1 DAGs
[2024-04-14T11:52:51.150+0000] {logging_mixin.py:188} INFO - [2024-04-14T11:52:51.148+0000] {dag.py:3954} INFO - Setting next_dagrun for example_branch_labels to 2024-04-13 00:00:00+00:00, run_after=2024-04-14 00:00:00+00:00
[2024-04-14T11:52:51.312+0000] {processor.py:183} INFO - Processing /home/airflow/.local/lib/python3.12/site-packages/airflow/example_dags/example_branch_labels.py took 0.664 seconds
[2024-04-14T11:53:48.681+0000] {processor.py:161} INFO - Started process (PID=132) to work on /home/airflow/.local/lib/python3.12/site-packages/airflow/example_dags/example_branch_labels.py
[2024-04-14T11:53:48.693+0000] {processor.py:830} INFO - Processing file /home/airflow/.local/lib/python3.12/site-packages/airflow/example_dags/example_branch_labels.py for tasks to queue
[2024-04-14T11:53:48.697+0000] {logging_mixin.py:188} INFO - [2024-04-14T11:53:48.696+0000] {dagbag.py:540} INFO - Filling up the DagBag from /home/airflow/.local/lib/python3.12/site-packages/airflow/example_dags/example_branch_labels.py
[2024-04-14T11:53:48.724+0000] {processor.py:840} INFO - DAG(s) 'example_branch_labels' retrieved from /home/airflow/.local/lib/python3.12/site-packages/airflow/example_dags/example_branch_labels.py
[2024-04-14T11:53:48.769+0000] {logging_mixin.py:188} INFO - [2024-04-14T11:53:48.768+0000] {dag.py:3096} INFO - Sync 1 DAGs
[2024-04-14T11:53:48.826+0000] {logging_mixin.py:188} INFO - [2024-04-14T11:53:48.825+0000] {dag.py:3954} INFO - Setting next_dagrun for example_branch_labels to 2024-04-13 00:00:00+00:00, run_after=2024-04-14 00:00:00+00:00
[2024-04-14T11:53:48.906+0000] {processor.py:183} INFO - Processing /home/airflow/.local/lib/python3.12/site-packages/airflow/example_dags/example_branch_labels.py took 0.245 seconds
[2024-04-14T11:54:24.820+0000] {processor.py:161} INFO - Started process (PID=198) to work on /home/airflow/.local/lib/python3.12/site-packages/airflow/example_dags/example_branch_labels.py
[2024-04-14T11:54:24.828+0000] {processor.py:830} INFO - Processing file /home/airflow/.local/lib/python3.12/site-packages/airflow/example_dags/example_branch_labels.py for tasks to queue
[2024-04-14T11:54:24.838+0000] {logging_mixin.py:188} INFO - [2024-04-14T11:54:24.837+0000] {dagbag.py:540} INFO - Filling up the DagBag from /home/airflow/.local/lib/python3.12/site-packages/airflow/example_dags/example_branch_labels.py
[2024-04-14T11:54:24.909+0000] {processor.py:840} INFO - DAG(s) 'example_branch_labels' retrieved from /home/airflow/.local/lib/python3.12/site-packages/airflow/example_dags/example_branch_labels.py
[2024-04-14T11:54:25.083+0000] {logging_mixin.py:188} INFO - [2024-04-14T11:54:25.082+0000] {dag.py:3096} INFO - Sync 1 DAGs
[2024-04-14T11:54:25.393+0000] {logging_mixin.py:188} INFO - [2024-04-14T11:54:25.393+0000] {dag.py:3954} INFO - Setting next_dagrun for example_branch_labels to 2024-04-13 00:00:00+00:00, run_after=2024-04-14 00:00:00+00:00
[2024-04-14T11:54:26.254+0000] {processor.py:183} INFO - Processing /home/airflow/.local/lib/python3.12/site-packages/airflow/example_dags/example_branch_labels.py took 1.454 seconds
[2024-04-14T11:54:56.804+0000] {processor.py:161} INFO - Started process (PID=261) to work on /home/airflow/.local/lib/python3.12/site-packages/airflow/example_dags/example_branch_labels.py
[2024-04-14T11:54:56.807+0000] {processor.py:830} INFO - Processing file /home/airflow/.local/lib/python3.12/site-packages/airflow/example_dags/example_branch_labels.py for tasks to queue
[2024-04-14T11:54:56.816+0000] {logging_mixin.py:188} INFO - [2024-04-14T11:54:56.812+0000] {dagbag.py:540} INFO - Filling up the DagBag from /home/airflow/.local/lib/python3.12/site-packages/airflow/example_dags/example_branch_labels.py
[2024-04-14T11:54:56.833+0000] {processor.py:840} INFO - DAG(s) 'example_branch_labels' retrieved from /home/airflow/.local/lib/python3.12/site-packages/airflow/example_dags/example_branch_labels.py
[2024-04-14T11:54:56.862+0000] {logging_mixin.py:188} INFO - [2024-04-14T11:54:56.861+0000] {dag.py:3096} INFO - Sync 1 DAGs
[2024-04-14T11:54:56.899+0000] {logging_mixin.py:188} INFO - [2024-04-14T11:54:56.899+0000] {dag.py:3954} INFO - Setting next_dagrun for example_branch_labels to 2024-04-13 00:00:00+00:00, run_after=2024-04-14 00:00:00+00:00
[2024-04-14T11:54:56.984+0000] {processor.py:183} INFO - Processing /home/airflow/.local/lib/python3.12/site-packages/airflow/example_dags/example_branch_labels.py took 0.187 seconds
[2024-04-14T11:55:27.196+0000] {processor.py:161} INFO - Started process (PID=324) to work on /home/airflow/.local/lib/python3.12/site-packages/airflow/example_dags/example_branch_labels.py
[2024-04-14T11:55:27.198+0000] {processor.py:830} INFO - Processing file /home/airflow/.local/lib/python3.12/site-packages/airflow/example_dags/example_branch_labels.py for tasks to queue
[2024-04-14T11:55:27.200+0000] {logging_mixin.py:188} INFO - [2024-04-14T11:55:27.200+0000] {dagbag.py:540} INFO - Filling up the DagBag from /home/airflow/.local/lib/python3.12/site-packages/airflow/example_dags/example_branch_labels.py
[2024-04-14T11:55:27.213+0000] {processor.py:840} INFO - DAG(s) 'example_branch_labels' retrieved from /home/airflow/.local/lib/python3.12/site-packages/airflow/example_dags/example_branch_labels.py
[2024-04-14T11:55:27.247+0000] {logging_mixin.py:188} INFO - [2024-04-14T11:55:27.246+0000] {dag.py:3096} INFO - Sync 1 DAGs
[2024-04-14T11:55:27.299+0000] {logging_mixin.py:188} INFO - [2024-04-14T11:55:27.299+0000] {dag.py:3954} INFO - Setting next_dagrun for example_branch_labels to 2024-04-13 00:00:00+00:00, run_after=2024-04-14 00:00:00+00:00
[2024-04-14T11:55:27.350+0000] {processor.py:183} INFO - Processing /home/airflow/.local/lib/python3.12/site-packages/airflow/example_dags/example_branch_labels.py took 0.163 seconds
