[2024-04-14T11:53:28.402+0000] {processor.py:161} INFO - Started process (PID=95) to work on /home/airflow/.local/lib/python3.12/site-packages/airflow/example_dags/example_complex.py
[2024-04-14T11:53:28.405+0000] {processor.py:830} INFO - Processing file /home/airflow/.local/lib/python3.12/site-packages/airflow/example_dags/example_complex.py for tasks to queue
[2024-04-14T11:53:28.448+0000] {logging_mixin.py:188} INFO - [2024-04-14T11:53:28.447+0000] {dagbag.py:540} INFO - Filling up the DagBag from /home/airflow/.local/lib/python3.12/site-packages/airflow/example_dags/example_complex.py
[2024-04-14T11:53:28.590+0000] {processor.py:840} INFO - DAG(s) 'example_complex' retrieved from /home/airflow/.local/lib/python3.12/site-packages/airflow/example_dags/example_complex.py
[2024-04-14T11:53:28.887+0000] {logging_mixin.py:188} INFO - [2024-04-14T11:53:28.887+0000] {dag.py:3096} INFO - Sync 1 DAGs
[2024-04-14T11:53:28.989+0000] {logging_mixin.py:188} INFO - [2024-04-14T11:53:28.989+0000] {dag.py:3954} INFO - Setting next_dagrun for example_complex to None, run_after=None
[2024-04-14T11:53:29.147+0000] {processor.py:183} INFO - Processing /home/airflow/.local/lib/python3.12/site-packages/airflow/example_dags/example_complex.py took 0.820 seconds
[2024-04-14T11:54:00.764+0000] {processor.py:161} INFO - Started process (PID=163) to work on /home/airflow/.local/lib/python3.12/site-packages/airflow/example_dags/example_complex.py
[2024-04-14T11:54:00.782+0000] {processor.py:830} INFO - Processing file /home/airflow/.local/lib/python3.12/site-packages/airflow/example_dags/example_complex.py for tasks to queue
[2024-04-14T11:54:00.786+0000] {logging_mixin.py:188} INFO - [2024-04-14T11:54:00.785+0000] {dagbag.py:540} INFO - Filling up the DagBag from /home/airflow/.local/lib/python3.12/site-packages/airflow/example_dags/example_complex.py
[2024-04-14T11:54:00.912+0000] {processor.py:840} INFO - DAG(s) 'example_complex' retrieved from /home/airflow/.local/lib/python3.12/site-packages/airflow/example_dags/example_complex.py
[2024-04-14T11:54:01.149+0000] {logging_mixin.py:188} INFO - [2024-04-14T11:54:01.149+0000] {dag.py:3096} INFO - Sync 1 DAGs
[2024-04-14T11:54:01.238+0000] {logging_mixin.py:188} INFO - [2024-04-14T11:54:01.238+0000] {dag.py:3954} INFO - Setting next_dagrun for example_complex to None, run_after=None
[2024-04-14T11:54:01.458+0000] {processor.py:183} INFO - Processing /home/airflow/.local/lib/python3.12/site-packages/airflow/example_dags/example_complex.py took 0.743 seconds
[2024-04-14T11:54:35.893+0000] {processor.py:161} INFO - Started process (PID=231) to work on /home/airflow/.local/lib/python3.12/site-packages/airflow/example_dags/example_complex.py
[2024-04-14T11:54:35.898+0000] {processor.py:830} INFO - Processing file /home/airflow/.local/lib/python3.12/site-packages/airflow/example_dags/example_complex.py for tasks to queue
[2024-04-14T11:54:35.905+0000] {logging_mixin.py:188} INFO - [2024-04-14T11:54:35.904+0000] {dagbag.py:540} INFO - Filling up the DagBag from /home/airflow/.local/lib/python3.12/site-packages/airflow/example_dags/example_complex.py
[2024-04-14T11:54:35.956+0000] {processor.py:840} INFO - DAG(s) 'example_complex' retrieved from /home/airflow/.local/lib/python3.12/site-packages/airflow/example_dags/example_complex.py
[2024-04-14T11:54:36.111+0000] {logging_mixin.py:188} INFO - [2024-04-14T11:54:36.111+0000] {dag.py:3096} INFO - Sync 1 DAGs
[2024-04-14T11:54:36.245+0000] {logging_mixin.py:188} INFO - [2024-04-14T11:54:36.245+0000] {dag.py:3954} INFO - Setting next_dagrun for example_complex to None, run_after=None
[2024-04-14T11:54:36.367+0000] {processor.py:183} INFO - Processing /home/airflow/.local/lib/python3.12/site-packages/airflow/example_dags/example_complex.py took 0.487 seconds
[2024-04-14T11:55:14.356+0000] {processor.py:161} INFO - Started process (PID=294) to work on /home/airflow/.local/lib/python3.12/site-packages/airflow/example_dags/example_complex.py
[2024-04-14T11:55:14.369+0000] {processor.py:830} INFO - Processing file /home/airflow/.local/lib/python3.12/site-packages/airflow/example_dags/example_complex.py for tasks to queue
[2024-04-14T11:55:14.372+0000] {logging_mixin.py:188} INFO - [2024-04-14T11:55:14.371+0000] {dagbag.py:540} INFO - Filling up the DagBag from /home/airflow/.local/lib/python3.12/site-packages/airflow/example_dags/example_complex.py
[2024-04-14T11:55:14.410+0000] {processor.py:840} INFO - DAG(s) 'example_complex' retrieved from /home/airflow/.local/lib/python3.12/site-packages/airflow/example_dags/example_complex.py
[2024-04-14T11:55:14.484+0000] {logging_mixin.py:188} INFO - [2024-04-14T11:55:14.484+0000] {dag.py:3096} INFO - Sync 1 DAGs
[2024-04-14T11:55:14.519+0000] {logging_mixin.py:188} INFO - [2024-04-14T11:55:14.519+0000] {dag.py:3954} INFO - Setting next_dagrun for example_complex to None, run_after=None
[2024-04-14T11:55:14.570+0000] {processor.py:183} INFO - Processing /home/airflow/.local/lib/python3.12/site-packages/airflow/example_dags/example_complex.py took 0.229 seconds
[2024-04-14T11:55:46.102+0000] {processor.py:161} INFO - Started process (PID=357) to work on /home/airflow/.local/lib/python3.12/site-packages/airflow/example_dags/example_complex.py
[2024-04-14T11:55:46.146+0000] {processor.py:830} INFO - Processing file /home/airflow/.local/lib/python3.12/site-packages/airflow/example_dags/example_complex.py for tasks to queue
[2024-04-14T11:55:46.195+0000] {logging_mixin.py:188} INFO - [2024-04-14T11:55:46.194+0000] {dagbag.py:540} INFO - Filling up the DagBag from /home/airflow/.local/lib/python3.12/site-packages/airflow/example_dags/example_complex.py
[2024-04-14T11:55:46.361+0000] {processor.py:840} INFO - DAG(s) 'example_complex' retrieved from /home/airflow/.local/lib/python3.12/site-packages/airflow/example_dags/example_complex.py
[2024-04-14T11:55:46.779+0000] {logging_mixin.py:188} INFO - [2024-04-14T11:55:46.778+0000] {dag.py:3096} INFO - Sync 1 DAGs
[2024-04-14T11:55:47.027+0000] {logging_mixin.py:188} INFO - [2024-04-14T11:55:47.026+0000] {dag.py:3954} INFO - Setting next_dagrun for example_complex to None, run_after=None
[2024-04-14T11:55:47.227+0000] {processor.py:183} INFO - Processing /home/airflow/.local/lib/python3.12/site-packages/airflow/example_dags/example_complex.py took 1.198 seconds
