[2024-04-14T11:53:29.878+0000] {processor.py:161} INFO - Started process (PID=98) to work on /home/airflow/.local/lib/python3.12/site-packages/airflow/example_dags/example_display_name.py
[2024-04-14T11:53:29.880+0000] {processor.py:830} INFO - Processing file /home/airflow/.local/lib/python3.12/site-packages/airflow/example_dags/example_display_name.py for tasks to queue
[2024-04-14T11:53:29.883+0000] {logging_mixin.py:188} INFO - [2024-04-14T11:53:29.882+0000] {dagbag.py:540} INFO - Filling up the DagBag from /home/airflow/.local/lib/python3.12/site-packages/airflow/example_dags/example_display_name.py
[2024-04-14T11:53:30.080+0000] {processor.py:840} INFO - DAG(s) 'example_display_name' retrieved from /home/airflow/.local/lib/python3.12/site-packages/airflow/example_dags/example_display_name.py
[2024-04-14T11:53:30.171+0000] {logging_mixin.py:188} INFO - [2024-04-14T11:53:30.170+0000] {dag.py:3096} INFO - Sync 1 DAGs
[2024-04-14T11:53:30.237+0000] {logging_mixin.py:188} INFO - [2024-04-14T11:53:30.237+0000] {dag.py:3954} INFO - Setting next_dagrun for example_display_name to None, run_after=None
[2024-04-14T11:53:30.374+0000] {processor.py:183} INFO - Processing /home/airflow/.local/lib/python3.12/site-packages/airflow/example_dags/example_display_name.py took 0.507 seconds
[2024-04-14T11:54:02.031+0000] {processor.py:161} INFO - Started process (PID=166) to work on /home/airflow/.local/lib/python3.12/site-packages/airflow/example_dags/example_display_name.py
[2024-04-14T11:54:02.043+0000] {processor.py:830} INFO - Processing file /home/airflow/.local/lib/python3.12/site-packages/airflow/example_dags/example_display_name.py for tasks to queue
[2024-04-14T11:54:02.048+0000] {logging_mixin.py:188} INFO - [2024-04-14T11:54:02.047+0000] {dagbag.py:540} INFO - Filling up the DagBag from /home/airflow/.local/lib/python3.12/site-packages/airflow/example_dags/example_display_name.py
[2024-04-14T11:54:02.079+0000] {processor.py:840} INFO - DAG(s) 'example_display_name' retrieved from /home/airflow/.local/lib/python3.12/site-packages/airflow/example_dags/example_display_name.py
[2024-04-14T11:54:02.186+0000] {logging_mixin.py:188} INFO - [2024-04-14T11:54:02.186+0000] {dag.py:3096} INFO - Sync 1 DAGs
[2024-04-14T11:54:02.277+0000] {logging_mixin.py:188} INFO - [2024-04-14T11:54:02.276+0000] {dag.py:3954} INFO - Setting next_dagrun for example_display_name to None, run_after=None
[2024-04-14T11:54:02.378+0000] {processor.py:183} INFO - Processing /home/airflow/.local/lib/python3.12/site-packages/airflow/example_dags/example_display_name.py took 0.375 seconds
[2024-04-14T11:54:36.987+0000] {processor.py:161} INFO - Started process (PID=234) to work on /home/airflow/.local/lib/python3.12/site-packages/airflow/example_dags/example_display_name.py
[2024-04-14T11:54:36.993+0000] {processor.py:830} INFO - Processing file /home/airflow/.local/lib/python3.12/site-packages/airflow/example_dags/example_display_name.py for tasks to queue
[2024-04-14T11:54:37.019+0000] {logging_mixin.py:188} INFO - [2024-04-14T11:54:37.015+0000] {dagbag.py:540} INFO - Filling up the DagBag from /home/airflow/.local/lib/python3.12/site-packages/airflow/example_dags/example_display_name.py
[2024-04-14T11:54:37.029+0000] {processor.py:840} INFO - DAG(s) 'example_display_name' retrieved from /home/airflow/.local/lib/python3.12/site-packages/airflow/example_dags/example_display_name.py
[2024-04-14T11:54:37.086+0000] {logging_mixin.py:188} INFO - [2024-04-14T11:54:37.085+0000] {dag.py:3096} INFO - Sync 1 DAGs
[2024-04-14T11:54:37.132+0000] {logging_mixin.py:188} INFO - [2024-04-14T11:54:37.132+0000] {dag.py:3954} INFO - Setting next_dagrun for example_display_name to None, run_after=None
[2024-04-14T11:54:37.342+0000] {processor.py:183} INFO - Processing /home/airflow/.local/lib/python3.12/site-packages/airflow/example_dags/example_display_name.py took 0.368 seconds
[2024-04-14T11:55:15.225+0000] {processor.py:161} INFO - Started process (PID=297) to work on /home/airflow/.local/lib/python3.12/site-packages/airflow/example_dags/example_display_name.py
[2024-04-14T11:55:15.227+0000] {processor.py:830} INFO - Processing file /home/airflow/.local/lib/python3.12/site-packages/airflow/example_dags/example_display_name.py for tasks to queue
[2024-04-14T11:55:15.244+0000] {logging_mixin.py:188} INFO - [2024-04-14T11:55:15.244+0000] {dagbag.py:540} INFO - Filling up the DagBag from /home/airflow/.local/lib/python3.12/site-packages/airflow/example_dags/example_display_name.py
[2024-04-14T11:55:15.266+0000] {processor.py:840} INFO - DAG(s) 'example_display_name' retrieved from /home/airflow/.local/lib/python3.12/site-packages/airflow/example_dags/example_display_name.py
[2024-04-14T11:55:15.414+0000] {logging_mixin.py:188} INFO - [2024-04-14T11:55:15.414+0000] {dag.py:3096} INFO - Sync 1 DAGs
[2024-04-14T11:55:15.515+0000] {logging_mixin.py:188} INFO - [2024-04-14T11:55:15.514+0000] {dag.py:3954} INFO - Setting next_dagrun for example_display_name to None, run_after=None
[2024-04-14T11:55:15.605+0000] {processor.py:183} INFO - Processing /home/airflow/.local/lib/python3.12/site-packages/airflow/example_dags/example_display_name.py took 0.397 seconds
[2024-04-14T11:55:49.032+0000] {processor.py:161} INFO - Started process (PID=360) to work on /home/airflow/.local/lib/python3.12/site-packages/airflow/example_dags/example_display_name.py
[2024-04-14T11:55:49.044+0000] {processor.py:830} INFO - Processing file /home/airflow/.local/lib/python3.12/site-packages/airflow/example_dags/example_display_name.py for tasks to queue
[2024-04-14T11:55:49.066+0000] {logging_mixin.py:188} INFO - [2024-04-14T11:55:49.065+0000] {dagbag.py:540} INFO - Filling up the DagBag from /home/airflow/.local/lib/python3.12/site-packages/airflow/example_dags/example_display_name.py
[2024-04-14T11:55:49.136+0000] {processor.py:840} INFO - DAG(s) 'example_display_name' retrieved from /home/airflow/.local/lib/python3.12/site-packages/airflow/example_dags/example_display_name.py
[2024-04-14T11:55:49.729+0000] {logging_mixin.py:188} INFO - [2024-04-14T11:55:49.726+0000] {dag.py:3096} INFO - Sync 1 DAGs
[2024-04-14T11:55:49.799+0000] {logging_mixin.py:188} INFO - [2024-04-14T11:55:49.798+0000] {dag.py:3954} INFO - Setting next_dagrun for example_display_name to None, run_after=None
[2024-04-14T11:55:49.990+0000] {processor.py:183} INFO - Processing /home/airflow/.local/lib/python3.12/site-packages/airflow/example_dags/example_display_name.py took 1.007 seconds
