[2024-04-14T11:53:02.279+0000] {processor.py:161} INFO - Started process (PID=70) to work on /home/airflow/.local/lib/python3.12/site-packages/airflow/example_dags/example_nested_branch_dag.py
[2024-04-14T11:53:02.282+0000] {processor.py:830} INFO - Processing file /home/airflow/.local/lib/python3.12/site-packages/airflow/example_dags/example_nested_branch_dag.py for tasks to queue
[2024-04-14T11:53:02.349+0000] {logging_mixin.py:188} INFO - [2024-04-14T11:53:02.335+0000] {dagbag.py:540} INFO - Filling up the DagBag from /home/airflow/.local/lib/python3.12/site-packages/airflow/example_dags/example_nested_branch_dag.py
[2024-04-14T11:53:02.684+0000] {processor.py:840} INFO - DAG(s) 'example_nested_branch_dag' retrieved from /home/airflow/.local/lib/python3.12/site-packages/airflow/example_dags/example_nested_branch_dag.py
[2024-04-14T11:53:03.923+0000] {logging_mixin.py:188} INFO - [2024-04-14T11:53:03.923+0000] {dag.py:3096} INFO - Sync 1 DAGs
[2024-04-14T11:53:07.080+0000] {logging_mixin.py:188} INFO - [2024-04-14T11:53:07.048+0000] {dag.py:3954} INFO - Setting next_dagrun for example_nested_branch_dag to 2024-04-13 00:00:00+00:00, run_after=2024-04-14 00:00:00+00:00
[2024-04-14T11:53:07.603+0000] {processor.py:183} INFO - Processing /home/airflow/.local/lib/python3.12/site-packages/airflow/example_dags/example_nested_branch_dag.py took 5.473 seconds
[2024-04-14T11:53:52.133+0000] {processor.py:161} INFO - Started process (PID=144) to work on /home/airflow/.local/lib/python3.12/site-packages/airflow/example_dags/example_nested_branch_dag.py
[2024-04-14T11:53:52.135+0000] {processor.py:830} INFO - Processing file /home/airflow/.local/lib/python3.12/site-packages/airflow/example_dags/example_nested_branch_dag.py for tasks to queue
[2024-04-14T11:53:52.143+0000] {logging_mixin.py:188} INFO - [2024-04-14T11:53:52.138+0000] {dagbag.py:540} INFO - Filling up the DagBag from /home/airflow/.local/lib/python3.12/site-packages/airflow/example_dags/example_nested_branch_dag.py
[2024-04-14T11:53:52.197+0000] {processor.py:840} INFO - DAG(s) 'example_nested_branch_dag' retrieved from /home/airflow/.local/lib/python3.12/site-packages/airflow/example_dags/example_nested_branch_dag.py
[2024-04-14T11:53:52.256+0000] {logging_mixin.py:188} INFO - [2024-04-14T11:53:52.256+0000] {dag.py:3096} INFO - Sync 1 DAGs
[2024-04-14T11:53:52.315+0000] {logging_mixin.py:188} INFO - [2024-04-14T11:53:52.314+0000] {dag.py:3954} INFO - Setting next_dagrun for example_nested_branch_dag to 2024-04-13 00:00:00+00:00, run_after=2024-04-14 00:00:00+00:00
[2024-04-14T11:53:52.368+0000] {processor.py:183} INFO - Processing /home/airflow/.local/lib/python3.12/site-packages/airflow/example_dags/example_nested_branch_dag.py took 0.244 seconds
[2024-04-14T11:54:32.508+0000] {processor.py:161} INFO - Started process (PID=211) to work on /home/airflow/.local/lib/python3.12/site-packages/airflow/example_dags/example_nested_branch_dag.py
[2024-04-14T11:54:32.510+0000] {processor.py:830} INFO - Processing file /home/airflow/.local/lib/python3.12/site-packages/airflow/example_dags/example_nested_branch_dag.py for tasks to queue
[2024-04-14T11:54:32.513+0000] {logging_mixin.py:188} INFO - [2024-04-14T11:54:32.512+0000] {dagbag.py:540} INFO - Filling up the DagBag from /home/airflow/.local/lib/python3.12/site-packages/airflow/example_dags/example_nested_branch_dag.py
[2024-04-14T11:54:32.529+0000] {processor.py:840} INFO - DAG(s) 'example_nested_branch_dag' retrieved from /home/airflow/.local/lib/python3.12/site-packages/airflow/example_dags/example_nested_branch_dag.py
[2024-04-14T11:54:32.563+0000] {logging_mixin.py:188} INFO - [2024-04-14T11:54:32.563+0000] {dag.py:3096} INFO - Sync 1 DAGs
[2024-04-14T11:54:32.604+0000] {logging_mixin.py:188} INFO - [2024-04-14T11:54:32.603+0000] {dag.py:3954} INFO - Setting next_dagrun for example_nested_branch_dag to 2024-04-13 00:00:00+00:00, run_after=2024-04-14 00:00:00+00:00
[2024-04-14T11:54:32.642+0000] {processor.py:183} INFO - Processing /home/airflow/.local/lib/python3.12/site-packages/airflow/example_dags/example_nested_branch_dag.py took 0.144 seconds
[2024-04-14T11:55:04.360+0000] {processor.py:161} INFO - Started process (PID=273) to work on /home/airflow/.local/lib/python3.12/site-packages/airflow/example_dags/example_nested_branch_dag.py
[2024-04-14T11:55:04.362+0000] {processor.py:830} INFO - Processing file /home/airflow/.local/lib/python3.12/site-packages/airflow/example_dags/example_nested_branch_dag.py for tasks to queue
[2024-04-14T11:55:04.371+0000] {logging_mixin.py:188} INFO - [2024-04-14T11:55:04.370+0000] {dagbag.py:540} INFO - Filling up the DagBag from /home/airflow/.local/lib/python3.12/site-packages/airflow/example_dags/example_nested_branch_dag.py
[2024-04-14T11:55:04.451+0000] {processor.py:840} INFO - DAG(s) 'example_nested_branch_dag' retrieved from /home/airflow/.local/lib/python3.12/site-packages/airflow/example_dags/example_nested_branch_dag.py
[2024-04-14T11:55:04.549+0000] {logging_mixin.py:188} INFO - [2024-04-14T11:55:04.549+0000] {dag.py:3096} INFO - Sync 1 DAGs
[2024-04-14T11:55:04.644+0000] {logging_mixin.py:188} INFO - [2024-04-14T11:55:04.644+0000] {dag.py:3954} INFO - Setting next_dagrun for example_nested_branch_dag to 2024-04-13 00:00:00+00:00, run_after=2024-04-14 00:00:00+00:00
[2024-04-14T11:55:04.784+0000] {processor.py:183} INFO - Processing /home/airflow/.local/lib/python3.12/site-packages/airflow/example_dags/example_nested_branch_dag.py took 0.478 seconds
[2024-04-14T11:55:35.242+0000] {processor.py:161} INFO - Started process (PID=336) to work on /home/airflow/.local/lib/python3.12/site-packages/airflow/example_dags/example_nested_branch_dag.py
[2024-04-14T11:55:35.245+0000] {processor.py:830} INFO - Processing file /home/airflow/.local/lib/python3.12/site-packages/airflow/example_dags/example_nested_branch_dag.py for tasks to queue
[2024-04-14T11:55:35.251+0000] {logging_mixin.py:188} INFO - [2024-04-14T11:55:35.250+0000] {dagbag.py:540} INFO - Filling up the DagBag from /home/airflow/.local/lib/python3.12/site-packages/airflow/example_dags/example_nested_branch_dag.py
[2024-04-14T11:55:35.273+0000] {processor.py:840} INFO - DAG(s) 'example_nested_branch_dag' retrieved from /home/airflow/.local/lib/python3.12/site-packages/airflow/example_dags/example_nested_branch_dag.py
[2024-04-14T11:55:35.344+0000] {logging_mixin.py:188} INFO - [2024-04-14T11:55:35.344+0000] {dag.py:3096} INFO - Sync 1 DAGs
[2024-04-14T11:55:35.439+0000] {logging_mixin.py:188} INFO - [2024-04-14T11:55:35.439+0000] {dag.py:3954} INFO - Setting next_dagrun for example_nested_branch_dag to 2024-04-13 00:00:00+00:00, run_after=2024-04-14 00:00:00+00:00
[2024-04-14T11:55:35.531+0000] {processor.py:183} INFO - Processing /home/airflow/.local/lib/python3.12/site-packages/airflow/example_dags/example_nested_branch_dag.py took 0.298 seconds
