[2024-04-14T11:53:20.034+0000] {processor.py:161} INFO - Started process (PID=87) to work on /home/airflow/.local/lib/python3.12/site-packages/airflow/example_dags/example_external_task_marker_dag.py
[2024-04-14T11:53:20.039+0000] {processor.py:830} INFO - Processing file /home/airflow/.local/lib/python3.12/site-packages/airflow/example_dags/example_external_task_marker_dag.py for tasks to queue
[2024-04-14T11:53:20.055+0000] {logging_mixin.py:188} INFO - [2024-04-14T11:53:20.055+0000] {dagbag.py:540} INFO - Filling up the DagBag from /home/airflow/.local/lib/python3.12/site-packages/airflow/example_dags/example_external_task_marker_dag.py
[2024-04-14T11:53:20.754+0000] {processor.py:840} INFO - DAG(s) 'example_external_task_marker_child', 'example_external_task_marker_parent' retrieved from /home/airflow/.local/lib/python3.12/site-packages/airflow/example_dags/example_external_task_marker_dag.py
[2024-04-14T11:53:20.903+0000] {logging_mixin.py:188} INFO - [2024-04-14T11:53:20.902+0000] {dag.py:3096} INFO - Sync 2 DAGs
[2024-04-14T11:53:21.024+0000] {logging_mixin.py:188} INFO - [2024-04-14T11:53:21.024+0000] {dag.py:3954} INFO - Setting next_dagrun for example_external_task_marker_child to None, run_after=None
[2024-04-14T11:53:21.035+0000] {logging_mixin.py:188} INFO - [2024-04-14T11:53:21.035+0000] {dag.py:3954} INFO - Setting next_dagrun for example_external_task_marker_parent to None, run_after=None
[2024-04-14T11:53:21.159+0000] {processor.py:183} INFO - Processing /home/airflow/.local/lib/python3.12/site-packages/airflow/example_dags/example_external_task_marker_dag.py took 1.189 seconds
[2024-04-14T11:53:54.868+0000] {processor.py:161} INFO - Started process (PID=155) to work on /home/airflow/.local/lib/python3.12/site-packages/airflow/example_dags/example_external_task_marker_dag.py
[2024-04-14T11:53:54.871+0000] {processor.py:830} INFO - Processing file /home/airflow/.local/lib/python3.12/site-packages/airflow/example_dags/example_external_task_marker_dag.py for tasks to queue
[2024-04-14T11:53:54.882+0000] {logging_mixin.py:188} INFO - [2024-04-14T11:53:54.881+0000] {dagbag.py:540} INFO - Filling up the DagBag from /home/airflow/.local/lib/python3.12/site-packages/airflow/example_dags/example_external_task_marker_dag.py
[2024-04-14T11:53:54.901+0000] {processor.py:840} INFO - DAG(s) 'example_external_task_marker_child', 'example_external_task_marker_parent' retrieved from /home/airflow/.local/lib/python3.12/site-packages/airflow/example_dags/example_external_task_marker_dag.py
[2024-04-14T11:53:55.011+0000] {logging_mixin.py:188} INFO - [2024-04-14T11:53:55.011+0000] {dag.py:3096} INFO - Sync 2 DAGs
[2024-04-14T11:53:55.083+0000] {logging_mixin.py:188} INFO - [2024-04-14T11:53:55.081+0000] {dag.py:3954} INFO - Setting next_dagrun for example_external_task_marker_child to None, run_after=None
[2024-04-14T11:53:55.110+0000] {logging_mixin.py:188} INFO - [2024-04-14T11:53:55.109+0000] {dag.py:3954} INFO - Setting next_dagrun for example_external_task_marker_parent to None, run_after=None
[2024-04-14T11:53:55.375+0000] {processor.py:183} INFO - Processing /home/airflow/.local/lib/python3.12/site-packages/airflow/example_dags/example_external_task_marker_dag.py took 0.538 seconds
[2024-04-14T11:54:34.357+0000] {processor.py:161} INFO - Started process (PID=222) to work on /home/airflow/.local/lib/python3.12/site-packages/airflow/example_dags/example_external_task_marker_dag.py
[2024-04-14T11:54:34.359+0000] {processor.py:830} INFO - Processing file /home/airflow/.local/lib/python3.12/site-packages/airflow/example_dags/example_external_task_marker_dag.py for tasks to queue
[2024-04-14T11:54:34.363+0000] {logging_mixin.py:188} INFO - [2024-04-14T11:54:34.362+0000] {dagbag.py:540} INFO - Filling up the DagBag from /home/airflow/.local/lib/python3.12/site-packages/airflow/example_dags/example_external_task_marker_dag.py
[2024-04-14T11:54:34.384+0000] {processor.py:840} INFO - DAG(s) 'example_external_task_marker_child', 'example_external_task_marker_parent' retrieved from /home/airflow/.local/lib/python3.12/site-packages/airflow/example_dags/example_external_task_marker_dag.py
[2024-04-14T11:54:34.472+0000] {logging_mixin.py:188} INFO - [2024-04-14T11:54:34.471+0000] {dag.py:3096} INFO - Sync 2 DAGs
[2024-04-14T11:54:34.522+0000] {logging_mixin.py:188} INFO - [2024-04-14T11:54:34.522+0000] {dag.py:3954} INFO - Setting next_dagrun for example_external_task_marker_child to None, run_after=None
[2024-04-14T11:54:34.532+0000] {logging_mixin.py:188} INFO - [2024-04-14T11:54:34.531+0000] {dag.py:3954} INFO - Setting next_dagrun for example_external_task_marker_parent to None, run_after=None
[2024-04-14T11:54:34.591+0000] {processor.py:183} INFO - Processing /home/airflow/.local/lib/python3.12/site-packages/airflow/example_dags/example_external_task_marker_dag.py took 0.258 seconds
[2024-04-14T11:55:09.662+0000] {processor.py:161} INFO - Started process (PID=286) to work on /home/airflow/.local/lib/python3.12/site-packages/airflow/example_dags/example_external_task_marker_dag.py
[2024-04-14T11:55:09.665+0000] {processor.py:830} INFO - Processing file /home/airflow/.local/lib/python3.12/site-packages/airflow/example_dags/example_external_task_marker_dag.py for tasks to queue
[2024-04-14T11:55:09.672+0000] {logging_mixin.py:188} INFO - [2024-04-14T11:55:09.671+0000] {dagbag.py:540} INFO - Filling up the DagBag from /home/airflow/.local/lib/python3.12/site-packages/airflow/example_dags/example_external_task_marker_dag.py
[2024-04-14T11:55:09.700+0000] {processor.py:840} INFO - DAG(s) 'example_external_task_marker_parent', 'example_external_task_marker_child' retrieved from /home/airflow/.local/lib/python3.12/site-packages/airflow/example_dags/example_external_task_marker_dag.py
[2024-04-14T11:55:09.865+0000] {logging_mixin.py:188} INFO - [2024-04-14T11:55:09.865+0000] {dag.py:3096} INFO - Sync 2 DAGs
[2024-04-14T11:55:09.974+0000] {logging_mixin.py:188} INFO - [2024-04-14T11:55:09.973+0000] {dag.py:3954} INFO - Setting next_dagrun for example_external_task_marker_child to None, run_after=None
[2024-04-14T11:55:10.023+0000] {logging_mixin.py:188} INFO - [2024-04-14T11:55:10.023+0000] {dag.py:3954} INFO - Setting next_dagrun for example_external_task_marker_parent to None, run_after=None
[2024-04-14T11:55:10.339+0000] {processor.py:183} INFO - Processing /home/airflow/.local/lib/python3.12/site-packages/airflow/example_dags/example_external_task_marker_dag.py took 0.729 seconds
[2024-04-14T11:55:41.030+0000] {processor.py:161} INFO - Started process (PID=349) to work on /home/airflow/.local/lib/python3.12/site-packages/airflow/example_dags/example_external_task_marker_dag.py
[2024-04-14T11:55:41.042+0000] {processor.py:830} INFO - Processing file /home/airflow/.local/lib/python3.12/site-packages/airflow/example_dags/example_external_task_marker_dag.py for tasks to queue
[2024-04-14T11:55:41.051+0000] {logging_mixin.py:188} INFO - [2024-04-14T11:55:41.047+0000] {dagbag.py:540} INFO - Filling up the DagBag from /home/airflow/.local/lib/python3.12/site-packages/airflow/example_dags/example_external_task_marker_dag.py
[2024-04-14T11:55:41.095+0000] {processor.py:840} INFO - DAG(s) 'example_external_task_marker_child', 'example_external_task_marker_parent' retrieved from /home/airflow/.local/lib/python3.12/site-packages/airflow/example_dags/example_external_task_marker_dag.py
[2024-04-14T11:55:41.202+0000] {logging_mixin.py:188} INFO - [2024-04-14T11:55:41.202+0000] {dag.py:3096} INFO - Sync 2 DAGs
[2024-04-14T11:55:41.243+0000] {logging_mixin.py:188} INFO - [2024-04-14T11:55:41.243+0000] {dag.py:3954} INFO - Setting next_dagrun for example_external_task_marker_child to None, run_after=None
[2024-04-14T11:55:41.265+0000] {logging_mixin.py:188} INFO - [2024-04-14T11:55:41.264+0000] {dag.py:3954} INFO - Setting next_dagrun for example_external_task_marker_parent to None, run_after=None
[2024-04-14T11:55:41.335+0000] {processor.py:183} INFO - Processing /home/airflow/.local/lib/python3.12/site-packages/airflow/example_dags/example_external_task_marker_dag.py took 0.337 seconds
