[2024-04-14T11:52:54.961+0000] {processor.py:161} INFO - Started process (PID=66) to work on /home/airflow/.local/lib/python3.12/site-packages/airflow/example_dags/example_xcomargs.py
[2024-04-14T11:52:54.967+0000] {processor.py:830} INFO - Processing file /home/airflow/.local/lib/python3.12/site-packages/airflow/example_dags/example_xcomargs.py for tasks to queue
[2024-04-14T11:52:54.987+0000] {logging_mixin.py:188} INFO - [2024-04-14T11:52:54.986+0000] {dagbag.py:540} INFO - Filling up the DagBag from /home/airflow/.local/lib/python3.12/site-packages/airflow/example_dags/example_xcomargs.py
[2024-04-14T11:52:55.202+0000] {processor.py:840} INFO - DAG(s) 'example_xcom_args', 'example_xcom_args_with_operators' retrieved from /home/airflow/.local/lib/python3.12/site-packages/airflow/example_dags/example_xcomargs.py
[2024-04-14T11:52:55.588+0000] {logging_mixin.py:188} INFO - [2024-04-14T11:52:55.587+0000] {dag.py:3096} INFO - Sync 2 DAGs
[2024-04-14T11:52:55.883+0000] {logging_mixin.py:188} INFO - [2024-04-14T11:52:55.882+0000] {dag.py:3954} INFO - Setting next_dagrun for example_xcom_args to None, run_after=None
[2024-04-14T11:52:55.983+0000] {logging_mixin.py:188} INFO - [2024-04-14T11:52:55.983+0000] {dag.py:3954} INFO - Setting next_dagrun for example_xcom_args_with_operators to None, run_after=None
[2024-04-14T11:52:56.891+0000] {processor.py:183} INFO - Processing /home/airflow/.local/lib/python3.12/site-packages/airflow/example_dags/example_xcomargs.py took 1.940 seconds
[2024-04-14T11:53:51.013+0000] {processor.py:161} INFO - Started process (PID=140) to work on /home/airflow/.local/lib/python3.12/site-packages/airflow/example_dags/example_xcomargs.py
[2024-04-14T11:53:51.015+0000] {processor.py:830} INFO - Processing file /home/airflow/.local/lib/python3.12/site-packages/airflow/example_dags/example_xcomargs.py for tasks to queue
[2024-04-14T11:53:51.018+0000] {logging_mixin.py:188} INFO - [2024-04-14T11:53:51.017+0000] {dagbag.py:540} INFO - Filling up the DagBag from /home/airflow/.local/lib/python3.12/site-packages/airflow/example_dags/example_xcomargs.py
[2024-04-14T11:53:51.039+0000] {processor.py:840} INFO - DAG(s) 'example_xcom_args', 'example_xcom_args_with_operators' retrieved from /home/airflow/.local/lib/python3.12/site-packages/airflow/example_dags/example_xcomargs.py
[2024-04-14T11:53:51.083+0000] {logging_mixin.py:188} INFO - [2024-04-14T11:53:51.083+0000] {dag.py:3096} INFO - Sync 2 DAGs
[2024-04-14T11:53:51.117+0000] {logging_mixin.py:188} INFO - [2024-04-14T11:53:51.117+0000] {dag.py:3954} INFO - Setting next_dagrun for example_xcom_args to None, run_after=None
[2024-04-14T11:53:51.123+0000] {logging_mixin.py:188} INFO - [2024-04-14T11:53:51.123+0000] {dag.py:3954} INFO - Setting next_dagrun for example_xcom_args_with_operators to None, run_after=None
[2024-04-14T11:53:51.159+0000] {processor.py:183} INFO - Processing /home/airflow/.local/lib/python3.12/site-packages/airflow/example_dags/example_xcomargs.py took 0.158 seconds
[2024-04-14T11:54:31.486+0000] {processor.py:161} INFO - Started process (PID=207) to work on /home/airflow/.local/lib/python3.12/site-packages/airflow/example_dags/example_xcomargs.py
[2024-04-14T11:54:31.490+0000] {processor.py:830} INFO - Processing file /home/airflow/.local/lib/python3.12/site-packages/airflow/example_dags/example_xcomargs.py for tasks to queue
[2024-04-14T11:54:31.497+0000] {logging_mixin.py:188} INFO - [2024-04-14T11:54:31.497+0000] {dagbag.py:540} INFO - Filling up the DagBag from /home/airflow/.local/lib/python3.12/site-packages/airflow/example_dags/example_xcomargs.py
[2024-04-14T11:54:31.528+0000] {processor.py:840} INFO - DAG(s) 'example_xcom_args_with_operators', 'example_xcom_args' retrieved from /home/airflow/.local/lib/python3.12/site-packages/airflow/example_dags/example_xcomargs.py
[2024-04-14T11:54:31.606+0000] {logging_mixin.py:188} INFO - [2024-04-14T11:54:31.605+0000] {dag.py:3096} INFO - Sync 2 DAGs
[2024-04-14T11:54:31.633+0000] {logging_mixin.py:188} INFO - [2024-04-14T11:54:31.632+0000] {dag.py:3954} INFO - Setting next_dagrun for example_xcom_args to None, run_after=None
[2024-04-14T11:54:31.642+0000] {logging_mixin.py:188} INFO - [2024-04-14T11:54:31.641+0000] {dag.py:3954} INFO - Setting next_dagrun for example_xcom_args_with_operators to None, run_after=None
[2024-04-14T11:54:31.680+0000] {processor.py:183} INFO - Processing /home/airflow/.local/lib/python3.12/site-packages/airflow/example_dags/example_xcomargs.py took 0.207 seconds
[2024-04-14T11:55:02.817+0000] {processor.py:161} INFO - Started process (PID=269) to work on /home/airflow/.local/lib/python3.12/site-packages/airflow/example_dags/example_xcomargs.py
[2024-04-14T11:55:02.830+0000] {processor.py:830} INFO - Processing file /home/airflow/.local/lib/python3.12/site-packages/airflow/example_dags/example_xcomargs.py for tasks to queue
[2024-04-14T11:55:02.838+0000] {logging_mixin.py:188} INFO - [2024-04-14T11:55:02.837+0000] {dagbag.py:540} INFO - Filling up the DagBag from /home/airflow/.local/lib/python3.12/site-packages/airflow/example_dags/example_xcomargs.py
[2024-04-14T11:55:02.881+0000] {processor.py:840} INFO - DAG(s) 'example_xcom_args', 'example_xcom_args_with_operators' retrieved from /home/airflow/.local/lib/python3.12/site-packages/airflow/example_dags/example_xcomargs.py
[2024-04-14T11:55:03.068+0000] {logging_mixin.py:188} INFO - [2024-04-14T11:55:03.060+0000] {dag.py:3096} INFO - Sync 2 DAGs
[2024-04-14T11:55:03.153+0000] {logging_mixin.py:188} INFO - [2024-04-14T11:55:03.152+0000] {dag.py:3954} INFO - Setting next_dagrun for example_xcom_args to None, run_after=None
[2024-04-14T11:55:03.160+0000] {logging_mixin.py:188} INFO - [2024-04-14T11:55:03.159+0000] {dag.py:3954} INFO - Setting next_dagrun for example_xcom_args_with_operators to None, run_after=None
[2024-04-14T11:55:03.244+0000] {processor.py:183} INFO - Processing /home/airflow/.local/lib/python3.12/site-packages/airflow/example_dags/example_xcomargs.py took 0.471 seconds
[2024-04-14T11:55:33.402+0000] {processor.py:161} INFO - Started process (PID=331) to work on /home/airflow/.local/lib/python3.12/site-packages/airflow/example_dags/example_xcomargs.py
[2024-04-14T11:55:33.418+0000] {processor.py:830} INFO - Processing file /home/airflow/.local/lib/python3.12/site-packages/airflow/example_dags/example_xcomargs.py for tasks to queue
[2024-04-14T11:55:33.423+0000] {logging_mixin.py:188} INFO - [2024-04-14T11:55:33.422+0000] {dagbag.py:540} INFO - Filling up the DagBag from /home/airflow/.local/lib/python3.12/site-packages/airflow/example_dags/example_xcomargs.py
[2024-04-14T11:55:33.437+0000] {processor.py:840} INFO - DAG(s) 'example_xcom_args', 'example_xcom_args_with_operators' retrieved from /home/airflow/.local/lib/python3.12/site-packages/airflow/example_dags/example_xcomargs.py
[2024-04-14T11:55:33.508+0000] {logging_mixin.py:188} INFO - [2024-04-14T11:55:33.507+0000] {dag.py:3096} INFO - Sync 2 DAGs
[2024-04-14T11:55:33.542+0000] {logging_mixin.py:188} INFO - [2024-04-14T11:55:33.542+0000] {dag.py:3954} INFO - Setting next_dagrun for example_xcom_args to None, run_after=None
[2024-04-14T11:55:33.554+0000] {logging_mixin.py:188} INFO - [2024-04-14T11:55:33.551+0000] {dag.py:3954} INFO - Setting next_dagrun for example_xcom_args_with_operators to None, run_after=None
[2024-04-14T11:55:33.596+0000] {processor.py:183} INFO - Processing /home/airflow/.local/lib/python3.12/site-packages/airflow/example_dags/example_xcomargs.py took 0.204 seconds
