[2024-04-14T11:53:11.176+0000] {processor.py:161} INFO - Started process (PID=74) to work on /home/airflow/.local/lib/python3.12/site-packages/airflow/example_dags/example_python_decorator.py
[2024-04-14T11:53:11.244+0000] {processor.py:830} INFO - Processing file /home/airflow/.local/lib/python3.12/site-packages/airflow/example_dags/example_python_decorator.py for tasks to queue
[2024-04-14T11:53:11.249+0000] {logging_mixin.py:188} INFO - [2024-04-14T11:53:11.248+0000] {dagbag.py:540} INFO - Filling up the DagBag from /home/airflow/.local/lib/python3.12/site-packages/airflow/example_dags/example_python_decorator.py
[2024-04-14T11:53:11.600+0000] {processor.py:840} INFO - DAG(s) 'example_python_decorator' retrieved from /home/airflow/.local/lib/python3.12/site-packages/airflow/example_dags/example_python_decorator.py
[2024-04-14T11:53:13.038+0000] {logging_mixin.py:188} INFO - [2024-04-14T11:53:13.036+0000] {dag.py:3096} INFO - Sync 1 DAGs
[2024-04-14T11:53:13.727+0000] {logging_mixin.py:188} INFO - [2024-04-14T11:53:13.727+0000] {dag.py:3954} INFO - Setting next_dagrun for example_python_decorator to None, run_after=None
[2024-04-14T11:53:14.058+0000] {processor.py:183} INFO - Processing /home/airflow/.local/lib/python3.12/site-packages/airflow/example_dags/example_python_decorator.py took 2.909 seconds
[2024-04-14T11:53:53.181+0000] {processor.py:161} INFO - Started process (PID=148) to work on /home/airflow/.local/lib/python3.12/site-packages/airflow/example_dags/example_python_decorator.py
[2024-04-14T11:53:53.189+0000] {processor.py:830} INFO - Processing file /home/airflow/.local/lib/python3.12/site-packages/airflow/example_dags/example_python_decorator.py for tasks to queue
[2024-04-14T11:53:53.201+0000] {logging_mixin.py:188} INFO - [2024-04-14T11:53:53.200+0000] {dagbag.py:540} INFO - Filling up the DagBag from /home/airflow/.local/lib/python3.12/site-packages/airflow/example_dags/example_python_decorator.py
[2024-04-14T11:53:53.241+0000] {processor.py:840} INFO - DAG(s) 'example_python_decorator' retrieved from /home/airflow/.local/lib/python3.12/site-packages/airflow/example_dags/example_python_decorator.py
[2024-04-14T11:53:53.331+0000] {logging_mixin.py:188} INFO - [2024-04-14T11:53:53.331+0000] {dag.py:3096} INFO - Sync 1 DAGs
[2024-04-14T11:53:53.368+0000] {logging_mixin.py:188} INFO - [2024-04-14T11:53:53.368+0000] {dag.py:3954} INFO - Setting next_dagrun for example_python_decorator to None, run_after=None
[2024-04-14T11:53:53.453+0000] {processor.py:183} INFO - Processing /home/airflow/.local/lib/python3.12/site-packages/airflow/example_dags/example_python_decorator.py took 0.293 seconds
[2024-04-14T11:54:33.429+0000] {processor.py:161} INFO - Started process (PID=215) to work on /home/airflow/.local/lib/python3.12/site-packages/airflow/example_dags/example_python_decorator.py
[2024-04-14T11:54:33.431+0000] {processor.py:830} INFO - Processing file /home/airflow/.local/lib/python3.12/site-packages/airflow/example_dags/example_python_decorator.py for tasks to queue
[2024-04-14T11:54:33.434+0000] {logging_mixin.py:188} INFO - [2024-04-14T11:54:33.433+0000] {dagbag.py:540} INFO - Filling up the DagBag from /home/airflow/.local/lib/python3.12/site-packages/airflow/example_dags/example_python_decorator.py
[2024-04-14T11:54:33.472+0000] {processor.py:840} INFO - DAG(s) 'example_python_decorator' retrieved from /home/airflow/.local/lib/python3.12/site-packages/airflow/example_dags/example_python_decorator.py
[2024-04-14T11:54:33.530+0000] {logging_mixin.py:188} INFO - [2024-04-14T11:54:33.530+0000] {dag.py:3096} INFO - Sync 1 DAGs
[2024-04-14T11:54:33.565+0000] {logging_mixin.py:188} INFO - [2024-04-14T11:54:33.563+0000] {dag.py:3954} INFO - Setting next_dagrun for example_python_decorator to None, run_after=None
[2024-04-14T11:54:33.617+0000] {processor.py:183} INFO - Processing /home/airflow/.local/lib/python3.12/site-packages/airflow/example_dags/example_python_decorator.py took 0.200 seconds
[2024-04-14T11:55:07.438+0000] {processor.py:161} INFO - Started process (PID=279) to work on /home/airflow/.local/lib/python3.12/site-packages/airflow/example_dags/example_python_decorator.py
[2024-04-14T11:55:07.440+0000] {processor.py:830} INFO - Processing file /home/airflow/.local/lib/python3.12/site-packages/airflow/example_dags/example_python_decorator.py for tasks to queue
[2024-04-14T11:55:07.454+0000] {logging_mixin.py:188} INFO - [2024-04-14T11:55:07.453+0000] {dagbag.py:540} INFO - Filling up the DagBag from /home/airflow/.local/lib/python3.12/site-packages/airflow/example_dags/example_python_decorator.py
[2024-04-14T11:55:07.546+0000] {processor.py:840} INFO - DAG(s) 'example_python_decorator' retrieved from /home/airflow/.local/lib/python3.12/site-packages/airflow/example_dags/example_python_decorator.py
[2024-04-14T11:55:07.668+0000] {logging_mixin.py:188} INFO - [2024-04-14T11:55:07.667+0000] {dag.py:3096} INFO - Sync 1 DAGs
[2024-04-14T11:55:07.733+0000] {logging_mixin.py:188} INFO - [2024-04-14T11:55:07.732+0000] {dag.py:3954} INFO - Setting next_dagrun for example_python_decorator to None, run_after=None
[2024-04-14T11:55:07.790+0000] {processor.py:183} INFO - Processing /home/airflow/.local/lib/python3.12/site-packages/airflow/example_dags/example_python_decorator.py took 0.382 seconds
[2024-04-14T11:55:38.795+0000] {processor.py:161} INFO - Started process (PID=342) to work on /home/airflow/.local/lib/python3.12/site-packages/airflow/example_dags/example_python_decorator.py
[2024-04-14T11:55:38.798+0000] {processor.py:830} INFO - Processing file /home/airflow/.local/lib/python3.12/site-packages/airflow/example_dags/example_python_decorator.py for tasks to queue
[2024-04-14T11:55:38.801+0000] {logging_mixin.py:188} INFO - [2024-04-14T11:55:38.800+0000] {dagbag.py:540} INFO - Filling up the DagBag from /home/airflow/.local/lib/python3.12/site-packages/airflow/example_dags/example_python_decorator.py
[2024-04-14T11:55:38.822+0000] {processor.py:840} INFO - DAG(s) 'example_python_decorator' retrieved from /home/airflow/.local/lib/python3.12/site-packages/airflow/example_dags/example_python_decorator.py
[2024-04-14T11:55:38.860+0000] {logging_mixin.py:188} INFO - [2024-04-14T11:55:38.860+0000] {dag.py:3096} INFO - Sync 1 DAGs
[2024-04-14T11:55:38.882+0000] {logging_mixin.py:188} INFO - [2024-04-14T11:55:38.881+0000] {dag.py:3954} INFO - Setting next_dagrun for example_python_decorator to None, run_after=None
[2024-04-14T11:55:38.916+0000] {processor.py:183} INFO - Processing /home/airflow/.local/lib/python3.12/site-packages/airflow/example_dags/example_python_decorator.py took 0.129 seconds
