[2024-04-14T11:53:26.485+0000] {processor.py:161} INFO - Started process (PID=94) to work on /home/airflow/.local/lib/python3.12/site-packages/airflow/example_dags/example_datasets.py
[2024-04-14T11:53:26.530+0000] {processor.py:830} INFO - Processing file /home/airflow/.local/lib/python3.12/site-packages/airflow/example_dags/example_datasets.py for tasks to queue
[2024-04-14T11:53:26.553+0000] {logging_mixin.py:188} INFO - [2024-04-14T11:53:26.553+0000] {dagbag.py:540} INFO - Filling up the DagBag from /home/airflow/.local/lib/python3.12/site-packages/airflow/example_dags/example_datasets.py
[2024-04-14T11:53:26.900+0000] {processor.py:840} INFO - DAG(s) 'conditional_dataset_and_time_based_timetable', 'dataset_consumes_1', 'dataset_consumes_1_never_scheduled', 'consume_1_and_2_with_dataset_expressions', 'dataset_consumes_unknown_never_scheduled', 'dataset_produces_2', 'consume_1_or_both_2_and_3_with_dataset_expressions', 'consume_1_or_2_with_dataset_expressions', 'dataset_consumes_1_and_2', 'dataset_produces_1' retrieved from /home/airflow/.local/lib/python3.12/site-packages/airflow/example_dags/example_datasets.py
[2024-04-14T11:53:28.397+0000] {logging_mixin.py:188} INFO - [2024-04-14T11:53:28.373+0000] {dag.py:3096} INFO - Sync 10 DAGs
[2024-04-14T11:53:28.743+0000] {logging_mixin.py:188} INFO - [2024-04-14T11:53:28.743+0000] {dag.py:3954} INFO - Setting next_dagrun for conditional_dataset_and_time_based_timetable to 2024-04-10 01:00:00+00:00, run_after=2024-04-10 01:00:00+00:00
[2024-04-14T11:53:28.799+0000] {logging_mixin.py:188} INFO - [2024-04-14T11:53:28.798+0000] {dag.py:3954} INFO - Setting next_dagrun for consume_1_and_2_with_dataset_expressions to None, run_after=None
[2024-04-14T11:53:28.807+0000] {logging_mixin.py:188} INFO - [2024-04-14T11:53:28.804+0000] {dag.py:3954} INFO - Setting next_dagrun for consume_1_or_2_with_dataset_expressions to None, run_after=None
[2024-04-14T11:53:28.827+0000] {logging_mixin.py:188} INFO - [2024-04-14T11:53:28.818+0000] {dag.py:3954} INFO - Setting next_dagrun for consume_1_or_both_2_and_3_with_dataset_expressions to None, run_after=None
[2024-04-14T11:53:28.834+0000] {logging_mixin.py:188} INFO - [2024-04-14T11:53:28.833+0000] {dag.py:3954} INFO - Setting next_dagrun for dataset_consumes_1 to None, run_after=None
[2024-04-14T11:53:28.861+0000] {logging_mixin.py:188} INFO - [2024-04-14T11:53:28.857+0000] {dag.py:3954} INFO - Setting next_dagrun for dataset_consumes_1_and_2 to None, run_after=None
[2024-04-14T11:53:28.884+0000] {logging_mixin.py:188} INFO - [2024-04-14T11:53:28.876+0000] {dag.py:3954} INFO - Setting next_dagrun for dataset_consumes_1_never_scheduled to None, run_after=None
[2024-04-14T11:53:28.888+0000] {logging_mixin.py:188} INFO - [2024-04-14T11:53:28.887+0000] {dag.py:3954} INFO - Setting next_dagrun for dataset_consumes_unknown_never_scheduled to None, run_after=None
[2024-04-14T11:53:28.924+0000] {logging_mixin.py:188} INFO - [2024-04-14T11:53:28.923+0000] {dag.py:3954} INFO - Setting next_dagrun for dataset_produces_1 to 2024-04-13 00:00:00+00:00, run_after=2024-04-14 00:00:00+00:00
[2024-04-14T11:53:28.945+0000] {logging_mixin.py:188} INFO - [2024-04-14T11:53:28.945+0000] {dag.py:3954} INFO - Setting next_dagrun for dataset_produces_2 to None, run_after=None
[2024-04-14T11:53:29.317+0000] {processor.py:183} INFO - Processing /home/airflow/.local/lib/python3.12/site-packages/airflow/example_dags/example_datasets.py took 2.941 seconds
[2024-04-14T11:53:59.898+0000] {processor.py:161} INFO - Started process (PID=162) to work on /home/airflow/.local/lib/python3.12/site-packages/airflow/example_dags/example_datasets.py
[2024-04-14T11:53:59.929+0000] {processor.py:830} INFO - Processing file /home/airflow/.local/lib/python3.12/site-packages/airflow/example_dags/example_datasets.py for tasks to queue
[2024-04-14T11:53:59.949+0000] {logging_mixin.py:188} INFO - [2024-04-14T11:53:59.948+0000] {dagbag.py:540} INFO - Filling up the DagBag from /home/airflow/.local/lib/python3.12/site-packages/airflow/example_dags/example_datasets.py
[2024-04-14T11:54:00.303+0000] {processor.py:840} INFO - DAG(s) 'consume_1_or_2_with_dataset_expressions', 'dataset_consumes_1_never_scheduled', 'conditional_dataset_and_time_based_timetable', 'dataset_consumes_unknown_never_scheduled', 'dataset_consumes_1_and_2', 'dataset_produces_2', 'consume_1_and_2_with_dataset_expressions', 'consume_1_or_both_2_and_3_with_dataset_expressions', 'dataset_consumes_1', 'dataset_produces_1' retrieved from /home/airflow/.local/lib/python3.12/site-packages/airflow/example_dags/example_datasets.py
[2024-04-14T11:54:00.573+0000] {logging_mixin.py:188} INFO - [2024-04-14T11:54:00.572+0000] {dag.py:3096} INFO - Sync 10 DAGs
[2024-04-14T11:54:00.710+0000] {logging_mixin.py:188} INFO - [2024-04-14T11:54:00.710+0000] {dag.py:3954} INFO - Setting next_dagrun for conditional_dataset_and_time_based_timetable to 2024-04-10 01:00:00+00:00, run_after=2024-04-10 01:00:00+00:00
[2024-04-14T11:54:00.755+0000] {logging_mixin.py:188} INFO - [2024-04-14T11:54:00.743+0000] {dag.py:3954} INFO - Setting next_dagrun for consume_1_and_2_with_dataset_expressions to None, run_after=None
[2024-04-14T11:54:00.758+0000] {logging_mixin.py:188} INFO - [2024-04-14T11:54:00.758+0000] {dag.py:3954} INFO - Setting next_dagrun for consume_1_or_2_with_dataset_expressions to None, run_after=None
[2024-04-14T11:54:00.772+0000] {logging_mixin.py:188} INFO - [2024-04-14T11:54:00.771+0000] {dag.py:3954} INFO - Setting next_dagrun for consume_1_or_both_2_and_3_with_dataset_expressions to None, run_after=None
[2024-04-14T11:54:00.785+0000] {logging_mixin.py:188} INFO - [2024-04-14T11:54:00.784+0000] {dag.py:3954} INFO - Setting next_dagrun for dataset_consumes_1 to None, run_after=None
[2024-04-14T11:54:00.789+0000] {logging_mixin.py:188} INFO - [2024-04-14T11:54:00.788+0000] {dag.py:3954} INFO - Setting next_dagrun for dataset_consumes_1_and_2 to None, run_after=None
[2024-04-14T11:54:00.802+0000] {logging_mixin.py:188} INFO - [2024-04-14T11:54:00.801+0000] {dag.py:3954} INFO - Setting next_dagrun for dataset_consumes_1_never_scheduled to None, run_after=None
[2024-04-14T11:54:00.817+0000] {logging_mixin.py:188} INFO - [2024-04-14T11:54:00.816+0000] {dag.py:3954} INFO - Setting next_dagrun for dataset_consumes_unknown_never_scheduled to None, run_after=None
[2024-04-14T11:54:00.834+0000] {logging_mixin.py:188} INFO - [2024-04-14T11:54:00.833+0000] {dag.py:3954} INFO - Setting next_dagrun for dataset_produces_1 to 2024-04-13 00:00:00+00:00, run_after=2024-04-14 00:00:00+00:00
[2024-04-14T11:54:00.848+0000] {logging_mixin.py:188} INFO - [2024-04-14T11:54:00.847+0000] {dag.py:3954} INFO - Setting next_dagrun for dataset_produces_2 to None, run_after=None
[2024-04-14T11:54:01.057+0000] {processor.py:183} INFO - Processing /home/airflow/.local/lib/python3.12/site-packages/airflow/example_dags/example_datasets.py took 1.190 seconds
[2024-04-14T11:54:35.874+0000] {processor.py:161} INFO - Started process (PID=230) to work on /home/airflow/.local/lib/python3.12/site-packages/airflow/example_dags/example_datasets.py
[2024-04-14T11:54:35.877+0000] {processor.py:830} INFO - Processing file /home/airflow/.local/lib/python3.12/site-packages/airflow/example_dags/example_datasets.py for tasks to queue
[2024-04-14T11:54:35.881+0000] {logging_mixin.py:188} INFO - [2024-04-14T11:54:35.880+0000] {dagbag.py:540} INFO - Filling up the DagBag from /home/airflow/.local/lib/python3.12/site-packages/airflow/example_dags/example_datasets.py
[2024-04-14T11:54:35.939+0000] {processor.py:840} INFO - DAG(s) 'dataset_produces_1', 'consume_1_and_2_with_dataset_expressions', 'dataset_consumes_unknown_never_scheduled', 'dataset_consumes_1', 'dataset_consumes_1_and_2', 'dataset_consumes_1_never_scheduled', 'consume_1_or_2_with_dataset_expressions', 'conditional_dataset_and_time_based_timetable', 'dataset_produces_2', 'consume_1_or_both_2_and_3_with_dataset_expressions' retrieved from /home/airflow/.local/lib/python3.12/site-packages/airflow/example_dags/example_datasets.py
[2024-04-14T11:54:36.230+0000] {logging_mixin.py:188} INFO - [2024-04-14T11:54:36.230+0000] {dag.py:3096} INFO - Sync 10 DAGs
[2024-04-14T11:54:36.347+0000] {logging_mixin.py:188} INFO - [2024-04-14T11:54:36.347+0000] {dag.py:3954} INFO - Setting next_dagrun for conditional_dataset_and_time_based_timetable to 2024-04-10 01:00:00+00:00, run_after=2024-04-10 01:00:00+00:00
[2024-04-14T11:54:36.365+0000] {logging_mixin.py:188} INFO - [2024-04-14T11:54:36.363+0000] {dag.py:3954} INFO - Setting next_dagrun for consume_1_and_2_with_dataset_expressions to None, run_after=None
[2024-04-14T11:54:36.379+0000] {logging_mixin.py:188} INFO - [2024-04-14T11:54:36.378+0000] {dag.py:3954} INFO - Setting next_dagrun for consume_1_or_2_with_dataset_expressions to None, run_after=None
[2024-04-14T11:54:36.390+0000] {logging_mixin.py:188} INFO - [2024-04-14T11:54:36.390+0000] {dag.py:3954} INFO - Setting next_dagrun for consume_1_or_both_2_and_3_with_dataset_expressions to None, run_after=None
[2024-04-14T11:54:36.393+0000] {logging_mixin.py:188} INFO - [2024-04-14T11:54:36.393+0000] {dag.py:3954} INFO - Setting next_dagrun for dataset_consumes_1 to None, run_after=None
[2024-04-14T11:54:36.398+0000] {logging_mixin.py:188} INFO - [2024-04-14T11:54:36.397+0000] {dag.py:3954} INFO - Setting next_dagrun for dataset_consumes_1_and_2 to None, run_after=None
[2024-04-14T11:54:36.427+0000] {logging_mixin.py:188} INFO - [2024-04-14T11:54:36.426+0000] {dag.py:3954} INFO - Setting next_dagrun for dataset_consumes_1_never_scheduled to None, run_after=None
[2024-04-14T11:54:36.437+0000] {logging_mixin.py:188} INFO - [2024-04-14T11:54:36.437+0000] {dag.py:3954} INFO - Setting next_dagrun for dataset_consumes_unknown_never_scheduled to None, run_after=None
[2024-04-14T11:54:36.454+0000] {logging_mixin.py:188} INFO - [2024-04-14T11:54:36.454+0000] {dag.py:3954} INFO - Setting next_dagrun for dataset_produces_1 to 2024-04-13 00:00:00+00:00, run_after=2024-04-14 00:00:00+00:00
[2024-04-14T11:54:36.474+0000] {logging_mixin.py:188} INFO - [2024-04-14T11:54:36.473+0000] {dag.py:3954} INFO - Setting next_dagrun for dataset_produces_2 to None, run_after=None
[2024-04-14T11:54:36.969+0000] {processor.py:183} INFO - Processing /home/airflow/.local/lib/python3.12/site-packages/airflow/example_dags/example_datasets.py took 1.110 seconds
[2024-04-14T11:55:13.847+0000] {processor.py:161} INFO - Started process (PID=293) to work on /home/airflow/.local/lib/python3.12/site-packages/airflow/example_dags/example_datasets.py
[2024-04-14T11:55:13.862+0000] {processor.py:830} INFO - Processing file /home/airflow/.local/lib/python3.12/site-packages/airflow/example_dags/example_datasets.py for tasks to queue
[2024-04-14T11:55:13.866+0000] {logging_mixin.py:188} INFO - [2024-04-14T11:55:13.866+0000] {dagbag.py:540} INFO - Filling up the DagBag from /home/airflow/.local/lib/python3.12/site-packages/airflow/example_dags/example_datasets.py
[2024-04-14T11:55:13.961+0000] {processor.py:840} INFO - DAG(s) 'dataset_consumes_1_never_scheduled', 'dataset_produces_1', 'dataset_consumes_unknown_never_scheduled', 'consume_1_or_both_2_and_3_with_dataset_expressions', 'dataset_consumes_1', 'dataset_consumes_1_and_2', 'consume_1_and_2_with_dataset_expressions', 'conditional_dataset_and_time_based_timetable', 'dataset_produces_2', 'consume_1_or_2_with_dataset_expressions' retrieved from /home/airflow/.local/lib/python3.12/site-packages/airflow/example_dags/example_datasets.py
[2024-04-14T11:55:14.238+0000] {logging_mixin.py:188} INFO - [2024-04-14T11:55:14.238+0000] {dag.py:3096} INFO - Sync 10 DAGs
[2024-04-14T11:55:14.317+0000] {logging_mixin.py:188} INFO - [2024-04-14T11:55:14.317+0000] {dag.py:3954} INFO - Setting next_dagrun for conditional_dataset_and_time_based_timetable to 2024-04-10 01:00:00+00:00, run_after=2024-04-10 01:00:00+00:00
[2024-04-14T11:55:14.334+0000] {logging_mixin.py:188} INFO - [2024-04-14T11:55:14.324+0000] {dag.py:3954} INFO - Setting next_dagrun for consume_1_and_2_with_dataset_expressions to None, run_after=None
[2024-04-14T11:55:14.368+0000] {logging_mixin.py:188} INFO - [2024-04-14T11:55:14.367+0000] {dag.py:3954} INFO - Setting next_dagrun for consume_1_or_2_with_dataset_expressions to None, run_after=None
[2024-04-14T11:55:14.371+0000] {logging_mixin.py:188} INFO - [2024-04-14T11:55:14.370+0000] {dag.py:3954} INFO - Setting next_dagrun for consume_1_or_both_2_and_3_with_dataset_expressions to None, run_after=None
[2024-04-14T11:55:14.381+0000] {logging_mixin.py:188} INFO - [2024-04-14T11:55:14.381+0000] {dag.py:3954} INFO - Setting next_dagrun for dataset_consumes_1 to None, run_after=None
[2024-04-14T11:55:14.385+0000] {logging_mixin.py:188} INFO - [2024-04-14T11:55:14.384+0000] {dag.py:3954} INFO - Setting next_dagrun for dataset_consumes_1_and_2 to None, run_after=None
[2024-04-14T11:55:14.400+0000] {logging_mixin.py:188} INFO - [2024-04-14T11:55:14.399+0000] {dag.py:3954} INFO - Setting next_dagrun for dataset_consumes_1_never_scheduled to None, run_after=None
[2024-04-14T11:55:14.405+0000] {logging_mixin.py:188} INFO - [2024-04-14T11:55:14.405+0000] {dag.py:3954} INFO - Setting next_dagrun for dataset_consumes_unknown_never_scheduled to None, run_after=None
[2024-04-14T11:55:14.410+0000] {logging_mixin.py:188} INFO - [2024-04-14T11:55:14.409+0000] {dag.py:3954} INFO - Setting next_dagrun for dataset_produces_1 to 2024-04-13 00:00:00+00:00, run_after=2024-04-14 00:00:00+00:00
[2024-04-14T11:55:14.423+0000] {logging_mixin.py:188} INFO - [2024-04-14T11:55:14.422+0000] {dag.py:3954} INFO - Setting next_dagrun for dataset_produces_2 to None, run_after=None
[2024-04-14T11:55:14.510+0000] {processor.py:183} INFO - Processing /home/airflow/.local/lib/python3.12/site-packages/airflow/example_dags/example_datasets.py took 0.685 seconds
[2024-04-14T11:55:45.915+0000] {processor.py:161} INFO - Started process (PID=356) to work on /home/airflow/.local/lib/python3.12/site-packages/airflow/example_dags/example_datasets.py
[2024-04-14T11:55:45.941+0000] {processor.py:830} INFO - Processing file /home/airflow/.local/lib/python3.12/site-packages/airflow/example_dags/example_datasets.py for tasks to queue
[2024-04-14T11:55:45.959+0000] {logging_mixin.py:188} INFO - [2024-04-14T11:55:45.959+0000] {dagbag.py:540} INFO - Filling up the DagBag from /home/airflow/.local/lib/python3.12/site-packages/airflow/example_dags/example_datasets.py
[2024-04-14T11:55:46.363+0000] {processor.py:840} INFO - DAG(s) 'consume_1_or_2_with_dataset_expressions', 'conditional_dataset_and_time_based_timetable', 'dataset_consumes_1_never_scheduled', 'dataset_produces_1', 'dataset_consumes_unknown_never_scheduled', 'consume_1_and_2_with_dataset_expressions', 'consume_1_or_both_2_and_3_with_dataset_expressions', 'dataset_consumes_1_and_2', 'dataset_produces_2', 'dataset_consumes_1' retrieved from /home/airflow/.local/lib/python3.12/site-packages/airflow/example_dags/example_datasets.py
[2024-04-14T11:55:46.877+0000] {logging_mixin.py:188} INFO - [2024-04-14T11:55:46.876+0000] {dag.py:3096} INFO - Sync 10 DAGs
[2024-04-14T11:55:47.177+0000] {logging_mixin.py:188} INFO - [2024-04-14T11:55:47.176+0000] {dag.py:3954} INFO - Setting next_dagrun for conditional_dataset_and_time_based_timetable to 2024-04-10 01:00:00+00:00, run_after=2024-04-10 01:00:00+00:00
[2024-04-14T11:55:47.221+0000] {logging_mixin.py:188} INFO - [2024-04-14T11:55:47.220+0000] {dag.py:3954} INFO - Setting next_dagrun for consume_1_and_2_with_dataset_expressions to None, run_after=None
[2024-04-14T11:55:47.234+0000] {logging_mixin.py:188} INFO - [2024-04-14T11:55:47.233+0000] {dag.py:3954} INFO - Setting next_dagrun for consume_1_or_2_with_dataset_expressions to None, run_after=None
[2024-04-14T11:55:47.250+0000] {logging_mixin.py:188} INFO - [2024-04-14T11:55:47.244+0000] {dag.py:3954} INFO - Setting next_dagrun for consume_1_or_both_2_and_3_with_dataset_expressions to None, run_after=None
[2024-04-14T11:55:47.282+0000] {logging_mixin.py:188} INFO - [2024-04-14T11:55:47.270+0000] {dag.py:3954} INFO - Setting next_dagrun for dataset_consumes_1 to None, run_after=None
[2024-04-14T11:55:47.296+0000] {logging_mixin.py:188} INFO - [2024-04-14T11:55:47.295+0000] {dag.py:3954} INFO - Setting next_dagrun for dataset_consumes_1_and_2 to None, run_after=None
[2024-04-14T11:55:47.299+0000] {logging_mixin.py:188} INFO - [2024-04-14T11:55:47.299+0000] {dag.py:3954} INFO - Setting next_dagrun for dataset_consumes_1_never_scheduled to None, run_after=None
[2024-04-14T11:55:47.332+0000] {logging_mixin.py:188} INFO - [2024-04-14T11:55:47.332+0000] {dag.py:3954} INFO - Setting next_dagrun for dataset_consumes_unknown_never_scheduled to None, run_after=None
[2024-04-14T11:55:47.350+0000] {logging_mixin.py:188} INFO - [2024-04-14T11:55:47.350+0000] {dag.py:3954} INFO - Setting next_dagrun for dataset_produces_1 to 2024-04-13 00:00:00+00:00, run_after=2024-04-14 00:00:00+00:00
[2024-04-14T11:55:47.379+0000] {logging_mixin.py:188} INFO - [2024-04-14T11:55:47.379+0000] {dag.py:3954} INFO - Setting next_dagrun for dataset_produces_2 to None, run_after=None
[2024-04-14T11:55:47.717+0000] {processor.py:183} INFO - Processing /home/airflow/.local/lib/python3.12/site-packages/airflow/example_dags/example_datasets.py took 1.824 seconds
