[2024-04-14T11:52:51.630+0000] {processor.py:161} INFO - Started process (PID=61) to work on /home/airflow/.local/lib/python3.12/site-packages/airflow/example_dags/example_bash_decorator.py
[2024-04-14T11:52:51.632+0000] {processor.py:830} INFO - Processing file /home/airflow/.local/lib/python3.12/site-packages/airflow/example_dags/example_bash_decorator.py for tasks to queue
[2024-04-14T11:52:51.645+0000] {logging_mixin.py:188} INFO - [2024-04-14T11:52:51.637+0000] {dagbag.py:540} INFO - Filling up the DagBag from /home/airflow/.local/lib/python3.12/site-packages/airflow/example_dags/example_bash_decorator.py
[2024-04-14T11:52:51.722+0000] {processor.py:840} INFO - DAG(s) 'example_bash_decorator' retrieved from /home/airflow/.local/lib/python3.12/site-packages/airflow/example_dags/example_bash_decorator.py
[2024-04-14T11:52:53.586+0000] {logging_mixin.py:188} INFO - [2024-04-14T11:52:53.586+0000] {dag.py:3096} INFO - Sync 1 DAGs
[2024-04-14T11:52:53.610+0000] {logging_mixin.py:188} INFO - [2024-04-14T11:52:53.610+0000] {dag.py:3954} INFO - Setting next_dagrun for example_bash_decorator to None, run_after=None
[2024-04-14T11:52:53.738+0000] {processor.py:183} INFO - Processing /home/airflow/.local/lib/python3.12/site-packages/airflow/example_dags/example_bash_decorator.py took 2.117 seconds
[2024-04-14T11:53:49.403+0000] {processor.py:161} INFO - Started process (PID=135) to work on /home/airflow/.local/lib/python3.12/site-packages/airflow/example_dags/example_bash_decorator.py
[2024-04-14T11:53:49.406+0000] {processor.py:830} INFO - Processing file /home/airflow/.local/lib/python3.12/site-packages/airflow/example_dags/example_bash_decorator.py for tasks to queue
[2024-04-14T11:53:49.424+0000] {logging_mixin.py:188} INFO - [2024-04-14T11:53:49.423+0000] {dagbag.py:540} INFO - Filling up the DagBag from /home/airflow/.local/lib/python3.12/site-packages/airflow/example_dags/example_bash_decorator.py
[2024-04-14T11:53:49.461+0000] {processor.py:840} INFO - DAG(s) 'example_bash_decorator' retrieved from /home/airflow/.local/lib/python3.12/site-packages/airflow/example_dags/example_bash_decorator.py
[2024-04-14T11:53:49.506+0000] {logging_mixin.py:188} INFO - [2024-04-14T11:53:49.506+0000] {dag.py:3096} INFO - Sync 1 DAGs
[2024-04-14T11:53:49.533+0000] {logging_mixin.py:188} INFO - [2024-04-14T11:53:49.533+0000] {dag.py:3954} INFO - Setting next_dagrun for example_bash_decorator to None, run_after=None
[2024-04-14T11:53:49.566+0000] {processor.py:183} INFO - Processing /home/airflow/.local/lib/python3.12/site-packages/airflow/example_dags/example_bash_decorator.py took 0.172 seconds
[2024-04-14T11:54:29.066+0000] {processor.py:161} INFO - Started process (PID=201) to work on /home/airflow/.local/lib/python3.12/site-packages/airflow/example_dags/example_bash_decorator.py
[2024-04-14T11:54:29.068+0000] {processor.py:830} INFO - Processing file /home/airflow/.local/lib/python3.12/site-packages/airflow/example_dags/example_bash_decorator.py for tasks to queue
[2024-04-14T11:54:29.087+0000] {logging_mixin.py:188} INFO - [2024-04-14T11:54:29.086+0000] {dagbag.py:540} INFO - Filling up the DagBag from /home/airflow/.local/lib/python3.12/site-packages/airflow/example_dags/example_bash_decorator.py
[2024-04-14T11:54:29.272+0000] {processor.py:840} INFO - DAG(s) 'example_bash_decorator' retrieved from /home/airflow/.local/lib/python3.12/site-packages/airflow/example_dags/example_bash_decorator.py
[2024-04-14T11:54:29.442+0000] {logging_mixin.py:188} INFO - [2024-04-14T11:54:29.441+0000] {dag.py:3096} INFO - Sync 1 DAGs
[2024-04-14T11:54:29.524+0000] {logging_mixin.py:188} INFO - [2024-04-14T11:54:29.523+0000] {dag.py:3954} INFO - Setting next_dagrun for example_bash_decorator to None, run_after=None
[2024-04-14T11:54:29.604+0000] {processor.py:183} INFO - Processing /home/airflow/.local/lib/python3.12/site-packages/airflow/example_dags/example_bash_decorator.py took 0.582 seconds
[2024-04-14T11:55:00.224+0000] {processor.py:161} INFO - Started process (PID=264) to work on /home/airflow/.local/lib/python3.12/site-packages/airflow/example_dags/example_bash_decorator.py
[2024-04-14T11:55:00.248+0000] {processor.py:830} INFO - Processing file /home/airflow/.local/lib/python3.12/site-packages/airflow/example_dags/example_bash_decorator.py for tasks to queue
[2024-04-14T11:55:00.268+0000] {logging_mixin.py:188} INFO - [2024-04-14T11:55:00.253+0000] {dagbag.py:540} INFO - Filling up the DagBag from /home/airflow/.local/lib/python3.12/site-packages/airflow/example_dags/example_bash_decorator.py
[2024-04-14T11:55:00.354+0000] {processor.py:840} INFO - DAG(s) 'example_bash_decorator' retrieved from /home/airflow/.local/lib/python3.12/site-packages/airflow/example_dags/example_bash_decorator.py
[2024-04-14T11:55:00.455+0000] {logging_mixin.py:188} INFO - [2024-04-14T11:55:00.445+0000] {dag.py:3096} INFO - Sync 1 DAGs
[2024-04-14T11:55:00.496+0000] {logging_mixin.py:188} INFO - [2024-04-14T11:55:00.496+0000] {dag.py:3954} INFO - Setting next_dagrun for example_bash_decorator to None, run_after=None
[2024-04-14T11:55:00.596+0000] {processor.py:183} INFO - Processing /home/airflow/.local/lib/python3.12/site-packages/airflow/example_dags/example_bash_decorator.py took 0.396 seconds
[2024-04-14T11:55:31.642+0000] {processor.py:161} INFO - Started process (PID=327) to work on /home/airflow/.local/lib/python3.12/site-packages/airflow/example_dags/example_bash_decorator.py
[2024-04-14T11:55:31.662+0000] {processor.py:830} INFO - Processing file /home/airflow/.local/lib/python3.12/site-packages/airflow/example_dags/example_bash_decorator.py for tasks to queue
[2024-04-14T11:55:31.701+0000] {logging_mixin.py:188} INFO - [2024-04-14T11:55:31.700+0000] {dagbag.py:540} INFO - Filling up the DagBag from /home/airflow/.local/lib/python3.12/site-packages/airflow/example_dags/example_bash_decorator.py
[2024-04-14T11:55:31.781+0000] {processor.py:840} INFO - DAG(s) 'example_bash_decorator' retrieved from /home/airflow/.local/lib/python3.12/site-packages/airflow/example_dags/example_bash_decorator.py
[2024-04-14T11:55:31.848+0000] {logging_mixin.py:188} INFO - [2024-04-14T11:55:31.846+0000] {dag.py:3096} INFO - Sync 1 DAGs
[2024-04-14T11:55:31.887+0000] {logging_mixin.py:188} INFO - [2024-04-14T11:55:31.887+0000] {dag.py:3954} INFO - Setting next_dagrun for example_bash_decorator to None, run_after=None
[2024-04-14T11:55:31.933+0000] {processor.py:183} INFO - Processing /home/airflow/.local/lib/python3.12/site-packages/airflow/example_dags/example_bash_decorator.py took 0.340 seconds
