[2024-04-14T11:53:17.801+0000] {processor.py:161} INFO - Started process (PID=78) to work on /home/airflow/.local/lib/python3.12/site-packages/airflow/example_dags/example_subdag_operator.py
[2024-04-14T11:53:17.843+0000] {processor.py:830} INFO - Processing file /home/airflow/.local/lib/python3.12/site-packages/airflow/example_dags/example_subdag_operator.py for tasks to queue
[2024-04-14T11:53:17.887+0000] {logging_mixin.py:188} INFO - [2024-04-14T11:53:17.886+0000] {dagbag.py:540} INFO - Filling up the DagBag from /home/airflow/.local/lib/python3.12/site-packages/airflow/example_dags/example_subdag_operator.py
[2024-04-14T11:53:18.429+0000] {processor.py:840} INFO - DAG(s) 'example_subdag_operator.section-1', 'example_subdag_operator.section-2', 'example_subdag_operator' retrieved from /home/airflow/.local/lib/python3.12/site-packages/airflow/example_dags/example_subdag_operator.py
[2024-04-14T11:53:18.807+0000] {logging_mixin.py:188} INFO - [2024-04-14T11:53:18.806+0000] {dag.py:3096} INFO - Sync 3 DAGs
[2024-04-14T11:53:19.231+0000] {logging_mixin.py:188} INFO - [2024-04-14T11:53:19.231+0000] {dag.py:3954} INFO - Setting next_dagrun for example_subdag_operator to 2022-01-01 00:00:00+00:00, run_after=2022-01-01 00:00:00+00:00
[2024-04-14T11:53:19.265+0000] {logging_mixin.py:188} INFO - [2024-04-14T11:53:19.264+0000] {dag.py:3954} INFO - Setting next_dagrun for example_subdag_operator.section-1 to None, run_after=None
[2024-04-14T11:53:19.269+0000] {logging_mixin.py:188} INFO - [2024-04-14T11:53:19.269+0000] {dag.py:3954} INFO - Setting next_dagrun for example_subdag_operator.section-2 to None, run_after=None
[2024-04-14T11:53:19.394+0000] {logging_mixin.py:188} INFO - [2024-04-14T11:53:19.390+0000] {dag.py:3096} INFO - Sync 2 DAGs
[2024-04-14T11:53:19.483+0000] {logging_mixin.py:188} INFO - [2024-04-14T11:53:19.477+0000] {dag.py:3954} INFO - Setting next_dagrun for example_subdag_operator.section-1 to None, run_after=None
[2024-04-14T11:53:19.494+0000] {logging_mixin.py:188} INFO - [2024-04-14T11:53:19.493+0000] {dag.py:3954} INFO - Setting next_dagrun for example_subdag_operator.section-2 to None, run_after=None
[2024-04-14T11:53:19.698+0000] {processor.py:183} INFO - Processing /home/airflow/.local/lib/python3.12/site-packages/airflow/example_dags/example_subdag_operator.py took 1.994 seconds
[2024-04-14T11:53:54.050+0000] {processor.py:161} INFO - Started process (PID=152) to work on /home/airflow/.local/lib/python3.12/site-packages/airflow/example_dags/example_subdag_operator.py
[2024-04-14T11:53:54.052+0000] {processor.py:830} INFO - Processing file /home/airflow/.local/lib/python3.12/site-packages/airflow/example_dags/example_subdag_operator.py for tasks to queue
[2024-04-14T11:53:54.058+0000] {logging_mixin.py:188} INFO - [2024-04-14T11:53:54.057+0000] {dagbag.py:540} INFO - Filling up the DagBag from /home/airflow/.local/lib/python3.12/site-packages/airflow/example_dags/example_subdag_operator.py
[2024-04-14T11:53:54.134+0000] {processor.py:840} INFO - DAG(s) 'example_subdag_operator.section-1', 'example_subdag_operator.section-2', 'example_subdag_operator' retrieved from /home/airflow/.local/lib/python3.12/site-packages/airflow/example_dags/example_subdag_operator.py
[2024-04-14T11:53:54.205+0000] {logging_mixin.py:188} INFO - [2024-04-14T11:53:54.205+0000] {dag.py:3096} INFO - Sync 3 DAGs
[2024-04-14T11:53:54.317+0000] {logging_mixin.py:188} INFO - [2024-04-14T11:53:54.317+0000] {dag.py:3954} INFO - Setting next_dagrun for example_subdag_operator to 2022-01-01 00:00:00+00:00, run_after=2022-01-01 00:00:00+00:00
[2024-04-14T11:53:54.341+0000] {logging_mixin.py:188} INFO - [2024-04-14T11:53:54.340+0000] {dag.py:3954} INFO - Setting next_dagrun for example_subdag_operator.section-1 to None, run_after=None
[2024-04-14T11:53:54.354+0000] {logging_mixin.py:188} INFO - [2024-04-14T11:53:54.353+0000] {dag.py:3954} INFO - Setting next_dagrun for example_subdag_operator.section-2 to None, run_after=None
[2024-04-14T11:53:54.383+0000] {logging_mixin.py:188} INFO - [2024-04-14T11:53:54.382+0000] {dag.py:3096} INFO - Sync 2 DAGs
[2024-04-14T11:53:54.498+0000] {logging_mixin.py:188} INFO - [2024-04-14T11:53:54.497+0000] {dag.py:3954} INFO - Setting next_dagrun for example_subdag_operator.section-1 to None, run_after=None
[2024-04-14T11:53:54.562+0000] {logging_mixin.py:188} INFO - [2024-04-14T11:53:54.561+0000] {dag.py:3954} INFO - Setting next_dagrun for example_subdag_operator.section-2 to None, run_after=None
[2024-04-14T11:53:54.672+0000] {processor.py:183} INFO - Processing /home/airflow/.local/lib/python3.12/site-packages/airflow/example_dags/example_subdag_operator.py took 0.653 seconds
[2024-04-14T11:54:33.852+0000] {processor.py:161} INFO - Started process (PID=219) to work on /home/airflow/.local/lib/python3.12/site-packages/airflow/example_dags/example_subdag_operator.py
[2024-04-14T11:54:33.853+0000] {processor.py:830} INFO - Processing file /home/airflow/.local/lib/python3.12/site-packages/airflow/example_dags/example_subdag_operator.py for tasks to queue
[2024-04-14T11:54:33.857+0000] {logging_mixin.py:188} INFO - [2024-04-14T11:54:33.856+0000] {dagbag.py:540} INFO - Filling up the DagBag from /home/airflow/.local/lib/python3.12/site-packages/airflow/example_dags/example_subdag_operator.py
[2024-04-14T11:54:33.943+0000] {processor.py:840} INFO - DAG(s) 'example_subdag_operator.section-1', 'example_subdag_operator.section-2', 'example_subdag_operator' retrieved from /home/airflow/.local/lib/python3.12/site-packages/airflow/example_dags/example_subdag_operator.py
[2024-04-14T11:54:33.989+0000] {logging_mixin.py:188} INFO - [2024-04-14T11:54:33.989+0000] {dag.py:3096} INFO - Sync 3 DAGs
[2024-04-14T11:54:34.046+0000] {logging_mixin.py:188} INFO - [2024-04-14T11:54:34.045+0000] {dag.py:3954} INFO - Setting next_dagrun for example_subdag_operator to 2022-01-01 00:00:00+00:00, run_after=2022-01-01 00:00:00+00:00
[2024-04-14T11:54:34.054+0000] {logging_mixin.py:188} INFO - [2024-04-14T11:54:34.053+0000] {dag.py:3954} INFO - Setting next_dagrun for example_subdag_operator.section-1 to None, run_after=None
[2024-04-14T11:54:34.067+0000] {logging_mixin.py:188} INFO - [2024-04-14T11:54:34.064+0000] {dag.py:3954} INFO - Setting next_dagrun for example_subdag_operator.section-2 to None, run_after=None
[2024-04-14T11:54:34.097+0000] {logging_mixin.py:188} INFO - [2024-04-14T11:54:34.096+0000] {dag.py:3096} INFO - Sync 2 DAGs
[2024-04-14T11:54:34.111+0000] {logging_mixin.py:188} INFO - [2024-04-14T11:54:34.111+0000] {dag.py:3954} INFO - Setting next_dagrun for example_subdag_operator.section-1 to None, run_after=None
[2024-04-14T11:54:34.113+0000] {logging_mixin.py:188} INFO - [2024-04-14T11:54:34.113+0000] {dag.py:3954} INFO - Setting next_dagrun for example_subdag_operator.section-2 to None, run_after=None
[2024-04-14T11:54:34.144+0000] {processor.py:183} INFO - Processing /home/airflow/.local/lib/python3.12/site-packages/airflow/example_dags/example_subdag_operator.py took 0.300 seconds
[2024-04-14T11:55:08.635+0000] {processor.py:161} INFO - Started process (PID=283) to work on /home/airflow/.local/lib/python3.12/site-packages/airflow/example_dags/example_subdag_operator.py
[2024-04-14T11:55:08.638+0000] {processor.py:830} INFO - Processing file /home/airflow/.local/lib/python3.12/site-packages/airflow/example_dags/example_subdag_operator.py for tasks to queue
[2024-04-14T11:55:08.642+0000] {logging_mixin.py:188} INFO - [2024-04-14T11:55:08.641+0000] {dagbag.py:540} INFO - Filling up the DagBag from /home/airflow/.local/lib/python3.12/site-packages/airflow/example_dags/example_subdag_operator.py
[2024-04-14T11:55:08.705+0000] {processor.py:840} INFO - DAG(s) 'example_subdag_operator.section-1', 'example_subdag_operator.section-2', 'example_subdag_operator' retrieved from /home/airflow/.local/lib/python3.12/site-packages/airflow/example_dags/example_subdag_operator.py
[2024-04-14T11:55:08.748+0000] {logging_mixin.py:188} INFO - [2024-04-14T11:55:08.748+0000] {dag.py:3096} INFO - Sync 3 DAGs
[2024-04-14T11:55:08.793+0000] {logging_mixin.py:188} INFO - [2024-04-14T11:55:08.791+0000] {dag.py:3954} INFO - Setting next_dagrun for example_subdag_operator to 2022-01-01 00:00:00+00:00, run_after=2022-01-01 00:00:00+00:00
[2024-04-14T11:55:08.804+0000] {logging_mixin.py:188} INFO - [2024-04-14T11:55:08.804+0000] {dag.py:3954} INFO - Setting next_dagrun for example_subdag_operator.section-1 to None, run_after=None
[2024-04-14T11:55:08.807+0000] {logging_mixin.py:188} INFO - [2024-04-14T11:55:08.807+0000] {dag.py:3954} INFO - Setting next_dagrun for example_subdag_operator.section-2 to None, run_after=None
[2024-04-14T11:55:08.823+0000] {logging_mixin.py:188} INFO - [2024-04-14T11:55:08.823+0000] {dag.py:3096} INFO - Sync 2 DAGs
[2024-04-14T11:55:08.835+0000] {logging_mixin.py:188} INFO - [2024-04-14T11:55:08.834+0000] {dag.py:3954} INFO - Setting next_dagrun for example_subdag_operator.section-1 to None, run_after=None
[2024-04-14T11:55:08.836+0000] {logging_mixin.py:188} INFO - [2024-04-14T11:55:08.836+0000] {dag.py:3954} INFO - Setting next_dagrun for example_subdag_operator.section-2 to None, run_after=None
[2024-04-14T11:55:08.855+0000] {processor.py:183} INFO - Processing /home/airflow/.local/lib/python3.12/site-packages/airflow/example_dags/example_subdag_operator.py took 0.232 seconds
[2024-04-14T11:55:40.302+0000] {processor.py:161} INFO - Started process (PID=346) to work on /home/airflow/.local/lib/python3.12/site-packages/airflow/example_dags/example_subdag_operator.py
[2024-04-14T11:55:40.318+0000] {processor.py:830} INFO - Processing file /home/airflow/.local/lib/python3.12/site-packages/airflow/example_dags/example_subdag_operator.py for tasks to queue
[2024-04-14T11:55:40.333+0000] {logging_mixin.py:188} INFO - [2024-04-14T11:55:40.332+0000] {dagbag.py:540} INFO - Filling up the DagBag from /home/airflow/.local/lib/python3.12/site-packages/airflow/example_dags/example_subdag_operator.py
[2024-04-14T11:55:40.425+0000] {processor.py:840} INFO - DAG(s) 'example_subdag_operator.section-1', 'example_subdag_operator.section-2', 'example_subdag_operator' retrieved from /home/airflow/.local/lib/python3.12/site-packages/airflow/example_dags/example_subdag_operator.py
[2024-04-14T11:55:40.496+0000] {logging_mixin.py:188} INFO - [2024-04-14T11:55:40.495+0000] {dag.py:3096} INFO - Sync 3 DAGs
[2024-04-14T11:55:40.602+0000] {logging_mixin.py:188} INFO - [2024-04-14T11:55:40.602+0000] {dag.py:3954} INFO - Setting next_dagrun for example_subdag_operator to 2022-01-01 00:00:00+00:00, run_after=2022-01-01 00:00:00+00:00
[2024-04-14T11:55:40.608+0000] {logging_mixin.py:188} INFO - [2024-04-14T11:55:40.608+0000] {dag.py:3954} INFO - Setting next_dagrun for example_subdag_operator.section-1 to None, run_after=None
[2024-04-14T11:55:40.611+0000] {logging_mixin.py:188} INFO - [2024-04-14T11:55:40.611+0000] {dag.py:3954} INFO - Setting next_dagrun for example_subdag_operator.section-2 to None, run_after=None
[2024-04-14T11:55:40.625+0000] {logging_mixin.py:188} INFO - [2024-04-14T11:55:40.625+0000] {dag.py:3096} INFO - Sync 2 DAGs
[2024-04-14T11:55:40.642+0000] {logging_mixin.py:188} INFO - [2024-04-14T11:55:40.642+0000] {dag.py:3954} INFO - Setting next_dagrun for example_subdag_operator.section-1 to None, run_after=None
[2024-04-14T11:55:40.643+0000] {logging_mixin.py:188} INFO - [2024-04-14T11:55:40.643+0000] {dag.py:3954} INFO - Setting next_dagrun for example_subdag_operator.section-2 to None, run_after=None
[2024-04-14T11:55:40.720+0000] {processor.py:183} INFO - Processing /home/airflow/.local/lib/python3.12/site-packages/airflow/example_dags/example_subdag_operator.py took 0.454 seconds
