[2024-04-14T12:47:54.245+0000] {local_task_job_runner.py:120} INFO - ::group::Pre task execution logs
[2024-04-14T12:47:54.279+0000] {taskinstance.py:2073} INFO - Dependencies all met for dep_context=non-requeueable deps ti=<TaskInstance: eksplorasi_data_ingestion.extract_task manual__2024-04-14T12:47:28.286296+00:00 [queued]>
[2024-04-14T12:47:54.291+0000] {taskinstance.py:2073} INFO - Dependencies all met for dep_context=requeueable deps ti=<TaskInstance: eksplorasi_data_ingestion.extract_task manual__2024-04-14T12:47:28.286296+00:00 [queued]>
[2024-04-14T12:47:54.292+0000] {taskinstance.py:2303} INFO - Starting attempt 1 of 1
[2024-04-14T12:47:54.310+0000] {taskinstance.py:2327} INFO - Executing <Task(PythonOperator): extract_task> on 2024-04-14 12:47:28.286296+00:00
[2024-04-14T12:47:54.320+0000] {warnings.py:110} WARNING - /home/***/.local/lib/python3.12/site-packages/***/task/task_runner/standard_task_runner.py:61: DeprecationWarning: This process (pid=277) is multi-threaded, use of fork() may lead to deadlocks in the child.
  pid = os.fork()

[2024-04-14T12:47:54.322+0000] {standard_task_runner.py:63} INFO - Started process 279 to run task
[2024-04-14T12:47:54.323+0000] {standard_task_runner.py:90} INFO - Running: ['***', 'tasks', 'run', 'eksplorasi_data_ingestion', 'extract_task', 'manual__2024-04-14T12:47:28.286296+00:00', '--job-id', '4', '--raw', '--subdir', 'DAGS_FOLDER/eksplorasi_dag.py', '--cfg-path', '/tmp/tmp_nexbyjs']
[2024-04-14T12:47:54.326+0000] {standard_task_runner.py:91} INFO - Job 4: Subtask extract_task
[2024-04-14T12:47:54.385+0000] {task_command.py:426} INFO - Running <TaskInstance: eksplorasi_data_ingestion.extract_task manual__2024-04-14T12:47:28.286296+00:00 [running]> on host 327943d91b42
[2024-04-14T12:47:54.504+0000] {taskinstance.py:2644} INFO - Exporting env vars: AIRFLOW_CTX_DAG_OWNER='abdan' AIRFLOW_CTX_DAG_ID='eksplorasi_data_ingestion' AIRFLOW_CTX_TASK_ID='extract_task' AIRFLOW_CTX_EXECUTION_DATE='2024-04-14T12:47:28.286296+00:00' AIRFLOW_CTX_TRY_NUMBER='1' AIRFLOW_CTX_DAG_RUN_ID='manual__2024-04-14T12:47:28.286296+00:00'
[2024-04-14T12:47:54.506+0000] {taskinstance.py:430} INFO - ::endgroup::
[2024-04-14T12:47:54.931+0000] {logging_mixin.py:188} INFO - Kunci 'books' tidak ditemukan atau 'books' bukan sebuah list.
[2024-04-14T12:47:54.933+0000] {logging_mixin.py:188} INFO - Extracted books: []
[2024-04-14T12:47:54.934+0000] {python.py:237} INFO - Done. Returned value was: None
[2024-04-14T12:47:54.935+0000] {taskinstance.py:441} INFO - ::group::Post task execution logs
[2024-04-14T12:47:54.979+0000] {taskinstance.py:1205} INFO - Marking task as SUCCESS. dag_id=eksplorasi_data_ingestion, task_id=extract_task, execution_date=20240414T124728, start_date=20240414T124754, end_date=20240414T124754
[2024-04-14T12:47:55.062+0000] {local_task_job_runner.py:240} INFO - Task exited with return code 0
[2024-04-14T12:47:55.110+0000] {taskinstance.py:3482} INFO - 0 downstream tasks scheduled from follow-on schedule check
[2024-04-14T12:47:55.121+0000] {local_task_job_runner.py:222} INFO - ::endgroup::
