[2024-04-14T13:37:19.642+0000] {local_task_job_runner.py:120} INFO - ::group::Pre task execution logs
[2024-04-14T13:37:19.691+0000] {taskinstance.py:2073} INFO - Dependencies all met for dep_context=non-requeueable deps ti=<TaskInstance: eksplorasi_data_ingestion.extract_task manual__2024-04-14T13:26:59.627068+00:00 [queued]>
[2024-04-14T13:37:19.709+0000] {taskinstance.py:2073} INFO - Dependencies all met for dep_context=requeueable deps ti=<TaskInstance: eksplorasi_data_ingestion.extract_task manual__2024-04-14T13:26:59.627068+00:00 [queued]>
[2024-04-14T13:37:19.710+0000] {taskinstance.py:2303} INFO - Starting attempt 1 of 1
[2024-04-14T13:37:19.739+0000] {taskinstance.py:2327} INFO - Executing <Task(PythonOperator): extract_task> on 2024-04-14 13:26:59.627068+00:00
[2024-04-14T13:37:19.764+0000] {warnings.py:110} WARNING - /home/***/.local/lib/python3.12/site-packages/***/task/task_runner/standard_task_runner.py:61: DeprecationWarning: This process (pid=721) is multi-threaded, use of fork() may lead to deadlocks in the child.
  pid = os.fork()

[2024-04-14T13:37:19.763+0000] {standard_task_runner.py:90} INFO - Running: ['***', 'tasks', 'run', 'eksplorasi_data_ingestion', 'extract_task', 'manual__2024-04-14T13:26:59.627068+00:00', '--job-id', '9', '--raw', '--subdir', 'DAGS_FOLDER/eksplorasi_dag.py', '--cfg-path', '/tmp/tmpanuw42vs']
[2024-04-14T13:37:19.765+0000] {standard_task_runner.py:63} INFO - Started process 729 to run task
[2024-04-14T13:37:19.766+0000] {standard_task_runner.py:91} INFO - Job 9: Subtask extract_task
[2024-04-14T13:37:19.891+0000] {task_command.py:426} INFO - Running <TaskInstance: eksplorasi_data_ingestion.extract_task manual__2024-04-14T13:26:59.627068+00:00 [running]> on host 327943d91b42
[2024-04-14T13:37:20.086+0000] {taskinstance.py:2644} INFO - Exporting env vars: AIRFLOW_CTX_DAG_OWNER='abdan' AIRFLOW_CTX_DAG_ID='eksplorasi_data_ingestion' AIRFLOW_CTX_TASK_ID='extract_task' AIRFLOW_CTX_EXECUTION_DATE='2024-04-14T13:26:59.627068+00:00' AIRFLOW_CTX_TRY_NUMBER='1' AIRFLOW_CTX_DAG_RUN_ID='manual__2024-04-14T13:26:59.627068+00:00'
[2024-04-14T13:37:20.092+0000] {taskinstance.py:430} INFO - ::endgroup::
[2024-04-14T13:37:20.745+0000] {logging_mixin.py:188} INFO - Kunci 'books' tidak ditemukan atau 'books' bukan sebuah list.
[2024-04-14T13:37:20.797+0000] {logging_mixin.py:188} INFO - Extracted books (head):
[2024-04-14T13:37:20.810+0000] {logging_mixin.py:188} INFO - Empty DataFrame
Columns: []
Index: []
[2024-04-14T13:37:20.811+0000] {logging_mixin.py:188} INFO - Extracted books (tail):
[2024-04-14T13:37:20.813+0000] {logging_mixin.py:188} INFO - Empty DataFrame
Columns: []
Index: []
[2024-04-14T13:37:20.813+0000] {python.py:237} INFO - Done. Returned value was: None
[2024-04-14T13:37:20.814+0000] {taskinstance.py:441} INFO - ::group::Post task execution logs
[2024-04-14T13:37:20.828+0000] {taskinstance.py:1205} INFO - Marking task as SUCCESS. dag_id=eksplorasi_data_ingestion, task_id=extract_task, execution_date=20240414T132659, start_date=20240414T133719, end_date=20240414T133720
[2024-04-14T13:37:20.903+0000] {local_task_job_runner.py:240} INFO - Task exited with return code 0
[2024-04-14T13:37:20.947+0000] {taskinstance.py:3482} INFO - 0 downstream tasks scheduled from follow-on schedule check
[2024-04-14T13:37:20.954+0000] {local_task_job_runner.py:222} INFO - ::endgroup::
