[2024-04-12T01:06:07.965+0000] {local_task_job_runner.py:120} INFO - ::group::Pre task execution logs
[2024-04-12T01:06:08.019+0000] {taskinstance.py:2073} INFO - Dependencies all met for dep_context=non-requeueable deps ti=<TaskInstance: prioritas1_no1.touch_our_works scheduled__2024-04-11T00:00:00+00:00 [queued]>
[2024-04-12T01:06:08.032+0000] {taskinstance.py:2073} INFO - Dependencies all met for dep_context=requeueable deps ti=<TaskInstance: prioritas1_no1.touch_our_works scheduled__2024-04-11T00:00:00+00:00 [queued]>
[2024-04-12T01:06:08.033+0000] {taskinstance.py:2303} INFO - Starting attempt 7 of 12
[2024-04-12T01:06:08.062+0000] {taskinstance.py:2327} INFO - Executing <Task(BashOperator): touch_our_works> on 2024-04-11 00:00:00+00:00
[2024-04-12T01:06:08.079+0000] {standard_task_runner.py:90} INFO - Running: ['***', 'tasks', 'run', 'prioritas1_no1', 'touch_our_works', 'scheduled__2024-04-11T00:00:00+00:00', '--job-id', '91', '--raw', '--subdir', 'DAGS_FOLDER/prioritas1_dag.py', '--cfg-path', '/tmp/tmpp1n4co69']
[2024-04-12T01:06:08.083+0000] {standard_task_runner.py:91} INFO - Job 91: Subtask touch_our_works
[2024-04-12T01:06:08.081+0000] {warnings.py:110} WARNING - /home/***/.local/lib/python3.12/site-packages/***/task/task_runner/standard_task_runner.py:61: DeprecationWarning: This process (pid=767) is multi-threaded, use of fork() may lead to deadlocks in the child.
  pid = os.fork()

[2024-04-12T01:06:08.084+0000] {standard_task_runner.py:63} INFO - Started process 769 to run task
[2024-04-12T01:06:08.158+0000] {task_command.py:426} INFO - Running <TaskInstance: prioritas1_no1.touch_our_works scheduled__2024-04-11T00:00:00+00:00 [running]> on host 805e8d5936d1
[2024-04-12T01:06:08.304+0000] {taskinstance.py:2644} INFO - Exporting env vars: AIRFLOW_CTX_DAG_OWNER='abdan' AIRFLOW_CTX_DAG_ID='prioritas1_no1' AIRFLOW_CTX_TASK_ID='touch_our_works' AIRFLOW_CTX_EXECUTION_DATE='2024-04-11T00:00:00+00:00' AIRFLOW_CTX_TRY_NUMBER='7' AIRFLOW_CTX_DAG_RUN_ID='scheduled__2024-04-11T00:00:00+00:00'
[2024-04-12T01:06:08.316+0000] {taskinstance.py:430} INFO - ::endgroup::
[2024-04-12T01:06:08.430+0000] {subprocess.py:63} INFO - Tmp dir root location: /tmp
[2024-04-12T01:06:08.434+0000] {subprocess.py:75} INFO - Running command: ['/usr/bin/bash', '-c', 'touch /opt/***/dags/our_works/works.txt']
[2024-04-12T01:06:08.481+0000] {subprocess.py:86} INFO - Output:
[2024-04-12T01:06:08.613+0000] {subprocess.py:97} INFO - Command exited with return code 0
[2024-04-12T01:06:08.615+0000] {taskinstance.py:441} INFO - ::group::Post task execution logs
[2024-04-12T01:06:08.717+0000] {taskinstance.py:1205} INFO - Marking task as SUCCESS. dag_id=prioritas1_no1, task_id=touch_our_works, execution_date=20240411T000000, start_date=20240412T010608, end_date=20240412T010608
[2024-04-12T01:06:08.799+0000] {local_task_job_runner.py:240} INFO - Task exited with return code 0
[2024-04-12T01:06:08.857+0000] {taskinstance.py:3482} INFO - 0 downstream tasks scheduled from follow-on schedule check
[2024-04-12T01:06:08.867+0000] {local_task_job_runner.py:222} INFO - ::endgroup::
