[2024-04-13T15:54:27.821+0000] {local_task_job_runner.py:120} INFO - ::group::Pre task execution logs
[2024-04-13T15:54:27.845+0000] {taskinstance.py:2073} INFO - Dependencies all met for dep_context=non-requeueable deps ti=<TaskInstance: eksplorasi.create_fruits_table scheduled__2024-04-12T00:00:00+00:00 [queued]>
[2024-04-13T15:54:27.855+0000] {taskinstance.py:2073} INFO - Dependencies all met for dep_context=requeueable deps ti=<TaskInstance: eksplorasi.create_fruits_table scheduled__2024-04-12T00:00:00+00:00 [queued]>
[2024-04-13T15:54:27.856+0000] {taskinstance.py:2303} INFO - Starting attempt 4 of 6
[2024-04-13T15:54:27.879+0000] {taskinstance.py:2327} INFO - Executing <Task(PostgresOperator): create_fruits_table> on 2024-04-12 00:00:00+00:00
[2024-04-13T15:54:27.901+0000] {warnings.py:110} WARNING - /home/***/.local/lib/python3.12/site-packages/***/task/task_runner/standard_task_runner.py:61: DeprecationWarning: This process (pid=197) is multi-threaded, use of fork() may lead to deadlocks in the child.
  pid = os.fork()

[2024-04-13T15:54:27.903+0000] {standard_task_runner.py:63} INFO - Started process 199 to run task
[2024-04-13T15:54:27.903+0000] {standard_task_runner.py:90} INFO - Running: ['***', 'tasks', 'run', 'eksplorasi', 'create_fruits_table', 'scheduled__2024-04-12T00:00:00+00:00', '--job-id', '213', '--raw', '--subdir', 'DAGS_FOLDER/eksplorasi_dag.py', '--cfg-path', '/tmp/tmpr92fg5kz']
[2024-04-13T15:54:27.906+0000] {standard_task_runner.py:91} INFO - Job 213: Subtask create_fruits_table
[2024-04-13T15:54:27.992+0000] {task_command.py:426} INFO - Running <TaskInstance: eksplorasi.create_fruits_table scheduled__2024-04-12T00:00:00+00:00 [running]> on host a8c8062a752a
[2024-04-13T15:54:28.085+0000] {taskinstance.py:2644} INFO - Exporting env vars: AIRFLOW_CTX_DAG_OWNER='abdan' AIRFLOW_CTX_DAG_ID='eksplorasi' AIRFLOW_CTX_TASK_ID='create_fruits_table' AIRFLOW_CTX_EXECUTION_DATE='2024-04-12T00:00:00+00:00' AIRFLOW_CTX_TRY_NUMBER='4' AIRFLOW_CTX_DAG_RUN_ID='scheduled__2024-04-12T00:00:00+00:00'
[2024-04-13T15:54:28.087+0000] {taskinstance.py:430} INFO - ::endgroup::
[2024-04-13T15:54:28.088+0000] {sql.py:276} INFO - Executing: 
        CREATE TABLE fruits (
            id BIGSERIAL PRIMARY KEY,
            name VARCHAR(255),
            calories DECIMAL,
            fat DECIMAL,
            sugar DECIMAL,
            carbohydrates DECIMAL,
            protein DECIMAL
        );
        
[2024-04-13T15:54:28.100+0000] {base.py:84} INFO - Using connection ID 'my_postgres' for task execution.
[2024-04-13T15:54:28.114+0000] {base.py:84} INFO - Using connection ID 'my_postgres' for task execution.
[2024-04-13T15:54:28.117+0000] {taskinstance.py:441} INFO - ::group::Post task execution logs
[2024-04-13T15:54:28.117+0000] {taskinstance.py:2890} ERROR - Task failed with exception
Traceback (most recent call last):
  File "/home/airflow/.local/lib/python3.12/site-packages/airflow/models/taskinstance.py", line 465, in _execute_task
    result = _execute_callable(context=context, **execute_callable_kwargs)
             ^^^^^^^^^^^^^^^^^^^^^^^^^^^^^^^^^^^^^^^^^^^^^^^^^^^^^^^^^^^^^
  File "/home/airflow/.local/lib/python3.12/site-packages/airflow/models/taskinstance.py", line 432, in _execute_callable
    return execute_callable(context=context, **execute_callable_kwargs)
           ^^^^^^^^^^^^^^^^^^^^^^^^^^^^^^^^^^^^^^^^^^^^^^^^^^^^^^^^^^^^
  File "/home/airflow/.local/lib/python3.12/site-packages/airflow/models/baseoperator.py", line 400, in wrapper
    return func(self, *args, **kwargs)
           ^^^^^^^^^^^^^^^^^^^^^^^^^^^
  File "/home/airflow/.local/lib/python3.12/site-packages/airflow/providers/common/sql/operators/sql.py", line 282, in execute
    output = hook.run(
             ^^^^^^^^^
  File "/home/airflow/.local/lib/python3.12/site-packages/airflow/providers/common/sql/hooks/sql.py", line 397, in run
    with closing(self.get_conn()) as conn:
                 ^^^^^^^^^^^^^^^
  File "/home/airflow/.local/lib/python3.12/site-packages/airflow/providers/postgres/hooks/postgres.py", line 161, in get_conn
    self.conn = psycopg2.connect(**conn_args)
                ^^^^^^^^^^^^^^^^^^^^^^^^^^^^^
  File "/home/airflow/.local/lib/python3.12/site-packages/psycopg2/__init__.py", line 122, in connect
    conn = _connect(dsn, connection_factory=connection_factory, **kwasync)
           ^^^^^^^^^^^^^^^^^^^^^^^^^^^^^^^^^^^^^^^^^^^^^^^^^^^^^^^^^^^^^^^
psycopg2.OperationalError: connection to server at "postgres" (172.29.0.2), port 5432 failed: fe_sendauth: no password supplied

[2024-04-13T15:54:28.130+0000] {taskinstance.py:1205} INFO - Marking task as UP_FOR_RETRY. dag_id=eksplorasi, task_id=create_fruits_table, execution_date=20240412T000000, start_date=20240413T155427, end_date=20240413T155428
[2024-04-13T15:54:28.151+0000] {standard_task_runner.py:110} ERROR - Failed to execute job 213 for task create_fruits_table (connection to server at "postgres" (172.29.0.2), port 5432 failed: fe_sendauth: no password supplied
; 199)
[2024-04-13T15:54:28.199+0000] {local_task_job_runner.py:240} INFO - Task exited with return code 1
[2024-04-13T15:54:28.209+0000] {warnings.py:110} WARNING - /home/***/.local/lib/python3.12/site-packages/***/models/baseoperator.py:1296: AirflowProviderDeprecationWarning: Call to deprecated class SimpleHttpOperator. (Class `SimpleHttpOperator` is deprecated and will be removed in a future release. Please use `HttpOperator` instead.)
  result = cls.__new__(cls)

[2024-04-13T15:54:28.211+0000] {warnings.py:110} WARNING - /home/***/.local/lib/python3.12/site-packages/***/models/baseoperator.py:1296: AirflowProviderDeprecationWarning: Call to deprecated class PostgresOperator. (Please use `***.providers.common.sql.operators.sql.SQLExecuteQueryOperator`.Also, you can provide `hook_params={'schema': <database>}`.)
  result = cls.__new__(cls)

[2024-04-13T15:54:28.226+0000] {taskinstance.py:3482} INFO - 0 downstream tasks scheduled from follow-on schedule check
[2024-04-13T15:54:28.233+0000] {local_task_job_runner.py:222} INFO - ::endgroup::
