[2024-04-13T18:03:57.733+0000] {local_task_job_runner.py:120} INFO - ::group::Pre task execution logs
[2024-04-13T18:03:57.842+0000] {taskinstance.py:2073} INFO - Dependencies all met for dep_context=non-requeueable deps ti=<TaskInstance: prioritas1_no2.calculate_sum scheduled__2024-04-12T00:00:00+00:00 [queued]>
[2024-04-13T18:03:57.876+0000] {taskinstance.py:2073} INFO - Dependencies all met for dep_context=requeueable deps ti=<TaskInstance: prioritas1_no2.calculate_sum scheduled__2024-04-12T00:00:00+00:00 [queued]>
[2024-04-13T18:03:57.905+0000] {taskinstance.py:2303} INFO - Starting attempt 6 of 6
[2024-04-13T18:03:58.002+0000] {taskinstance.py:2327} INFO - Executing <Task(PythonOperator): calculate_sum> on 2024-04-12 00:00:00+00:00
[2024-04-13T18:03:58.031+0000] {warnings.py:110} WARNING - /home/***/.local/lib/python3.12/site-packages/***/task/task_runner/standard_task_runner.py:61: DeprecationWarning: This process (pid=75) is multi-threaded, use of fork() may lead to deadlocks in the child.
  pid = os.fork()

[2024-04-13T18:03:58.036+0000] {standard_task_runner.py:63} INFO - Started process 87 to run task
[2024-04-13T18:03:58.048+0000] {standard_task_runner.py:90} INFO - Running: ['***', 'tasks', 'run', 'prioritas1_no2', 'calculate_sum', 'scheduled__2024-04-12T00:00:00+00:00', '--job-id', '233', '--raw', '--subdir', 'DAGS_FOLDER/nomer2_dag.py', '--cfg-path', '/tmp/tmp8pul7jxv']
[2024-04-13T18:03:58.055+0000] {standard_task_runner.py:91} INFO - Job 233: Subtask calculate_sum
[2024-04-13T18:03:58.557+0000] {task_command.py:426} INFO - Running <TaskInstance: prioritas1_no2.calculate_sum scheduled__2024-04-12T00:00:00+00:00 [running]> on host 2354a2c4893f
[2024-04-13T18:04:00.147+0000] {taskinstance.py:2644} INFO - Exporting env vars: AIRFLOW_CTX_DAG_OWNER='abdan' AIRFLOW_CTX_DAG_ID='prioritas1_no2' AIRFLOW_CTX_TASK_ID='calculate_sum' AIRFLOW_CTX_EXECUTION_DATE='2024-04-12T00:00:00+00:00' AIRFLOW_CTX_TRY_NUMBER='6' AIRFLOW_CTX_DAG_RUN_ID='scheduled__2024-04-12T00:00:00+00:00'
[2024-04-13T18:04:00.157+0000] {taskinstance.py:430} INFO - ::endgroup::
[2024-04-13T18:04:00.196+0000] {taskinstance.py:441} INFO - ::group::Post task execution logs
[2024-04-13T18:04:00.199+0000] {taskinstance.py:2890} ERROR - Task failed with exception
Traceback (most recent call last):
  File "/home/airflow/.local/lib/python3.12/site-packages/airflow/models/taskinstance.py", line 465, in _execute_task
    result = _execute_callable(context=context, **execute_callable_kwargs)
             ^^^^^^^^^^^^^^^^^^^^^^^^^^^^^^^^^^^^^^^^^^^^^^^^^^^^^^^^^^^^^
  File "/home/airflow/.local/lib/python3.12/site-packages/airflow/models/taskinstance.py", line 432, in _execute_callable
    return execute_callable(context=context, **execute_callable_kwargs)
           ^^^^^^^^^^^^^^^^^^^^^^^^^^^^^^^^^^^^^^^^^^^^^^^^^^^^^^^^^^^^
  File "/home/airflow/.local/lib/python3.12/site-packages/airflow/models/baseoperator.py", line 400, in wrapper
    return func(self, *args, **kwargs)
           ^^^^^^^^^^^^^^^^^^^^^^^^^^^
  File "/home/airflow/.local/lib/python3.12/site-packages/airflow/operators/python.py", line 235, in execute
    return_value = self.execute_callable()
                   ^^^^^^^^^^^^^^^^^^^^^^^
  File "/home/airflow/.local/lib/python3.12/site-packages/airflow/operators/python.py", line 252, in execute_callable
    return self.python_callable(*self.op_args, **self.op_kwargs)
           ^^^^^^^^^^^^^^^^^^^^^^^^^^^^^^^^^^^^^^^^^^^^^^^^^^^^^
  File "/opt/airflow/dags/nomer2_dag.py", line 16, in calculate_sum
    if not all(isinstance(angka, int) and angka.isnumeric() for angka in angka_acak):
           ^^^^^^^^^^^^^^^^^^^^^^^^^^^^^^^^^^^^^^^^^^^^^^^^^^^^^^^^^^^^^^^^^^^^^^^^^
  File "/opt/airflow/dags/nomer2_dag.py", line 16, in <genexpr>
    if not all(isinstance(angka, int) and angka.isnumeric() for angka in angka_acak):
                                          ^^^^^^^^^^^^^^^
AttributeError: 'int' object has no attribute 'isnumeric'
[2024-04-13T18:04:00.397+0000] {taskinstance.py:1205} INFO - Marking task as FAILED. dag_id=prioritas1_no2, task_id=calculate_sum, execution_date=20240412T000000, start_date=20240413T180357, end_date=20240413T180400
[2024-04-13T18:04:00.482+0000] {standard_task_runner.py:110} ERROR - Failed to execute job 233 for task calculate_sum ('int' object has no attribute 'isnumeric'; 87)
[2024-04-13T18:04:00.533+0000] {local_task_job_runner.py:240} INFO - Task exited with return code 1
[2024-04-13T18:04:00.709+0000] {taskinstance.py:3482} INFO - 0 downstream tasks scheduled from follow-on schedule check
[2024-04-13T18:04:00.727+0000] {local_task_job_runner.py:222} INFO - ::endgroup::
