[2024-04-15T16:34:44.802+0000] {local_task_job_runner.py:120} INFO - ::group::Pre task execution logs
[2024-04-15T16:34:44.988+0000] {taskinstance.py:2073} INFO - Dependencies all met for dep_context=non-requeueable deps ti=<TaskInstance: prioritas_2.write_to_txt scheduled__2024-04-14T00:00:00+00:00 [queued]>
[2024-04-15T16:34:45.039+0000] {taskinstance.py:2073} INFO - Dependencies all met for dep_context=requeueable deps ti=<TaskInstance: prioritas_2.write_to_txt scheduled__2024-04-14T00:00:00+00:00 [queued]>
[2024-04-15T16:34:45.050+0000] {taskinstance.py:2303} INFO - Starting attempt 2 of 5
[2024-04-15T16:34:45.137+0000] {taskinstance.py:2327} INFO - Executing <Task(PythonOperator): write_to_txt> on 2024-04-14 00:00:00+00:00
[2024-04-15T16:34:45.178+0000] {warnings.py:110} WARNING - /home/***/.local/lib/python3.12/site-packages/***/task/task_runner/standard_task_runner.py:61: DeprecationWarning: This process (pid=903) is multi-threaded, use of fork() may lead to deadlocks in the child.
  pid = os.fork()

[2024-04-15T16:34:45.187+0000] {standard_task_runner.py:63} INFO - Started process 912 to run task
[2024-04-15T16:34:45.198+0000] {standard_task_runner.py:90} INFO - Running: ['***', 'tasks', 'run', 'prioritas_2', 'write_to_txt', 'scheduled__2024-04-14T00:00:00+00:00', '--job-id', '525', '--raw', '--subdir', 'DAGS_FOLDER/prioritas2_dag.py', '--cfg-path', '/tmp/tmpjd7f5yz4']
[2024-04-15T16:34:45.204+0000] {standard_task_runner.py:91} INFO - Job 525: Subtask write_to_txt
[2024-04-15T16:34:45.451+0000] {task_command.py:426} INFO - Running <TaskInstance: prioritas_2.write_to_txt scheduled__2024-04-14T00:00:00+00:00 [running]> on host 0c479e6c33e4
[2024-04-15T16:34:45.808+0000] {taskinstance.py:2644} INFO - Exporting env vars: AIRFLOW_CTX_DAG_OWNER='abdan' AIRFLOW_CTX_DAG_ID='prioritas_2' AIRFLOW_CTX_TASK_ID='write_to_txt' AIRFLOW_CTX_EXECUTION_DATE='2024-04-14T00:00:00+00:00' AIRFLOW_CTX_TRY_NUMBER='2' AIRFLOW_CTX_DAG_RUN_ID='scheduled__2024-04-14T00:00:00+00:00'
[2024-04-15T16:34:45.834+0000] {taskinstance.py:430} INFO - ::endgroup::
[2024-04-15T16:34:45.890+0000] {taskinstance.py:441} INFO - ::group::Post task execution logs
[2024-04-15T16:34:45.892+0000] {taskinstance.py:2890} ERROR - Task failed with exception
Traceback (most recent call last):
  File "/home/airflow/.local/lib/python3.12/site-packages/airflow/models/taskinstance.py", line 465, in _execute_task
    result = _execute_callable(context=context, **execute_callable_kwargs)
             ^^^^^^^^^^^^^^^^^^^^^^^^^^^^^^^^^^^^^^^^^^^^^^^^^^^^^^^^^^^^^
  File "/home/airflow/.local/lib/python3.12/site-packages/airflow/models/taskinstance.py", line 432, in _execute_callable
    return execute_callable(context=context, **execute_callable_kwargs)
           ^^^^^^^^^^^^^^^^^^^^^^^^^^^^^^^^^^^^^^^^^^^^^^^^^^^^^^^^^^^^
  File "/home/airflow/.local/lib/python3.12/site-packages/airflow/models/baseoperator.py", line 400, in wrapper
    return func(self, *args, **kwargs)
           ^^^^^^^^^^^^^^^^^^^^^^^^^^^
  File "/home/airflow/.local/lib/python3.12/site-packages/airflow/operators/python.py", line 235, in execute
    return_value = self.execute_callable()
                   ^^^^^^^^^^^^^^^^^^^^^^^
  File "/home/airflow/.local/lib/python3.12/site-packages/airflow/operators/python.py", line 252, in execute_callable
    return self.python_callable(*self.op_args, **self.op_kwargs)
           ^^^^^^^^^^^^^^^^^^^^^^^^^^^^^^^^^^^^^^^^^^^^^^^^^^^^^
  File "/opt/airflow/dags/prioritas2_dag.py", line 27, in write_to_txt
    with open(file_path, 'w') as txt_file:
         ^^^^^^^^^^^^^^^^^^^^
NotADirectoryError: [Errno 20] Not a directory: 'dags/our_works/works.txt/products.txt'
[2024-04-15T16:34:45.959+0000] {taskinstance.py:1205} INFO - Marking task as UP_FOR_RETRY. dag_id=prioritas_2, task_id=write_to_txt, execution_date=20240414T000000, start_date=20240415T163444, end_date=20240415T163445
[2024-04-15T16:34:46.032+0000] {standard_task_runner.py:110} ERROR - Failed to execute job 525 for task write_to_txt ([Errno 20] Not a directory: 'dags/our_works/works.txt/products.txt'; 912)
[2024-04-15T16:34:46.084+0000] {local_task_job_runner.py:240} INFO - Task exited with return code 1
[2024-04-15T16:34:46.166+0000] {taskinstance.py:3482} INFO - 0 downstream tasks scheduled from follow-on schedule check
[2024-04-15T16:34:46.208+0000] {local_task_job_runner.py:222} INFO - ::endgroup::
