[2024-04-15T16:26:57.237+0000] {local_task_job_runner.py:120} INFO - ::group::Pre task execution logs
[2024-04-15T16:26:57.279+0000] {taskinstance.py:2073} INFO - Dependencies all met for dep_context=non-requeueable deps ti=<TaskInstance: prioritas_2.write_to_txt scheduled__2024-04-14T00:00:00+00:00 [queued]>
[2024-04-15T16:26:57.298+0000] {taskinstance.py:2073} INFO - Dependencies all met for dep_context=requeueable deps ti=<TaskInstance: prioritas_2.write_to_txt scheduled__2024-04-14T00:00:00+00:00 [queued]>
[2024-04-15T16:26:57.301+0000] {taskinstance.py:2303} INFO - Starting attempt 1 of 4
[2024-04-15T16:26:57.336+0000] {taskinstance.py:2327} INFO - Executing <Task(PythonOperator): write_to_txt> on 2024-04-14 00:00:00+00:00
[2024-04-15T16:26:57.362+0000] {warnings.py:110} WARNING - /home/***/.local/lib/python3.12/site-packages/***/task/task_runner/standard_task_runner.py:61: DeprecationWarning: This process (pid=823) is multi-threaded, use of fork() may lead to deadlocks in the child.
  pid = os.fork()

[2024-04-15T16:26:57.368+0000] {standard_task_runner.py:63} INFO - Started process 835 to run task
[2024-04-15T16:26:57.364+0000] {standard_task_runner.py:90} INFO - Running: ['***', 'tasks', 'run', 'prioritas_2', 'write_to_txt', 'scheduled__2024-04-14T00:00:00+00:00', '--job-id', '523', '--raw', '--subdir', 'DAGS_FOLDER/prioritas2_dag.py', '--cfg-path', '/tmp/tmpty79w4ed']
[2024-04-15T16:26:57.370+0000] {standard_task_runner.py:91} INFO - Job 523: Subtask write_to_txt
[2024-04-15T16:26:57.479+0000] {task_command.py:426} INFO - Running <TaskInstance: prioritas_2.write_to_txt scheduled__2024-04-14T00:00:00+00:00 [running]> on host 0c479e6c33e4
[2024-04-15T16:26:57.776+0000] {taskinstance.py:2644} INFO - Exporting env vars: AIRFLOW_CTX_DAG_OWNER='abdan' AIRFLOW_CTX_DAG_ID='prioritas_2' AIRFLOW_CTX_TASK_ID='write_to_txt' AIRFLOW_CTX_EXECUTION_DATE='2024-04-14T00:00:00+00:00' AIRFLOW_CTX_TRY_NUMBER='1' AIRFLOW_CTX_DAG_RUN_ID='scheduled__2024-04-14T00:00:00+00:00'
[2024-04-15T16:26:57.824+0000] {taskinstance.py:430} INFO - ::endgroup::
[2024-04-15T16:26:57.870+0000] {taskinstance.py:441} INFO - ::group::Post task execution logs
[2024-04-15T16:26:57.872+0000] {taskinstance.py:2890} ERROR - Task failed with exception
Traceback (most recent call last):
  File "/home/airflow/.local/lib/python3.12/site-packages/airflow/models/taskinstance.py", line 465, in _execute_task
    result = _execute_callable(context=context, **execute_callable_kwargs)
             ^^^^^^^^^^^^^^^^^^^^^^^^^^^^^^^^^^^^^^^^^^^^^^^^^^^^^^^^^^^^^
  File "/home/airflow/.local/lib/python3.12/site-packages/airflow/models/taskinstance.py", line 432, in _execute_callable
    return execute_callable(context=context, **execute_callable_kwargs)
           ^^^^^^^^^^^^^^^^^^^^^^^^^^^^^^^^^^^^^^^^^^^^^^^^^^^^^^^^^^^^
  File "/home/airflow/.local/lib/python3.12/site-packages/airflow/models/baseoperator.py", line 400, in wrapper
    return func(self, *args, **kwargs)
           ^^^^^^^^^^^^^^^^^^^^^^^^^^^
  File "/home/airflow/.local/lib/python3.12/site-packages/airflow/operators/python.py", line 235, in execute
    return_value = self.execute_callable()
                   ^^^^^^^^^^^^^^^^^^^^^^^
  File "/home/airflow/.local/lib/python3.12/site-packages/airflow/operators/python.py", line 252, in execute_callable
    return self.python_callable(*self.op_args, **self.op_kwargs)
           ^^^^^^^^^^^^^^^^^^^^^^^^^^^^^^^^^^^^^^^^^^^^^^^^^^^^^
  File "/opt/airflow/dags/prioritas2_dag.py", line 27, in write_to_txt
    with open(file_path, 'w') as txt_file:
         ^^^^^^^^^^^^^^^^^^^^
FileNotFoundError: [Errno 2] No such file or directory: 'dags/data/output/products.txt'
[2024-04-15T16:26:57.907+0000] {taskinstance.py:1205} INFO - Marking task as UP_FOR_RETRY. dag_id=prioritas_2, task_id=write_to_txt, execution_date=20240414T000000, start_date=20240415T162657, end_date=20240415T162657
[2024-04-15T16:26:57.963+0000] {standard_task_runner.py:110} ERROR - Failed to execute job 523 for task write_to_txt ([Errno 2] No such file or directory: 'dags/data/output/products.txt'; 835)
[2024-04-15T16:26:58.000+0000] {local_task_job_runner.py:240} INFO - Task exited with return code 1
[2024-04-15T16:26:58.047+0000] {taskinstance.py:3482} INFO - 0 downstream tasks scheduled from follow-on schedule check
[2024-04-15T16:26:58.062+0000] {local_task_job_runner.py:222} INFO - ::endgroup::
