[2024-04-13T16:01:25.483+0000] {local_task_job_runner.py:120} INFO - ::group::Pre task execution logs
[2024-04-13T16:01:25.509+0000] {taskinstance.py:2073} INFO - Dependencies all met for dep_context=non-requeueable deps ti=<TaskInstance: prioritas2.write_to_txt scheduled__2024-04-12T00:00:00+00:00 [queued]>
[2024-04-13T16:01:25.517+0000] {taskinstance.py:2073} INFO - Dependencies all met for dep_context=requeueable deps ti=<TaskInstance: prioritas2.write_to_txt scheduled__2024-04-12T00:00:00+00:00 [queued]>
[2024-04-13T16:01:25.518+0000] {taskinstance.py:2303} INFO - Starting attempt 6 of 6
[2024-04-13T16:01:25.538+0000] {taskinstance.py:2327} INFO - Executing <Task(PythonOperator): write_to_txt> on 2024-04-12 00:00:00+00:00
[2024-04-13T16:01:25.548+0000] {warnings.py:110} WARNING - /home/***/.local/lib/python3.12/site-packages/***/task/task_runner/standard_task_runner.py:61: DeprecationWarning: This process (pid=313) is multi-threaded, use of fork() may lead to deadlocks in the child.
  pid = os.fork()

[2024-04-13T16:01:25.550+0000] {standard_task_runner.py:63} INFO - Started process 316 to run task
[2024-04-13T16:01:25.551+0000] {standard_task_runner.py:90} INFO - Running: ['***', 'tasks', 'run', 'prioritas2', 'write_to_txt', 'scheduled__2024-04-12T00:00:00+00:00', '--job-id', '224', '--raw', '--subdir', 'DAGS_FOLDER/prioritas2_dag.py', '--cfg-path', '/tmp/tmpzpi0451a']
[2024-04-13T16:01:25.552+0000] {standard_task_runner.py:91} INFO - Job 224: Subtask write_to_txt
[2024-04-13T16:01:25.610+0000] {task_command.py:426} INFO - Running <TaskInstance: prioritas2.write_to_txt scheduled__2024-04-12T00:00:00+00:00 [running]> on host a8c8062a752a
[2024-04-13T16:01:25.750+0000] {taskinstance.py:2644} INFO - Exporting env vars: AIRFLOW_CTX_DAG_OWNER='abdan' AIRFLOW_CTX_DAG_ID='prioritas2' AIRFLOW_CTX_TASK_ID='write_to_txt' AIRFLOW_CTX_EXECUTION_DATE='2024-04-12T00:00:00+00:00' AIRFLOW_CTX_TRY_NUMBER='6' AIRFLOW_CTX_DAG_RUN_ID='scheduled__2024-04-12T00:00:00+00:00'
[2024-04-13T16:01:25.752+0000] {taskinstance.py:430} INFO - ::endgroup::
[2024-04-13T16:01:25.753+0000] {taskinstance.py:441} INFO - ::group::Post task execution logs
[2024-04-13T16:01:25.754+0000] {taskinstance.py:2890} ERROR - Task failed with exception
Traceback (most recent call last):
  File "/home/airflow/.local/lib/python3.12/site-packages/airflow/models/taskinstance.py", line 465, in _execute_task
    result = _execute_callable(context=context, **execute_callable_kwargs)
             ^^^^^^^^^^^^^^^^^^^^^^^^^^^^^^^^^^^^^^^^^^^^^^^^^^^^^^^^^^^^^
  File "/home/airflow/.local/lib/python3.12/site-packages/airflow/models/taskinstance.py", line 432, in _execute_callable
    return execute_callable(context=context, **execute_callable_kwargs)
           ^^^^^^^^^^^^^^^^^^^^^^^^^^^^^^^^^^^^^^^^^^^^^^^^^^^^^^^^^^^^
  File "/home/airflow/.local/lib/python3.12/site-packages/airflow/models/baseoperator.py", line 400, in wrapper
    return func(self, *args, **kwargs)
           ^^^^^^^^^^^^^^^^^^^^^^^^^^^
  File "/home/airflow/.local/lib/python3.12/site-packages/airflow/operators/python.py", line 235, in execute
    return_value = self.execute_callable()
                   ^^^^^^^^^^^^^^^^^^^^^^^
  File "/home/airflow/.local/lib/python3.12/site-packages/airflow/operators/python.py", line 252, in execute_callable
    return self.python_callable(*self.op_args, **self.op_kwargs)
           ^^^^^^^^^^^^^^^^^^^^^^^^^^^^^^^^^^^^^^^^^^^^^^^^^^^^^
TypeError: write_to_txt() missing 1 required positional argument: 'data'
[2024-04-13T16:01:25.763+0000] {taskinstance.py:1205} INFO - Marking task as FAILED. dag_id=prioritas2, task_id=write_to_txt, execution_date=20240412T000000, start_date=20240413T160125, end_date=20240413T160125
[2024-04-13T16:01:25.809+0000] {standard_task_runner.py:110} ERROR - Failed to execute job 224 for task write_to_txt (write_to_txt() missing 1 required positional argument: 'data'; 316)
[2024-04-13T16:01:25.844+0000] {local_task_job_runner.py:240} INFO - Task exited with return code 1
[2024-04-13T16:01:25.864+0000] {taskinstance.py:3482} INFO - 0 downstream tasks scheduled from follow-on schedule check
[2024-04-13T16:01:25.872+0000] {local_task_job_runner.py:222} INFO - ::endgroup::
