[2024-04-09T17:20:55.886+0000] {local_task_job_runner.py:120} INFO - ::group::Pre task execution logs
[2024-04-09T17:20:55.965+0000] {taskinstance.py:2073} INFO - Dependencies all met for dep_context=non-requeueable deps ti=<TaskInstance: prioritas1_no1.mkdir_about_us scheduled__2024-04-08T00:00:00+00:00 [queued]>
[2024-04-09T17:20:55.988+0000] {taskinstance.py:2073} INFO - Dependencies all met for dep_context=requeueable deps ti=<TaskInstance: prioritas1_no1.mkdir_about_us scheduled__2024-04-08T00:00:00+00:00 [queued]>
[2024-04-09T17:20:55.989+0000] {taskinstance.py:2303} INFO - Starting attempt 1 of 6
[2024-04-09T17:20:56.068+0000] {taskinstance.py:2327} INFO - Executing <Task(BashOperator): mkdir_about_us> on 2024-04-08 00:00:00+00:00
[2024-04-09T17:20:56.099+0000] {warnings.py:110} WARNING - /home/***/.local/lib/python3.12/site-packages/***/task/task_runner/standard_task_runner.py:61: DeprecationWarning: This process (pid=131) is multi-threaded, use of fork() may lead to deadlocks in the child.
  pid = os.fork()

[2024-04-09T17:20:56.102+0000] {standard_task_runner.py:63} INFO - Started process 134 to run task
[2024-04-09T17:20:56.103+0000] {standard_task_runner.py:90} INFO - Running: ['***', 'tasks', 'run', 'prioritas1_no1', 'mkdir_about_us', 'scheduled__2024-04-08T00:00:00+00:00', '--job-id', '7', '--raw', '--subdir', 'DAGS_FOLDER/prioritas1_dag.py', '--cfg-path', '/tmp/tmpdn7x233k']
[2024-04-09T17:20:56.111+0000] {standard_task_runner.py:91} INFO - Job 7: Subtask mkdir_about_us
[2024-04-09T17:20:56.227+0000] {task_command.py:426} INFO - Running <TaskInstance: prioritas1_no1.mkdir_about_us scheduled__2024-04-08T00:00:00+00:00 [running]> on host 805e8d5936d1
[2024-04-09T17:20:56.381+0000] {taskinstance.py:2644} INFO - Exporting env vars: AIRFLOW_CTX_DAG_OWNER='abdan' AIRFLOW_CTX_DAG_ID='prioritas1_no1' AIRFLOW_CTX_TASK_ID='mkdir_about_us' AIRFLOW_CTX_EXECUTION_DATE='2024-04-08T00:00:00+00:00' AIRFLOW_CTX_TRY_NUMBER='1' AIRFLOW_CTX_DAG_RUN_ID='scheduled__2024-04-08T00:00:00+00:00'
[2024-04-09T17:20:56.398+0000] {taskinstance.py:430} INFO - ::endgroup::
[2024-04-09T17:20:56.400+0000] {subprocess.py:63} INFO - Tmp dir root location: /tmp
[2024-04-09T17:20:56.409+0000] {subprocess.py:75} INFO - Running command: ['/usr/bin/bash', '-c', 'mkdir -p about_us']
[2024-04-09T17:20:56.447+0000] {subprocess.py:86} INFO - Output:
[2024-04-09T17:20:56.498+0000] {subprocess.py:97} INFO - Command exited with return code 0
[2024-04-09T17:20:56.500+0000] {taskinstance.py:441} INFO - ::group::Post task execution logs
[2024-04-09T17:20:56.588+0000] {taskinstance.py:1205} INFO - Marking task as SUCCESS. dag_id=prioritas1_no1, task_id=mkdir_about_us, execution_date=20240408T000000, start_date=20240409T172055, end_date=20240409T172056
[2024-04-09T17:20:56.734+0000] {local_task_job_runner.py:240} INFO - Task exited with return code 0
[2024-04-09T17:20:56.905+0000] {taskinstance.py:3482} INFO - 1 downstream tasks scheduled from follow-on schedule check
[2024-04-09T17:20:56.919+0000] {local_task_job_runner.py:222} INFO - ::endgroup::
