[2024-04-12T12:00:40.295+0000] {local_task_job_runner.py:120} INFO - ::group::Pre task execution logs
[2024-04-12T12:00:40.333+0000] {taskinstance.py:2073} INFO - Dependencies all met for dep_context=non-requeueable deps ti=<TaskInstance: prioritas2.write_to_txt manual__2024-04-12T11:46:48.235270+00:00 [queued]>
[2024-04-12T12:00:40.343+0000] {taskinstance.py:2073} INFO - Dependencies all met for dep_context=requeueable deps ti=<TaskInstance: prioritas2.write_to_txt manual__2024-04-12T11:46:48.235270+00:00 [queued]>
[2024-04-12T12:00:40.344+0000] {taskinstance.py:2303} INFO - Starting attempt 8 of 10
[2024-04-12T12:00:40.365+0000] {taskinstance.py:2327} INFO - Executing <Task(PythonOperator): write_to_txt> on 2024-04-12 11:46:48.235270+00:00
[2024-04-12T12:00:40.376+0000] {warnings.py:110} WARNING - /home/***/.local/lib/python3.12/site-packages/***/task/task_runner/standard_task_runner.py:61: DeprecationWarning: This process (pid=607) is multi-threaded, use of fork() may lead to deadlocks in the child.
  pid = os.fork()

[2024-04-12T12:00:40.376+0000] {standard_task_runner.py:90} INFO - Running: ['***', 'tasks', 'run', 'prioritas2', 'write_to_txt', 'manual__2024-04-12T11:46:48.235270+00:00', '--job-id', '158', '--raw', '--subdir', 'DAGS_FOLDER/prioritas2_dag.py', '--cfg-path', '/tmp/tmpzd3_mh7j']
[2024-04-12T12:00:40.378+0000] {standard_task_runner.py:63} INFO - Started process 609 to run task
[2024-04-12T12:00:40.379+0000] {standard_task_runner.py:91} INFO - Job 158: Subtask write_to_txt
[2024-04-12T12:00:40.455+0000] {task_command.py:426} INFO - Running <TaskInstance: prioritas2.write_to_txt manual__2024-04-12T11:46:48.235270+00:00 [running]> on host 805e8d5936d1
[2024-04-12T12:00:40.591+0000] {taskinstance.py:2644} INFO - Exporting env vars: AIRFLOW_CTX_DAG_OWNER='abdan' AIRFLOW_CTX_DAG_ID='prioritas2' AIRFLOW_CTX_TASK_ID='write_to_txt' AIRFLOW_CTX_EXECUTION_DATE='2024-04-12T11:46:48.235270+00:00' AIRFLOW_CTX_TRY_NUMBER='8' AIRFLOW_CTX_DAG_RUN_ID='manual__2024-04-12T11:46:48.235270+00:00'
[2024-04-12T12:00:40.593+0000] {taskinstance.py:430} INFO - ::endgroup::
[2024-04-12T12:00:40.594+0000] {taskinstance.py:441} INFO - ::group::Post task execution logs
[2024-04-12T12:00:40.595+0000] {taskinstance.py:2890} ERROR - Task failed with exception
Traceback (most recent call last):
  File "/home/airflow/.local/lib/python3.12/site-packages/airflow/models/taskinstance.py", line 465, in _execute_task
    result = _execute_callable(context=context, **execute_callable_kwargs)
             ^^^^^^^^^^^^^^^^^^^^^^^^^^^^^^^^^^^^^^^^^^^^^^^^^^^^^^^^^^^^^
  File "/home/airflow/.local/lib/python3.12/site-packages/airflow/models/taskinstance.py", line 432, in _execute_callable
    return execute_callable(context=context, **execute_callable_kwargs)
           ^^^^^^^^^^^^^^^^^^^^^^^^^^^^^^^^^^^^^^^^^^^^^^^^^^^^^^^^^^^^
  File "/home/airflow/.local/lib/python3.12/site-packages/airflow/models/baseoperator.py", line 400, in wrapper
    return func(self, *args, **kwargs)
           ^^^^^^^^^^^^^^^^^^^^^^^^^^^
  File "/home/airflow/.local/lib/python3.12/site-packages/airflow/operators/python.py", line 235, in execute
    return_value = self.execute_callable()
                   ^^^^^^^^^^^^^^^^^^^^^^^
  File "/home/airflow/.local/lib/python3.12/site-packages/airflow/operators/python.py", line 252, in execute_callable
    return self.python_callable(*self.op_args, **self.op_kwargs)
           ^^^^^^^^^^^^^^^^^^^^^^^^^^^^^^^^^^^^^^^^^^^^^^^^^^^^^
TypeError: write_to_txt() missing 1 required positional argument: 'data'
[2024-04-12T12:00:40.609+0000] {taskinstance.py:1205} INFO - Marking task as UP_FOR_RETRY. dag_id=prioritas2, task_id=write_to_txt, execution_date=20240412T114648, start_date=20240412T120040, end_date=20240412T120040
[2024-04-12T12:00:40.632+0000] {standard_task_runner.py:110} ERROR - Failed to execute job 158 for task write_to_txt (write_to_txt() missing 1 required positional argument: 'data'; 609)
[2024-04-12T12:00:40.674+0000] {local_task_job_runner.py:240} INFO - Task exited with return code 1
[2024-04-12T12:00:40.700+0000] {taskinstance.py:3482} INFO - 0 downstream tasks scheduled from follow-on schedule check
[2024-04-12T12:00:40.707+0000] {local_task_job_runner.py:222} INFO - ::endgroup::
