[2024-04-15T09:59:09.496+0000] {local_task_job_runner.py:120} INFO - ::group::Pre task execution logs
[2024-04-15T09:59:09.849+0000] {taskinstance.py:2073} INFO - Dependencies all met for dep_context=non-requeueable deps ti=<TaskInstance: prioritas2.write_to_txt scheduled__2024-04-14T00:00:00+00:00 [queued]>
[2024-04-15T09:59:09.906+0000] {taskinstance.py:2073} INFO - Dependencies all met for dep_context=requeueable deps ti=<TaskInstance: prioritas2.write_to_txt scheduled__2024-04-14T00:00:00+00:00 [queued]>
[2024-04-15T09:59:09.917+0000] {taskinstance.py:2303} INFO - Starting attempt 1 of 6
[2024-04-15T09:59:09.992+0000] {taskinstance.py:2327} INFO - Executing <Task(PythonOperator): write_to_txt> on 2024-04-14 00:00:00+00:00
[2024-04-15T09:59:10.036+0000] {standard_task_runner.py:90} INFO - Running: ['***', 'tasks', 'run', 'prioritas2', 'write_to_txt', 'scheduled__2024-04-14T00:00:00+00:00', '--job-id', '276', '--raw', '--subdir', 'DAGS_FOLDER/prioritas2_dag.py', '--cfg-path', '/tmp/tmpc2btn4hn']
[2024-04-15T09:59:10.038+0000] {standard_task_runner.py:91} INFO - Job 276: Subtask write_to_txt
[2024-04-15T09:59:10.047+0000] {warnings.py:110} WARNING - /home/***/.local/lib/python3.12/site-packages/***/task/task_runner/standard_task_runner.py:61: DeprecationWarning: This process (pid=88) is multi-threaded, use of fork() may lead to deadlocks in the child.
  pid = os.fork()

[2024-04-15T09:59:10.051+0000] {standard_task_runner.py:63} INFO - Started process 105 to run task
[2024-04-15T09:59:10.316+0000] {task_command.py:426} INFO - Running <TaskInstance: prioritas2.write_to_txt scheduled__2024-04-14T00:00:00+00:00 [running]> on host 2354a2c4893f
[2024-04-15T09:59:10.789+0000] {taskinstance.py:2644} INFO - Exporting env vars: AIRFLOW_CTX_DAG_OWNER='abdan' AIRFLOW_CTX_DAG_ID='prioritas2' AIRFLOW_CTX_TASK_ID='write_to_txt' AIRFLOW_CTX_EXECUTION_DATE='2024-04-14T00:00:00+00:00' AIRFLOW_CTX_TRY_NUMBER='1' AIRFLOW_CTX_DAG_RUN_ID='scheduled__2024-04-14T00:00:00+00:00'
[2024-04-15T09:59:10.825+0000] {taskinstance.py:430} INFO - ::endgroup::
[2024-04-15T09:59:10.826+0000] {taskinstance.py:441} INFO - ::group::Post task execution logs
[2024-04-15T09:59:10.828+0000] {taskinstance.py:2890} ERROR - Task failed with exception
Traceback (most recent call last):
  File "/home/airflow/.local/lib/python3.12/site-packages/airflow/models/taskinstance.py", line 465, in _execute_task
    result = _execute_callable(context=context, **execute_callable_kwargs)
             ^^^^^^^^^^^^^^^^^^^^^^^^^^^^^^^^^^^^^^^^^^^^^^^^^^^^^^^^^^^^^
  File "/home/airflow/.local/lib/python3.12/site-packages/airflow/models/taskinstance.py", line 432, in _execute_callable
    return execute_callable(context=context, **execute_callable_kwargs)
           ^^^^^^^^^^^^^^^^^^^^^^^^^^^^^^^^^^^^^^^^^^^^^^^^^^^^^^^^^^^^
  File "/home/airflow/.local/lib/python3.12/site-packages/airflow/models/baseoperator.py", line 400, in wrapper
    return func(self, *args, **kwargs)
           ^^^^^^^^^^^^^^^^^^^^^^^^^^^
  File "/home/airflow/.local/lib/python3.12/site-packages/airflow/operators/python.py", line 235, in execute
    return_value = self.execute_callable()
                   ^^^^^^^^^^^^^^^^^^^^^^^
  File "/home/airflow/.local/lib/python3.12/site-packages/airflow/operators/python.py", line 252, in execute_callable
    return self.python_callable(*self.op_args, **self.op_kwargs)
           ^^^^^^^^^^^^^^^^^^^^^^^^^^^^^^^^^^^^^^^^^^^^^^^^^^^^^
TypeError: write_to_txt() missing 1 required positional argument: 'data'
[2024-04-15T09:59:10.854+0000] {taskinstance.py:1205} INFO - Marking task as UP_FOR_RETRY. dag_id=prioritas2, task_id=write_to_txt, execution_date=20240414T000000, start_date=20240415T095909, end_date=20240415T095910
[2024-04-15T09:59:10.903+0000] {standard_task_runner.py:110} ERROR - Failed to execute job 276 for task write_to_txt (write_to_txt() missing 1 required positional argument: 'data'; 105)
[2024-04-15T09:59:10.942+0000] {local_task_job_runner.py:240} INFO - Task exited with return code 1
[2024-04-15T09:59:11.060+0000] {taskinstance.py:3482} INFO - 0 downstream tasks scheduled from follow-on schedule check
[2024-04-15T09:59:11.070+0000] {local_task_job_runner.py:222} INFO - ::endgroup::
