[2024-04-14T13:36:11.020+0000] {local_task_job_runner.py:120} INFO - ::group::Pre task execution logs
[2024-04-14T13:36:11.100+0000] {taskinstance.py:2073} INFO - Dependencies all met for dep_context=non-requeueable deps ti=<TaskInstance: eksplorasi_data_ingestion.extract_task manual__2024-04-14T13:36:05.618285+00:00 [queued]>
[2024-04-14T13:36:11.114+0000] {taskinstance.py:2073} INFO - Dependencies all met for dep_context=requeueable deps ti=<TaskInstance: eksplorasi_data_ingestion.extract_task manual__2024-04-14T13:36:05.618285+00:00 [queued]>
[2024-04-14T13:36:11.115+0000] {taskinstance.py:2303} INFO - Starting attempt 1 of 1
[2024-04-14T13:36:11.140+0000] {taskinstance.py:2327} INFO - Executing <Task(PythonOperator): extract_task> on 2024-04-14 13:36:05.618285+00:00
[2024-04-14T13:36:11.163+0000] {standard_task_runner.py:90} INFO - Running: ['***', 'tasks', 'run', 'eksplorasi_data_ingestion', 'extract_task', 'manual__2024-04-14T13:36:05.618285+00:00', '--job-id', '8', '--raw', '--subdir', 'DAGS_FOLDER/eksplorasi_dag.py', '--cfg-path', '/tmp/tmpde_twd8v']
[2024-04-14T13:36:11.166+0000] {standard_task_runner.py:91} INFO - Job 8: Subtask extract_task
[2024-04-14T13:36:11.167+0000] {warnings.py:110} WARNING - /home/***/.local/lib/python3.12/site-packages/***/task/task_runner/standard_task_runner.py:61: DeprecationWarning: This process (pid=710) is multi-threaded, use of fork() may lead to deadlocks in the child.
  pid = os.fork()

[2024-04-14T13:36:11.168+0000] {standard_task_runner.py:63} INFO - Started process 712 to run task
[2024-04-14T13:36:11.234+0000] {task_command.py:426} INFO - Running <TaskInstance: eksplorasi_data_ingestion.extract_task manual__2024-04-14T13:36:05.618285+00:00 [running]> on host 327943d91b42
[2024-04-14T13:36:11.374+0000] {taskinstance.py:2644} INFO - Exporting env vars: AIRFLOW_CTX_DAG_OWNER='abdan' AIRFLOW_CTX_DAG_ID='eksplorasi_data_ingestion' AIRFLOW_CTX_TASK_ID='extract_task' AIRFLOW_CTX_EXECUTION_DATE='2024-04-14T13:36:05.618285+00:00' AIRFLOW_CTX_TRY_NUMBER='1' AIRFLOW_CTX_DAG_RUN_ID='manual__2024-04-14T13:36:05.618285+00:00'
[2024-04-14T13:36:11.378+0000] {taskinstance.py:430} INFO - ::endgroup::
[2024-04-14T13:36:11.944+0000] {logging_mixin.py:188} INFO - Kunci 'books' tidak ditemukan atau 'books' bukan sebuah list.
[2024-04-14T13:36:12.034+0000] {logging_mixin.py:188} INFO - Extracted books (head):
[2024-04-14T13:36:12.047+0000] {logging_mixin.py:188} INFO - Empty DataFrame
Columns: []
Index: []
[2024-04-14T13:36:12.048+0000] {logging_mixin.py:188} INFO - Extracted books (tail):
[2024-04-14T13:36:12.050+0000] {logging_mixin.py:188} INFO - Empty DataFrame
Columns: []
Index: []
[2024-04-14T13:36:12.051+0000] {python.py:237} INFO - Done. Returned value was: None
[2024-04-14T13:36:12.051+0000] {taskinstance.py:441} INFO - ::group::Post task execution logs
[2024-04-14T13:36:12.101+0000] {taskinstance.py:1205} INFO - Marking task as SUCCESS. dag_id=eksplorasi_data_ingestion, task_id=extract_task, execution_date=20240414T133605, start_date=20240414T133611, end_date=20240414T133612
[2024-04-14T13:36:12.242+0000] {local_task_job_runner.py:240} INFO - Task exited with return code 0
[2024-04-14T13:36:12.293+0000] {taskinstance.py:3482} INFO - 0 downstream tasks scheduled from follow-on schedule check
[2024-04-14T13:36:12.318+0000] {local_task_job_runner.py:222} INFO - ::endgroup::
