[2024-04-14T11:54:28.083+0000] {local_task_job_runner.py:120} INFO - ::group::Pre task execution logs
[2024-04-14T11:54:28.364+0000] {taskinstance.py:2073} INFO - Dependencies all met for dep_context=non-requeueable deps ti=<TaskInstance: prioritas2.write_to_csv scheduled__2024-04-13T00:00:00+00:00 [queued]>
[2024-04-14T11:54:28.438+0000] {taskinstance.py:2073} INFO - Dependencies all met for dep_context=requeueable deps ti=<TaskInstance: prioritas2.write_to_csv scheduled__2024-04-13T00:00:00+00:00 [queued]>
[2024-04-14T11:54:28.441+0000] {taskinstance.py:2303} INFO - Starting attempt 1 of 6
[2024-04-14T11:54:28.585+0000] {taskinstance.py:2327} INFO - Executing <Task(PythonOperator): write_to_csv> on 2024-04-13 00:00:00+00:00
[2024-04-14T11:54:28.665+0000] {warnings.py:110} WARNING - /home/***/.local/lib/python3.12/site-packages/***/task/task_runner/standard_task_runner.py:61: DeprecationWarning: This process (pid=97) is multi-threaded, use of fork() may lead to deadlocks in the child.
  pid = os.fork()

[2024-04-14T11:54:28.674+0000] {standard_task_runner.py:63} INFO - Started process 109 to run task
[2024-04-14T11:54:28.761+0000] {standard_task_runner.py:90} INFO - Running: ['***', 'tasks', 'run', 'prioritas2', 'write_to_csv', 'scheduled__2024-04-13T00:00:00+00:00', '--job-id', '260', '--raw', '--subdir', 'DAGS_FOLDER/prioritas2_dag.py', '--cfg-path', '/tmp/tmphrgn9urb']
[2024-04-14T11:54:28.798+0000] {standard_task_runner.py:91} INFO - Job 260: Subtask write_to_csv
[2024-04-14T11:54:29.332+0000] {task_command.py:426} INFO - Running <TaskInstance: prioritas2.write_to_csv scheduled__2024-04-13T00:00:00+00:00 [running]> on host 2354a2c4893f
[2024-04-14T11:54:29.774+0000] {taskinstance.py:2644} INFO - Exporting env vars: AIRFLOW_CTX_DAG_OWNER='abdan' AIRFLOW_CTX_DAG_ID='prioritas2' AIRFLOW_CTX_TASK_ID='write_to_csv' AIRFLOW_CTX_EXECUTION_DATE='2024-04-13T00:00:00+00:00' AIRFLOW_CTX_TRY_NUMBER='1' AIRFLOW_CTX_DAG_RUN_ID='scheduled__2024-04-13T00:00:00+00:00'
[2024-04-14T11:54:29.790+0000] {taskinstance.py:430} INFO - ::endgroup::
[2024-04-14T11:54:29.803+0000] {taskinstance.py:441} INFO - ::group::Post task execution logs
[2024-04-14T11:54:29.825+0000] {taskinstance.py:2890} ERROR - Task failed with exception
Traceback (most recent call last):
  File "/home/airflow/.local/lib/python3.12/site-packages/airflow/models/taskinstance.py", line 465, in _execute_task
    result = _execute_callable(context=context, **execute_callable_kwargs)
             ^^^^^^^^^^^^^^^^^^^^^^^^^^^^^^^^^^^^^^^^^^^^^^^^^^^^^^^^^^^^^
  File "/home/airflow/.local/lib/python3.12/site-packages/airflow/models/taskinstance.py", line 432, in _execute_callable
    return execute_callable(context=context, **execute_callable_kwargs)
           ^^^^^^^^^^^^^^^^^^^^^^^^^^^^^^^^^^^^^^^^^^^^^^^^^^^^^^^^^^^^
  File "/home/airflow/.local/lib/python3.12/site-packages/airflow/models/baseoperator.py", line 400, in wrapper
    return func(self, *args, **kwargs)
           ^^^^^^^^^^^^^^^^^^^^^^^^^^^
  File "/home/airflow/.local/lib/python3.12/site-packages/airflow/operators/python.py", line 235, in execute
    return_value = self.execute_callable()
                   ^^^^^^^^^^^^^^^^^^^^^^^
  File "/home/airflow/.local/lib/python3.12/site-packages/airflow/operators/python.py", line 252, in execute_callable
    return self.python_callable(*self.op_args, **self.op_kwargs)
           ^^^^^^^^^^^^^^^^^^^^^^^^^^^^^^^^^^^^^^^^^^^^^^^^^^^^^
TypeError: write_to_csv() missing 1 required positional argument: 'data'
[2024-04-14T11:54:29.920+0000] {taskinstance.py:1205} INFO - Marking task as UP_FOR_RETRY. dag_id=prioritas2, task_id=write_to_csv, execution_date=20240413T000000, start_date=20240414T115428, end_date=20240414T115429
[2024-04-14T11:54:30.076+0000] {standard_task_runner.py:110} ERROR - Failed to execute job 260 for task write_to_csv (write_to_csv() missing 1 required positional argument: 'data'; 109)
[2024-04-14T11:54:30.192+0000] {local_task_job_runner.py:240} INFO - Task exited with return code 1
[2024-04-14T11:54:30.549+0000] {taskinstance.py:3482} INFO - 0 downstream tasks scheduled from follow-on schedule check
[2024-04-14T11:54:30.565+0000] {local_task_job_runner.py:222} INFO - ::endgroup::
