[2024-04-09T17:25:23.109+0000] {local_task_job_runner.py:120} INFO - ::group::Pre task execution logs
[2024-04-09T17:25:23.189+0000] {taskinstance.py:2073} INFO - Dependencies all met for dep_context=non-requeueable deps ti=<TaskInstance: prioritas1_no1.touch_about_us manual__2024-04-09T17:20:18.356068+00:00 [queued]>
[2024-04-09T17:25:23.229+0000] {taskinstance.py:2073} INFO - Dependencies all met for dep_context=requeueable deps ti=<TaskInstance: prioritas1_no1.touch_about_us manual__2024-04-09T17:20:18.356068+00:00 [queued]>
[2024-04-09T17:25:23.230+0000] {taskinstance.py:2303} INFO - Starting attempt 3 of 6
[2024-04-09T17:25:23.262+0000] {taskinstance.py:2327} INFO - Executing <Task(BashOperator): touch_about_us> on 2024-04-09 17:20:18.356068+00:00
[2024-04-09T17:25:23.271+0000] {warnings.py:110} WARNING - /home/***/.local/lib/python3.12/site-packages/***/task/task_runner/standard_task_runner.py:61: DeprecationWarning: This process (pid=240) is multi-threaded, use of fork() may lead to deadlocks in the child.
  pid = os.fork()

[2024-04-09T17:25:23.280+0000] {standard_task_runner.py:63} INFO - Started process 246 to run task
[2024-04-09T17:25:23.319+0000] {standard_task_runner.py:90} INFO - Running: ['***', 'tasks', 'run', 'prioritas1_no1', 'touch_about_us', 'manual__2024-04-09T17:20:18.356068+00:00', '--job-id', '21', '--raw', '--subdir', 'DAGS_FOLDER/prioritas1_dag.py', '--cfg-path', '/tmp/tmppfte7zqa']
[2024-04-09T17:25:23.346+0000] {standard_task_runner.py:91} INFO - Job 21: Subtask touch_about_us
[2024-04-09T17:25:23.632+0000] {task_command.py:426} INFO - Running <TaskInstance: prioritas1_no1.touch_about_us manual__2024-04-09T17:20:18.356068+00:00 [running]> on host 805e8d5936d1
[2024-04-09T17:25:23.949+0000] {taskinstance.py:2644} INFO - Exporting env vars: AIRFLOW_CTX_DAG_OWNER='abdan' AIRFLOW_CTX_DAG_ID='prioritas1_no1' AIRFLOW_CTX_TASK_ID='touch_about_us' AIRFLOW_CTX_EXECUTION_DATE='2024-04-09T17:20:18.356068+00:00' AIRFLOW_CTX_TRY_NUMBER='3' AIRFLOW_CTX_DAG_RUN_ID='manual__2024-04-09T17:20:18.356068+00:00'
[2024-04-09T17:25:23.991+0000] {taskinstance.py:430} INFO - ::endgroup::
[2024-04-09T17:25:24.039+0000] {subprocess.py:63} INFO - Tmp dir root location: /tmp
[2024-04-09T17:25:24.042+0000] {subprocess.py:75} INFO - Running command: ['/usr/bin/bash', '-c', 'touch about_us/about.txt']
[2024-04-09T17:25:24.114+0000] {subprocess.py:86} INFO - Output:
[2024-04-09T17:25:24.201+0000] {subprocess.py:93} INFO - touch: cannot touch 'about_us/about.txt': No such file or directory
[2024-04-09T17:25:24.202+0000] {subprocess.py:97} INFO - Command exited with return code 1
[2024-04-09T17:25:24.207+0000] {taskinstance.py:441} INFO - ::group::Post task execution logs
[2024-04-09T17:25:24.245+0000] {taskinstance.py:2890} ERROR - Task failed with exception
Traceback (most recent call last):
  File "/home/airflow/.local/lib/python3.12/site-packages/airflow/models/taskinstance.py", line 465, in _execute_task
    result = _execute_callable(context=context, **execute_callable_kwargs)
             ^^^^^^^^^^^^^^^^^^^^^^^^^^^^^^^^^^^^^^^^^^^^^^^^^^^^^^^^^^^^^
  File "/home/airflow/.local/lib/python3.12/site-packages/airflow/models/taskinstance.py", line 432, in _execute_callable
    return execute_callable(context=context, **execute_callable_kwargs)
           ^^^^^^^^^^^^^^^^^^^^^^^^^^^^^^^^^^^^^^^^^^^^^^^^^^^^^^^^^^^^
  File "/home/airflow/.local/lib/python3.12/site-packages/airflow/models/baseoperator.py", line 400, in wrapper
    return func(self, *args, **kwargs)
           ^^^^^^^^^^^^^^^^^^^^^^^^^^^
  File "/home/airflow/.local/lib/python3.12/site-packages/airflow/operators/bash.py", line 243, in execute
    raise AirflowException(
airflow.exceptions.AirflowException: Bash command failed. The command returned a non-zero exit code 1.
[2024-04-09T17:25:24.262+0000] {taskinstance.py:1205} INFO - Marking task as UP_FOR_RETRY. dag_id=prioritas1_no1, task_id=touch_about_us, execution_date=20240409T172018, start_date=20240409T172523, end_date=20240409T172524
[2024-04-09T17:25:24.284+0000] {standard_task_runner.py:110} ERROR - Failed to execute job 21 for task touch_about_us (Bash command failed. The command returned a non-zero exit code 1.; 246)
[2024-04-09T17:25:24.347+0000] {local_task_job_runner.py:240} INFO - Task exited with return code 1
[2024-04-09T17:25:24.396+0000] {taskinstance.py:3482} INFO - 0 downstream tasks scheduled from follow-on schedule check
[2024-04-09T17:25:24.403+0000] {local_task_job_runner.py:222} INFO - ::endgroup::
