[2024-04-09T17:21:11.306+0000] {local_task_job_runner.py:120} INFO - ::group::Pre task execution logs
[2024-04-09T17:21:11.351+0000] {taskinstance.py:2073} INFO - Dependencies all met for dep_context=non-requeueable deps ti=<TaskInstance: prioritas1_no1.mkdir_our_work manual__2024-04-09T17:20:18.356068+00:00 [queued]>
[2024-04-09T17:21:11.375+0000] {taskinstance.py:2073} INFO - Dependencies all met for dep_context=requeueable deps ti=<TaskInstance: prioritas1_no1.mkdir_our_work manual__2024-04-09T17:20:18.356068+00:00 [queued]>
[2024-04-09T17:21:11.393+0000] {taskinstance.py:2303} INFO - Starting attempt 1 of 6
[2024-04-09T17:21:11.463+0000] {taskinstance.py:2327} INFO - Executing <Task(BashOperator): mkdir_our_work> on 2024-04-09 17:20:18.356068+00:00
[2024-04-09T17:21:11.496+0000] {warnings.py:110} WARNING - /home/***/.local/lib/python3.12/site-packages/***/task/task_runner/standard_task_runner.py:61: DeprecationWarning: This process (pid=141) is multi-threaded, use of fork() may lead to deadlocks in the child.
  pid = os.fork()

[2024-04-09T17:21:11.498+0000] {standard_task_runner.py:63} INFO - Started process 157 to run task
[2024-04-09T17:21:11.507+0000] {standard_task_runner.py:90} INFO - Running: ['***', 'tasks', 'run', 'prioritas1_no1', 'mkdir_our_work', 'manual__2024-04-09T17:20:18.356068+00:00', '--job-id', '11', '--raw', '--subdir', 'DAGS_FOLDER/prioritas1_dag.py', '--cfg-path', '/tmp/tmp6kcm1_zq']
[2024-04-09T17:21:11.514+0000] {standard_task_runner.py:91} INFO - Job 11: Subtask mkdir_our_work
[2024-04-09T17:21:11.835+0000] {task_command.py:426} INFO - Running <TaskInstance: prioritas1_no1.mkdir_our_work manual__2024-04-09T17:20:18.356068+00:00 [running]> on host 805e8d5936d1
[2024-04-09T17:21:12.556+0000] {taskinstance.py:2644} INFO - Exporting env vars: AIRFLOW_CTX_DAG_OWNER='abdan' AIRFLOW_CTX_DAG_ID='prioritas1_no1' AIRFLOW_CTX_TASK_ID='mkdir_our_work' AIRFLOW_CTX_EXECUTION_DATE='2024-04-09T17:20:18.356068+00:00' AIRFLOW_CTX_TRY_NUMBER='1' AIRFLOW_CTX_DAG_RUN_ID='manual__2024-04-09T17:20:18.356068+00:00'
[2024-04-09T17:21:12.562+0000] {taskinstance.py:430} INFO - ::endgroup::
[2024-04-09T17:21:12.564+0000] {subprocess.py:63} INFO - Tmp dir root location: /tmp
[2024-04-09T17:21:12.566+0000] {subprocess.py:75} INFO - Running command: ['/usr/bin/bash', '-c', 'mkdir -p our_works']
[2024-04-09T17:21:12.595+0000] {subprocess.py:86} INFO - Output:
[2024-04-09T17:21:12.602+0000] {subprocess.py:97} INFO - Command exited with return code 0
[2024-04-09T17:21:12.603+0000] {taskinstance.py:441} INFO - ::group::Post task execution logs
[2024-04-09T17:21:12.641+0000] {taskinstance.py:1205} INFO - Marking task as SUCCESS. dag_id=prioritas1_no1, task_id=mkdir_our_work, execution_date=20240409T172018, start_date=20240409T172111, end_date=20240409T172112
[2024-04-09T17:21:12.709+0000] {local_task_job_runner.py:240} INFO - Task exited with return code 0
[2024-04-09T17:21:12.738+0000] {taskinstance.py:3482} INFO - 1 downstream tasks scheduled from follow-on schedule check
[2024-04-09T17:21:12.743+0000] {local_task_job_runner.py:222} INFO - ::endgroup::
