[2024-04-12T00:51:09.510+0000] {local_task_job_runner.py:120} INFO - ::group::Pre task execution logs
[2024-04-12T00:51:09.544+0000] {taskinstance.py:2073} INFO - Dependencies all met for dep_context=non-requeueable deps ti=<TaskInstance: prioritas1_no1.echo_hello_airflow scheduled__2024-04-09T00:00:00+00:00 [queued]>
[2024-04-12T00:51:09.554+0000] {taskinstance.py:2073} INFO - Dependencies all met for dep_context=requeueable deps ti=<TaskInstance: prioritas1_no1.echo_hello_airflow scheduled__2024-04-09T00:00:00+00:00 [queued]>
[2024-04-12T00:51:09.557+0000] {taskinstance.py:2303} INFO - Starting attempt 7 of 11
[2024-04-12T00:51:09.582+0000] {taskinstance.py:2327} INFO - Executing <Task(BashOperator): echo_hello_airflow> on 2024-04-09 00:00:00+00:00
[2024-04-12T00:51:09.593+0000] {warnings.py:110} WARNING - /home/***/.local/lib/python3.12/site-packages/***/task/task_runner/standard_task_runner.py:61: DeprecationWarning: This process (pid=538) is multi-threaded, use of fork() may lead to deadlocks in the child.
  pid = os.fork()

[2024-04-12T00:51:09.594+0000] {standard_task_runner.py:63} INFO - Started process 540 to run task
[2024-04-12T00:51:09.593+0000] {standard_task_runner.py:90} INFO - Running: ['***', 'tasks', 'run', 'prioritas1_no1', 'echo_hello_***', 'scheduled__2024-04-09T00:00:00+00:00', '--job-id', '79', '--raw', '--subdir', 'DAGS_FOLDER/prioritas1_dag.py', '--cfg-path', '/tmp/tmpptwshs28']
[2024-04-12T00:51:09.596+0000] {standard_task_runner.py:91} INFO - Job 79: Subtask echo_hello_***
[2024-04-12T00:51:09.673+0000] {task_command.py:426} INFO - Running <TaskInstance: prioritas1_no1.echo_hello_airflow scheduled__2024-04-09T00:00:00+00:00 [running]> on host 805e8d5936d1
[2024-04-12T00:51:09.772+0000] {taskinstance.py:2644} INFO - Exporting env vars: AIRFLOW_CTX_DAG_OWNER='abdan' AIRFLOW_CTX_DAG_ID='prioritas1_no1' AIRFLOW_CTX_TASK_ID='echo_hello_***' AIRFLOW_CTX_EXECUTION_DATE='2024-04-09T00:00:00+00:00' AIRFLOW_CTX_TRY_NUMBER='7' AIRFLOW_CTX_DAG_RUN_ID='scheduled__2024-04-09T00:00:00+00:00'
[2024-04-12T00:51:09.775+0000] {taskinstance.py:430} INFO - ::endgroup::
[2024-04-12T00:51:09.785+0000] {subprocess.py:63} INFO - Tmp dir root location: /tmp
[2024-04-12T00:51:09.789+0000] {subprocess.py:75} INFO - Running command: ['/usr/bin/bash', '-c', 'echo hello ***']
[2024-04-12T00:51:09.808+0000] {subprocess.py:86} INFO - Output:
[2024-04-12T00:51:09.816+0000] {subprocess.py:93} INFO - hello ***
[2024-04-12T00:51:09.818+0000] {subprocess.py:97} INFO - Command exited with return code 0
[2024-04-12T00:51:09.819+0000] {taskinstance.py:441} INFO - ::group::Post task execution logs
[2024-04-12T00:51:09.863+0000] {taskinstance.py:1205} INFO - Marking task as SUCCESS. dag_id=prioritas1_no1, task_id=echo_hello_***, execution_date=20240409T000000, start_date=20240412T005109, end_date=20240412T005109
[2024-04-12T00:51:09.934+0000] {local_task_job_runner.py:240} INFO - Task exited with return code 0
[2024-04-12T00:51:09.993+0000] {taskinstance.py:3482} INFO - 2 downstream tasks scheduled from follow-on schedule check
[2024-04-12T00:51:10.000+0000] {local_task_job_runner.py:222} INFO - ::endgroup::
