[2024-04-12T00:23:56.788+0000] {local_task_job_runner.py:120} INFO - ::group::Pre task execution logs
[2024-04-12T00:23:56.828+0000] {taskinstance.py:2073} INFO - Dependencies all met for dep_context=non-requeueable deps ti=<TaskInstance: prioritas1_no1.touch_our_works scheduled__2024-04-11T00:00:00+00:00 [queued]>
[2024-04-12T00:23:56.838+0000] {taskinstance.py:2073} INFO - Dependencies all met for dep_context=requeueable deps ti=<TaskInstance: prioritas1_no1.touch_our_works scheduled__2024-04-11T00:00:00+00:00 [queued]>
[2024-04-12T00:23:56.850+0000] {taskinstance.py:2303} INFO - Starting attempt 2 of 6
[2024-04-12T00:23:56.931+0000] {taskinstance.py:2327} INFO - Executing <Task(BashOperator): touch_our_works> on 2024-04-11 00:00:00+00:00
[2024-04-12T00:23:56.939+0000] {warnings.py:110} WARNING - /home/***/.local/lib/python3.12/site-packages/***/task/task_runner/standard_task_runner.py:61: DeprecationWarning: This process (pid=117) is multi-threaded, use of fork() may lead to deadlocks in the child.
  pid = os.fork()

[2024-04-12T00:23:56.945+0000] {standard_task_runner.py:63} INFO - Started process 120 to run task
[2024-04-12T00:23:56.947+0000] {standard_task_runner.py:90} INFO - Running: ['***', 'tasks', 'run', 'prioritas1_no1', 'touch_our_works', 'scheduled__2024-04-11T00:00:00+00:00', '--job-id', '53', '--raw', '--subdir', 'DAGS_FOLDER/prioritas1_dag.py', '--cfg-path', '/tmp/tmp9g3uoj31']
[2024-04-12T00:23:56.952+0000] {standard_task_runner.py:91} INFO - Job 53: Subtask touch_our_works
[2024-04-12T00:23:57.093+0000] {task_command.py:426} INFO - Running <TaskInstance: prioritas1_no1.touch_our_works scheduled__2024-04-11T00:00:00+00:00 [running]> on host 805e8d5936d1
[2024-04-12T00:23:57.314+0000] {taskinstance.py:2644} INFO - Exporting env vars: AIRFLOW_CTX_DAG_OWNER='abdan' AIRFLOW_CTX_DAG_ID='prioritas1_no1' AIRFLOW_CTX_TASK_ID='touch_our_works' AIRFLOW_CTX_EXECUTION_DATE='2024-04-11T00:00:00+00:00' AIRFLOW_CTX_TRY_NUMBER='2' AIRFLOW_CTX_DAG_RUN_ID='scheduled__2024-04-11T00:00:00+00:00'
[2024-04-12T00:23:57.316+0000] {taskinstance.py:430} INFO - ::endgroup::
[2024-04-12T00:23:57.318+0000] {subprocess.py:63} INFO - Tmp dir root location: /tmp
[2024-04-12T00:23:57.320+0000] {subprocess.py:75} INFO - Running command: ['/usr/bin/bash', '-c', 'touch our_works/works.txt']
[2024-04-12T00:23:57.342+0000] {subprocess.py:86} INFO - Output:
[2024-04-12T00:23:57.347+0000] {subprocess.py:93} INFO - touch: cannot touch 'our_works/works.txt': No such file or directory
[2024-04-12T00:23:57.348+0000] {subprocess.py:97} INFO - Command exited with return code 1
[2024-04-12T00:23:57.350+0000] {taskinstance.py:441} INFO - ::group::Post task execution logs
[2024-04-12T00:23:57.364+0000] {taskinstance.py:2890} ERROR - Task failed with exception
Traceback (most recent call last):
  File "/home/airflow/.local/lib/python3.12/site-packages/airflow/models/taskinstance.py", line 465, in _execute_task
    result = _execute_callable(context=context, **execute_callable_kwargs)
             ^^^^^^^^^^^^^^^^^^^^^^^^^^^^^^^^^^^^^^^^^^^^^^^^^^^^^^^^^^^^^
  File "/home/airflow/.local/lib/python3.12/site-packages/airflow/models/taskinstance.py", line 432, in _execute_callable
    return execute_callable(context=context, **execute_callable_kwargs)
           ^^^^^^^^^^^^^^^^^^^^^^^^^^^^^^^^^^^^^^^^^^^^^^^^^^^^^^^^^^^^
  File "/home/airflow/.local/lib/python3.12/site-packages/airflow/models/baseoperator.py", line 400, in wrapper
    return func(self, *args, **kwargs)
           ^^^^^^^^^^^^^^^^^^^^^^^^^^^
  File "/home/airflow/.local/lib/python3.12/site-packages/airflow/operators/bash.py", line 243, in execute
    raise AirflowException(
airflow.exceptions.AirflowException: Bash command failed. The command returned a non-zero exit code 1.
[2024-04-12T00:23:57.371+0000] {taskinstance.py:1205} INFO - Marking task as UP_FOR_RETRY. dag_id=prioritas1_no1, task_id=touch_our_works, execution_date=20240411T000000, start_date=20240412T002356, end_date=20240412T002357
[2024-04-12T00:23:57.394+0000] {standard_task_runner.py:110} ERROR - Failed to execute job 53 for task touch_our_works (Bash command failed. The command returned a non-zero exit code 1.; 120)
[2024-04-12T00:23:57.411+0000] {local_task_job_runner.py:240} INFO - Task exited with return code 1
[2024-04-12T00:23:57.441+0000] {taskinstance.py:3482} INFO - 0 downstream tasks scheduled from follow-on schedule check
[2024-04-12T00:23:57.457+0000] {local_task_job_runner.py:222} INFO - ::endgroup::
