[2024-04-12T00:57:39.778+0000] {local_task_job_runner.py:120} INFO - ::group::Pre task execution logs
[2024-04-12T00:57:39.808+0000] {taskinstance.py:2073} INFO - Dependencies all met for dep_context=non-requeueable deps ti=<TaskInstance: prioritas1_no1.echo_done scheduled__2024-04-09T00:00:00+00:00 [queued]>
[2024-04-12T00:57:39.818+0000] {taskinstance.py:2073} INFO - Dependencies all met for dep_context=requeueable deps ti=<TaskInstance: prioritas1_no1.echo_done scheduled__2024-04-09T00:00:00+00:00 [queued]>
[2024-04-12T00:57:39.820+0000] {taskinstance.py:2303} INFO - Starting attempt 1 of 6
[2024-04-12T00:57:39.842+0000] {taskinstance.py:2327} INFO - Executing <Task(BashOperator): echo_done> on 2024-04-09 00:00:00+00:00
[2024-04-12T00:57:39.851+0000] {warnings.py:110} WARNING - /home/***/.local/lib/python3.12/site-packages/***/task/task_runner/standard_task_runner.py:61: DeprecationWarning: This process (pid=659) is multi-threaded, use of fork() may lead to deadlocks in the child.
  pid = os.fork()

[2024-04-12T00:57:39.854+0000] {standard_task_runner.py:63} INFO - Started process 661 to run task
[2024-04-12T00:57:39.854+0000] {standard_task_runner.py:90} INFO - Running: ['***', 'tasks', 'run', 'prioritas1_no1', 'echo_done', 'scheduled__2024-04-09T00:00:00+00:00', '--job-id', '90', '--raw', '--subdir', 'DAGS_FOLDER/prioritas1_dag.py', '--cfg-path', '/tmp/tmpx7qw6qjp']
[2024-04-12T00:57:39.857+0000] {standard_task_runner.py:91} INFO - Job 90: Subtask echo_done
[2024-04-12T00:57:40.002+0000] {task_command.py:426} INFO - Running <TaskInstance: prioritas1_no1.echo_done scheduled__2024-04-09T00:00:00+00:00 [running]> on host 805e8d5936d1
[2024-04-12T00:57:40.118+0000] {taskinstance.py:2644} INFO - Exporting env vars: AIRFLOW_CTX_DAG_OWNER='abdan' AIRFLOW_CTX_DAG_ID='prioritas1_no1' AIRFLOW_CTX_TASK_ID='echo_done' AIRFLOW_CTX_EXECUTION_DATE='2024-04-09T00:00:00+00:00' AIRFLOW_CTX_TRY_NUMBER='1' AIRFLOW_CTX_DAG_RUN_ID='scheduled__2024-04-09T00:00:00+00:00'
[2024-04-12T00:57:40.120+0000] {taskinstance.py:430} INFO - ::endgroup::
[2024-04-12T00:57:40.121+0000] {subprocess.py:63} INFO - Tmp dir root location: /tmp
[2024-04-12T00:57:40.123+0000] {subprocess.py:75} INFO - Running command: ['/usr/bin/bash', '-c', 'echo done!']
[2024-04-12T00:57:40.140+0000] {subprocess.py:86} INFO - Output:
[2024-04-12T00:57:40.141+0000] {subprocess.py:93} INFO - done!
[2024-04-12T00:57:40.142+0000] {subprocess.py:97} INFO - Command exited with return code 0
[2024-04-12T00:57:40.143+0000] {taskinstance.py:441} INFO - ::group::Post task execution logs
[2024-04-12T00:57:40.171+0000] {taskinstance.py:1205} INFO - Marking task as SUCCESS. dag_id=prioritas1_no1, task_id=echo_done, execution_date=20240409T000000, start_date=20240412T005739, end_date=20240412T005740
[2024-04-12T00:57:40.229+0000] {local_task_job_runner.py:240} INFO - Task exited with return code 0
[2024-04-12T00:57:40.248+0000] {taskinstance.py:3482} INFO - 0 downstream tasks scheduled from follow-on schedule check
[2024-04-12T00:57:40.255+0000] {local_task_job_runner.py:222} INFO - ::endgroup::
