[2024-04-14T11:54:09.479+0000] {local_task_job_runner.py:120} INFO - ::group::Pre task execution logs
[2024-04-14T11:54:09.616+0000] {taskinstance.py:2073} INFO - Dependencies all met for dep_context=non-requeueable deps ti=<TaskInstance: prioritas1_no1.mkdir_our_work scheduled__2024-04-13T00:00:00+00:00 [queued]>
[2024-04-14T11:54:09.676+0000] {taskinstance.py:2073} INFO - Dependencies all met for dep_context=requeueable deps ti=<TaskInstance: prioritas1_no1.mkdir_our_work scheduled__2024-04-13T00:00:00+00:00 [queued]>
[2024-04-14T11:54:09.678+0000] {taskinstance.py:2303} INFO - Starting attempt 1 of 6
[2024-04-14T11:54:09.794+0000] {taskinstance.py:2327} INFO - Executing <Task(BashOperator): mkdir_our_work> on 2024-04-13 00:00:00+00:00
[2024-04-14T11:54:09.836+0000] {warnings.py:110} WARNING - /home/***/.local/lib/python3.12/site-packages/***/task/task_runner/standard_task_runner.py:61: DeprecationWarning: This process (pid=87) is multi-threaded, use of fork() may lead to deadlocks in the child.
  pid = os.fork()

[2024-04-14T11:54:09.844+0000] {standard_task_runner.py:63} INFO - Started process 94 to run task
[2024-04-14T11:54:09.854+0000] {standard_task_runner.py:90} INFO - Running: ['***', 'tasks', 'run', 'prioritas1_no1', 'mkdir_our_work', 'scheduled__2024-04-13T00:00:00+00:00', '--job-id', '259', '--raw', '--subdir', 'DAGS_FOLDER/prioritas1_dag.py', '--cfg-path', '/tmp/tmpbca3fls9']
[2024-04-14T11:54:09.860+0000] {standard_task_runner.py:91} INFO - Job 259: Subtask mkdir_our_work
[2024-04-14T11:54:10.216+0000] {task_command.py:426} INFO - Running <TaskInstance: prioritas1_no1.mkdir_our_work scheduled__2024-04-13T00:00:00+00:00 [running]> on host 2354a2c4893f
[2024-04-14T11:54:11.235+0000] {taskinstance.py:2644} INFO - Exporting env vars: AIRFLOW_CTX_DAG_OWNER='abdan' AIRFLOW_CTX_DAG_ID='prioritas1_no1' AIRFLOW_CTX_TASK_ID='mkdir_our_work' AIRFLOW_CTX_EXECUTION_DATE='2024-04-13T00:00:00+00:00' AIRFLOW_CTX_TRY_NUMBER='1' AIRFLOW_CTX_DAG_RUN_ID='scheduled__2024-04-13T00:00:00+00:00'
[2024-04-14T11:54:11.293+0000] {taskinstance.py:430} INFO - ::endgroup::
[2024-04-14T11:54:11.331+0000] {subprocess.py:63} INFO - Tmp dir root location: /tmp
[2024-04-14T11:54:11.466+0000] {subprocess.py:75} INFO - Running command: ['/usr/bin/bash', '-c', 'mkdir -p /opt/***/dags/our_works']
[2024-04-14T11:54:11.625+0000] {subprocess.py:86} INFO - Output:
[2024-04-14T11:54:12.008+0000] {subprocess.py:97} INFO - Command exited with return code 0
[2024-04-14T11:54:12.180+0000] {taskinstance.py:441} INFO - ::group::Post task execution logs
[2024-04-14T11:54:12.722+0000] {taskinstance.py:1205} INFO - Marking task as SUCCESS. dag_id=prioritas1_no1, task_id=mkdir_our_work, execution_date=20240413T000000, start_date=20240414T115409, end_date=20240414T115412
[2024-04-14T11:54:12.904+0000] {local_task_job_runner.py:240} INFO - Task exited with return code 0
[2024-04-14T11:54:13.406+0000] {taskinstance.py:3482} INFO - 1 downstream tasks scheduled from follow-on schedule check
[2024-04-14T11:54:13.461+0000] {local_task_job_runner.py:222} INFO - ::endgroup::
