[2024-04-12T01:06:12.567+0000] {local_task_job_runner.py:120} INFO - ::group::Pre task execution logs
[2024-04-12T01:06:12.597+0000] {taskinstance.py:2073} INFO - Dependencies all met for dep_context=non-requeueable deps ti=<TaskInstance: prioritas1_no1.touch_about_us scheduled__2024-04-11T00:00:00+00:00 [queued]>
[2024-04-12T01:06:12.604+0000] {taskinstance.py:2073} INFO - Dependencies all met for dep_context=requeueable deps ti=<TaskInstance: prioritas1_no1.touch_about_us scheduled__2024-04-11T00:00:00+00:00 [queued]>
[2024-04-12T01:06:12.605+0000] {taskinstance.py:2303} INFO - Starting attempt 7 of 12
[2024-04-12T01:06:12.624+0000] {taskinstance.py:2327} INFO - Executing <Task(BashOperator): touch_about_us> on 2024-04-11 00:00:00+00:00
[2024-04-12T01:06:12.635+0000] {standard_task_runner.py:90} INFO - Running: ['***', 'tasks', 'run', 'prioritas1_no1', 'touch_about_us', 'scheduled__2024-04-11T00:00:00+00:00', '--job-id', '92', '--raw', '--subdir', 'DAGS_FOLDER/prioritas1_dag.py', '--cfg-path', '/tmp/tmpvmu5c9ho']
[2024-04-12T01:06:12.640+0000] {standard_task_runner.py:91} INFO - Job 92: Subtask touch_about_us
[2024-04-12T01:06:12.640+0000] {warnings.py:110} WARNING - /home/***/.local/lib/python3.12/site-packages/***/task/task_runner/standard_task_runner.py:61: DeprecationWarning: This process (pid=771) is multi-threaded, use of fork() may lead to deadlocks in the child.
  pid = os.fork()

[2024-04-12T01:06:12.641+0000] {standard_task_runner.py:63} INFO - Started process 773 to run task
[2024-04-12T01:06:12.717+0000] {task_command.py:426} INFO - Running <TaskInstance: prioritas1_no1.touch_about_us scheduled__2024-04-11T00:00:00+00:00 [running]> on host 805e8d5936d1
[2024-04-12T01:06:12.830+0000] {taskinstance.py:2644} INFO - Exporting env vars: AIRFLOW_CTX_DAG_OWNER='abdan' AIRFLOW_CTX_DAG_ID='prioritas1_no1' AIRFLOW_CTX_TASK_ID='touch_about_us' AIRFLOW_CTX_EXECUTION_DATE='2024-04-11T00:00:00+00:00' AIRFLOW_CTX_TRY_NUMBER='7' AIRFLOW_CTX_DAG_RUN_ID='scheduled__2024-04-11T00:00:00+00:00'
[2024-04-12T01:06:12.832+0000] {taskinstance.py:430} INFO - ::endgroup::
[2024-04-12T01:06:12.833+0000] {subprocess.py:63} INFO - Tmp dir root location: /tmp
[2024-04-12T01:06:12.835+0000] {subprocess.py:75} INFO - Running command: ['/usr/bin/bash', '-c', 'touch /opt/***/dags/about_us/about.txt']
[2024-04-12T01:06:12.855+0000] {subprocess.py:86} INFO - Output:
[2024-04-12T01:06:12.876+0000] {subprocess.py:97} INFO - Command exited with return code 0
[2024-04-12T01:06:12.878+0000] {taskinstance.py:441} INFO - ::group::Post task execution logs
[2024-04-12T01:06:12.912+0000] {taskinstance.py:1205} INFO - Marking task as SUCCESS. dag_id=prioritas1_no1, task_id=touch_about_us, execution_date=20240411T000000, start_date=20240412T010612, end_date=20240412T010612
[2024-04-12T01:06:12.938+0000] {local_task_job_runner.py:240} INFO - Task exited with return code 0
[2024-04-12T01:06:12.961+0000] {taskinstance.py:3482} INFO - 1 downstream tasks scheduled from follow-on schedule check
[2024-04-12T01:06:12.968+0000] {local_task_job_runner.py:222} INFO - ::endgroup::
