[2024-04-15T15:52:14.703+0000] {local_task_job_runner.py:120} INFO - ::group::Pre task execution logs
[2024-04-15T15:52:14.740+0000] {taskinstance.py:2073} INFO - Dependencies all met for dep_context=non-requeueable deps ti=<TaskInstance: prioritas1_no2.check_even_sum manual__2024-04-15T15:51:47.911049+00:00 [queued]>
[2024-04-15T15:52:14.754+0000] {taskinstance.py:2073} INFO - Dependencies all met for dep_context=requeueable deps ti=<TaskInstance: prioritas1_no2.check_even_sum manual__2024-04-15T15:51:47.911049+00:00 [queued]>
[2024-04-15T15:52:14.755+0000] {taskinstance.py:2303} INFO - Starting attempt 1 of 1
[2024-04-15T15:52:14.780+0000] {taskinstance.py:2327} INFO - Executing <Task(PythonOperator): check_even_sum> on 2024-04-15 15:51:47.911049+00:00
[2024-04-15T15:52:14.797+0000] {warnings.py:110} WARNING - /home/***/.local/lib/python3.12/site-packages/***/task/task_runner/standard_task_runner.py:61: DeprecationWarning: This process (pid=518) is multi-threaded, use of fork() may lead to deadlocks in the child.
  pid = os.fork()

[2024-04-15T15:52:14.799+0000] {standard_task_runner.py:63} INFO - Started process 520 to run task
[2024-04-15T15:52:14.797+0000] {standard_task_runner.py:90} INFO - Running: ['***', 'tasks', 'run', 'prioritas1_no2', 'check_even_sum', 'manual__2024-04-15T15:51:47.911049+00:00', '--job-id', '520', '--raw', '--subdir', 'DAGS_FOLDER/nomer2_dag.py', '--cfg-path', '/tmp/tmpk4ouewoc']
[2024-04-15T15:52:14.800+0000] {standard_task_runner.py:91} INFO - Job 520: Subtask check_even_sum
[2024-04-15T15:52:14.902+0000] {task_command.py:426} INFO - Running <TaskInstance: prioritas1_no2.check_even_sum manual__2024-04-15T15:51:47.911049+00:00 [running]> on host 0c479e6c33e4
[2024-04-15T15:52:15.166+0000] {taskinstance.py:2644} INFO - Exporting env vars: AIRFLOW_CTX_DAG_OWNER='abdan' AIRFLOW_CTX_DAG_ID='prioritas1_no2' AIRFLOW_CTX_TASK_ID='check_even_sum' AIRFLOW_CTX_EXECUTION_DATE='2024-04-15T15:51:47.911049+00:00' AIRFLOW_CTX_TRY_NUMBER='1' AIRFLOW_CTX_DAG_RUN_ID='manual__2024-04-15T15:51:47.911049+00:00'
[2024-04-15T15:52:15.172+0000] {taskinstance.py:430} INFO - ::endgroup::
[2024-04-15T15:52:15.202+0000] {logging_mixin.py:188} INFO - Even Sum
[2024-04-15T15:52:15.206+0000] {python.py:237} INFO - Done. Returned value was: None
[2024-04-15T15:52:15.207+0000] {taskinstance.py:441} INFO - ::group::Post task execution logs
[2024-04-15T15:52:15.224+0000] {taskinstance.py:1205} INFO - Marking task as SUCCESS. dag_id=prioritas1_no2, task_id=check_even_sum, execution_date=20240415T155147, start_date=20240415T155214, end_date=20240415T155215
[2024-04-15T15:52:15.302+0000] {local_task_job_runner.py:240} INFO - Task exited with return code 0
[2024-04-15T15:52:15.323+0000] {taskinstance.py:3482} INFO - 0 downstream tasks scheduled from follow-on schedule check
[2024-04-15T15:52:15.332+0000] {local_task_job_runner.py:222} INFO - ::endgroup::
