[2024-04-15T09:57:42.351+0000] {local_task_job_runner.py:120} INFO - ::group::Pre task execution logs
[2024-04-15T09:57:42.623+0000] {taskinstance.py:2073} INFO - Dependencies all met for dep_context=non-requeueable deps ti=<TaskInstance: prioritas1_no1.echo_hello_airflow scheduled__2024-04-14T00:00:00+00:00 [queued]>
[2024-04-15T09:57:42.738+0000] {taskinstance.py:2073} INFO - Dependencies all met for dep_context=requeueable deps ti=<TaskInstance: prioritas1_no1.echo_hello_airflow scheduled__2024-04-14T00:00:00+00:00 [queued]>
[2024-04-15T09:57:42.745+0000] {taskinstance.py:2303} INFO - Starting attempt 1 of 6
[2024-04-15T09:57:43.040+0000] {taskinstance.py:2327} INFO - Executing <Task(BashOperator): echo_hello_airflow> on 2024-04-14 00:00:00+00:00
[2024-04-15T09:57:43.120+0000] {warnings.py:110} WARNING - /home/***/.local/lib/python3.12/site-packages/***/task/task_runner/standard_task_runner.py:61: DeprecationWarning: This process (pid=63) is multi-threaded, use of fork() may lead to deadlocks in the child.
  pid = os.fork()

[2024-04-15T09:57:43.130+0000] {standard_task_runner.py:63} INFO - Started process 77 to run task
[2024-04-15T09:57:43.226+0000] {standard_task_runner.py:90} INFO - Running: ['***', 'tasks', 'run', 'prioritas1_no1', 'echo_hello_***', 'scheduled__2024-04-14T00:00:00+00:00', '--job-id', '270', '--raw', '--subdir', 'DAGS_FOLDER/prioritas1_dag.py', '--cfg-path', '/tmp/tmprr8iw3dm']
[2024-04-15T09:57:43.245+0000] {standard_task_runner.py:91} INFO - Job 270: Subtask echo_hello_***
[2024-04-15T09:57:43.835+0000] {task_command.py:426} INFO - Running <TaskInstance: prioritas1_no1.echo_hello_airflow scheduled__2024-04-14T00:00:00+00:00 [running]> on host 2354a2c4893f
[2024-04-15T09:57:44.442+0000] {taskinstance.py:2644} INFO - Exporting env vars: AIRFLOW_CTX_DAG_OWNER='abdan' AIRFLOW_CTX_DAG_ID='prioritas1_no1' AIRFLOW_CTX_TASK_ID='echo_hello_***' AIRFLOW_CTX_EXECUTION_DATE='2024-04-14T00:00:00+00:00' AIRFLOW_CTX_TRY_NUMBER='1' AIRFLOW_CTX_DAG_RUN_ID='scheduled__2024-04-14T00:00:00+00:00'
[2024-04-15T09:57:44.451+0000] {taskinstance.py:430} INFO - ::endgroup::
[2024-04-15T09:57:44.453+0000] {subprocess.py:63} INFO - Tmp dir root location: /tmp
[2024-04-15T09:57:45.665+0000] {subprocess.py:75} INFO - Running command: ['/usr/bin/bash', '-c', 'echo hello ***']
[2024-04-15T09:57:45.938+0000] {subprocess.py:86} INFO - Output:
[2024-04-15T09:57:45.990+0000] {subprocess.py:93} INFO - hello ***
[2024-04-15T09:57:46.004+0000] {subprocess.py:97} INFO - Command exited with return code 0
[2024-04-15T09:57:46.049+0000] {taskinstance.py:441} INFO - ::group::Post task execution logs
[2024-04-15T09:57:46.822+0000] {taskinstance.py:1205} INFO - Marking task as SUCCESS. dag_id=prioritas1_no1, task_id=echo_hello_***, execution_date=20240414T000000, start_date=20240415T095742, end_date=20240415T095746
[2024-04-15T09:57:46.892+0000] {local_task_job_runner.py:240} INFO - Task exited with return code 0
[2024-04-15T09:57:46.978+0000] {taskinstance.py:3482} INFO - 2 downstream tasks scheduled from follow-on schedule check
[2024-04-15T09:57:47.011+0000] {local_task_job_runner.py:222} INFO - ::endgroup::
