[2024-04-12T00:37:11.926+0000] {local_task_job_runner.py:120} INFO - ::group::Pre task execution logs
[2024-04-12T00:37:11.961+0000] {taskinstance.py:2073} INFO - Dependencies all met for dep_context=non-requeueable deps ti=<TaskInstance: prioritas1_no2.check_even_odd manual__2024-04-12T00:26:58.812509+00:00 [queued]>
[2024-04-12T00:37:11.972+0000] {taskinstance.py:2073} INFO - Dependencies all met for dep_context=requeueable deps ti=<TaskInstance: prioritas1_no2.check_even_odd manual__2024-04-12T00:26:58.812509+00:00 [queued]>
[2024-04-12T00:37:11.973+0000] {taskinstance.py:2303} INFO - Starting attempt 3 of 6
[2024-04-12T00:37:11.990+0000] {taskinstance.py:2327} INFO - Executing <Task(PythonOperator): check_even_odd> on 2024-04-12 00:26:58.812509+00:00
[2024-04-12T00:37:11.998+0000] {warnings.py:110} WARNING - /home/***/.local/lib/python3.12/site-packages/***/task/task_runner/standard_task_runner.py:61: DeprecationWarning: This process (pid=355) is multi-threaded, use of fork() may lead to deadlocks in the child.
  pid = os.fork()

[2024-04-12T00:37:12.000+0000] {standard_task_runner.py:63} INFO - Started process 357 to run task
[2024-04-12T00:37:12.000+0000] {standard_task_runner.py:90} INFO - Running: ['***', 'tasks', 'run', 'prioritas1_no2', 'check_even_odd', 'manual__2024-04-12T00:26:58.812509+00:00', '--job-id', '77', '--raw', '--subdir', 'DAGS_FOLDER/nomer2_dag.py', '--cfg-path', '/tmp/tmpig3bx1mk']
[2024-04-12T00:37:12.002+0000] {standard_task_runner.py:91} INFO - Job 77: Subtask check_even_odd
[2024-04-12T00:37:12.050+0000] {task_command.py:426} INFO - Running <TaskInstance: prioritas1_no2.check_even_odd manual__2024-04-12T00:26:58.812509+00:00 [running]> on host 805e8d5936d1
[2024-04-12T00:37:12.196+0000] {taskinstance.py:2644} INFO - Exporting env vars: AIRFLOW_CTX_DAG_OWNER='abdan' AIRFLOW_CTX_DAG_ID='prioritas1_no2' AIRFLOW_CTX_TASK_ID='check_even_odd' AIRFLOW_CTX_EXECUTION_DATE='2024-04-12T00:26:58.812509+00:00' AIRFLOW_CTX_TRY_NUMBER='3' AIRFLOW_CTX_DAG_RUN_ID='manual__2024-04-12T00:26:58.812509+00:00'
[2024-04-12T00:37:12.203+0000] {taskinstance.py:430} INFO - ::endgroup::
[2024-04-12T00:37:12.223+0000] {logging_mixin.py:188} INFO - Error: 'jumlah' memiliki nilai None atau tidak valid.
[2024-04-12T00:37:12.226+0000] {python.py:237} INFO - Done. Returned value was: None
[2024-04-12T00:37:12.227+0000] {taskinstance.py:441} INFO - ::group::Post task execution logs
[2024-04-12T00:37:12.242+0000] {taskinstance.py:1205} INFO - Marking task as SUCCESS. dag_id=prioritas1_no2, task_id=check_even_odd, execution_date=20240412T002658, start_date=20240412T003711, end_date=20240412T003712
[2024-04-12T00:37:12.300+0000] {local_task_job_runner.py:240} INFO - Task exited with return code 0
[2024-04-12T00:37:12.330+0000] {taskinstance.py:3482} INFO - 0 downstream tasks scheduled from follow-on schedule check
[2024-04-12T00:37:12.340+0000] {local_task_job_runner.py:222} INFO - ::endgroup::
