[2024-04-09T17:29:32.948+0000] {local_task_job_runner.py:120} INFO - ::group::Pre task execution logs
[2024-04-09T17:29:32.986+0000] {taskinstance.py:2073} INFO - Dependencies all met for dep_context=non-requeueable deps ti=<TaskInstance: prioritas1_no1.touch_about_us manual__2024-04-09T17:20:18.356068+00:00 [queued]>
[2024-04-09T17:29:33.002+0000] {taskinstance.py:2073} INFO - Dependencies all met for dep_context=requeueable deps ti=<TaskInstance: prioritas1_no1.touch_about_us manual__2024-04-09T17:20:18.356068+00:00 [queued]>
[2024-04-09T17:29:33.004+0000] {taskinstance.py:2303} INFO - Starting attempt 5 of 6
[2024-04-09T17:29:33.050+0000] {taskinstance.py:2327} INFO - Executing <Task(BashOperator): touch_about_us> on 2024-04-09 17:20:18.356068+00:00
[2024-04-09T17:29:33.063+0000] {warnings.py:110} WARNING - /home/***/.local/lib/python3.12/site-packages/***/task/task_runner/standard_task_runner.py:61: DeprecationWarning: This process (pid=337) is multi-threaded, use of fork() may lead to deadlocks in the child.
  pid = os.fork()

[2024-04-09T17:29:33.066+0000] {standard_task_runner.py:63} INFO - Started process 342 to run task
[2024-04-09T17:29:33.066+0000] {standard_task_runner.py:90} INFO - Running: ['***', 'tasks', 'run', 'prioritas1_no1', 'touch_about_us', 'manual__2024-04-09T17:20:18.356068+00:00', '--job-id', '32', '--raw', '--subdir', 'DAGS_FOLDER/prioritas1_dag.py', '--cfg-path', '/tmp/tmpr72snrhf']
[2024-04-09T17:29:33.070+0000] {standard_task_runner.py:91} INFO - Job 32: Subtask touch_about_us
[2024-04-09T17:29:33.182+0000] {task_command.py:426} INFO - Running <TaskInstance: prioritas1_no1.touch_about_us manual__2024-04-09T17:20:18.356068+00:00 [running]> on host 805e8d5936d1
[2024-04-09T17:29:33.406+0000] {taskinstance.py:2644} INFO - Exporting env vars: AIRFLOW_CTX_DAG_OWNER='abdan' AIRFLOW_CTX_DAG_ID='prioritas1_no1' AIRFLOW_CTX_TASK_ID='touch_about_us' AIRFLOW_CTX_EXECUTION_DATE='2024-04-09T17:20:18.356068+00:00' AIRFLOW_CTX_TRY_NUMBER='5' AIRFLOW_CTX_DAG_RUN_ID='manual__2024-04-09T17:20:18.356068+00:00'
[2024-04-09T17:29:33.413+0000] {taskinstance.py:430} INFO - ::endgroup::
[2024-04-09T17:29:33.420+0000] {subprocess.py:63} INFO - Tmp dir root location: /tmp
[2024-04-09T17:29:33.460+0000] {subprocess.py:75} INFO - Running command: ['/usr/bin/bash', '-c', 'touch about_us/about.txt']
[2024-04-09T17:29:33.484+0000] {subprocess.py:86} INFO - Output:
[2024-04-09T17:29:33.495+0000] {subprocess.py:93} INFO - touch: cannot touch 'about_us/about.txt': No such file or directory
[2024-04-09T17:29:33.496+0000] {subprocess.py:97} INFO - Command exited with return code 1
[2024-04-09T17:29:33.497+0000] {taskinstance.py:441} INFO - ::group::Post task execution logs
[2024-04-09T17:29:33.511+0000] {taskinstance.py:2890} ERROR - Task failed with exception
Traceback (most recent call last):
  File "/home/airflow/.local/lib/python3.12/site-packages/airflow/models/taskinstance.py", line 465, in _execute_task
    result = _execute_callable(context=context, **execute_callable_kwargs)
             ^^^^^^^^^^^^^^^^^^^^^^^^^^^^^^^^^^^^^^^^^^^^^^^^^^^^^^^^^^^^^
  File "/home/airflow/.local/lib/python3.12/site-packages/airflow/models/taskinstance.py", line 432, in _execute_callable
    return execute_callable(context=context, **execute_callable_kwargs)
           ^^^^^^^^^^^^^^^^^^^^^^^^^^^^^^^^^^^^^^^^^^^^^^^^^^^^^^^^^^^^
  File "/home/airflow/.local/lib/python3.12/site-packages/airflow/models/baseoperator.py", line 400, in wrapper
    return func(self, *args, **kwargs)
           ^^^^^^^^^^^^^^^^^^^^^^^^^^^
  File "/home/airflow/.local/lib/python3.12/site-packages/airflow/operators/bash.py", line 243, in execute
    raise AirflowException(
airflow.exceptions.AirflowException: Bash command failed. The command returned a non-zero exit code 1.
[2024-04-09T17:29:33.523+0000] {taskinstance.py:1205} INFO - Marking task as UP_FOR_RETRY. dag_id=prioritas1_no1, task_id=touch_about_us, execution_date=20240409T172018, start_date=20240409T172932, end_date=20240409T172933
[2024-04-09T17:29:33.545+0000] {standard_task_runner.py:110} ERROR - Failed to execute job 32 for task touch_about_us (Bash command failed. The command returned a non-zero exit code 1.; 342)
[2024-04-09T17:29:33.585+0000] {local_task_job_runner.py:240} INFO - Task exited with return code 1
[2024-04-09T17:29:33.619+0000] {taskinstance.py:3482} INFO - 0 downstream tasks scheduled from follow-on schedule check
[2024-04-09T17:29:33.627+0000] {local_task_job_runner.py:222} INFO - ::endgroup::
