[2024-04-09T17:19:26.517+0000] {processor.py:161} INFO - Started process (PID=582) to work on /opt/airflow/dags/prioritas1_dag.py
[2024-04-09T17:19:26.518+0000] {processor.py:830} INFO - Processing file /opt/airflow/dags/prioritas1_dag.py for tasks to queue
[2024-04-09T17:19:26.520+0000] {logging_mixin.py:188} INFO - [2024-04-09T17:19:26.520+0000] {dagbag.py:540} INFO - Filling up the DagBag from /opt/airflow/dags/prioritas1_dag.py
[2024-04-09T17:19:26.549+0000] {processor.py:840} INFO - DAG(s) 'prioritas1_no1' retrieved from /opt/airflow/dags/prioritas1_dag.py
[2024-04-09T17:19:26.711+0000] {logging_mixin.py:188} INFO - [2024-04-09T17:19:26.710+0000] {override.py:1829} INFO - Created Permission View: can delete on DAG:prioritas1_no1
[2024-04-09T17:19:27.082+0000] {logging_mixin.py:188} INFO - [2024-04-09T17:19:27.081+0000] {override.py:1829} INFO - Created Permission View: can edit on DAG:prioritas1_no1
[2024-04-09T17:19:27.102+0000] {logging_mixin.py:188} INFO - [2024-04-09T17:19:27.101+0000] {override.py:1829} INFO - Created Permission View: can read on DAG:prioritas1_no1
[2024-04-09T17:19:27.104+0000] {logging_mixin.py:188} INFO - [2024-04-09T17:19:27.103+0000] {dag.py:3096} INFO - Sync 1 DAGs
[2024-04-09T17:19:27.142+0000] {logging_mixin.py:188} INFO - [2024-04-09T17:19:27.142+0000] {dag.py:3118} INFO - Creating ORM DAG for prioritas1_no1
[2024-04-09T17:19:27.165+0000] {logging_mixin.py:188} INFO - [2024-04-09T17:19:27.164+0000] {dag.py:3954} INFO - Setting next_dagrun for prioritas1_no1 to 2024-04-08 00:00:00+00:00, run_after=2024-04-09 00:00:00+00:00
[2024-04-09T17:19:27.201+0000] {processor.py:183} INFO - Processing /opt/airflow/dags/prioritas1_dag.py took 0.692 seconds
[2024-04-09T17:19:57.300+0000] {processor.py:161} INFO - Started process (PID=641) to work on /opt/airflow/dags/prioritas1_dag.py
[2024-04-09T17:19:57.301+0000] {processor.py:830} INFO - Processing file /opt/airflow/dags/prioritas1_dag.py for tasks to queue
[2024-04-09T17:19:57.304+0000] {logging_mixin.py:188} INFO - [2024-04-09T17:19:57.304+0000] {dagbag.py:540} INFO - Filling up the DagBag from /opt/airflow/dags/prioritas1_dag.py
[2024-04-09T17:19:57.328+0000] {processor.py:840} INFO - DAG(s) 'prioritas1_no1' retrieved from /opt/airflow/dags/prioritas1_dag.py
[2024-04-09T17:19:57.431+0000] {logging_mixin.py:188} INFO - [2024-04-09T17:19:57.430+0000] {dag.py:3096} INFO - Sync 1 DAGs
[2024-04-09T17:19:57.577+0000] {logging_mixin.py:188} INFO - [2024-04-09T17:19:57.576+0000] {dag.py:3954} INFO - Setting next_dagrun for prioritas1_no1 to 2024-04-08 00:00:00+00:00, run_after=2024-04-09 00:00:00+00:00
[2024-04-09T17:19:57.602+0000] {processor.py:183} INFO - Processing /opt/airflow/dags/prioritas1_dag.py took 0.311 seconds
[2024-04-09T17:20:39.882+0000] {processor.py:161} INFO - Started process (PID=706) to work on /opt/airflow/dags/prioritas1_dag.py
[2024-04-09T17:20:39.885+0000] {processor.py:830} INFO - Processing file /opt/airflow/dags/prioritas1_dag.py for tasks to queue
[2024-04-09T17:20:39.890+0000] {logging_mixin.py:188} INFO - [2024-04-09T17:20:39.889+0000] {dagbag.py:540} INFO - Filling up the DagBag from /opt/airflow/dags/prioritas1_dag.py
[2024-04-09T17:20:39.973+0000] {processor.py:840} INFO - DAG(s) 'prioritas1_no1' retrieved from /opt/airflow/dags/prioritas1_dag.py
[2024-04-09T17:20:40.056+0000] {logging_mixin.py:188} INFO - [2024-04-09T17:20:40.054+0000] {dag.py:3096} INFO - Sync 1 DAGs
[2024-04-09T17:20:40.138+0000] {logging_mixin.py:188} INFO - [2024-04-09T17:20:40.137+0000] {dag.py:3954} INFO - Setting next_dagrun for prioritas1_no1 to 2024-04-09 00:00:00+00:00, run_after=2024-04-10 00:00:00+00:00
[2024-04-09T17:20:40.208+0000] {processor.py:183} INFO - Processing /opt/airflow/dags/prioritas1_dag.py took 0.339 seconds
[2024-04-09T17:21:10.356+0000] {processor.py:161} INFO - Started process (PID=769) to work on /opt/airflow/dags/prioritas1_dag.py
[2024-04-09T17:21:10.363+0000] {processor.py:830} INFO - Processing file /opt/airflow/dags/prioritas1_dag.py for tasks to queue
[2024-04-09T17:21:10.366+0000] {logging_mixin.py:188} INFO - [2024-04-09T17:21:10.365+0000] {dagbag.py:540} INFO - Filling up the DagBag from /opt/airflow/dags/prioritas1_dag.py
[2024-04-09T17:21:10.426+0000] {processor.py:840} INFO - DAG(s) 'prioritas1_no1' retrieved from /opt/airflow/dags/prioritas1_dag.py
[2024-04-09T17:21:10.583+0000] {logging_mixin.py:188} INFO - [2024-04-09T17:21:10.583+0000] {dag.py:3096} INFO - Sync 1 DAGs
[2024-04-09T17:21:10.698+0000] {logging_mixin.py:188} INFO - [2024-04-09T17:21:10.697+0000] {dag.py:3954} INFO - Setting next_dagrun for prioritas1_no1 to 2024-04-09 00:00:00+00:00, run_after=2024-04-10 00:00:00+00:00
[2024-04-09T17:21:10.818+0000] {processor.py:183} INFO - Processing /opt/airflow/dags/prioritas1_dag.py took 0.468 seconds
[2024-04-09T17:21:41.423+0000] {processor.py:161} INFO - Started process (PID=832) to work on /opt/airflow/dags/prioritas1_dag.py
[2024-04-09T17:21:41.426+0000] {processor.py:830} INFO - Processing file /opt/airflow/dags/prioritas1_dag.py for tasks to queue
[2024-04-09T17:21:41.428+0000] {logging_mixin.py:188} INFO - [2024-04-09T17:21:41.427+0000] {dagbag.py:540} INFO - Filling up the DagBag from /opt/airflow/dags/prioritas1_dag.py
[2024-04-09T17:21:41.454+0000] {processor.py:840} INFO - DAG(s) 'prioritas1_no1' retrieved from /opt/airflow/dags/prioritas1_dag.py
[2024-04-09T17:21:41.484+0000] {logging_mixin.py:188} INFO - [2024-04-09T17:21:41.484+0000] {dag.py:3096} INFO - Sync 1 DAGs
[2024-04-09T17:21:41.518+0000] {logging_mixin.py:188} INFO - [2024-04-09T17:21:41.518+0000] {dag.py:3954} INFO - Setting next_dagrun for prioritas1_no1 to 2024-04-09 00:00:00+00:00, run_after=2024-04-10 00:00:00+00:00
[2024-04-09T17:21:41.579+0000] {processor.py:183} INFO - Processing /opt/airflow/dags/prioritas1_dag.py took 0.162 seconds
[2024-04-09T17:22:12.264+0000] {processor.py:161} INFO - Started process (PID=891) to work on /opt/airflow/dags/prioritas1_dag.py
[2024-04-09T17:22:12.269+0000] {processor.py:830} INFO - Processing file /opt/airflow/dags/prioritas1_dag.py for tasks to queue
[2024-04-09T17:22:12.275+0000] {logging_mixin.py:188} INFO - [2024-04-09T17:22:12.274+0000] {dagbag.py:540} INFO - Filling up the DagBag from /opt/airflow/dags/prioritas1_dag.py
[2024-04-09T17:22:12.307+0000] {processor.py:840} INFO - DAG(s) 'prioritas1_no1' retrieved from /opt/airflow/dags/prioritas1_dag.py
[2024-04-09T17:22:12.355+0000] {logging_mixin.py:188} INFO - [2024-04-09T17:22:12.354+0000] {dag.py:3096} INFO - Sync 1 DAGs
[2024-04-09T17:22:12.395+0000] {logging_mixin.py:188} INFO - [2024-04-09T17:22:12.394+0000] {dag.py:3954} INFO - Setting next_dagrun for prioritas1_no1 to 2024-04-09 00:00:00+00:00, run_after=2024-04-10 00:00:00+00:00
[2024-04-09T17:22:12.424+0000] {processor.py:183} INFO - Processing /opt/airflow/dags/prioritas1_dag.py took 0.168 seconds
[2024-04-09T17:22:42.764+0000] {processor.py:161} INFO - Started process (PID=949) to work on /opt/airflow/dags/prioritas1_dag.py
[2024-04-09T17:22:42.767+0000] {processor.py:830} INFO - Processing file /opt/airflow/dags/prioritas1_dag.py for tasks to queue
[2024-04-09T17:22:42.769+0000] {logging_mixin.py:188} INFO - [2024-04-09T17:22:42.769+0000] {dagbag.py:540} INFO - Filling up the DagBag from /opt/airflow/dags/prioritas1_dag.py
[2024-04-09T17:22:42.802+0000] {processor.py:840} INFO - DAG(s) 'prioritas1_no1' retrieved from /opt/airflow/dags/prioritas1_dag.py
[2024-04-09T17:22:42.831+0000] {logging_mixin.py:188} INFO - [2024-04-09T17:22:42.830+0000] {dag.py:3096} INFO - Sync 1 DAGs
[2024-04-09T17:22:43.021+0000] {logging_mixin.py:188} INFO - [2024-04-09T17:22:43.021+0000] {dag.py:3954} INFO - Setting next_dagrun for prioritas1_no1 to 2024-04-09 00:00:00+00:00, run_after=2024-04-10 00:00:00+00:00
[2024-04-09T17:22:43.044+0000] {processor.py:183} INFO - Processing /opt/airflow/dags/prioritas1_dag.py took 0.290 seconds
[2024-04-09T17:23:13.551+0000] {processor.py:161} INFO - Started process (PID=1008) to work on /opt/airflow/dags/prioritas1_dag.py
[2024-04-09T17:23:13.552+0000] {processor.py:830} INFO - Processing file /opt/airflow/dags/prioritas1_dag.py for tasks to queue
[2024-04-09T17:23:13.555+0000] {logging_mixin.py:188} INFO - [2024-04-09T17:23:13.554+0000] {dagbag.py:540} INFO - Filling up the DagBag from /opt/airflow/dags/prioritas1_dag.py
[2024-04-09T17:23:13.589+0000] {processor.py:840} INFO - DAG(s) 'prioritas1_no1' retrieved from /opt/airflow/dags/prioritas1_dag.py
[2024-04-09T17:23:13.633+0000] {logging_mixin.py:188} INFO - [2024-04-09T17:23:13.633+0000] {dag.py:3096} INFO - Sync 1 DAGs
[2024-04-09T17:23:13.888+0000] {logging_mixin.py:188} INFO - [2024-04-09T17:23:13.888+0000] {dag.py:3954} INFO - Setting next_dagrun for prioritas1_no1 to 2024-04-09 00:00:00+00:00, run_after=2024-04-10 00:00:00+00:00
[2024-04-09T17:23:13.947+0000] {processor.py:183} INFO - Processing /opt/airflow/dags/prioritas1_dag.py took 0.411 seconds
[2024-04-09T17:23:44.175+0000] {processor.py:161} INFO - Started process (PID=1067) to work on /opt/airflow/dags/prioritas1_dag.py
[2024-04-09T17:23:44.176+0000] {processor.py:830} INFO - Processing file /opt/airflow/dags/prioritas1_dag.py for tasks to queue
[2024-04-09T17:23:44.179+0000] {logging_mixin.py:188} INFO - [2024-04-09T17:23:44.178+0000] {dagbag.py:540} INFO - Filling up the DagBag from /opt/airflow/dags/prioritas1_dag.py
[2024-04-09T17:23:44.203+0000] {processor.py:840} INFO - DAG(s) 'prioritas1_no1' retrieved from /opt/airflow/dags/prioritas1_dag.py
[2024-04-09T17:23:44.222+0000] {logging_mixin.py:188} INFO - [2024-04-09T17:23:44.222+0000] {dag.py:3096} INFO - Sync 1 DAGs
[2024-04-09T17:23:44.250+0000] {logging_mixin.py:188} INFO - [2024-04-09T17:23:44.249+0000] {dag.py:3954} INFO - Setting next_dagrun for prioritas1_no1 to 2024-04-09 00:00:00+00:00, run_after=2024-04-10 00:00:00+00:00
[2024-04-09T17:23:44.277+0000] {processor.py:183} INFO - Processing /opt/airflow/dags/prioritas1_dag.py took 0.109 seconds
[2024-04-09T17:24:15.026+0000] {processor.py:161} INFO - Started process (PID=1127) to work on /opt/airflow/dags/prioritas1_dag.py
[2024-04-09T17:24:15.027+0000] {processor.py:830} INFO - Processing file /opt/airflow/dags/prioritas1_dag.py for tasks to queue
[2024-04-09T17:24:15.030+0000] {logging_mixin.py:188} INFO - [2024-04-09T17:24:15.029+0000] {dagbag.py:540} INFO - Filling up the DagBag from /opt/airflow/dags/prioritas1_dag.py
[2024-04-09T17:24:15.055+0000] {processor.py:840} INFO - DAG(s) 'prioritas1_no1' retrieved from /opt/airflow/dags/prioritas1_dag.py
[2024-04-09T17:24:15.077+0000] {logging_mixin.py:188} INFO - [2024-04-09T17:24:15.077+0000] {dag.py:3096} INFO - Sync 1 DAGs
[2024-04-09T17:24:15.105+0000] {logging_mixin.py:188} INFO - [2024-04-09T17:24:15.105+0000] {dag.py:3954} INFO - Setting next_dagrun for prioritas1_no1 to 2024-04-09 00:00:00+00:00, run_after=2024-04-10 00:00:00+00:00
[2024-04-09T17:24:15.147+0000] {processor.py:183} INFO - Processing /opt/airflow/dags/prioritas1_dag.py took 0.129 seconds
[2024-04-09T17:24:45.734+0000] {processor.py:161} INFO - Started process (PID=1186) to work on /opt/airflow/dags/prioritas1_dag.py
[2024-04-09T17:24:45.736+0000] {processor.py:830} INFO - Processing file /opt/airflow/dags/prioritas1_dag.py for tasks to queue
[2024-04-09T17:24:45.740+0000] {logging_mixin.py:188} INFO - [2024-04-09T17:24:45.738+0000] {dagbag.py:540} INFO - Filling up the DagBag from /opt/airflow/dags/prioritas1_dag.py
[2024-04-09T17:24:45.762+0000] {processor.py:840} INFO - DAG(s) 'prioritas1_no1' retrieved from /opt/airflow/dags/prioritas1_dag.py
[2024-04-09T17:24:45.786+0000] {logging_mixin.py:188} INFO - [2024-04-09T17:24:45.785+0000] {dag.py:3096} INFO - Sync 1 DAGs
[2024-04-09T17:24:45.812+0000] {logging_mixin.py:188} INFO - [2024-04-09T17:24:45.812+0000] {dag.py:3954} INFO - Setting next_dagrun for prioritas1_no1 to 2024-04-09 00:00:00+00:00, run_after=2024-04-10 00:00:00+00:00
[2024-04-09T17:24:45.860+0000] {processor.py:183} INFO - Processing /opt/airflow/dags/prioritas1_dag.py took 0.137 seconds
[2024-04-09T17:25:16.364+0000] {processor.py:161} INFO - Started process (PID=1245) to work on /opt/airflow/dags/prioritas1_dag.py
[2024-04-09T17:25:16.366+0000] {processor.py:830} INFO - Processing file /opt/airflow/dags/prioritas1_dag.py for tasks to queue
[2024-04-09T17:25:16.368+0000] {logging_mixin.py:188} INFO - [2024-04-09T17:25:16.367+0000] {dagbag.py:540} INFO - Filling up the DagBag from /opt/airflow/dags/prioritas1_dag.py
[2024-04-09T17:25:16.390+0000] {processor.py:840} INFO - DAG(s) 'prioritas1_no1' retrieved from /opt/airflow/dags/prioritas1_dag.py
[2024-04-09T17:25:16.419+0000] {logging_mixin.py:188} INFO - [2024-04-09T17:25:16.419+0000] {dag.py:3096} INFO - Sync 1 DAGs
[2024-04-09T17:25:16.444+0000] {logging_mixin.py:188} INFO - [2024-04-09T17:25:16.444+0000] {dag.py:3954} INFO - Setting next_dagrun for prioritas1_no1 to 2024-04-09 00:00:00+00:00, run_after=2024-04-10 00:00:00+00:00
[2024-04-09T17:25:16.472+0000] {processor.py:183} INFO - Processing /opt/airflow/dags/prioritas1_dag.py took 0.115 seconds
[2024-04-09T17:25:47.231+0000] {processor.py:161} INFO - Started process (PID=1308) to work on /opt/airflow/dags/prioritas1_dag.py
[2024-04-09T17:25:47.232+0000] {processor.py:830} INFO - Processing file /opt/airflow/dags/prioritas1_dag.py for tasks to queue
[2024-04-09T17:25:47.235+0000] {logging_mixin.py:188} INFO - [2024-04-09T17:25:47.234+0000] {dagbag.py:540} INFO - Filling up the DagBag from /opt/airflow/dags/prioritas1_dag.py
[2024-04-09T17:25:47.260+0000] {processor.py:840} INFO - DAG(s) 'prioritas1_no1' retrieved from /opt/airflow/dags/prioritas1_dag.py
[2024-04-09T17:25:47.290+0000] {logging_mixin.py:188} INFO - [2024-04-09T17:25:47.289+0000] {dag.py:3096} INFO - Sync 1 DAGs
[2024-04-09T17:25:47.321+0000] {logging_mixin.py:188} INFO - [2024-04-09T17:25:47.320+0000] {dag.py:3954} INFO - Setting next_dagrun for prioritas1_no1 to 2024-04-09 00:00:00+00:00, run_after=2024-04-10 00:00:00+00:00
[2024-04-09T17:25:47.351+0000] {processor.py:183} INFO - Processing /opt/airflow/dags/prioritas1_dag.py took 0.130 seconds
[2024-04-09T17:26:17.452+0000] {processor.py:161} INFO - Started process (PID=1368) to work on /opt/airflow/dags/prioritas1_dag.py
[2024-04-09T17:26:17.454+0000] {processor.py:830} INFO - Processing file /opt/airflow/dags/prioritas1_dag.py for tasks to queue
[2024-04-09T17:26:17.456+0000] {logging_mixin.py:188} INFO - [2024-04-09T17:26:17.455+0000] {dagbag.py:540} INFO - Filling up the DagBag from /opt/airflow/dags/prioritas1_dag.py
[2024-04-09T17:26:17.477+0000] {processor.py:840} INFO - DAG(s) 'prioritas1_no1' retrieved from /opt/airflow/dags/prioritas1_dag.py
[2024-04-09T17:26:17.504+0000] {logging_mixin.py:188} INFO - [2024-04-09T17:26:17.503+0000] {dag.py:3096} INFO - Sync 1 DAGs
[2024-04-09T17:26:17.531+0000] {logging_mixin.py:188} INFO - [2024-04-09T17:26:17.530+0000] {dag.py:3954} INFO - Setting next_dagrun for prioritas1_no1 to 2024-04-09 00:00:00+00:00, run_after=2024-04-10 00:00:00+00:00
[2024-04-09T17:26:17.589+0000] {processor.py:183} INFO - Processing /opt/airflow/dags/prioritas1_dag.py took 0.143 seconds
[2024-04-09T17:26:47.730+0000] {processor.py:161} INFO - Started process (PID=1427) to work on /opt/airflow/dags/prioritas1_dag.py
[2024-04-09T17:26:47.732+0000] {processor.py:830} INFO - Processing file /opt/airflow/dags/prioritas1_dag.py for tasks to queue
[2024-04-09T17:26:47.734+0000] {logging_mixin.py:188} INFO - [2024-04-09T17:26:47.734+0000] {dagbag.py:540} INFO - Filling up the DagBag from /opt/airflow/dags/prioritas1_dag.py
[2024-04-09T17:26:47.756+0000] {processor.py:840} INFO - DAG(s) 'prioritas1_no1' retrieved from /opt/airflow/dags/prioritas1_dag.py
[2024-04-09T17:26:47.779+0000] {logging_mixin.py:188} INFO - [2024-04-09T17:26:47.779+0000] {dag.py:3096} INFO - Sync 1 DAGs
[2024-04-09T17:26:47.805+0000] {logging_mixin.py:188} INFO - [2024-04-09T17:26:47.805+0000] {dag.py:3954} INFO - Setting next_dagrun for prioritas1_no1 to 2024-04-09 00:00:00+00:00, run_after=2024-04-10 00:00:00+00:00
[2024-04-09T17:26:47.834+0000] {processor.py:183} INFO - Processing /opt/airflow/dags/prioritas1_dag.py took 0.121 seconds
[2024-04-09T17:27:18.704+0000] {processor.py:161} INFO - Started process (PID=1486) to work on /opt/airflow/dags/prioritas1_dag.py
[2024-04-09T17:27:18.705+0000] {processor.py:830} INFO - Processing file /opt/airflow/dags/prioritas1_dag.py for tasks to queue
[2024-04-09T17:27:18.708+0000] {logging_mixin.py:188} INFO - [2024-04-09T17:27:18.707+0000] {dagbag.py:540} INFO - Filling up the DagBag from /opt/airflow/dags/prioritas1_dag.py
[2024-04-09T17:27:18.728+0000] {processor.py:840} INFO - DAG(s) 'prioritas1_no1' retrieved from /opt/airflow/dags/prioritas1_dag.py
[2024-04-09T17:27:18.756+0000] {logging_mixin.py:188} INFO - [2024-04-09T17:27:18.755+0000] {dag.py:3096} INFO - Sync 1 DAGs
[2024-04-09T17:27:18.785+0000] {logging_mixin.py:188} INFO - [2024-04-09T17:27:18.785+0000] {dag.py:3954} INFO - Setting next_dagrun for prioritas1_no1 to 2024-04-09 00:00:00+00:00, run_after=2024-04-10 00:00:00+00:00
[2024-04-09T17:27:18.825+0000] {processor.py:183} INFO - Processing /opt/airflow/dags/prioritas1_dag.py took 0.131 seconds
[2024-04-09T17:27:49.815+0000] {processor.py:161} INFO - Started process (PID=1549) to work on /opt/airflow/dags/prioritas1_dag.py
[2024-04-09T17:27:49.816+0000] {processor.py:830} INFO - Processing file /opt/airflow/dags/prioritas1_dag.py for tasks to queue
[2024-04-09T17:27:49.825+0000] {logging_mixin.py:188} INFO - [2024-04-09T17:27:49.824+0000] {dagbag.py:540} INFO - Filling up the DagBag from /opt/airflow/dags/prioritas1_dag.py
[2024-04-09T17:27:49.857+0000] {processor.py:840} INFO - DAG(s) 'prioritas1_no1' retrieved from /opt/airflow/dags/prioritas1_dag.py
[2024-04-09T17:27:49.924+0000] {logging_mixin.py:188} INFO - [2024-04-09T17:27:49.924+0000] {dag.py:3096} INFO - Sync 1 DAGs
[2024-04-09T17:27:49.957+0000] {logging_mixin.py:188} INFO - [2024-04-09T17:27:49.957+0000] {dag.py:3954} INFO - Setting next_dagrun for prioritas1_no1 to 2024-04-09 00:00:00+00:00, run_after=2024-04-10 00:00:00+00:00
[2024-04-09T17:27:50.064+0000] {processor.py:183} INFO - Processing /opt/airflow/dags/prioritas1_dag.py took 0.259 seconds
[2024-04-09T17:28:20.453+0000] {processor.py:161} INFO - Started process (PID=1608) to work on /opt/airflow/dags/prioritas1_dag.py
[2024-04-09T17:28:20.454+0000] {processor.py:830} INFO - Processing file /opt/airflow/dags/prioritas1_dag.py for tasks to queue
[2024-04-09T17:28:20.457+0000] {logging_mixin.py:188} INFO - [2024-04-09T17:28:20.456+0000] {dagbag.py:540} INFO - Filling up the DagBag from /opt/airflow/dags/prioritas1_dag.py
[2024-04-09T17:28:20.488+0000] {processor.py:840} INFO - DAG(s) 'prioritas1_no1' retrieved from /opt/airflow/dags/prioritas1_dag.py
[2024-04-09T17:28:20.517+0000] {logging_mixin.py:188} INFO - [2024-04-09T17:28:20.516+0000] {dag.py:3096} INFO - Sync 1 DAGs
[2024-04-09T17:28:20.547+0000] {logging_mixin.py:188} INFO - [2024-04-09T17:28:20.547+0000] {dag.py:3954} INFO - Setting next_dagrun for prioritas1_no1 to 2024-04-09 00:00:00+00:00, run_after=2024-04-10 00:00:00+00:00
[2024-04-09T17:28:20.581+0000] {processor.py:183} INFO - Processing /opt/airflow/dags/prioritas1_dag.py took 0.138 seconds
[2024-04-09T17:28:51.592+0000] {processor.py:161} INFO - Started process (PID=1667) to work on /opt/airflow/dags/prioritas1_dag.py
[2024-04-09T17:28:51.593+0000] {processor.py:830} INFO - Processing file /opt/airflow/dags/prioritas1_dag.py for tasks to queue
[2024-04-09T17:28:51.595+0000] {logging_mixin.py:188} INFO - [2024-04-09T17:28:51.595+0000] {dagbag.py:540} INFO - Filling up the DagBag from /opt/airflow/dags/prioritas1_dag.py
[2024-04-09T17:28:51.613+0000] {processor.py:840} INFO - DAG(s) 'prioritas1_no1' retrieved from /opt/airflow/dags/prioritas1_dag.py
[2024-04-09T17:28:51.632+0000] {logging_mixin.py:188} INFO - [2024-04-09T17:28:51.632+0000] {dag.py:3096} INFO - Sync 1 DAGs
[2024-04-09T17:28:51.653+0000] {logging_mixin.py:188} INFO - [2024-04-09T17:28:51.652+0000] {dag.py:3954} INFO - Setting next_dagrun for prioritas1_no1 to 2024-04-09 00:00:00+00:00, run_after=2024-04-10 00:00:00+00:00
[2024-04-09T17:28:51.708+0000] {processor.py:183} INFO - Processing /opt/airflow/dags/prioritas1_dag.py took 0.123 seconds
[2024-04-09T17:29:22.506+0000] {processor.py:161} INFO - Started process (PID=1726) to work on /opt/airflow/dags/prioritas1_dag.py
[2024-04-09T17:29:22.508+0000] {processor.py:830} INFO - Processing file /opt/airflow/dags/prioritas1_dag.py for tasks to queue
[2024-04-09T17:29:22.510+0000] {logging_mixin.py:188} INFO - [2024-04-09T17:29:22.510+0000] {dagbag.py:540} INFO - Filling up the DagBag from /opt/airflow/dags/prioritas1_dag.py
[2024-04-09T17:29:22.542+0000] {processor.py:840} INFO - DAG(s) 'prioritas1_no1' retrieved from /opt/airflow/dags/prioritas1_dag.py
[2024-04-09T17:29:22.578+0000] {logging_mixin.py:188} INFO - [2024-04-09T17:29:22.578+0000] {dag.py:3096} INFO - Sync 1 DAGs
[2024-04-09T17:29:22.626+0000] {logging_mixin.py:188} INFO - [2024-04-09T17:29:22.625+0000] {dag.py:3954} INFO - Setting next_dagrun for prioritas1_no1 to 2024-04-09 00:00:00+00:00, run_after=2024-04-10 00:00:00+00:00
[2024-04-09T17:29:22.680+0000] {processor.py:183} INFO - Processing /opt/airflow/dags/prioritas1_dag.py took 0.188 seconds
[2024-04-09T17:29:52.823+0000] {processor.py:161} INFO - Started process (PID=1790) to work on /opt/airflow/dags/prioritas1_dag.py
[2024-04-09T17:29:52.826+0000] {processor.py:830} INFO - Processing file /opt/airflow/dags/prioritas1_dag.py for tasks to queue
[2024-04-09T17:29:52.829+0000] {logging_mixin.py:188} INFO - [2024-04-09T17:29:52.828+0000] {dagbag.py:540} INFO - Filling up the DagBag from /opt/airflow/dags/prioritas1_dag.py
[2024-04-09T17:29:52.849+0000] {processor.py:840} INFO - DAG(s) 'prioritas1_no1' retrieved from /opt/airflow/dags/prioritas1_dag.py
[2024-04-09T17:29:52.878+0000] {logging_mixin.py:188} INFO - [2024-04-09T17:29:52.878+0000] {dag.py:3096} INFO - Sync 1 DAGs
[2024-04-09T17:29:52.909+0000] {logging_mixin.py:188} INFO - [2024-04-09T17:29:52.909+0000] {dag.py:3954} INFO - Setting next_dagrun for prioritas1_no1 to 2024-04-09 00:00:00+00:00, run_after=2024-04-10 00:00:00+00:00
[2024-04-09T17:29:52.964+0000] {processor.py:183} INFO - Processing /opt/airflow/dags/prioritas1_dag.py took 0.149 seconds
[2024-04-09T17:30:23.149+0000] {processor.py:161} INFO - Started process (PID=1849) to work on /opt/airflow/dags/prioritas1_dag.py
[2024-04-09T17:30:23.150+0000] {processor.py:830} INFO - Processing file /opt/airflow/dags/prioritas1_dag.py for tasks to queue
[2024-04-09T17:30:23.153+0000] {logging_mixin.py:188} INFO - [2024-04-09T17:30:23.152+0000] {dagbag.py:540} INFO - Filling up the DagBag from /opt/airflow/dags/prioritas1_dag.py
[2024-04-09T17:30:23.173+0000] {processor.py:840} INFO - DAG(s) 'prioritas1_no1' retrieved from /opt/airflow/dags/prioritas1_dag.py
[2024-04-09T17:30:23.221+0000] {logging_mixin.py:188} INFO - [2024-04-09T17:30:23.221+0000] {dag.py:3096} INFO - Sync 1 DAGs
[2024-04-09T17:30:23.254+0000] {logging_mixin.py:188} INFO - [2024-04-09T17:30:23.254+0000] {dag.py:3954} INFO - Setting next_dagrun for prioritas1_no1 to 2024-04-09 00:00:00+00:00, run_after=2024-04-10 00:00:00+00:00
[2024-04-09T17:30:23.300+0000] {processor.py:183} INFO - Processing /opt/airflow/dags/prioritas1_dag.py took 0.159 seconds
[2024-04-09T17:30:53.420+0000] {processor.py:161} INFO - Started process (PID=1908) to work on /opt/airflow/dags/prioritas1_dag.py
[2024-04-09T17:30:53.421+0000] {processor.py:830} INFO - Processing file /opt/airflow/dags/prioritas1_dag.py for tasks to queue
[2024-04-09T17:30:53.425+0000] {logging_mixin.py:188} INFO - [2024-04-09T17:30:53.425+0000] {dagbag.py:540} INFO - Filling up the DagBag from /opt/airflow/dags/prioritas1_dag.py
[2024-04-09T17:30:53.448+0000] {processor.py:840} INFO - DAG(s) 'prioritas1_no1' retrieved from /opt/airflow/dags/prioritas1_dag.py
[2024-04-09T17:30:53.491+0000] {logging_mixin.py:188} INFO - [2024-04-09T17:30:53.491+0000] {dag.py:3096} INFO - Sync 1 DAGs
[2024-04-09T17:30:53.527+0000] {logging_mixin.py:188} INFO - [2024-04-09T17:30:53.527+0000] {dag.py:3954} INFO - Setting next_dagrun for prioritas1_no1 to 2024-04-09 00:00:00+00:00, run_after=2024-04-10 00:00:00+00:00
[2024-04-09T17:30:53.569+0000] {processor.py:183} INFO - Processing /opt/airflow/dags/prioritas1_dag.py took 0.159 seconds
[2024-04-09T17:31:24.476+0000] {processor.py:161} INFO - Started process (PID=1967) to work on /opt/airflow/dags/prioritas1_dag.py
[2024-04-09T17:31:24.478+0000] {processor.py:830} INFO - Processing file /opt/airflow/dags/prioritas1_dag.py for tasks to queue
[2024-04-09T17:31:24.481+0000] {logging_mixin.py:188} INFO - [2024-04-09T17:31:24.480+0000] {dagbag.py:540} INFO - Filling up the DagBag from /opt/airflow/dags/prioritas1_dag.py
[2024-04-09T17:31:24.510+0000] {processor.py:840} INFO - DAG(s) 'prioritas1_no1' retrieved from /opt/airflow/dags/prioritas1_dag.py
[2024-04-09T17:31:24.534+0000] {logging_mixin.py:188} INFO - [2024-04-09T17:31:24.534+0000] {dag.py:3096} INFO - Sync 1 DAGs
[2024-04-09T17:31:24.559+0000] {logging_mixin.py:188} INFO - [2024-04-09T17:31:24.559+0000] {dag.py:3954} INFO - Setting next_dagrun for prioritas1_no1 to 2024-04-09 00:00:00+00:00, run_after=2024-04-10 00:00:00+00:00
[2024-04-09T17:31:24.586+0000] {processor.py:183} INFO - Processing /opt/airflow/dags/prioritas1_dag.py took 0.119 seconds
[2024-04-09T17:31:59.511+0000] {processor.py:161} INFO - Started process (PID=2019) to work on /opt/airflow/dags/prioritas1_dag.py
[2024-04-09T17:31:59.512+0000] {processor.py:830} INFO - Processing file /opt/airflow/dags/prioritas1_dag.py for tasks to queue
[2024-04-09T17:31:59.514+0000] {logging_mixin.py:188} INFO - [2024-04-09T17:31:59.514+0000] {dagbag.py:540} INFO - Filling up the DagBag from /opt/airflow/dags/prioritas1_dag.py
[2024-04-09T17:31:59.540+0000] {processor.py:840} INFO - DAG(s) 'prioritas1_no1' retrieved from /opt/airflow/dags/prioritas1_dag.py
[2024-04-09T17:31:59.573+0000] {logging_mixin.py:188} INFO - [2024-04-09T17:31:59.572+0000] {dag.py:3096} INFO - Sync 1 DAGs
[2024-04-09T17:31:59.611+0000] {logging_mixin.py:188} INFO - [2024-04-09T17:31:59.611+0000] {dag.py:3954} INFO - Setting next_dagrun for prioritas1_no1 to 2024-04-09 00:00:00+00:00, run_after=2024-04-10 00:00:00+00:00
[2024-04-09T17:31:59.759+0000] {processor.py:183} INFO - Processing /opt/airflow/dags/prioritas1_dag.py took 0.257 seconds
[2024-04-09T17:32:30.489+0000] {processor.py:161} INFO - Started process (PID=2071) to work on /opt/airflow/dags/prioritas1_dag.py
[2024-04-09T17:32:30.493+0000] {processor.py:830} INFO - Processing file /opt/airflow/dags/prioritas1_dag.py for tasks to queue
[2024-04-09T17:32:30.496+0000] {logging_mixin.py:188} INFO - [2024-04-09T17:32:30.495+0000] {dagbag.py:540} INFO - Filling up the DagBag from /opt/airflow/dags/prioritas1_dag.py
[2024-04-09T17:32:30.553+0000] {processor.py:840} INFO - DAG(s) 'prioritas1_no1' retrieved from /opt/airflow/dags/prioritas1_dag.py
[2024-04-09T17:32:30.774+0000] {logging_mixin.py:188} INFO - [2024-04-09T17:32:30.773+0000] {dag.py:3096} INFO - Sync 1 DAGs
[2024-04-09T17:32:30.821+0000] {logging_mixin.py:188} INFO - [2024-04-09T17:32:30.821+0000] {dag.py:3954} INFO - Setting next_dagrun for prioritas1_no1 to 2024-04-09 00:00:00+00:00, run_after=2024-04-10 00:00:00+00:00
[2024-04-09T17:32:30.875+0000] {processor.py:183} INFO - Processing /opt/airflow/dags/prioritas1_dag.py took 0.406 seconds
[2024-04-09T17:33:01.683+0000] {processor.py:161} INFO - Started process (PID=2130) to work on /opt/airflow/dags/prioritas1_dag.py
[2024-04-09T17:33:01.685+0000] {processor.py:830} INFO - Processing file /opt/airflow/dags/prioritas1_dag.py for tasks to queue
[2024-04-09T17:33:01.691+0000] {logging_mixin.py:188} INFO - [2024-04-09T17:33:01.690+0000] {dagbag.py:540} INFO - Filling up the DagBag from /opt/airflow/dags/prioritas1_dag.py
[2024-04-09T17:33:01.738+0000] {processor.py:840} INFO - DAG(s) 'prioritas1_no1' retrieved from /opt/airflow/dags/prioritas1_dag.py
[2024-04-09T17:33:01.780+0000] {logging_mixin.py:188} INFO - [2024-04-09T17:33:01.780+0000] {dag.py:3096} INFO - Sync 1 DAGs
[2024-04-09T17:33:01.825+0000] {logging_mixin.py:188} INFO - [2024-04-09T17:33:01.825+0000] {dag.py:3954} INFO - Setting next_dagrun for prioritas1_no1 to 2024-04-09 00:00:00+00:00, run_after=2024-04-10 00:00:00+00:00
[2024-04-09T17:33:01.880+0000] {processor.py:183} INFO - Processing /opt/airflow/dags/prioritas1_dag.py took 0.240 seconds
[2024-04-09T17:33:51.833+0000] {processor.py:161} INFO - Started process (PID=2183) to work on /opt/airflow/dags/prioritas1_dag.py
[2024-04-09T17:33:51.842+0000] {processor.py:830} INFO - Processing file /opt/airflow/dags/prioritas1_dag.py for tasks to queue
[2024-04-09T17:33:51.859+0000] {logging_mixin.py:188} INFO - [2024-04-09T17:33:51.858+0000] {dagbag.py:540} INFO - Filling up the DagBag from /opt/airflow/dags/prioritas1_dag.py
[2024-04-09T17:33:51.908+0000] {processor.py:840} INFO - DAG(s) 'prioritas1_no1' retrieved from /opt/airflow/dags/prioritas1_dag.py
[2024-04-09T17:33:51.987+0000] {logging_mixin.py:188} INFO - [2024-04-09T17:33:51.987+0000] {dag.py:3096} INFO - Sync 1 DAGs
[2024-04-09T17:33:52.041+0000] {logging_mixin.py:188} INFO - [2024-04-09T17:33:52.041+0000] {dag.py:3954} INFO - Setting next_dagrun for prioritas1_no1 to 2024-04-09 00:00:00+00:00, run_after=2024-04-10 00:00:00+00:00
[2024-04-09T17:33:52.115+0000] {processor.py:183} INFO - Processing /opt/airflow/dags/prioritas1_dag.py took 0.305 seconds
[2024-04-09T17:34:22.413+0000] {processor.py:161} INFO - Started process (PID=2239) to work on /opt/airflow/dags/prioritas1_dag.py
[2024-04-09T17:34:22.414+0000] {processor.py:830} INFO - Processing file /opt/airflow/dags/prioritas1_dag.py for tasks to queue
[2024-04-09T17:34:22.416+0000] {logging_mixin.py:188} INFO - [2024-04-09T17:34:22.416+0000] {dagbag.py:540} INFO - Filling up the DagBag from /opt/airflow/dags/prioritas1_dag.py
[2024-04-09T17:34:22.437+0000] {processor.py:840} INFO - DAG(s) 'prioritas1_no1' retrieved from /opt/airflow/dags/prioritas1_dag.py
[2024-04-09T17:34:22.509+0000] {logging_mixin.py:188} INFO - [2024-04-09T17:34:22.508+0000] {dag.py:3096} INFO - Sync 1 DAGs
[2024-04-09T17:34:22.549+0000] {logging_mixin.py:188} INFO - [2024-04-09T17:34:22.549+0000] {dag.py:3954} INFO - Setting next_dagrun for prioritas1_no1 to 2024-04-09 00:00:00+00:00, run_after=2024-04-10 00:00:00+00:00
[2024-04-09T17:34:22.604+0000] {processor.py:183} INFO - Processing /opt/airflow/dags/prioritas1_dag.py took 0.200 seconds
[2024-04-09T17:34:52.765+0000] {processor.py:161} INFO - Started process (PID=2298) to work on /opt/airflow/dags/prioritas1_dag.py
[2024-04-09T17:34:52.766+0000] {processor.py:830} INFO - Processing file /opt/airflow/dags/prioritas1_dag.py for tasks to queue
[2024-04-09T17:34:52.768+0000] {logging_mixin.py:188} INFO - [2024-04-09T17:34:52.768+0000] {dagbag.py:540} INFO - Filling up the DagBag from /opt/airflow/dags/prioritas1_dag.py
[2024-04-09T17:34:52.791+0000] {processor.py:840} INFO - DAG(s) 'prioritas1_no1' retrieved from /opt/airflow/dags/prioritas1_dag.py
[2024-04-09T17:34:52.821+0000] {logging_mixin.py:188} INFO - [2024-04-09T17:34:52.821+0000] {dag.py:3096} INFO - Sync 1 DAGs
[2024-04-09T17:34:52.855+0000] {logging_mixin.py:188} INFO - [2024-04-09T17:34:52.854+0000] {dag.py:3954} INFO - Setting next_dagrun for prioritas1_no1 to 2024-04-09 00:00:00+00:00, run_after=2024-04-10 00:00:00+00:00
[2024-04-09T17:34:52.886+0000] {processor.py:183} INFO - Processing /opt/airflow/dags/prioritas1_dag.py took 0.129 seconds
[2024-04-09T17:35:23.252+0000] {processor.py:161} INFO - Started process (PID=2355) to work on /opt/airflow/dags/prioritas1_dag.py
[2024-04-09T17:35:23.253+0000] {processor.py:830} INFO - Processing file /opt/airflow/dags/prioritas1_dag.py for tasks to queue
[2024-04-09T17:35:23.260+0000] {logging_mixin.py:188} INFO - [2024-04-09T17:35:23.259+0000] {dagbag.py:540} INFO - Filling up the DagBag from /opt/airflow/dags/prioritas1_dag.py
[2024-04-09T17:35:23.280+0000] {processor.py:840} INFO - DAG(s) 'prioritas1_no1' retrieved from /opt/airflow/dags/prioritas1_dag.py
[2024-04-09T17:35:23.317+0000] {logging_mixin.py:188} INFO - [2024-04-09T17:35:23.317+0000] {dag.py:3096} INFO - Sync 1 DAGs
[2024-04-09T17:35:23.351+0000] {logging_mixin.py:188} INFO - [2024-04-09T17:35:23.351+0000] {dag.py:3954} INFO - Setting next_dagrun for prioritas1_no1 to 2024-04-09 00:00:00+00:00, run_after=2024-04-10 00:00:00+00:00
[2024-04-09T17:35:23.389+0000] {processor.py:183} INFO - Processing /opt/airflow/dags/prioritas1_dag.py took 0.144 seconds
[2024-04-09T17:35:53.859+0000] {processor.py:161} INFO - Started process (PID=2412) to work on /opt/airflow/dags/prioritas1_dag.py
[2024-04-09T17:35:53.860+0000] {processor.py:830} INFO - Processing file /opt/airflow/dags/prioritas1_dag.py for tasks to queue
[2024-04-09T17:35:53.864+0000] {logging_mixin.py:188} INFO - [2024-04-09T17:35:53.863+0000] {dagbag.py:540} INFO - Filling up the DagBag from /opt/airflow/dags/prioritas1_dag.py
[2024-04-09T17:35:53.886+0000] {processor.py:840} INFO - DAG(s) 'prioritas1_no1' retrieved from /opt/airflow/dags/prioritas1_dag.py
[2024-04-09T17:35:53.909+0000] {logging_mixin.py:188} INFO - [2024-04-09T17:35:53.908+0000] {dag.py:3096} INFO - Sync 1 DAGs
[2024-04-09T17:35:53.935+0000] {logging_mixin.py:188} INFO - [2024-04-09T17:35:53.935+0000] {dag.py:3954} INFO - Setting next_dagrun for prioritas1_no1 to 2024-04-09 00:00:00+00:00, run_after=2024-04-10 00:00:00+00:00
[2024-04-09T17:35:53.963+0000] {processor.py:183} INFO - Processing /opt/airflow/dags/prioritas1_dag.py took 0.110 seconds
[2024-04-09T17:36:24.452+0000] {processor.py:161} INFO - Started process (PID=2471) to work on /opt/airflow/dags/prioritas1_dag.py
[2024-04-09T17:36:24.453+0000] {processor.py:830} INFO - Processing file /opt/airflow/dags/prioritas1_dag.py for tasks to queue
[2024-04-09T17:36:24.460+0000] {logging_mixin.py:188} INFO - [2024-04-09T17:36:24.459+0000] {dagbag.py:540} INFO - Filling up the DagBag from /opt/airflow/dags/prioritas1_dag.py
[2024-04-09T17:36:24.489+0000] {processor.py:840} INFO - DAG(s) 'prioritas1_no1' retrieved from /opt/airflow/dags/prioritas1_dag.py
[2024-04-09T17:36:24.520+0000] {logging_mixin.py:188} INFO - [2024-04-09T17:36:24.519+0000] {dag.py:3096} INFO - Sync 1 DAGs
[2024-04-09T17:36:24.560+0000] {logging_mixin.py:188} INFO - [2024-04-09T17:36:24.559+0000] {dag.py:3954} INFO - Setting next_dagrun for prioritas1_no1 to 2024-04-09 00:00:00+00:00, run_after=2024-04-10 00:00:00+00:00
[2024-04-09T17:36:24.599+0000] {processor.py:183} INFO - Processing /opt/airflow/dags/prioritas1_dag.py took 0.162 seconds
[2024-04-09T17:36:55.255+0000] {processor.py:161} INFO - Started process (PID=2537) to work on /opt/airflow/dags/prioritas1_dag.py
[2024-04-09T17:36:55.260+0000] {processor.py:830} INFO - Processing file /opt/airflow/dags/prioritas1_dag.py for tasks to queue
[2024-04-09T17:36:55.267+0000] {logging_mixin.py:188} INFO - [2024-04-09T17:36:55.266+0000] {dagbag.py:540} INFO - Filling up the DagBag from /opt/airflow/dags/prioritas1_dag.py
[2024-04-09T17:36:55.326+0000] {processor.py:840} INFO - DAG(s) 'prioritas1_no1' retrieved from /opt/airflow/dags/prioritas1_dag.py
[2024-04-09T17:36:55.406+0000] {logging_mixin.py:188} INFO - [2024-04-09T17:36:55.406+0000] {dag.py:3096} INFO - Sync 1 DAGs
[2024-04-09T17:36:55.505+0000] {logging_mixin.py:188} INFO - [2024-04-09T17:36:55.505+0000] {dag.py:3954} INFO - Setting next_dagrun for prioritas1_no1 to 2024-04-09 00:00:00+00:00, run_after=2024-04-10 00:00:00+00:00
[2024-04-09T17:36:55.634+0000] {processor.py:183} INFO - Processing /opt/airflow/dags/prioritas1_dag.py took 0.387 seconds
[2024-04-09T17:37:25.749+0000] {processor.py:161} INFO - Started process (PID=2595) to work on /opt/airflow/dags/prioritas1_dag.py
[2024-04-09T17:37:25.751+0000] {processor.py:830} INFO - Processing file /opt/airflow/dags/prioritas1_dag.py for tasks to queue
[2024-04-09T17:37:25.754+0000] {logging_mixin.py:188} INFO - [2024-04-09T17:37:25.754+0000] {dagbag.py:540} INFO - Filling up the DagBag from /opt/airflow/dags/prioritas1_dag.py
[2024-04-09T17:37:25.774+0000] {processor.py:840} INFO - DAG(s) 'prioritas1_no1' retrieved from /opt/airflow/dags/prioritas1_dag.py
[2024-04-09T17:37:25.810+0000] {logging_mixin.py:188} INFO - [2024-04-09T17:37:25.809+0000] {dag.py:3096} INFO - Sync 1 DAGs
[2024-04-09T17:37:25.845+0000] {logging_mixin.py:188} INFO - [2024-04-09T17:37:25.844+0000] {dag.py:3954} INFO - Setting next_dagrun for prioritas1_no1 to 2024-04-09 00:00:00+00:00, run_after=2024-04-10 00:00:00+00:00
[2024-04-09T17:37:25.881+0000] {processor.py:183} INFO - Processing /opt/airflow/dags/prioritas1_dag.py took 0.141 seconds
[2024-04-09T17:37:56.129+0000] {processor.py:161} INFO - Started process (PID=2654) to work on /opt/airflow/dags/prioritas1_dag.py
[2024-04-09T17:37:56.131+0000] {processor.py:830} INFO - Processing file /opt/airflow/dags/prioritas1_dag.py for tasks to queue
[2024-04-09T17:37:56.137+0000] {logging_mixin.py:188} INFO - [2024-04-09T17:37:56.137+0000] {dagbag.py:540} INFO - Filling up the DagBag from /opt/airflow/dags/prioritas1_dag.py
[2024-04-09T17:37:56.162+0000] {processor.py:840} INFO - DAG(s) 'prioritas1_no1' retrieved from /opt/airflow/dags/prioritas1_dag.py
[2024-04-09T17:37:56.249+0000] {logging_mixin.py:188} INFO - [2024-04-09T17:37:56.249+0000] {dag.py:3096} INFO - Sync 1 DAGs
[2024-04-09T17:37:56.284+0000] {logging_mixin.py:188} INFO - [2024-04-09T17:37:56.283+0000] {dag.py:3954} INFO - Setting next_dagrun for prioritas1_no1 to 2024-04-09 00:00:00+00:00, run_after=2024-04-10 00:00:00+00:00
[2024-04-09T17:37:56.323+0000] {processor.py:183} INFO - Processing /opt/airflow/dags/prioritas1_dag.py took 0.205 seconds
[2024-04-09T17:42:21.121+0000] {processor.py:161} INFO - Started process (PID=2696) to work on /opt/airflow/dags/prioritas1_dag.py
[2024-04-09T17:42:21.123+0000] {processor.py:830} INFO - Processing file /opt/airflow/dags/prioritas1_dag.py for tasks to queue
[2024-04-09T17:42:21.127+0000] {logging_mixin.py:188} INFO - [2024-04-09T17:42:21.126+0000] {dagbag.py:540} INFO - Filling up the DagBag from /opt/airflow/dags/prioritas1_dag.py
[2024-04-09T17:42:21.164+0000] {processor.py:840} INFO - DAG(s) 'prioritas1_no1' retrieved from /opt/airflow/dags/prioritas1_dag.py
[2024-04-09T17:42:21.651+0000] {logging_mixin.py:188} INFO - [2024-04-09T17:42:21.651+0000] {dag.py:3096} INFO - Sync 1 DAGs
[2024-04-09T17:42:21.682+0000] {logging_mixin.py:188} INFO - [2024-04-09T17:42:21.682+0000] {dag.py:3954} INFO - Setting next_dagrun for prioritas1_no1 to 2024-04-09 00:00:00+00:00, run_after=2024-04-10 00:00:00+00:00
[2024-04-09T17:42:21.728+0000] {processor.py:183} INFO - Processing /opt/airflow/dags/prioritas1_dag.py took 0.621 seconds
[2024-04-09T17:42:52.415+0000] {processor.py:161} INFO - Started process (PID=2752) to work on /opt/airflow/dags/prioritas1_dag.py
[2024-04-09T17:42:52.417+0000] {processor.py:830} INFO - Processing file /opt/airflow/dags/prioritas1_dag.py for tasks to queue
[2024-04-09T17:42:52.419+0000] {logging_mixin.py:188} INFO - [2024-04-09T17:42:52.419+0000] {dagbag.py:540} INFO - Filling up the DagBag from /opt/airflow/dags/prioritas1_dag.py
[2024-04-09T17:42:52.443+0000] {processor.py:840} INFO - DAG(s) 'prioritas1_no1' retrieved from /opt/airflow/dags/prioritas1_dag.py
[2024-04-09T17:42:52.472+0000] {logging_mixin.py:188} INFO - [2024-04-09T17:42:52.471+0000] {dag.py:3096} INFO - Sync 1 DAGs
[2024-04-09T17:42:52.503+0000] {logging_mixin.py:188} INFO - [2024-04-09T17:42:52.502+0000] {dag.py:3954} INFO - Setting next_dagrun for prioritas1_no1 to 2024-04-09 00:00:00+00:00, run_after=2024-04-10 00:00:00+00:00
[2024-04-09T17:42:52.534+0000] {processor.py:183} INFO - Processing /opt/airflow/dags/prioritas1_dag.py took 0.127 seconds
[2024-04-09T17:43:22.611+0000] {processor.py:161} INFO - Started process (PID=2810) to work on /opt/airflow/dags/prioritas1_dag.py
[2024-04-09T17:43:22.612+0000] {processor.py:830} INFO - Processing file /opt/airflow/dags/prioritas1_dag.py for tasks to queue
[2024-04-09T17:43:22.615+0000] {logging_mixin.py:188} INFO - [2024-04-09T17:43:22.615+0000] {dagbag.py:540} INFO - Filling up the DagBag from /opt/airflow/dags/prioritas1_dag.py
[2024-04-09T17:43:22.641+0000] {processor.py:840} INFO - DAG(s) 'prioritas1_no1' retrieved from /opt/airflow/dags/prioritas1_dag.py
[2024-04-09T17:43:22.674+0000] {logging_mixin.py:188} INFO - [2024-04-09T17:43:22.673+0000] {dag.py:3096} INFO - Sync 1 DAGs
[2024-04-09T17:43:22.706+0000] {logging_mixin.py:188} INFO - [2024-04-09T17:43:22.706+0000] {dag.py:3954} INFO - Setting next_dagrun for prioritas1_no1 to 2024-04-09 00:00:00+00:00, run_after=2024-04-10 00:00:00+00:00
[2024-04-09T17:43:22.740+0000] {processor.py:183} INFO - Processing /opt/airflow/dags/prioritas1_dag.py took 0.136 seconds
[2024-04-09T17:43:53.011+0000] {processor.py:161} INFO - Started process (PID=2869) to work on /opt/airflow/dags/prioritas1_dag.py
[2024-04-09T17:43:53.013+0000] {processor.py:830} INFO - Processing file /opt/airflow/dags/prioritas1_dag.py for tasks to queue
[2024-04-09T17:43:53.016+0000] {logging_mixin.py:188} INFO - [2024-04-09T17:43:53.015+0000] {dagbag.py:540} INFO - Filling up the DagBag from /opt/airflow/dags/prioritas1_dag.py
[2024-04-09T17:43:53.037+0000] {processor.py:840} INFO - DAG(s) 'prioritas1_no1' retrieved from /opt/airflow/dags/prioritas1_dag.py
[2024-04-09T17:43:53.348+0000] {logging_mixin.py:188} INFO - [2024-04-09T17:43:53.347+0000] {dag.py:3096} INFO - Sync 1 DAGs
[2024-04-09T17:43:53.382+0000] {logging_mixin.py:188} INFO - [2024-04-09T17:43:53.382+0000] {dag.py:3954} INFO - Setting next_dagrun for prioritas1_no1 to 2024-04-09 00:00:00+00:00, run_after=2024-04-10 00:00:00+00:00
[2024-04-09T17:43:53.431+0000] {processor.py:183} INFO - Processing /opt/airflow/dags/prioritas1_dag.py took 0.428 seconds
[2024-04-09T17:44:23.595+0000] {processor.py:161} INFO - Started process (PID=2929) to work on /opt/airflow/dags/prioritas1_dag.py
[2024-04-09T17:44:23.600+0000] {processor.py:830} INFO - Processing file /opt/airflow/dags/prioritas1_dag.py for tasks to queue
[2024-04-09T17:44:23.603+0000] {logging_mixin.py:188} INFO - [2024-04-09T17:44:23.603+0000] {dagbag.py:540} INFO - Filling up the DagBag from /opt/airflow/dags/prioritas1_dag.py
[2024-04-09T17:44:23.627+0000] {processor.py:840} INFO - DAG(s) 'prioritas1_no1' retrieved from /opt/airflow/dags/prioritas1_dag.py
[2024-04-09T17:44:23.659+0000] {logging_mixin.py:188} INFO - [2024-04-09T17:44:23.659+0000] {dag.py:3096} INFO - Sync 1 DAGs
[2024-04-09T17:44:23.700+0000] {logging_mixin.py:188} INFO - [2024-04-09T17:44:23.699+0000] {dag.py:3954} INFO - Setting next_dagrun for prioritas1_no1 to 2024-04-09 00:00:00+00:00, run_after=2024-04-10 00:00:00+00:00
[2024-04-09T17:44:23.753+0000] {processor.py:183} INFO - Processing /opt/airflow/dags/prioritas1_dag.py took 0.166 seconds
[2024-04-09T17:44:54.077+0000] {processor.py:161} INFO - Started process (PID=2987) to work on /opt/airflow/dags/prioritas1_dag.py
[2024-04-09T17:44:54.078+0000] {processor.py:830} INFO - Processing file /opt/airflow/dags/prioritas1_dag.py for tasks to queue
[2024-04-09T17:44:54.081+0000] {logging_mixin.py:188} INFO - [2024-04-09T17:44:54.080+0000] {dagbag.py:540} INFO - Filling up the DagBag from /opt/airflow/dags/prioritas1_dag.py
[2024-04-09T17:44:54.115+0000] {processor.py:840} INFO - DAG(s) 'prioritas1_no1' retrieved from /opt/airflow/dags/prioritas1_dag.py
[2024-04-09T17:44:54.181+0000] {logging_mixin.py:188} INFO - [2024-04-09T17:44:54.180+0000] {dag.py:3096} INFO - Sync 1 DAGs
[2024-04-09T17:44:54.248+0000] {logging_mixin.py:188} INFO - [2024-04-09T17:44:54.248+0000] {dag.py:3954} INFO - Setting next_dagrun for prioritas1_no1 to 2024-04-09 00:00:00+00:00, run_after=2024-04-10 00:00:00+00:00
[2024-04-09T17:44:54.295+0000] {processor.py:183} INFO - Processing /opt/airflow/dags/prioritas1_dag.py took 0.231 seconds
[2024-04-09T17:45:24.385+0000] {processor.py:161} INFO - Started process (PID=3044) to work on /opt/airflow/dags/prioritas1_dag.py
[2024-04-09T17:45:24.404+0000] {processor.py:830} INFO - Processing file /opt/airflow/dags/prioritas1_dag.py for tasks to queue
[2024-04-09T17:45:24.435+0000] {logging_mixin.py:188} INFO - [2024-04-09T17:45:24.430+0000] {dagbag.py:540} INFO - Filling up the DagBag from /opt/airflow/dags/prioritas1_dag.py
[2024-04-09T17:45:24.479+0000] {processor.py:840} INFO - DAG(s) 'prioritas1_no1' retrieved from /opt/airflow/dags/prioritas1_dag.py
[2024-04-09T17:45:24.515+0000] {logging_mixin.py:188} INFO - [2024-04-09T17:45:24.515+0000] {dag.py:3096} INFO - Sync 1 DAGs
[2024-04-09T17:45:24.581+0000] {logging_mixin.py:188} INFO - [2024-04-09T17:45:24.580+0000] {dag.py:3954} INFO - Setting next_dagrun for prioritas1_no1 to 2024-04-09 00:00:00+00:00, run_after=2024-04-10 00:00:00+00:00
[2024-04-09T17:45:24.680+0000] {processor.py:183} INFO - Processing /opt/airflow/dags/prioritas1_dag.py took 0.311 seconds
[2024-04-09T17:45:54.850+0000] {processor.py:161} INFO - Started process (PID=3100) to work on /opt/airflow/dags/prioritas1_dag.py
[2024-04-09T17:45:54.851+0000] {processor.py:830} INFO - Processing file /opt/airflow/dags/prioritas1_dag.py for tasks to queue
[2024-04-09T17:45:54.854+0000] {logging_mixin.py:188} INFO - [2024-04-09T17:45:54.854+0000] {dagbag.py:540} INFO - Filling up the DagBag from /opt/airflow/dags/prioritas1_dag.py
[2024-04-09T17:45:54.895+0000] {processor.py:840} INFO - DAG(s) 'prioritas1_no1' retrieved from /opt/airflow/dags/prioritas1_dag.py
[2024-04-09T17:45:54.949+0000] {logging_mixin.py:188} INFO - [2024-04-09T17:45:54.949+0000] {dag.py:3096} INFO - Sync 1 DAGs
[2024-04-09T17:45:55.003+0000] {logging_mixin.py:188} INFO - [2024-04-09T17:45:55.003+0000] {dag.py:3954} INFO - Setting next_dagrun for prioritas1_no1 to 2024-04-09 00:00:00+00:00, run_after=2024-04-10 00:00:00+00:00
[2024-04-09T17:45:55.053+0000] {processor.py:183} INFO - Processing /opt/airflow/dags/prioritas1_dag.py took 0.213 seconds
[2024-04-09T17:46:25.479+0000] {processor.py:161} INFO - Started process (PID=3159) to work on /opt/airflow/dags/prioritas1_dag.py
[2024-04-09T17:46:25.482+0000] {processor.py:830} INFO - Processing file /opt/airflow/dags/prioritas1_dag.py for tasks to queue
[2024-04-09T17:46:25.486+0000] {logging_mixin.py:188} INFO - [2024-04-09T17:46:25.484+0000] {dagbag.py:540} INFO - Filling up the DagBag from /opt/airflow/dags/prioritas1_dag.py
[2024-04-09T17:46:25.512+0000] {processor.py:840} INFO - DAG(s) 'prioritas1_no1' retrieved from /opt/airflow/dags/prioritas1_dag.py
[2024-04-09T17:46:25.537+0000] {logging_mixin.py:188} INFO - [2024-04-09T17:46:25.537+0000] {dag.py:3096} INFO - Sync 1 DAGs
[2024-04-09T17:46:25.567+0000] {logging_mixin.py:188} INFO - [2024-04-09T17:46:25.566+0000] {dag.py:3954} INFO - Setting next_dagrun for prioritas1_no1 to 2024-04-09 00:00:00+00:00, run_after=2024-04-10 00:00:00+00:00
[2024-04-09T17:46:25.596+0000] {processor.py:183} INFO - Processing /opt/airflow/dags/prioritas1_dag.py took 0.125 seconds
[2024-04-09T17:46:55.873+0000] {processor.py:161} INFO - Started process (PID=3218) to work on /opt/airflow/dags/prioritas1_dag.py
[2024-04-09T17:46:55.875+0000] {processor.py:830} INFO - Processing file /opt/airflow/dags/prioritas1_dag.py for tasks to queue
[2024-04-09T17:46:55.881+0000] {logging_mixin.py:188} INFO - [2024-04-09T17:46:55.881+0000] {dagbag.py:540} INFO - Filling up the DagBag from /opt/airflow/dags/prioritas1_dag.py
[2024-04-09T17:46:55.908+0000] {processor.py:840} INFO - DAG(s) 'prioritas1_no1' retrieved from /opt/airflow/dags/prioritas1_dag.py
[2024-04-09T17:46:55.943+0000] {logging_mixin.py:188} INFO - [2024-04-09T17:46:55.943+0000] {dag.py:3096} INFO - Sync 1 DAGs
[2024-04-09T17:46:55.988+0000] {logging_mixin.py:188} INFO - [2024-04-09T17:46:55.988+0000] {dag.py:3954} INFO - Setting next_dagrun for prioritas1_no1 to 2024-04-09 00:00:00+00:00, run_after=2024-04-10 00:00:00+00:00
[2024-04-09T17:46:56.028+0000] {processor.py:183} INFO - Processing /opt/airflow/dags/prioritas1_dag.py took 0.165 seconds
[2024-04-09T17:47:44.275+0000] {processor.py:161} INFO - Started process (PID=3277) to work on /opt/airflow/dags/prioritas1_dag.py
[2024-04-09T17:47:44.279+0000] {processor.py:830} INFO - Processing file /opt/airflow/dags/prioritas1_dag.py for tasks to queue
[2024-04-09T17:47:44.283+0000] {logging_mixin.py:188} INFO - [2024-04-09T17:47:44.282+0000] {dagbag.py:540} INFO - Filling up the DagBag from /opt/airflow/dags/prioritas1_dag.py
[2024-04-09T17:47:44.330+0000] {processor.py:840} INFO - DAG(s) 'prioritas1_no1' retrieved from /opt/airflow/dags/prioritas1_dag.py
[2024-04-09T17:47:44.404+0000] {logging_mixin.py:188} INFO - [2024-04-09T17:47:44.404+0000] {dag.py:3096} INFO - Sync 1 DAGs
[2024-04-09T17:47:44.479+0000] {logging_mixin.py:188} INFO - [2024-04-09T17:47:44.478+0000] {dag.py:3954} INFO - Setting next_dagrun for prioritas1_no1 to 2024-04-09 00:00:00+00:00, run_after=2024-04-10 00:00:00+00:00
[2024-04-09T17:47:44.561+0000] {processor.py:183} INFO - Processing /opt/airflow/dags/prioritas1_dag.py took 0.309 seconds
[2024-04-09T17:48:14.929+0000] {processor.py:161} INFO - Started process (PID=3337) to work on /opt/airflow/dags/prioritas1_dag.py
[2024-04-09T17:48:14.931+0000] {processor.py:830} INFO - Processing file /opt/airflow/dags/prioritas1_dag.py for tasks to queue
[2024-04-09T17:48:14.932+0000] {logging_mixin.py:188} INFO - [2024-04-09T17:48:14.932+0000] {dagbag.py:540} INFO - Filling up the DagBag from /opt/airflow/dags/prioritas1_dag.py
[2024-04-09T17:48:14.968+0000] {processor.py:840} INFO - DAG(s) 'prioritas1_no1' retrieved from /opt/airflow/dags/prioritas1_dag.py
[2024-04-09T17:48:14.998+0000] {logging_mixin.py:188} INFO - [2024-04-09T17:48:14.998+0000] {dag.py:3096} INFO - Sync 1 DAGs
[2024-04-09T17:48:15.029+0000] {logging_mixin.py:188} INFO - [2024-04-09T17:48:15.028+0000] {dag.py:3954} INFO - Setting next_dagrun for prioritas1_no1 to 2024-04-09 00:00:00+00:00, run_after=2024-04-10 00:00:00+00:00
[2024-04-09T17:48:15.069+0000] {processor.py:183} INFO - Processing /opt/airflow/dags/prioritas1_dag.py took 0.148 seconds
[2024-04-09T17:48:45.218+0000] {processor.py:161} INFO - Started process (PID=3394) to work on /opt/airflow/dags/prioritas1_dag.py
[2024-04-09T17:48:45.220+0000] {processor.py:830} INFO - Processing file /opt/airflow/dags/prioritas1_dag.py for tasks to queue
[2024-04-09T17:48:45.222+0000] {logging_mixin.py:188} INFO - [2024-04-09T17:48:45.222+0000] {dagbag.py:540} INFO - Filling up the DagBag from /opt/airflow/dags/prioritas1_dag.py
[2024-04-09T17:48:45.270+0000] {processor.py:840} INFO - DAG(s) 'prioritas1_no1' retrieved from /opt/airflow/dags/prioritas1_dag.py
[2024-04-09T17:48:45.391+0000] {logging_mixin.py:188} INFO - [2024-04-09T17:48:45.391+0000] {dag.py:3096} INFO - Sync 1 DAGs
[2024-04-09T17:48:45.470+0000] {logging_mixin.py:188} INFO - [2024-04-09T17:48:45.470+0000] {dag.py:3954} INFO - Setting next_dagrun for prioritas1_no1 to 2024-04-09 00:00:00+00:00, run_after=2024-04-10 00:00:00+00:00
[2024-04-09T17:48:45.524+0000] {processor.py:183} INFO - Processing /opt/airflow/dags/prioritas1_dag.py took 0.325 seconds
[2024-04-09T17:49:15.987+0000] {processor.py:161} INFO - Started process (PID=3454) to work on /opt/airflow/dags/prioritas1_dag.py
[2024-04-09T17:49:15.988+0000] {processor.py:830} INFO - Processing file /opt/airflow/dags/prioritas1_dag.py for tasks to queue
[2024-04-09T17:49:15.993+0000] {logging_mixin.py:188} INFO - [2024-04-09T17:49:15.991+0000] {dagbag.py:540} INFO - Filling up the DagBag from /opt/airflow/dags/prioritas1_dag.py
[2024-04-09T17:49:16.017+0000] {processor.py:840} INFO - DAG(s) 'prioritas1_no1' retrieved from /opt/airflow/dags/prioritas1_dag.py
[2024-04-09T17:49:16.054+0000] {logging_mixin.py:188} INFO - [2024-04-09T17:49:16.053+0000] {dag.py:3096} INFO - Sync 1 DAGs
[2024-04-09T17:49:16.100+0000] {logging_mixin.py:188} INFO - [2024-04-09T17:49:16.100+0000] {dag.py:3954} INFO - Setting next_dagrun for prioritas1_no1 to 2024-04-09 00:00:00+00:00, run_after=2024-04-10 00:00:00+00:00
[2024-04-09T17:49:16.135+0000] {processor.py:183} INFO - Processing /opt/airflow/dags/prioritas1_dag.py took 0.164 seconds
[2024-04-09T17:49:47.091+0000] {processor.py:161} INFO - Started process (PID=3514) to work on /opt/airflow/dags/prioritas1_dag.py
[2024-04-09T17:49:47.093+0000] {processor.py:830} INFO - Processing file /opt/airflow/dags/prioritas1_dag.py for tasks to queue
[2024-04-09T17:49:47.094+0000] {logging_mixin.py:188} INFO - [2024-04-09T17:49:47.094+0000] {dagbag.py:540} INFO - Filling up the DagBag from /opt/airflow/dags/prioritas1_dag.py
[2024-04-09T17:49:47.117+0000] {processor.py:840} INFO - DAG(s) 'prioritas1_no1' retrieved from /opt/airflow/dags/prioritas1_dag.py
[2024-04-09T17:49:47.153+0000] {logging_mixin.py:188} INFO - [2024-04-09T17:49:47.152+0000] {dag.py:3096} INFO - Sync 1 DAGs
[2024-04-09T17:49:47.185+0000] {logging_mixin.py:188} INFO - [2024-04-09T17:49:47.184+0000] {dag.py:3954} INFO - Setting next_dagrun for prioritas1_no1 to 2024-04-09 00:00:00+00:00, run_after=2024-04-10 00:00:00+00:00
[2024-04-09T17:49:47.215+0000] {processor.py:183} INFO - Processing /opt/airflow/dags/prioritas1_dag.py took 0.150 seconds
[2024-04-09T17:50:17.796+0000] {processor.py:161} INFO - Started process (PID=3574) to work on /opt/airflow/dags/prioritas1_dag.py
[2024-04-09T17:50:17.797+0000] {processor.py:830} INFO - Processing file /opt/airflow/dags/prioritas1_dag.py for tasks to queue
[2024-04-09T17:50:17.799+0000] {logging_mixin.py:188} INFO - [2024-04-09T17:50:17.798+0000] {dagbag.py:540} INFO - Filling up the DagBag from /opt/airflow/dags/prioritas1_dag.py
[2024-04-09T17:50:17.823+0000] {processor.py:840} INFO - DAG(s) 'prioritas1_no1' retrieved from /opt/airflow/dags/prioritas1_dag.py
[2024-04-09T17:50:17.852+0000] {logging_mixin.py:188} INFO - [2024-04-09T17:50:17.852+0000] {dag.py:3096} INFO - Sync 1 DAGs
[2024-04-09T17:50:17.884+0000] {logging_mixin.py:188} INFO - [2024-04-09T17:50:17.884+0000] {dag.py:3954} INFO - Setting next_dagrun for prioritas1_no1 to 2024-04-09 00:00:00+00:00, run_after=2024-04-10 00:00:00+00:00
[2024-04-09T17:50:17.920+0000] {processor.py:183} INFO - Processing /opt/airflow/dags/prioritas1_dag.py took 0.133 seconds
[2024-04-09T17:50:48.261+0000] {processor.py:161} INFO - Started process (PID=3634) to work on /opt/airflow/dags/prioritas1_dag.py
[2024-04-09T17:50:48.262+0000] {processor.py:830} INFO - Processing file /opt/airflow/dags/prioritas1_dag.py for tasks to queue
[2024-04-09T17:50:48.264+0000] {logging_mixin.py:188} INFO - [2024-04-09T17:50:48.263+0000] {dagbag.py:540} INFO - Filling up the DagBag from /opt/airflow/dags/prioritas1_dag.py
[2024-04-09T17:50:48.299+0000] {processor.py:840} INFO - DAG(s) 'prioritas1_no1' retrieved from /opt/airflow/dags/prioritas1_dag.py
[2024-04-09T17:50:48.336+0000] {logging_mixin.py:188} INFO - [2024-04-09T17:50:48.335+0000] {dag.py:3096} INFO - Sync 1 DAGs
[2024-04-09T17:50:48.385+0000] {logging_mixin.py:188} INFO - [2024-04-09T17:50:48.384+0000] {dag.py:3954} INFO - Setting next_dagrun for prioritas1_no1 to 2024-04-09 00:00:00+00:00, run_after=2024-04-10 00:00:00+00:00
[2024-04-09T17:50:48.424+0000] {processor.py:183} INFO - Processing /opt/airflow/dags/prioritas1_dag.py took 0.195 seconds
[2024-04-09T17:51:19.023+0000] {processor.py:161} INFO - Started process (PID=3694) to work on /opt/airflow/dags/prioritas1_dag.py
[2024-04-09T17:51:19.027+0000] {processor.py:830} INFO - Processing file /opt/airflow/dags/prioritas1_dag.py for tasks to queue
[2024-04-09T17:51:19.028+0000] {logging_mixin.py:188} INFO - [2024-04-09T17:51:19.028+0000] {dagbag.py:540} INFO - Filling up the DagBag from /opt/airflow/dags/prioritas1_dag.py
[2024-04-09T17:51:19.061+0000] {processor.py:840} INFO - DAG(s) 'prioritas1_no1' retrieved from /opt/airflow/dags/prioritas1_dag.py
[2024-04-09T17:51:19.094+0000] {logging_mixin.py:188} INFO - [2024-04-09T17:51:19.093+0000] {dag.py:3096} INFO - Sync 1 DAGs
[2024-04-09T17:51:19.127+0000] {logging_mixin.py:188} INFO - [2024-04-09T17:51:19.127+0000] {dag.py:3954} INFO - Setting next_dagrun for prioritas1_no1 to 2024-04-09 00:00:00+00:00, run_after=2024-04-10 00:00:00+00:00
[2024-04-09T17:51:19.199+0000] {processor.py:183} INFO - Processing /opt/airflow/dags/prioritas1_dag.py took 0.184 seconds
[2024-04-09T17:51:50.066+0000] {processor.py:161} INFO - Started process (PID=3754) to work on /opt/airflow/dags/prioritas1_dag.py
[2024-04-09T17:51:50.068+0000] {processor.py:830} INFO - Processing file /opt/airflow/dags/prioritas1_dag.py for tasks to queue
[2024-04-09T17:51:50.076+0000] {logging_mixin.py:188} INFO - [2024-04-09T17:51:50.070+0000] {dagbag.py:540} INFO - Filling up the DagBag from /opt/airflow/dags/prioritas1_dag.py
[2024-04-09T17:51:50.121+0000] {processor.py:840} INFO - DAG(s) 'prioritas1_no1' retrieved from /opt/airflow/dags/prioritas1_dag.py
[2024-04-09T17:51:50.152+0000] {logging_mixin.py:188} INFO - [2024-04-09T17:51:50.151+0000] {dag.py:3096} INFO - Sync 1 DAGs
[2024-04-09T17:51:50.185+0000] {logging_mixin.py:188} INFO - [2024-04-09T17:51:50.185+0000] {dag.py:3954} INFO - Setting next_dagrun for prioritas1_no1 to 2024-04-09 00:00:00+00:00, run_after=2024-04-10 00:00:00+00:00
[2024-04-09T17:51:50.223+0000] {processor.py:183} INFO - Processing /opt/airflow/dags/prioritas1_dag.py took 0.165 seconds
[2024-04-09T17:52:39.200+0000] {processor.py:161} INFO - Started process (PID=3808) to work on /opt/airflow/dags/prioritas1_dag.py
[2024-04-09T17:52:39.203+0000] {processor.py:830} INFO - Processing file /opt/airflow/dags/prioritas1_dag.py for tasks to queue
[2024-04-09T17:52:39.208+0000] {logging_mixin.py:188} INFO - [2024-04-09T17:52:39.207+0000] {dagbag.py:540} INFO - Filling up the DagBag from /opt/airflow/dags/prioritas1_dag.py
[2024-04-09T17:52:39.256+0000] {processor.py:840} INFO - DAG(s) 'prioritas1_no1' retrieved from /opt/airflow/dags/prioritas1_dag.py
[2024-04-09T17:52:39.410+0000] {logging_mixin.py:188} INFO - [2024-04-09T17:52:39.409+0000] {dag.py:3096} INFO - Sync 1 DAGs
[2024-04-09T17:52:39.464+0000] {logging_mixin.py:188} INFO - [2024-04-09T17:52:39.464+0000] {dag.py:3954} INFO - Setting next_dagrun for prioritas1_no1 to 2024-04-09 00:00:00+00:00, run_after=2024-04-10 00:00:00+00:00
[2024-04-09T17:52:39.509+0000] {processor.py:183} INFO - Processing /opt/airflow/dags/prioritas1_dag.py took 0.360 seconds
[2024-04-09T17:53:10.446+0000] {processor.py:161} INFO - Started process (PID=3867) to work on /opt/airflow/dags/prioritas1_dag.py
[2024-04-09T17:53:10.468+0000] {processor.py:830} INFO - Processing file /opt/airflow/dags/prioritas1_dag.py for tasks to queue
[2024-04-09T17:53:10.470+0000] {logging_mixin.py:188} INFO - [2024-04-09T17:53:10.469+0000] {dagbag.py:540} INFO - Filling up the DagBag from /opt/airflow/dags/prioritas1_dag.py
[2024-04-09T17:53:10.507+0000] {processor.py:840} INFO - DAG(s) 'prioritas1_no1' retrieved from /opt/airflow/dags/prioritas1_dag.py
[2024-04-09T17:53:10.558+0000] {logging_mixin.py:188} INFO - [2024-04-09T17:53:10.558+0000] {dag.py:3096} INFO - Sync 1 DAGs
[2024-04-09T17:53:10.615+0000] {logging_mixin.py:188} INFO - [2024-04-09T17:53:10.614+0000] {dag.py:3954} INFO - Setting next_dagrun for prioritas1_no1 to 2024-04-09 00:00:00+00:00, run_after=2024-04-10 00:00:00+00:00
[2024-04-09T17:53:10.651+0000] {processor.py:183} INFO - Processing /opt/airflow/dags/prioritas1_dag.py took 0.216 seconds
[2024-04-09T17:53:49.684+0000] {processor.py:161} INFO - Started process (PID=3914) to work on /opt/airflow/dags/prioritas1_dag.py
[2024-04-09T17:53:49.685+0000] {processor.py:830} INFO - Processing file /opt/airflow/dags/prioritas1_dag.py for tasks to queue
[2024-04-09T17:53:49.687+0000] {logging_mixin.py:188} INFO - [2024-04-09T17:53:49.686+0000] {dagbag.py:540} INFO - Filling up the DagBag from /opt/airflow/dags/prioritas1_dag.py
[2024-04-09T17:53:49.720+0000] {processor.py:840} INFO - DAG(s) 'prioritas1_no1' retrieved from /opt/airflow/dags/prioritas1_dag.py
[2024-04-09T17:53:49.765+0000] {logging_mixin.py:188} INFO - [2024-04-09T17:53:49.765+0000] {dag.py:3096} INFO - Sync 1 DAGs
[2024-04-09T17:53:49.813+0000] {logging_mixin.py:188} INFO - [2024-04-09T17:53:49.813+0000] {dag.py:3954} INFO - Setting next_dagrun for prioritas1_no1 to 2024-04-09 00:00:00+00:00, run_after=2024-04-10 00:00:00+00:00
[2024-04-09T17:53:49.871+0000] {processor.py:183} INFO - Processing /opt/airflow/dags/prioritas1_dag.py took 0.202 seconds
[2024-04-09T17:54:20.551+0000] {processor.py:161} INFO - Started process (PID=3974) to work on /opt/airflow/dags/prioritas1_dag.py
[2024-04-09T17:54:20.553+0000] {processor.py:830} INFO - Processing file /opt/airflow/dags/prioritas1_dag.py for tasks to queue
[2024-04-09T17:54:20.555+0000] {logging_mixin.py:188} INFO - [2024-04-09T17:54:20.555+0000] {dagbag.py:540} INFO - Filling up the DagBag from /opt/airflow/dags/prioritas1_dag.py
[2024-04-09T17:54:20.583+0000] {processor.py:840} INFO - DAG(s) 'prioritas1_no1' retrieved from /opt/airflow/dags/prioritas1_dag.py
[2024-04-09T17:54:20.619+0000] {logging_mixin.py:188} INFO - [2024-04-09T17:54:20.619+0000] {dag.py:3096} INFO - Sync 1 DAGs
[2024-04-09T17:54:20.654+0000] {logging_mixin.py:188} INFO - [2024-04-09T17:54:20.654+0000] {dag.py:3954} INFO - Setting next_dagrun for prioritas1_no1 to 2024-04-09 00:00:00+00:00, run_after=2024-04-10 00:00:00+00:00
[2024-04-09T17:54:20.686+0000] {processor.py:183} INFO - Processing /opt/airflow/dags/prioritas1_dag.py took 0.149 seconds
[2024-04-09T17:54:52.234+0000] {processor.py:161} INFO - Started process (PID=4025) to work on /opt/airflow/dags/prioritas1_dag.py
[2024-04-09T17:54:52.236+0000] {processor.py:830} INFO - Processing file /opt/airflow/dags/prioritas1_dag.py for tasks to queue
[2024-04-09T17:54:52.240+0000] {logging_mixin.py:188} INFO - [2024-04-09T17:54:52.237+0000] {dagbag.py:540} INFO - Filling up the DagBag from /opt/airflow/dags/prioritas1_dag.py
[2024-04-09T17:54:52.281+0000] {processor.py:840} INFO - DAG(s) 'prioritas1_no1' retrieved from /opt/airflow/dags/prioritas1_dag.py
[2024-04-09T17:54:52.870+0000] {logging_mixin.py:188} INFO - [2024-04-09T17:54:52.868+0000] {dag.py:3096} INFO - Sync 1 DAGs
[2024-04-09T17:54:52.916+0000] {logging_mixin.py:188} INFO - [2024-04-09T17:54:52.916+0000] {dag.py:3954} INFO - Setting next_dagrun for prioritas1_no1 to 2024-04-09 00:00:00+00:00, run_after=2024-04-10 00:00:00+00:00
[2024-04-09T17:54:52.958+0000] {processor.py:183} INFO - Processing /opt/airflow/dags/prioritas1_dag.py took 0.745 seconds
[2024-04-09T17:55:23.592+0000] {processor.py:161} INFO - Started process (PID=4084) to work on /opt/airflow/dags/prioritas1_dag.py
[2024-04-09T17:55:23.594+0000] {processor.py:830} INFO - Processing file /opt/airflow/dags/prioritas1_dag.py for tasks to queue
[2024-04-09T17:55:23.595+0000] {logging_mixin.py:188} INFO - [2024-04-09T17:55:23.594+0000] {dagbag.py:540} INFO - Filling up the DagBag from /opt/airflow/dags/prioritas1_dag.py
[2024-04-09T17:55:23.620+0000] {processor.py:840} INFO - DAG(s) 'prioritas1_no1' retrieved from /opt/airflow/dags/prioritas1_dag.py
[2024-04-09T17:55:23.646+0000] {logging_mixin.py:188} INFO - [2024-04-09T17:55:23.645+0000] {dag.py:3096} INFO - Sync 1 DAGs
[2024-04-09T17:55:23.675+0000] {logging_mixin.py:188} INFO - [2024-04-09T17:55:23.675+0000] {dag.py:3954} INFO - Setting next_dagrun for prioritas1_no1 to 2024-04-09 00:00:00+00:00, run_after=2024-04-10 00:00:00+00:00
[2024-04-09T17:55:23.706+0000] {processor.py:183} INFO - Processing /opt/airflow/dags/prioritas1_dag.py took 0.121 seconds
[2024-04-09T17:55:53.800+0000] {processor.py:161} INFO - Started process (PID=4142) to work on /opt/airflow/dags/prioritas1_dag.py
[2024-04-09T17:55:53.802+0000] {processor.py:830} INFO - Processing file /opt/airflow/dags/prioritas1_dag.py for tasks to queue
[2024-04-09T17:55:53.804+0000] {logging_mixin.py:188} INFO - [2024-04-09T17:55:53.803+0000] {dagbag.py:540} INFO - Filling up the DagBag from /opt/airflow/dags/prioritas1_dag.py
[2024-04-09T17:55:53.827+0000] {processor.py:840} INFO - DAG(s) 'prioritas1_no1' retrieved from /opt/airflow/dags/prioritas1_dag.py
[2024-04-09T17:55:53.852+0000] {logging_mixin.py:188} INFO - [2024-04-09T17:55:53.852+0000] {dag.py:3096} INFO - Sync 1 DAGs
[2024-04-09T17:55:53.880+0000] {logging_mixin.py:188} INFO - [2024-04-09T17:55:53.880+0000] {dag.py:3954} INFO - Setting next_dagrun for prioritas1_no1 to 2024-04-09 00:00:00+00:00, run_after=2024-04-10 00:00:00+00:00
[2024-04-09T17:55:53.907+0000] {processor.py:183} INFO - Processing /opt/airflow/dags/prioritas1_dag.py took 0.116 seconds
[2024-04-09T17:56:24.129+0000] {processor.py:161} INFO - Started process (PID=4202) to work on /opt/airflow/dags/prioritas1_dag.py
[2024-04-09T17:56:24.137+0000] {processor.py:830} INFO - Processing file /opt/airflow/dags/prioritas1_dag.py for tasks to queue
[2024-04-09T17:56:24.138+0000] {logging_mixin.py:188} INFO - [2024-04-09T17:56:24.138+0000] {dagbag.py:540} INFO - Filling up the DagBag from /opt/airflow/dags/prioritas1_dag.py
[2024-04-09T17:56:24.161+0000] {processor.py:840} INFO - DAG(s) 'prioritas1_no1' retrieved from /opt/airflow/dags/prioritas1_dag.py
[2024-04-09T17:56:24.185+0000] {logging_mixin.py:188} INFO - [2024-04-09T17:56:24.185+0000] {dag.py:3096} INFO - Sync 1 DAGs
[2024-04-09T17:56:24.213+0000] {logging_mixin.py:188} INFO - [2024-04-09T17:56:24.212+0000] {dag.py:3954} INFO - Setting next_dagrun for prioritas1_no1 to 2024-04-09 00:00:00+00:00, run_after=2024-04-10 00:00:00+00:00
[2024-04-09T17:56:24.241+0000] {processor.py:183} INFO - Processing /opt/airflow/dags/prioritas1_dag.py took 0.120 seconds
[2024-04-09T17:56:54.908+0000] {processor.py:161} INFO - Started process (PID=4261) to work on /opt/airflow/dags/prioritas1_dag.py
[2024-04-09T17:56:54.910+0000] {processor.py:830} INFO - Processing file /opt/airflow/dags/prioritas1_dag.py for tasks to queue
[2024-04-09T17:56:54.913+0000] {logging_mixin.py:188} INFO - [2024-04-09T17:56:54.912+0000] {dagbag.py:540} INFO - Filling up the DagBag from /opt/airflow/dags/prioritas1_dag.py
[2024-04-09T17:56:54.946+0000] {processor.py:840} INFO - DAG(s) 'prioritas1_no1' retrieved from /opt/airflow/dags/prioritas1_dag.py
[2024-04-09T17:56:55.003+0000] {logging_mixin.py:188} INFO - [2024-04-09T17:56:55.003+0000] {dag.py:3096} INFO - Sync 1 DAGs
[2024-04-09T17:56:55.095+0000] {logging_mixin.py:188} INFO - [2024-04-09T17:56:55.095+0000] {dag.py:3954} INFO - Setting next_dagrun for prioritas1_no1 to 2024-04-09 00:00:00+00:00, run_after=2024-04-10 00:00:00+00:00
[2024-04-09T17:56:55.133+0000] {processor.py:183} INFO - Processing /opt/airflow/dags/prioritas1_dag.py took 0.233 seconds
[2024-04-09T17:57:25.733+0000] {processor.py:161} INFO - Started process (PID=4320) to work on /opt/airflow/dags/prioritas1_dag.py
[2024-04-09T17:57:25.736+0000] {processor.py:830} INFO - Processing file /opt/airflow/dags/prioritas1_dag.py for tasks to queue
[2024-04-09T17:57:25.738+0000] {logging_mixin.py:188} INFO - [2024-04-09T17:57:25.738+0000] {dagbag.py:540} INFO - Filling up the DagBag from /opt/airflow/dags/prioritas1_dag.py
[2024-04-09T17:57:25.762+0000] {processor.py:840} INFO - DAG(s) 'prioritas1_no1' retrieved from /opt/airflow/dags/prioritas1_dag.py
[2024-04-09T17:57:25.906+0000] {logging_mixin.py:188} INFO - [2024-04-09T17:57:25.905+0000] {dag.py:3096} INFO - Sync 1 DAGs
[2024-04-09T17:57:25.941+0000] {logging_mixin.py:188} INFO - [2024-04-09T17:57:25.941+0000] {dag.py:3954} INFO - Setting next_dagrun for prioritas1_no1 to 2024-04-09 00:00:00+00:00, run_after=2024-04-10 00:00:00+00:00
[2024-04-09T17:57:25.990+0000] {processor.py:183} INFO - Processing /opt/airflow/dags/prioritas1_dag.py took 0.265 seconds
[2024-04-09T17:58:05.610+0000] {processor.py:161} INFO - Started process (PID=4349) to work on /opt/airflow/dags/prioritas1_dag.py
[2024-04-09T17:58:05.613+0000] {processor.py:830} INFO - Processing file /opt/airflow/dags/prioritas1_dag.py for tasks to queue
[2024-04-09T17:58:05.617+0000] {logging_mixin.py:188} INFO - [2024-04-09T17:58:05.616+0000] {dagbag.py:540} INFO - Filling up the DagBag from /opt/airflow/dags/prioritas1_dag.py
[2024-04-09T17:58:05.673+0000] {processor.py:840} INFO - DAG(s) 'prioritas1_no1' retrieved from /opt/airflow/dags/prioritas1_dag.py
[2024-04-09T17:58:05.765+0000] {logging_mixin.py:188} INFO - [2024-04-09T17:58:05.765+0000] {dag.py:3096} INFO - Sync 1 DAGs
[2024-04-09T17:58:05.817+0000] {logging_mixin.py:188} INFO - [2024-04-09T17:58:05.817+0000] {dag.py:3954} INFO - Setting next_dagrun for prioritas1_no1 to 2024-04-09 00:00:00+00:00, run_after=2024-04-10 00:00:00+00:00
[2024-04-09T17:58:05.887+0000] {processor.py:183} INFO - Processing /opt/airflow/dags/prioritas1_dag.py took 0.298 seconds
