[2024-04-15T15:41:14.309+0000] {local_task_job_runner.py:120} INFO - ::group::Pre task execution logs
[2024-04-15T15:41:14.334+0000] {taskinstance.py:2073} INFO - Dependencies all met for dep_context=non-requeueable deps ti=<TaskInstance: prioritas2.print_success_message scheduled__2024-04-14T00:00:00+00:00 [queued]>
[2024-04-15T15:41:14.344+0000] {taskinstance.py:2073} INFO - Dependencies all met for dep_context=requeueable deps ti=<TaskInstance: prioritas2.print_success_message scheduled__2024-04-14T00:00:00+00:00 [queued]>
[2024-04-15T15:41:14.345+0000] {taskinstance.py:2303} INFO - Starting attempt 1 of 6
[2024-04-15T15:41:14.369+0000] {taskinstance.py:2327} INFO - Executing <Task(PythonOperator): print_success_message> on 2024-04-14 00:00:00+00:00
[2024-04-15T15:41:14.380+0000] {warnings.py:110} WARNING - /home/***/.local/lib/python3.12/site-packages/***/task/task_runner/standard_task_runner.py:61: DeprecationWarning: This process (pid=413) is multi-threaded, use of fork() may lead to deadlocks in the child.
  pid = os.fork()

[2024-04-15T15:41:14.381+0000] {standard_task_runner.py:90} INFO - Running: ['***', 'tasks', 'run', 'prioritas2', 'print_success_message', 'scheduled__2024-04-14T00:00:00+00:00', '--job-id', '517', '--raw', '--subdir', 'DAGS_FOLDER/prioritas2_dag.py', '--cfg-path', '/tmp/tmpfamjxe3f']
[2024-04-15T15:41:14.384+0000] {standard_task_runner.py:91} INFO - Job 517: Subtask print_success_message
[2024-04-15T15:41:14.384+0000] {standard_task_runner.py:63} INFO - Started process 415 to run task
[2024-04-15T15:41:14.446+0000] {task_command.py:426} INFO - Running <TaskInstance: prioritas2.print_success_message scheduled__2024-04-14T00:00:00+00:00 [running]> on host 0c479e6c33e4
[2024-04-15T15:41:14.580+0000] {taskinstance.py:2644} INFO - Exporting env vars: AIRFLOW_CTX_DAG_OWNER='abdan' AIRFLOW_CTX_DAG_ID='prioritas2' AIRFLOW_CTX_TASK_ID='print_success_message' AIRFLOW_CTX_EXECUTION_DATE='2024-04-14T00:00:00+00:00' AIRFLOW_CTX_TRY_NUMBER='1' AIRFLOW_CTX_DAG_RUN_ID='scheduled__2024-04-14T00:00:00+00:00'
[2024-04-15T15:41:14.583+0000] {taskinstance.py:430} INFO - ::endgroup::
[2024-04-15T15:41:14.584+0000] {logging_mixin.py:188} INFO - done!
[2024-04-15T15:41:14.585+0000] {python.py:237} INFO - Done. Returned value was: None
[2024-04-15T15:41:14.586+0000] {taskinstance.py:441} INFO - ::group::Post task execution logs
[2024-04-15T15:41:14.599+0000] {taskinstance.py:1205} INFO - Marking task as SUCCESS. dag_id=prioritas2, task_id=print_success_message, execution_date=20240414T000000, start_date=20240415T154114, end_date=20240415T154114
[2024-04-15T15:41:14.640+0000] {local_task_job_runner.py:240} INFO - Task exited with return code 0
[2024-04-15T15:41:14.659+0000] {taskinstance.py:3482} INFO - 0 downstream tasks scheduled from follow-on schedule check
[2024-04-15T15:41:14.666+0000] {local_task_job_runner.py:222} INFO - ::endgroup::
