[2024-04-14T11:52:43.760+0000] {processor.py:161} INFO - Started process (PID=47) to work on /home/airflow/.local/lib/python3.12/site-packages/airflow/example_dags/example_trigger_target_dag.py
[2024-04-14T11:52:43.829+0000] {processor.py:830} INFO - Processing file /home/airflow/.local/lib/python3.12/site-packages/airflow/example_dags/example_trigger_target_dag.py for tasks to queue
[2024-04-14T11:52:43.986+0000] {logging_mixin.py:188} INFO - [2024-04-14T11:52:43.986+0000] {dagbag.py:540} INFO - Filling up the DagBag from /home/airflow/.local/lib/python3.12/site-packages/airflow/example_dags/example_trigger_target_dag.py
[2024-04-14T11:52:44.527+0000] {processor.py:840} INFO - DAG(s) 'example_trigger_target_dag' retrieved from /home/airflow/.local/lib/python3.12/site-packages/airflow/example_dags/example_trigger_target_dag.py
[2024-04-14T11:52:45.542+0000] {logging_mixin.py:188} INFO - [2024-04-14T11:52:45.540+0000] {dag.py:3096} INFO - Sync 1 DAGs
[2024-04-14T11:52:45.948+0000] {logging_mixin.py:188} INFO - [2024-04-14T11:52:45.948+0000] {dag.py:3954} INFO - Setting next_dagrun for example_trigger_target_dag to None, run_after=None
[2024-04-14T11:52:46.126+0000] {processor.py:183} INFO - Processing /home/airflow/.local/lib/python3.12/site-packages/airflow/example_dags/example_trigger_target_dag.py took 3.259 seconds
[2024-04-14T11:53:45.591+0000] {processor.py:161} INFO - Started process (PID=121) to work on /home/airflow/.local/lib/python3.12/site-packages/airflow/example_dags/example_trigger_target_dag.py
[2024-04-14T11:53:45.598+0000] {processor.py:830} INFO - Processing file /home/airflow/.local/lib/python3.12/site-packages/airflow/example_dags/example_trigger_target_dag.py for tasks to queue
[2024-04-14T11:53:45.629+0000] {logging_mixin.py:188} INFO - [2024-04-14T11:53:45.628+0000] {dagbag.py:540} INFO - Filling up the DagBag from /home/airflow/.local/lib/python3.12/site-packages/airflow/example_dags/example_trigger_target_dag.py
[2024-04-14T11:53:45.688+0000] {processor.py:840} INFO - DAG(s) 'example_trigger_target_dag' retrieved from /home/airflow/.local/lib/python3.12/site-packages/airflow/example_dags/example_trigger_target_dag.py
[2024-04-14T11:53:45.791+0000] {logging_mixin.py:188} INFO - [2024-04-14T11:53:45.791+0000] {dag.py:3096} INFO - Sync 1 DAGs
[2024-04-14T11:53:45.911+0000] {logging_mixin.py:188} INFO - [2024-04-14T11:53:45.911+0000] {dag.py:3954} INFO - Setting next_dagrun for example_trigger_target_dag to None, run_after=None
[2024-04-14T11:53:46.057+0000] {processor.py:183} INFO - Processing /home/airflow/.local/lib/python3.12/site-packages/airflow/example_dags/example_trigger_target_dag.py took 0.545 seconds
[2024-04-14T11:54:23.021+0000] {processor.py:161} INFO - Started process (PID=193) to work on /home/airflow/.local/lib/python3.12/site-packages/airflow/example_dags/example_trigger_target_dag.py
[2024-04-14T11:54:23.030+0000] {processor.py:830} INFO - Processing file /home/airflow/.local/lib/python3.12/site-packages/airflow/example_dags/example_trigger_target_dag.py for tasks to queue
[2024-04-14T11:54:23.037+0000] {logging_mixin.py:188} INFO - [2024-04-14T11:54:23.036+0000] {dagbag.py:540} INFO - Filling up the DagBag from /home/airflow/.local/lib/python3.12/site-packages/airflow/example_dags/example_trigger_target_dag.py
[2024-04-14T11:54:23.060+0000] {processor.py:840} INFO - DAG(s) 'example_trigger_target_dag' retrieved from /home/airflow/.local/lib/python3.12/site-packages/airflow/example_dags/example_trigger_target_dag.py
[2024-04-14T11:54:23.253+0000] {logging_mixin.py:188} INFO - [2024-04-14T11:54:23.253+0000] {dag.py:3096} INFO - Sync 1 DAGs
[2024-04-14T11:54:23.345+0000] {logging_mixin.py:188} INFO - [2024-04-14T11:54:23.344+0000] {dag.py:3954} INFO - Setting next_dagrun for example_trigger_target_dag to None, run_after=None
[2024-04-14T11:54:23.486+0000] {processor.py:183} INFO - Processing /home/airflow/.local/lib/python3.12/site-packages/airflow/example_dags/example_trigger_target_dag.py took 0.520 seconds
[2024-04-14T11:54:53.695+0000] {processor.py:161} INFO - Started process (PID=256) to work on /home/airflow/.local/lib/python3.12/site-packages/airflow/example_dags/example_trigger_target_dag.py
[2024-04-14T11:54:53.696+0000] {processor.py:830} INFO - Processing file /home/airflow/.local/lib/python3.12/site-packages/airflow/example_dags/example_trigger_target_dag.py for tasks to queue
[2024-04-14T11:54:53.699+0000] {logging_mixin.py:188} INFO - [2024-04-14T11:54:53.698+0000] {dagbag.py:540} INFO - Filling up the DagBag from /home/airflow/.local/lib/python3.12/site-packages/airflow/example_dags/example_trigger_target_dag.py
[2024-04-14T11:54:53.707+0000] {processor.py:840} INFO - DAG(s) 'example_trigger_target_dag' retrieved from /home/airflow/.local/lib/python3.12/site-packages/airflow/example_dags/example_trigger_target_dag.py
[2024-04-14T11:54:53.775+0000] {logging_mixin.py:188} INFO - [2024-04-14T11:54:53.775+0000] {dag.py:3096} INFO - Sync 1 DAGs
[2024-04-14T11:54:53.869+0000] {logging_mixin.py:188} INFO - [2024-04-14T11:54:53.869+0000] {dag.py:3954} INFO - Setting next_dagrun for example_trigger_target_dag to None, run_after=None
[2024-04-14T11:54:53.935+0000] {processor.py:183} INFO - Processing /home/airflow/.local/lib/python3.12/site-packages/airflow/example_dags/example_trigger_target_dag.py took 0.246 seconds
[2024-04-14T11:55:24.111+0000] {processor.py:161} INFO - Started process (PID=319) to work on /home/airflow/.local/lib/python3.12/site-packages/airflow/example_dags/example_trigger_target_dag.py
[2024-04-14T11:55:24.113+0000] {processor.py:830} INFO - Processing file /home/airflow/.local/lib/python3.12/site-packages/airflow/example_dags/example_trigger_target_dag.py for tasks to queue
[2024-04-14T11:55:24.117+0000] {logging_mixin.py:188} INFO - [2024-04-14T11:55:24.116+0000] {dagbag.py:540} INFO - Filling up the DagBag from /home/airflow/.local/lib/python3.12/site-packages/airflow/example_dags/example_trigger_target_dag.py
[2024-04-14T11:55:24.136+0000] {processor.py:840} INFO - DAG(s) 'example_trigger_target_dag' retrieved from /home/airflow/.local/lib/python3.12/site-packages/airflow/example_dags/example_trigger_target_dag.py
[2024-04-14T11:55:24.168+0000] {logging_mixin.py:188} INFO - [2024-04-14T11:55:24.167+0000] {dag.py:3096} INFO - Sync 1 DAGs
[2024-04-14T11:55:24.189+0000] {logging_mixin.py:188} INFO - [2024-04-14T11:55:24.189+0000] {dag.py:3954} INFO - Setting next_dagrun for example_trigger_target_dag to None, run_after=None
[2024-04-14T11:55:24.226+0000] {processor.py:183} INFO - Processing /home/airflow/.local/lib/python3.12/site-packages/airflow/example_dags/example_trigger_target_dag.py took 0.133 seconds
[2024-04-14T14:39:17.212+0000] {processor.py:161} INFO - Started process (PID=111) to work on /home/airflow/.local/lib/python3.12/site-packages/airflow/example_dags/example_trigger_target_dag.py
[2024-04-14T14:39:17.323+0000] {processor.py:830} INFO - Processing file /home/airflow/.local/lib/python3.12/site-packages/airflow/example_dags/example_trigger_target_dag.py for tasks to queue
[2024-04-14T14:39:17.330+0000] {logging_mixin.py:188} INFO - [2024-04-14T14:39:17.329+0000] {dagbag.py:540} INFO - Filling up the DagBag from /home/airflow/.local/lib/python3.12/site-packages/airflow/example_dags/example_trigger_target_dag.py
[2024-04-14T14:39:17.522+0000] {processor.py:840} INFO - DAG(s) 'example_trigger_target_dag' retrieved from /home/airflow/.local/lib/python3.12/site-packages/airflow/example_dags/example_trigger_target_dag.py
[2024-04-14T14:39:29.544+0000] {logging_mixin.py:188} INFO - [2024-04-14T14:39:29.543+0000] {dag.py:3096} INFO - Sync 1 DAGs
[2024-04-14T14:39:30.537+0000] {logging_mixin.py:188} INFO - [2024-04-14T14:39:30.536+0000] {dag.py:3954} INFO - Setting next_dagrun for example_trigger_target_dag to None, run_after=None
[2024-04-14T14:39:31.579+0000] {processor.py:183} INFO - Processing /home/airflow/.local/lib/python3.12/site-packages/airflow/example_dags/example_trigger_target_dag.py took 14.453 seconds
[2024-04-14T15:01:59.692+0000] {processor.py:161} INFO - Started process (PID=349) to work on /home/airflow/.local/lib/python3.12/site-packages/airflow/example_dags/example_trigger_target_dag.py
[2024-04-14T15:01:59.702+0000] {processor.py:830} INFO - Processing file /home/airflow/.local/lib/python3.12/site-packages/airflow/example_dags/example_trigger_target_dag.py for tasks to queue
[2024-04-14T15:01:59.706+0000] {logging_mixin.py:188} INFO - [2024-04-14T15:01:59.705+0000] {dagbag.py:540} INFO - Filling up the DagBag from /home/airflow/.local/lib/python3.12/site-packages/airflow/example_dags/example_trigger_target_dag.py
[2024-04-14T15:01:59.800+0000] {processor.py:840} INFO - DAG(s) 'example_trigger_target_dag' retrieved from /home/airflow/.local/lib/python3.12/site-packages/airflow/example_dags/example_trigger_target_dag.py
[2024-04-14T15:02:01.152+0000] {logging_mixin.py:188} INFO - [2024-04-14T15:02:01.152+0000] {dag.py:3096} INFO - Sync 1 DAGs
[2024-04-14T15:02:01.999+0000] {logging_mixin.py:188} INFO - [2024-04-14T15:02:01.999+0000] {dag.py:3954} INFO - Setting next_dagrun for example_trigger_target_dag to None, run_after=None
[2024-04-14T15:02:02.952+0000] {processor.py:183} INFO - Processing /home/airflow/.local/lib/python3.12/site-packages/airflow/example_dags/example_trigger_target_dag.py took 3.512 seconds
