[2024-04-14T11:53:10.981+0000] {processor.py:161} INFO - Started process (PID=73) to work on /home/airflow/.local/lib/python3.12/site-packages/airflow/example_dags/example_params_trigger_ui.py
[2024-04-14T11:53:10.983+0000] {processor.py:830} INFO - Processing file /home/airflow/.local/lib/python3.12/site-packages/airflow/example_dags/example_params_trigger_ui.py for tasks to queue
[2024-04-14T11:53:11.001+0000] {logging_mixin.py:188} INFO - [2024-04-14T11:53:11.000+0000] {dagbag.py:540} INFO - Filling up the DagBag from /home/airflow/.local/lib/python3.12/site-packages/airflow/example_dags/example_params_trigger_ui.py
[2024-04-14T11:53:11.181+0000] {processor.py:840} INFO - DAG(s) 'example_params_trigger_ui' retrieved from /home/airflow/.local/lib/python3.12/site-packages/airflow/example_dags/example_params_trigger_ui.py
[2024-04-14T11:53:11.953+0000] {logging_mixin.py:188} INFO - [2024-04-14T11:53:11.952+0000] {dag.py:3096} INFO - Sync 1 DAGs
[2024-04-14T11:53:12.161+0000] {logging_mixin.py:188} INFO - [2024-04-14T11:53:12.160+0000] {dag.py:3954} INFO - Setting next_dagrun for example_params_trigger_ui to None, run_after=None
[2024-04-14T11:53:12.302+0000] {processor.py:183} INFO - Processing /home/airflow/.local/lib/python3.12/site-packages/airflow/example_dags/example_params_trigger_ui.py took 1.357 seconds
[2024-04-14T11:53:52.538+0000] {processor.py:161} INFO - Started process (PID=147) to work on /home/airflow/.local/lib/python3.12/site-packages/airflow/example_dags/example_params_trigger_ui.py
[2024-04-14T11:53:52.555+0000] {processor.py:830} INFO - Processing file /home/airflow/.local/lib/python3.12/site-packages/airflow/example_dags/example_params_trigger_ui.py for tasks to queue
[2024-04-14T11:53:52.561+0000] {logging_mixin.py:188} INFO - [2024-04-14T11:53:52.561+0000] {dagbag.py:540} INFO - Filling up the DagBag from /home/airflow/.local/lib/python3.12/site-packages/airflow/example_dags/example_params_trigger_ui.py
[2024-04-14T11:53:52.638+0000] {processor.py:840} INFO - DAG(s) 'example_params_trigger_ui' retrieved from /home/airflow/.local/lib/python3.12/site-packages/airflow/example_dags/example_params_trigger_ui.py
[2024-04-14T11:53:52.861+0000] {logging_mixin.py:188} INFO - [2024-04-14T11:53:52.861+0000] {dag.py:3096} INFO - Sync 1 DAGs
[2024-04-14T11:53:52.901+0000] {logging_mixin.py:188} INFO - [2024-04-14T11:53:52.900+0000] {dag.py:3954} INFO - Setting next_dagrun for example_params_trigger_ui to None, run_after=None
[2024-04-14T11:53:53.028+0000] {processor.py:183} INFO - Processing /home/airflow/.local/lib/python3.12/site-packages/airflow/example_dags/example_params_trigger_ui.py took 0.508 seconds
[2024-04-14T11:54:33.173+0000] {processor.py:161} INFO - Started process (PID=214) to work on /home/airflow/.local/lib/python3.12/site-packages/airflow/example_dags/example_params_trigger_ui.py
[2024-04-14T11:54:33.177+0000] {processor.py:830} INFO - Processing file /home/airflow/.local/lib/python3.12/site-packages/airflow/example_dags/example_params_trigger_ui.py for tasks to queue
[2024-04-14T11:54:33.181+0000] {logging_mixin.py:188} INFO - [2024-04-14T11:54:33.180+0000] {dagbag.py:540} INFO - Filling up the DagBag from /home/airflow/.local/lib/python3.12/site-packages/airflow/example_dags/example_params_trigger_ui.py
[2024-04-14T11:54:33.207+0000] {processor.py:840} INFO - DAG(s) 'example_params_trigger_ui' retrieved from /home/airflow/.local/lib/python3.12/site-packages/airflow/example_dags/example_params_trigger_ui.py
[2024-04-14T11:54:33.288+0000] {logging_mixin.py:188} INFO - [2024-04-14T11:54:33.286+0000] {dag.py:3096} INFO - Sync 1 DAGs
[2024-04-14T11:54:33.312+0000] {logging_mixin.py:188} INFO - [2024-04-14T11:54:33.312+0000] {dag.py:3954} INFO - Setting next_dagrun for example_params_trigger_ui to None, run_after=None
[2024-04-14T11:54:33.353+0000] {processor.py:183} INFO - Processing /home/airflow/.local/lib/python3.12/site-packages/airflow/example_dags/example_params_trigger_ui.py took 0.190 seconds
[2024-04-14T11:55:05.841+0000] {processor.py:161} INFO - Started process (PID=276) to work on /home/airflow/.local/lib/python3.12/site-packages/airflow/example_dags/example_params_trigger_ui.py
[2024-04-14T11:55:05.851+0000] {processor.py:830} INFO - Processing file /home/airflow/.local/lib/python3.12/site-packages/airflow/example_dags/example_params_trigger_ui.py for tasks to queue
[2024-04-14T11:55:05.926+0000] {logging_mixin.py:188} INFO - [2024-04-14T11:55:05.925+0000] {dagbag.py:540} INFO - Filling up the DagBag from /home/airflow/.local/lib/python3.12/site-packages/airflow/example_dags/example_params_trigger_ui.py
[2024-04-14T11:55:05.982+0000] {processor.py:840} INFO - DAG(s) 'example_params_trigger_ui' retrieved from /home/airflow/.local/lib/python3.12/site-packages/airflow/example_dags/example_params_trigger_ui.py
[2024-04-14T11:55:06.311+0000] {logging_mixin.py:188} INFO - [2024-04-14T11:55:06.311+0000] {dag.py:3096} INFO - Sync 1 DAGs
[2024-04-14T11:55:06.401+0000] {logging_mixin.py:188} INFO - [2024-04-14T11:55:06.401+0000] {dag.py:3954} INFO - Setting next_dagrun for example_params_trigger_ui to None, run_after=None
[2024-04-14T11:55:06.575+0000] {processor.py:183} INFO - Processing /home/airflow/.local/lib/python3.12/site-packages/airflow/example_dags/example_params_trigger_ui.py took 0.757 seconds
[2024-04-14T11:55:37.280+0000] {processor.py:161} INFO - Started process (PID=339) to work on /home/airflow/.local/lib/python3.12/site-packages/airflow/example_dags/example_params_trigger_ui.py
[2024-04-14T11:55:37.289+0000] {processor.py:830} INFO - Processing file /home/airflow/.local/lib/python3.12/site-packages/airflow/example_dags/example_params_trigger_ui.py for tasks to queue
[2024-04-14T11:55:37.293+0000] {logging_mixin.py:188} INFO - [2024-04-14T11:55:37.292+0000] {dagbag.py:540} INFO - Filling up the DagBag from /home/airflow/.local/lib/python3.12/site-packages/airflow/example_dags/example_params_trigger_ui.py
[2024-04-14T11:55:37.375+0000] {processor.py:840} INFO - DAG(s) 'example_params_trigger_ui' retrieved from /home/airflow/.local/lib/python3.12/site-packages/airflow/example_dags/example_params_trigger_ui.py
[2024-04-14T11:55:37.546+0000] {logging_mixin.py:188} INFO - [2024-04-14T11:55:37.546+0000] {dag.py:3096} INFO - Sync 1 DAGs
[2024-04-14T11:55:37.575+0000] {logging_mixin.py:188} INFO - [2024-04-14T11:55:37.574+0000] {dag.py:3954} INFO - Setting next_dagrun for example_params_trigger_ui to None, run_after=None
[2024-04-14T11:55:37.631+0000] {processor.py:183} INFO - Processing /home/airflow/.local/lib/python3.12/site-packages/airflow/example_dags/example_params_trigger_ui.py took 0.369 seconds
[2024-04-14T14:44:14.215+0000] {processor.py:161} INFO - Started process (PID=173) to work on /home/airflow/.local/lib/python3.12/site-packages/airflow/example_dags/example_params_trigger_ui.py
[2024-04-14T14:44:14.232+0000] {processor.py:830} INFO - Processing file /home/airflow/.local/lib/python3.12/site-packages/airflow/example_dags/example_params_trigger_ui.py for tasks to queue
[2024-04-14T14:44:14.253+0000] {logging_mixin.py:188} INFO - [2024-04-14T14:44:14.252+0000] {dagbag.py:540} INFO - Filling up the DagBag from /home/airflow/.local/lib/python3.12/site-packages/airflow/example_dags/example_params_trigger_ui.py
[2024-04-14T14:44:15.087+0000] {processor.py:840} INFO - DAG(s) 'example_params_trigger_ui' retrieved from /home/airflow/.local/lib/python3.12/site-packages/airflow/example_dags/example_params_trigger_ui.py
[2024-04-14T14:44:54.068+0000] {logging_mixin.py:188} INFO - [2024-04-14T14:44:54.067+0000] {dag.py:3096} INFO - Sync 1 DAGs
[2024-04-14T14:44:58.927+0000] {logging_mixin.py:188} INFO - [2024-04-14T14:44:58.925+0000] {dag.py:3954} INFO - Setting next_dagrun for example_params_trigger_ui to None, run_after=None
[2024-04-14T15:04:22.955+0000] {processor.py:161} INFO - Started process (PID=394) to work on /home/airflow/.local/lib/python3.12/site-packages/airflow/example_dags/example_params_trigger_ui.py
[2024-04-14T15:04:22.977+0000] {processor.py:830} INFO - Processing file /home/airflow/.local/lib/python3.12/site-packages/airflow/example_dags/example_params_trigger_ui.py for tasks to queue
[2024-04-14T15:04:22.991+0000] {logging_mixin.py:188} INFO - [2024-04-14T15:04:22.990+0000] {dagbag.py:540} INFO - Filling up the DagBag from /home/airflow/.local/lib/python3.12/site-packages/airflow/example_dags/example_params_trigger_ui.py
[2024-04-14T15:04:23.299+0000] {processor.py:840} INFO - DAG(s) 'example_params_trigger_ui' retrieved from /home/airflow/.local/lib/python3.12/site-packages/airflow/example_dags/example_params_trigger_ui.py
[2024-04-14T15:04:24.555+0000] {logging_mixin.py:188} INFO - [2024-04-14T15:04:24.555+0000] {dag.py:3096} INFO - Sync 1 DAGs
[2024-04-14T15:04:24.844+0000] {logging_mixin.py:188} INFO - [2024-04-14T15:04:24.843+0000] {dag.py:3954} INFO - Setting next_dagrun for example_params_trigger_ui to None, run_after=None
[2024-04-14T15:04:25.185+0000] {processor.py:183} INFO - Processing /home/airflow/.local/lib/python3.12/site-packages/airflow/example_dags/example_params_trigger_ui.py took 2.457 seconds
