[2024-04-14T11:53:21.176+0000] {processor.py:161} INFO - Started process (PID=88) to work on /home/airflow/.local/lib/python3.12/site-packages/airflow/example_dags/example_task_group.py
[2024-04-14T11:53:21.179+0000] {processor.py:830} INFO - Processing file /home/airflow/.local/lib/python3.12/site-packages/airflow/example_dags/example_task_group.py for tasks to queue
[2024-04-14T11:53:21.189+0000] {logging_mixin.py:188} INFO - [2024-04-14T11:53:21.188+0000] {dagbag.py:540} INFO - Filling up the DagBag from /home/airflow/.local/lib/python3.12/site-packages/airflow/example_dags/example_task_group.py
[2024-04-14T11:53:21.227+0000] {processor.py:840} INFO - DAG(s) 'example_task_group' retrieved from /home/airflow/.local/lib/python3.12/site-packages/airflow/example_dags/example_task_group.py
[2024-04-14T11:53:21.354+0000] {logging_mixin.py:188} INFO - [2024-04-14T11:53:21.353+0000] {dag.py:3096} INFO - Sync 1 DAGs
[2024-04-14T11:53:21.445+0000] {logging_mixin.py:188} INFO - [2024-04-14T11:53:21.444+0000] {dag.py:3954} INFO - Setting next_dagrun for example_task_group to 2024-04-13 00:00:00+00:00, run_after=2024-04-14 00:00:00+00:00
[2024-04-14T11:53:21.690+0000] {processor.py:183} INFO - Processing /home/airflow/.local/lib/python3.12/site-packages/airflow/example_dags/example_task_group.py took 0.526 seconds
[2024-04-14T11:53:56.411+0000] {processor.py:161} INFO - Started process (PID=156) to work on /home/airflow/.local/lib/python3.12/site-packages/airflow/example_dags/example_task_group.py
[2024-04-14T11:53:56.442+0000] {processor.py:830} INFO - Processing file /home/airflow/.local/lib/python3.12/site-packages/airflow/example_dags/example_task_group.py for tasks to queue
[2024-04-14T11:53:56.458+0000] {logging_mixin.py:188} INFO - [2024-04-14T11:53:56.457+0000] {dagbag.py:540} INFO - Filling up the DagBag from /home/airflow/.local/lib/python3.12/site-packages/airflow/example_dags/example_task_group.py
[2024-04-14T11:53:56.709+0000] {processor.py:840} INFO - DAG(s) 'example_task_group' retrieved from /home/airflow/.local/lib/python3.12/site-packages/airflow/example_dags/example_task_group.py
[2024-04-14T11:53:57.082+0000] {logging_mixin.py:188} INFO - [2024-04-14T11:53:57.081+0000] {dag.py:3096} INFO - Sync 1 DAGs
[2024-04-14T11:53:57.367+0000] {logging_mixin.py:188} INFO - [2024-04-14T11:53:57.367+0000] {dag.py:3954} INFO - Setting next_dagrun for example_task_group to 2024-04-13 00:00:00+00:00, run_after=2024-04-14 00:00:00+00:00
[2024-04-14T11:53:57.868+0000] {processor.py:183} INFO - Processing /home/airflow/.local/lib/python3.12/site-packages/airflow/example_dags/example_task_group.py took 1.523 seconds
[2024-04-14T11:54:34.433+0000] {processor.py:161} INFO - Started process (PID=223) to work on /home/airflow/.local/lib/python3.12/site-packages/airflow/example_dags/example_task_group.py
[2024-04-14T11:54:34.435+0000] {processor.py:830} INFO - Processing file /home/airflow/.local/lib/python3.12/site-packages/airflow/example_dags/example_task_group.py for tasks to queue
[2024-04-14T11:54:34.438+0000] {logging_mixin.py:188} INFO - [2024-04-14T11:54:34.438+0000] {dagbag.py:540} INFO - Filling up the DagBag from /home/airflow/.local/lib/python3.12/site-packages/airflow/example_dags/example_task_group.py
[2024-04-14T11:54:34.451+0000] {processor.py:840} INFO - DAG(s) 'example_task_group' retrieved from /home/airflow/.local/lib/python3.12/site-packages/airflow/example_dags/example_task_group.py
[2024-04-14T11:54:34.530+0000] {logging_mixin.py:188} INFO - [2024-04-14T11:54:34.530+0000] {dag.py:3096} INFO - Sync 1 DAGs
[2024-04-14T11:54:34.617+0000] {logging_mixin.py:188} INFO - [2024-04-14T11:54:34.616+0000] {dag.py:3954} INFO - Setting next_dagrun for example_task_group to 2024-04-13 00:00:00+00:00, run_after=2024-04-14 00:00:00+00:00
[2024-04-14T11:54:34.694+0000] {processor.py:183} INFO - Processing /home/airflow/.local/lib/python3.12/site-packages/airflow/example_dags/example_task_group.py took 0.273 seconds
[2024-04-14T11:55:09.687+0000] {processor.py:161} INFO - Started process (PID=287) to work on /home/airflow/.local/lib/python3.12/site-packages/airflow/example_dags/example_task_group.py
[2024-04-14T11:55:09.712+0000] {processor.py:830} INFO - Processing file /home/airflow/.local/lib/python3.12/site-packages/airflow/example_dags/example_task_group.py for tasks to queue
[2024-04-14T11:55:09.740+0000] {logging_mixin.py:188} INFO - [2024-04-14T11:55:09.739+0000] {dagbag.py:540} INFO - Filling up the DagBag from /home/airflow/.local/lib/python3.12/site-packages/airflow/example_dags/example_task_group.py
[2024-04-14T11:55:09.789+0000] {processor.py:840} INFO - DAG(s) 'example_task_group' retrieved from /home/airflow/.local/lib/python3.12/site-packages/airflow/example_dags/example_task_group.py
[2024-04-14T11:55:09.913+0000] {logging_mixin.py:188} INFO - [2024-04-14T11:55:09.912+0000] {dag.py:3096} INFO - Sync 1 DAGs
[2024-04-14T11:55:10.162+0000] {logging_mixin.py:188} INFO - [2024-04-14T11:55:10.160+0000] {dag.py:3954} INFO - Setting next_dagrun for example_task_group to 2024-04-13 00:00:00+00:00, run_after=2024-04-14 00:00:00+00:00
[2024-04-14T11:55:10.459+0000] {processor.py:183} INFO - Processing /home/airflow/.local/lib/python3.12/site-packages/airflow/example_dags/example_task_group.py took 0.795 seconds
[2024-04-14T11:55:41.163+0000] {processor.py:161} INFO - Started process (PID=350) to work on /home/airflow/.local/lib/python3.12/site-packages/airflow/example_dags/example_task_group.py
[2024-04-14T11:55:41.166+0000] {processor.py:830} INFO - Processing file /home/airflow/.local/lib/python3.12/site-packages/airflow/example_dags/example_task_group.py for tasks to queue
[2024-04-14T11:55:41.171+0000] {logging_mixin.py:188} INFO - [2024-04-14T11:55:41.170+0000] {dagbag.py:540} INFO - Filling up the DagBag from /home/airflow/.local/lib/python3.12/site-packages/airflow/example_dags/example_task_group.py
[2024-04-14T11:55:41.211+0000] {processor.py:840} INFO - DAG(s) 'example_task_group' retrieved from /home/airflow/.local/lib/python3.12/site-packages/airflow/example_dags/example_task_group.py
[2024-04-14T11:55:41.380+0000] {logging_mixin.py:188} INFO - [2024-04-14T11:55:41.379+0000] {dag.py:3096} INFO - Sync 1 DAGs
[2024-04-14T11:55:41.448+0000] {logging_mixin.py:188} INFO - [2024-04-14T11:55:41.447+0000] {dag.py:3954} INFO - Setting next_dagrun for example_task_group to 2024-04-13 00:00:00+00:00, run_after=2024-04-14 00:00:00+00:00
[2024-04-14T11:55:41.506+0000] {processor.py:183} INFO - Processing /home/airflow/.local/lib/python3.12/site-packages/airflow/example_dags/example_task_group.py took 0.351 seconds
[2024-04-14T14:48:40.141+0000] {processor.py:161} INFO - Started process (PID=227) to work on /home/airflow/.local/lib/python3.12/site-packages/airflow/example_dags/example_task_group.py
[2024-04-14T14:48:40.182+0000] {processor.py:830} INFO - Processing file /home/airflow/.local/lib/python3.12/site-packages/airflow/example_dags/example_task_group.py for tasks to queue
[2024-04-14T14:48:40.201+0000] {logging_mixin.py:188} INFO - [2024-04-14T14:48:40.199+0000] {dagbag.py:540} INFO - Filling up the DagBag from /home/airflow/.local/lib/python3.12/site-packages/airflow/example_dags/example_task_group.py
[2024-04-14T14:48:44.430+0000] {processor.py:840} INFO - DAG(s) 'example_task_group' retrieved from /home/airflow/.local/lib/python3.12/site-packages/airflow/example_dags/example_task_group.py
[2024-04-14T15:06:45.577+0000] {processor.py:161} INFO - Started process (PID=421) to work on /home/airflow/.local/lib/python3.12/site-packages/airflow/example_dags/example_task_group.py
[2024-04-14T15:06:45.609+0000] {processor.py:830} INFO - Processing file /home/airflow/.local/lib/python3.12/site-packages/airflow/example_dags/example_task_group.py for tasks to queue
[2024-04-14T15:06:45.620+0000] {logging_mixin.py:188} INFO - [2024-04-14T15:06:45.619+0000] {dagbag.py:540} INFO - Filling up the DagBag from /home/airflow/.local/lib/python3.12/site-packages/airflow/example_dags/example_task_group.py
[2024-04-14T15:06:45.879+0000] {processor.py:840} INFO - DAG(s) 'example_task_group' retrieved from /home/airflow/.local/lib/python3.12/site-packages/airflow/example_dags/example_task_group.py
[2024-04-14T15:06:49.421+0000] {logging_mixin.py:188} INFO - [2024-04-14T15:06:49.420+0000] {dag.py:3096} INFO - Sync 1 DAGs
[2024-04-14T15:06:49.638+0000] {logging_mixin.py:188} INFO - [2024-04-14T15:06:49.637+0000] {dag.py:3954} INFO - Setting next_dagrun for example_task_group to 2024-04-13 00:00:00+00:00, run_after=2024-04-14 00:00:00+00:00
[2024-04-14T15:06:50.118+0000] {processor.py:183} INFO - Processing /home/airflow/.local/lib/python3.12/site-packages/airflow/example_dags/example_task_group.py took 4.643 seconds
