[2024-04-14T11:52:57.063+0000] {processor.py:161} INFO - Started process (PID=68) to work on /home/airflow/.local/lib/python3.12/site-packages/airflow/example_dags/example_sla_dag.py
[2024-04-14T11:52:57.073+0000] {processor.py:830} INFO - Processing file /home/airflow/.local/lib/python3.12/site-packages/airflow/example_dags/example_sla_dag.py for tasks to queue
[2024-04-14T11:52:57.081+0000] {logging_mixin.py:188} INFO - [2024-04-14T11:52:57.080+0000] {dagbag.py:540} INFO - Filling up the DagBag from /home/airflow/.local/lib/python3.12/site-packages/airflow/example_dags/example_sla_dag.py
[2024-04-14T11:52:57.207+0000] {processor.py:840} INFO - DAG(s) 'example_sla_dag' retrieved from /home/airflow/.local/lib/python3.12/site-packages/airflow/example_dags/example_sla_dag.py
[2024-04-14T11:52:57.649+0000] {logging_mixin.py:188} INFO - [2024-04-14T11:52:57.649+0000] {dag.py:3096} INFO - Sync 1 DAGs
[2024-04-14T11:52:58.126+0000] {logging_mixin.py:188} INFO - [2024-04-14T11:52:58.126+0000] {dag.py:3954} INFO - Setting next_dagrun for example_sla_dag to 2024-04-14 11:50:00+00:00, run_after=2024-04-14 11:52:00+00:00
[2024-04-14T11:52:58.329+0000] {processor.py:183} INFO - Processing /home/airflow/.local/lib/python3.12/site-packages/airflow/example_dags/example_sla_dag.py took 1.283 seconds
[2024-04-14T11:53:51.466+0000] {processor.py:161} INFO - Started process (PID=142) to work on /home/airflow/.local/lib/python3.12/site-packages/airflow/example_dags/example_sla_dag.py
[2024-04-14T11:53:51.471+0000] {processor.py:830} INFO - Processing file /home/airflow/.local/lib/python3.12/site-packages/airflow/example_dags/example_sla_dag.py for tasks to queue
[2024-04-14T11:53:51.476+0000] {logging_mixin.py:188} INFO - [2024-04-14T11:53:51.475+0000] {dagbag.py:540} INFO - Filling up the DagBag from /home/airflow/.local/lib/python3.12/site-packages/airflow/example_dags/example_sla_dag.py
[2024-04-14T11:53:51.496+0000] {processor.py:840} INFO - DAG(s) 'example_sla_dag' retrieved from /home/airflow/.local/lib/python3.12/site-packages/airflow/example_dags/example_sla_dag.py
[2024-04-14T11:53:51.541+0000] {logging_mixin.py:188} INFO - [2024-04-14T11:53:51.540+0000] {dag.py:3096} INFO - Sync 1 DAGs
[2024-04-14T11:53:51.608+0000] {logging_mixin.py:188} INFO - [2024-04-14T11:53:51.607+0000] {dag.py:3954} INFO - Setting next_dagrun for example_sla_dag to 2024-04-14 11:50:00+00:00, run_after=2024-04-14 11:52:00+00:00
[2024-04-14T11:53:51.708+0000] {processor.py:183} INFO - Processing /home/airflow/.local/lib/python3.12/site-packages/airflow/example_dags/example_sla_dag.py took 0.252 seconds
[2024-04-14T11:54:32.122+0000] {processor.py:161} INFO - Started process (PID=209) to work on /home/airflow/.local/lib/python3.12/site-packages/airflow/example_dags/example_sla_dag.py
[2024-04-14T11:54:32.125+0000] {processor.py:830} INFO - Processing file /home/airflow/.local/lib/python3.12/site-packages/airflow/example_dags/example_sla_dag.py for tasks to queue
[2024-04-14T11:54:32.129+0000] {logging_mixin.py:188} INFO - [2024-04-14T11:54:32.128+0000] {dagbag.py:540} INFO - Filling up the DagBag from /home/airflow/.local/lib/python3.12/site-packages/airflow/example_dags/example_sla_dag.py
[2024-04-14T11:54:32.142+0000] {processor.py:840} INFO - DAG(s) 'example_sla_dag' retrieved from /home/airflow/.local/lib/python3.12/site-packages/airflow/example_dags/example_sla_dag.py
[2024-04-14T11:54:32.177+0000] {logging_mixin.py:188} INFO - [2024-04-14T11:54:32.176+0000] {dag.py:3096} INFO - Sync 1 DAGs
[2024-04-14T11:54:32.222+0000] {logging_mixin.py:188} INFO - [2024-04-14T11:54:32.222+0000] {dag.py:3954} INFO - Setting next_dagrun for example_sla_dag to 2024-04-14 11:52:00+00:00, run_after=2024-04-14 11:54:00+00:00
[2024-04-14T11:54:32.272+0000] {processor.py:183} INFO - Processing /home/airflow/.local/lib/python3.12/site-packages/airflow/example_dags/example_sla_dag.py took 0.160 seconds
[2024-04-14T11:55:03.524+0000] {processor.py:161} INFO - Started process (PID=271) to work on /home/airflow/.local/lib/python3.12/site-packages/airflow/example_dags/example_sla_dag.py
[2024-04-14T11:55:03.532+0000] {processor.py:830} INFO - Processing file /home/airflow/.local/lib/python3.12/site-packages/airflow/example_dags/example_sla_dag.py for tasks to queue
[2024-04-14T11:55:03.536+0000] {logging_mixin.py:188} INFO - [2024-04-14T11:55:03.535+0000] {dagbag.py:540} INFO - Filling up the DagBag from /home/airflow/.local/lib/python3.12/site-packages/airflow/example_dags/example_sla_dag.py
[2024-04-14T11:55:03.561+0000] {processor.py:840} INFO - DAG(s) 'example_sla_dag' retrieved from /home/airflow/.local/lib/python3.12/site-packages/airflow/example_dags/example_sla_dag.py
[2024-04-14T11:55:03.683+0000] {logging_mixin.py:188} INFO - [2024-04-14T11:55:03.682+0000] {dag.py:3096} INFO - Sync 1 DAGs
[2024-04-14T11:55:03.996+0000] {logging_mixin.py:188} INFO - [2024-04-14T11:55:03.996+0000] {dag.py:3954} INFO - Setting next_dagrun for example_sla_dag to 2024-04-14 11:52:00+00:00, run_after=2024-04-14 11:54:00+00:00
[2024-04-14T11:55:04.153+0000] {processor.py:183} INFO - Processing /home/airflow/.local/lib/python3.12/site-packages/airflow/example_dags/example_sla_dag.py took 0.648 seconds
[2024-04-14T11:55:34.903+0000] {processor.py:161} INFO - Started process (PID=334) to work on /home/airflow/.local/lib/python3.12/site-packages/airflow/example_dags/example_sla_dag.py
[2024-04-14T11:55:34.909+0000] {processor.py:830} INFO - Processing file /home/airflow/.local/lib/python3.12/site-packages/airflow/example_dags/example_sla_dag.py for tasks to queue
[2024-04-14T11:55:34.913+0000] {logging_mixin.py:188} INFO - [2024-04-14T11:55:34.912+0000] {dagbag.py:540} INFO - Filling up the DagBag from /home/airflow/.local/lib/python3.12/site-packages/airflow/example_dags/example_sla_dag.py
[2024-04-14T11:55:34.934+0000] {processor.py:840} INFO - DAG(s) 'example_sla_dag' retrieved from /home/airflow/.local/lib/python3.12/site-packages/airflow/example_dags/example_sla_dag.py
[2024-04-14T11:55:35.051+0000] {logging_mixin.py:188} INFO - [2024-04-14T11:55:35.051+0000] {dag.py:3096} INFO - Sync 1 DAGs
[2024-04-14T11:55:35.181+0000] {logging_mixin.py:188} INFO - [2024-04-14T11:55:35.180+0000] {dag.py:3954} INFO - Setting next_dagrun for example_sla_dag to 2024-04-14 11:52:00+00:00, run_after=2024-04-14 11:54:00+00:00
[2024-04-14T11:55:35.267+0000] {processor.py:183} INFO - Processing /home/airflow/.local/lib/python3.12/site-packages/airflow/example_dags/example_sla_dag.py took 0.376 seconds
[2024-04-14T14:43:11.776+0000] {processor.py:161} INFO - Started process (PID=162) to work on /home/airflow/.local/lib/python3.12/site-packages/airflow/example_dags/example_sla_dag.py
[2024-04-14T14:43:11.788+0000] {processor.py:830} INFO - Processing file /home/airflow/.local/lib/python3.12/site-packages/airflow/example_dags/example_sla_dag.py for tasks to queue
[2024-04-14T14:43:11.791+0000] {logging_mixin.py:188} INFO - [2024-04-14T14:43:11.790+0000] {dagbag.py:540} INFO - Filling up the DagBag from /home/airflow/.local/lib/python3.12/site-packages/airflow/example_dags/example_sla_dag.py
[2024-04-14T14:43:11.841+0000] {processor.py:840} INFO - DAG(s) 'example_sla_dag' retrieved from /home/airflow/.local/lib/python3.12/site-packages/airflow/example_dags/example_sla_dag.py
[2024-04-14T14:43:13.326+0000] {logging_mixin.py:188} INFO - [2024-04-14T14:43:13.325+0000] {dag.py:3096} INFO - Sync 1 DAGs
[2024-04-14T14:43:13.685+0000] {logging_mixin.py:188} INFO - [2024-04-14T14:43:13.655+0000] {dag.py:3954} INFO - Setting next_dagrun for example_sla_dag to 2024-04-14 14:40:00+00:00, run_after=2024-04-14 14:42:00+00:00
[2024-04-14T14:43:14.160+0000] {processor.py:183} INFO - Processing /home/airflow/.local/lib/python3.12/site-packages/airflow/example_dags/example_sla_dag.py took 2.434 seconds
[2024-04-14T15:04:11.509+0000] {processor.py:161} INFO - Started process (PID=382) to work on /home/airflow/.local/lib/python3.12/site-packages/airflow/example_dags/example_sla_dag.py
[2024-04-14T15:04:11.540+0000] {processor.py:830} INFO - Processing file /home/airflow/.local/lib/python3.12/site-packages/airflow/example_dags/example_sla_dag.py for tasks to queue
[2024-04-14T15:04:11.559+0000] {logging_mixin.py:188} INFO - [2024-04-14T15:04:11.555+0000] {dagbag.py:540} INFO - Filling up the DagBag from /home/airflow/.local/lib/python3.12/site-packages/airflow/example_dags/example_sla_dag.py
[2024-04-14T15:04:11.670+0000] {processor.py:840} INFO - DAG(s) 'example_sla_dag' retrieved from /home/airflow/.local/lib/python3.12/site-packages/airflow/example_dags/example_sla_dag.py
[2024-04-14T15:04:11.828+0000] {logging_mixin.py:188} INFO - [2024-04-14T15:04:11.817+0000] {dag.py:3096} INFO - Sync 1 DAGs
[2024-04-14T15:04:12.142+0000] {logging_mixin.py:188} INFO - [2024-04-14T15:04:12.141+0000] {dag.py:3954} INFO - Setting next_dagrun for example_sla_dag to 2024-04-14 15:02:00+00:00, run_after=2024-04-14 15:04:00+00:00
[2024-04-14T15:04:12.386+0000] {processor.py:183} INFO - Processing /home/airflow/.local/lib/python3.12/site-packages/airflow/example_dags/example_sla_dag.py took 0.911 seconds
