[2024-04-14T11:52:38.624+0000] {processor.py:161} INFO - Started process (PID=44) to work on /home/airflow/.local/lib/python3.12/site-packages/airflow/example_dags/example_branch_operator.py
[2024-04-14T11:52:38.628+0000] {processor.py:830} INFO - Processing file /home/airflow/.local/lib/python3.12/site-packages/airflow/example_dags/example_branch_operator.py for tasks to queue
[2024-04-14T11:52:38.639+0000] {logging_mixin.py:188} INFO - [2024-04-14T11:52:38.638+0000] {dagbag.py:540} INFO - Filling up the DagBag from /home/airflow/.local/lib/python3.12/site-packages/airflow/example_dags/example_branch_operator.py
[2024-04-14T11:52:38.778+0000] {processor.py:840} INFO - DAG(s) 'example_branch_operator' retrieved from /home/airflow/.local/lib/python3.12/site-packages/airflow/example_dags/example_branch_operator.py
[2024-04-14T11:52:39.389+0000] {logging_mixin.py:188} INFO - [2024-04-14T11:52:39.388+0000] {dag.py:3096} INFO - Sync 1 DAGs
[2024-04-14T11:52:39.514+0000] {logging_mixin.py:188} INFO - [2024-04-14T11:52:39.514+0000] {dag.py:3954} INFO - Setting next_dagrun for example_branch_operator to 2024-04-13 00:00:00+00:00, run_after=2024-04-14 00:00:00+00:00
[2024-04-14T11:52:39.646+0000] {processor.py:183} INFO - Processing /home/airflow/.local/lib/python3.12/site-packages/airflow/example_dags/example_branch_operator.py took 1.038 seconds
[2024-04-14T11:53:41.826+0000] {processor.py:161} INFO - Started process (PID=118) to work on /home/airflow/.local/lib/python3.12/site-packages/airflow/example_dags/example_branch_operator.py
[2024-04-14T11:53:41.830+0000] {processor.py:830} INFO - Processing file /home/airflow/.local/lib/python3.12/site-packages/airflow/example_dags/example_branch_operator.py for tasks to queue
[2024-04-14T11:53:41.834+0000] {logging_mixin.py:188} INFO - [2024-04-14T11:53:41.833+0000] {dagbag.py:540} INFO - Filling up the DagBag from /home/airflow/.local/lib/python3.12/site-packages/airflow/example_dags/example_branch_operator.py
[2024-04-14T11:53:41.937+0000] {processor.py:840} INFO - DAG(s) 'example_branch_operator' retrieved from /home/airflow/.local/lib/python3.12/site-packages/airflow/example_dags/example_branch_operator.py
[2024-04-14T11:53:42.140+0000] {logging_mixin.py:188} INFO - [2024-04-14T11:53:42.140+0000] {dag.py:3096} INFO - Sync 1 DAGs
[2024-04-14T11:53:42.284+0000] {logging_mixin.py:188} INFO - [2024-04-14T11:53:42.284+0000] {dag.py:3954} INFO - Setting next_dagrun for example_branch_operator to 2024-04-13 00:00:00+00:00, run_after=2024-04-14 00:00:00+00:00
[2024-04-14T11:53:42.363+0000] {processor.py:183} INFO - Processing /home/airflow/.local/lib/python3.12/site-packages/airflow/example_dags/example_branch_operator.py took 0.550 seconds
[2024-04-14T11:54:21.556+0000] {processor.py:161} INFO - Started process (PID=191) to work on /home/airflow/.local/lib/python3.12/site-packages/airflow/example_dags/example_branch_operator.py
[2024-04-14T11:54:21.573+0000] {processor.py:830} INFO - Processing file /home/airflow/.local/lib/python3.12/site-packages/airflow/example_dags/example_branch_operator.py for tasks to queue
[2024-04-14T11:54:21.592+0000] {logging_mixin.py:188} INFO - [2024-04-14T11:54:21.590+0000] {dagbag.py:540} INFO - Filling up the DagBag from /home/airflow/.local/lib/python3.12/site-packages/airflow/example_dags/example_branch_operator.py
[2024-04-14T11:54:21.751+0000] {processor.py:840} INFO - DAG(s) 'example_branch_operator' retrieved from /home/airflow/.local/lib/python3.12/site-packages/airflow/example_dags/example_branch_operator.py
[2024-04-14T11:54:22.068+0000] {logging_mixin.py:188} INFO - [2024-04-14T11:54:22.067+0000] {dag.py:3096} INFO - Sync 1 DAGs
[2024-04-14T11:54:22.384+0000] {logging_mixin.py:188} INFO - [2024-04-14T11:54:22.371+0000] {dag.py:3954} INFO - Setting next_dagrun for example_branch_operator to 2024-04-13 00:00:00+00:00, run_after=2024-04-14 00:00:00+00:00
[2024-04-14T11:54:22.633+0000] {processor.py:183} INFO - Processing /home/airflow/.local/lib/python3.12/site-packages/airflow/example_dags/example_branch_operator.py took 1.131 seconds
[2024-04-14T11:54:53.237+0000] {processor.py:161} INFO - Started process (PID=254) to work on /home/airflow/.local/lib/python3.12/site-packages/airflow/example_dags/example_branch_operator.py
[2024-04-14T11:54:53.238+0000] {processor.py:830} INFO - Processing file /home/airflow/.local/lib/python3.12/site-packages/airflow/example_dags/example_branch_operator.py for tasks to queue
[2024-04-14T11:54:53.246+0000] {logging_mixin.py:188} INFO - [2024-04-14T11:54:53.246+0000] {dagbag.py:540} INFO - Filling up the DagBag from /home/airflow/.local/lib/python3.12/site-packages/airflow/example_dags/example_branch_operator.py
[2024-04-14T11:54:53.293+0000] {processor.py:840} INFO - DAG(s) 'example_branch_operator' retrieved from /home/airflow/.local/lib/python3.12/site-packages/airflow/example_dags/example_branch_operator.py
[2024-04-14T11:54:53.392+0000] {logging_mixin.py:188} INFO - [2024-04-14T11:54:53.390+0000] {dag.py:3096} INFO - Sync 1 DAGs
[2024-04-14T11:54:53.541+0000] {logging_mixin.py:188} INFO - [2024-04-14T11:54:53.540+0000] {dag.py:3954} INFO - Setting next_dagrun for example_branch_operator to 2024-04-13 00:00:00+00:00, run_after=2024-04-14 00:00:00+00:00
[2024-04-14T11:54:53.620+0000] {processor.py:183} INFO - Processing /home/airflow/.local/lib/python3.12/site-packages/airflow/example_dags/example_branch_operator.py took 0.397 seconds
[2024-04-14T11:55:23.836+0000] {processor.py:161} INFO - Started process (PID=318) to work on /home/airflow/.local/lib/python3.12/site-packages/airflow/example_dags/example_branch_operator.py
[2024-04-14T11:55:23.838+0000] {processor.py:830} INFO - Processing file /home/airflow/.local/lib/python3.12/site-packages/airflow/example_dags/example_branch_operator.py for tasks to queue
[2024-04-14T11:55:23.841+0000] {logging_mixin.py:188} INFO - [2024-04-14T11:55:23.841+0000] {dagbag.py:540} INFO - Filling up the DagBag from /home/airflow/.local/lib/python3.12/site-packages/airflow/example_dags/example_branch_operator.py
[2024-04-14T11:55:23.863+0000] {processor.py:840} INFO - DAG(s) 'example_branch_operator' retrieved from /home/airflow/.local/lib/python3.12/site-packages/airflow/example_dags/example_branch_operator.py
[2024-04-14T11:55:23.905+0000] {logging_mixin.py:188} INFO - [2024-04-14T11:55:23.904+0000] {dag.py:3096} INFO - Sync 1 DAGs
[2024-04-14T11:55:23.946+0000] {logging_mixin.py:188} INFO - [2024-04-14T11:55:23.945+0000] {dag.py:3954} INFO - Setting next_dagrun for example_branch_operator to 2024-04-13 00:00:00+00:00, run_after=2024-04-14 00:00:00+00:00
[2024-04-14T11:55:23.978+0000] {processor.py:183} INFO - Processing /home/airflow/.local/lib/python3.12/site-packages/airflow/example_dags/example_branch_operator.py took 0.150 seconds
[2024-04-14T11:59:56.646+0000] {processor.py:161} INFO - Started process (PID=391) to work on /home/airflow/.local/lib/python3.12/site-packages/airflow/example_dags/example_branch_operator.py
[2024-04-14T11:59:56.653+0000] {processor.py:830} INFO - Processing file /home/airflow/.local/lib/python3.12/site-packages/airflow/example_dags/example_branch_operator.py for tasks to queue
[2024-04-14T11:59:56.672+0000] {logging_mixin.py:188} INFO - [2024-04-14T11:59:56.668+0000] {dagbag.py:540} INFO - Filling up the DagBag from /home/airflow/.local/lib/python3.12/site-packages/airflow/example_dags/example_branch_operator.py
[2024-04-14T12:00:02.369+0000] {processor.py:840} INFO - DAG(s) 'example_branch_operator' retrieved from /home/airflow/.local/lib/python3.12/site-packages/airflow/example_dags/example_branch_operator.py
[2024-04-14T14:38:31.519+0000] {processor.py:161} INFO - Started process (PID=102) to work on /home/airflow/.local/lib/python3.12/site-packages/airflow/example_dags/example_branch_operator.py
[2024-04-14T14:38:31.548+0000] {processor.py:830} INFO - Processing file /home/airflow/.local/lib/python3.12/site-packages/airflow/example_dags/example_branch_operator.py for tasks to queue
[2024-04-14T14:38:31.562+0000] {logging_mixin.py:188} INFO - [2024-04-14T14:38:31.561+0000] {dagbag.py:540} INFO - Filling up the DagBag from /home/airflow/.local/lib/python3.12/site-packages/airflow/example_dags/example_branch_operator.py
[2024-04-14T14:38:32.421+0000] {processor.py:840} INFO - DAG(s) 'example_branch_operator' retrieved from /home/airflow/.local/lib/python3.12/site-packages/airflow/example_dags/example_branch_operator.py
[2024-04-14T14:38:37.521+0000] {logging_mixin.py:188} INFO - [2024-04-14T14:38:37.520+0000] {dag.py:3096} INFO - Sync 1 DAGs
[2024-04-14T14:38:37.949+0000] {logging_mixin.py:188} INFO - [2024-04-14T14:38:37.937+0000] {dag.py:3954} INFO - Setting next_dagrun for example_branch_operator to 2024-04-13 00:00:00+00:00, run_after=2024-04-14 00:00:00+00:00
[2024-04-14T14:38:39.206+0000] {processor.py:183} INFO - Processing /home/airflow/.local/lib/python3.12/site-packages/airflow/example_dags/example_branch_operator.py took 7.767 seconds
[2024-04-14T15:01:43.894+0000] {processor.py:161} INFO - Started process (PID=341) to work on /home/airflow/.local/lib/python3.12/site-packages/airflow/example_dags/example_branch_operator.py
[2024-04-14T15:01:43.906+0000] {processor.py:830} INFO - Processing file /home/airflow/.local/lib/python3.12/site-packages/airflow/example_dags/example_branch_operator.py for tasks to queue
[2024-04-14T15:01:43.915+0000] {logging_mixin.py:188} INFO - [2024-04-14T15:01:43.913+0000] {dagbag.py:540} INFO - Filling up the DagBag from /home/airflow/.local/lib/python3.12/site-packages/airflow/example_dags/example_branch_operator.py
[2024-04-14T15:01:47.916+0000] {processor.py:840} INFO - DAG(s) 'example_branch_operator' retrieved from /home/airflow/.local/lib/python3.12/site-packages/airflow/example_dags/example_branch_operator.py
[2024-04-14T15:01:50.695+0000] {logging_mixin.py:188} INFO - [2024-04-14T15:01:50.694+0000] {dag.py:3096} INFO - Sync 1 DAGs
[2024-04-14T15:01:51.304+0000] {logging_mixin.py:188} INFO - [2024-04-14T15:01:51.302+0000] {dag.py:3954} INFO - Setting next_dagrun for example_branch_operator to 2024-04-13 00:00:00+00:00, run_after=2024-04-14 00:00:00+00:00
[2024-04-14T15:01:53.275+0000] {processor.py:183} INFO - Processing /home/airflow/.local/lib/python3.12/site-packages/airflow/example_dags/example_branch_operator.py took 10.233 seconds
