[2024-04-14T11:52:56.163+0000] {processor.py:161} INFO - Started process (PID=67) to work on /home/airflow/.local/lib/python3.12/site-packages/airflow/example_dags/example_setup_teardown.py
[2024-04-14T11:52:56.566+0000] {processor.py:830} INFO - Processing file /home/airflow/.local/lib/python3.12/site-packages/airflow/example_dags/example_setup_teardown.py for tasks to queue
[2024-04-14T11:52:56.714+0000] {logging_mixin.py:188} INFO - [2024-04-14T11:52:56.714+0000] {dagbag.py:540} INFO - Filling up the DagBag from /home/airflow/.local/lib/python3.12/site-packages/airflow/example_dags/example_setup_teardown.py
[2024-04-14T11:52:56.966+0000] {processor.py:840} INFO - DAG(s) 'example_setup_teardown' retrieved from /home/airflow/.local/lib/python3.12/site-packages/airflow/example_dags/example_setup_teardown.py
[2024-04-14T11:52:57.348+0000] {logging_mixin.py:188} INFO - [2024-04-14T11:52:57.342+0000] {dag.py:3096} INFO - Sync 1 DAGs
[2024-04-14T11:52:58.176+0000] {logging_mixin.py:188} INFO - [2024-04-14T11:52:58.165+0000] {dag.py:3954} INFO - Setting next_dagrun for example_setup_teardown to 2024-04-13 00:00:00+00:00, run_after=2024-04-14 00:00:00+00:00
[2024-04-14T11:52:58.487+0000] {processor.py:183} INFO - Processing /home/airflow/.local/lib/python3.12/site-packages/airflow/example_dags/example_setup_teardown.py took 2.666 seconds
[2024-04-14T11:53:51.227+0000] {processor.py:161} INFO - Started process (PID=141) to work on /home/airflow/.local/lib/python3.12/site-packages/airflow/example_dags/example_setup_teardown.py
[2024-04-14T11:53:51.229+0000] {processor.py:830} INFO - Processing file /home/airflow/.local/lib/python3.12/site-packages/airflow/example_dags/example_setup_teardown.py for tasks to queue
[2024-04-14T11:53:51.232+0000] {logging_mixin.py:188} INFO - [2024-04-14T11:53:51.232+0000] {dagbag.py:540} INFO - Filling up the DagBag from /home/airflow/.local/lib/python3.12/site-packages/airflow/example_dags/example_setup_teardown.py
[2024-04-14T11:53:51.246+0000] {processor.py:840} INFO - DAG(s) 'example_setup_teardown' retrieved from /home/airflow/.local/lib/python3.12/site-packages/airflow/example_dags/example_setup_teardown.py
[2024-04-14T11:53:51.284+0000] {logging_mixin.py:188} INFO - [2024-04-14T11:53:51.284+0000] {dag.py:3096} INFO - Sync 1 DAGs
[2024-04-14T11:53:51.334+0000] {logging_mixin.py:188} INFO - [2024-04-14T11:53:51.334+0000] {dag.py:3954} INFO - Setting next_dagrun for example_setup_teardown to 2024-04-13 00:00:00+00:00, run_after=2024-04-14 00:00:00+00:00
[2024-04-14T11:53:51.382+0000] {processor.py:183} INFO - Processing /home/airflow/.local/lib/python3.12/site-packages/airflow/example_dags/example_setup_teardown.py took 0.168 seconds
[2024-04-14T11:54:31.758+0000] {processor.py:161} INFO - Started process (PID=208) to work on /home/airflow/.local/lib/python3.12/site-packages/airflow/example_dags/example_setup_teardown.py
[2024-04-14T11:54:31.770+0000] {processor.py:830} INFO - Processing file /home/airflow/.local/lib/python3.12/site-packages/airflow/example_dags/example_setup_teardown.py for tasks to queue
[2024-04-14T11:54:31.775+0000] {logging_mixin.py:188} INFO - [2024-04-14T11:54:31.773+0000] {dagbag.py:540} INFO - Filling up the DagBag from /home/airflow/.local/lib/python3.12/site-packages/airflow/example_dags/example_setup_teardown.py
[2024-04-14T11:54:31.790+0000] {processor.py:840} INFO - DAG(s) 'example_setup_teardown' retrieved from /home/airflow/.local/lib/python3.12/site-packages/airflow/example_dags/example_setup_teardown.py
[2024-04-14T11:54:31.852+0000] {logging_mixin.py:188} INFO - [2024-04-14T11:54:31.848+0000] {dag.py:3096} INFO - Sync 1 DAGs
[2024-04-14T11:54:31.961+0000] {logging_mixin.py:188} INFO - [2024-04-14T11:54:31.961+0000] {dag.py:3954} INFO - Setting next_dagrun for example_setup_teardown to 2024-04-13 00:00:00+00:00, run_after=2024-04-14 00:00:00+00:00
[2024-04-14T11:54:32.066+0000] {processor.py:183} INFO - Processing /home/airflow/.local/lib/python3.12/site-packages/airflow/example_dags/example_setup_teardown.py took 0.323 seconds
[2024-04-14T11:55:03.363+0000] {processor.py:161} INFO - Started process (PID=270) to work on /home/airflow/.local/lib/python3.12/site-packages/airflow/example_dags/example_setup_teardown.py
[2024-04-14T11:55:03.365+0000] {processor.py:830} INFO - Processing file /home/airflow/.local/lib/python3.12/site-packages/airflow/example_dags/example_setup_teardown.py for tasks to queue
[2024-04-14T11:55:03.377+0000] {logging_mixin.py:188} INFO - [2024-04-14T11:55:03.376+0000] {dagbag.py:540} INFO - Filling up the DagBag from /home/airflow/.local/lib/python3.12/site-packages/airflow/example_dags/example_setup_teardown.py
[2024-04-14T11:55:03.395+0000] {processor.py:840} INFO - DAG(s) 'example_setup_teardown' retrieved from /home/airflow/.local/lib/python3.12/site-packages/airflow/example_dags/example_setup_teardown.py
[2024-04-14T11:55:03.477+0000] {logging_mixin.py:188} INFO - [2024-04-14T11:55:03.477+0000] {dag.py:3096} INFO - Sync 1 DAGs
[2024-04-14T11:55:03.553+0000] {logging_mixin.py:188} INFO - [2024-04-14T11:55:03.552+0000] {dag.py:3954} INFO - Setting next_dagrun for example_setup_teardown to 2024-04-13 00:00:00+00:00, run_after=2024-04-14 00:00:00+00:00
[2024-04-14T11:55:03.611+0000] {processor.py:183} INFO - Processing /home/airflow/.local/lib/python3.12/site-packages/airflow/example_dags/example_setup_teardown.py took 0.256 seconds
[2024-04-14T11:55:33.858+0000] {processor.py:161} INFO - Started process (PID=333) to work on /home/airflow/.local/lib/python3.12/site-packages/airflow/example_dags/example_setup_teardown.py
[2024-04-14T11:55:33.860+0000] {processor.py:830} INFO - Processing file /home/airflow/.local/lib/python3.12/site-packages/airflow/example_dags/example_setup_teardown.py for tasks to queue
[2024-04-14T11:55:33.870+0000] {logging_mixin.py:188} INFO - [2024-04-14T11:55:33.869+0000] {dagbag.py:540} INFO - Filling up the DagBag from /home/airflow/.local/lib/python3.12/site-packages/airflow/example_dags/example_setup_teardown.py
[2024-04-14T11:55:33.879+0000] {processor.py:840} INFO - DAG(s) 'example_setup_teardown' retrieved from /home/airflow/.local/lib/python3.12/site-packages/airflow/example_dags/example_setup_teardown.py
[2024-04-14T11:55:33.956+0000] {logging_mixin.py:188} INFO - [2024-04-14T11:55:33.956+0000] {dag.py:3096} INFO - Sync 1 DAGs
[2024-04-14T11:55:34.005+0000] {logging_mixin.py:188} INFO - [2024-04-14T11:55:34.004+0000] {dag.py:3954} INFO - Setting next_dagrun for example_setup_teardown to 2024-04-13 00:00:00+00:00, run_after=2024-04-14 00:00:00+00:00
[2024-04-14T11:55:34.039+0000] {processor.py:183} INFO - Processing /home/airflow/.local/lib/python3.12/site-packages/airflow/example_dags/example_setup_teardown.py took 0.189 seconds
[2024-04-14T14:42:59.441+0000] {processor.py:161} INFO - Started process (PID=156) to work on /home/airflow/.local/lib/python3.12/site-packages/airflow/example_dags/example_setup_teardown.py
[2024-04-14T14:42:59.524+0000] {processor.py:830} INFO - Processing file /home/airflow/.local/lib/python3.12/site-packages/airflow/example_dags/example_setup_teardown.py for tasks to queue
[2024-04-14T14:42:59.529+0000] {logging_mixin.py:188} INFO - [2024-04-14T14:42:59.528+0000] {dagbag.py:540} INFO - Filling up the DagBag from /home/airflow/.local/lib/python3.12/site-packages/airflow/example_dags/example_setup_teardown.py
[2024-04-14T14:42:59.774+0000] {processor.py:840} INFO - DAG(s) 'example_setup_teardown' retrieved from /home/airflow/.local/lib/python3.12/site-packages/airflow/example_dags/example_setup_teardown.py
[2024-04-14T14:43:00.993+0000] {logging_mixin.py:188} INFO - [2024-04-14T14:43:00.992+0000] {dag.py:3096} INFO - Sync 1 DAGs
[2024-04-14T14:43:10.320+0000] {logging_mixin.py:188} INFO - [2024-04-14T14:43:10.319+0000] {dag.py:3954} INFO - Setting next_dagrun for example_setup_teardown to 2024-04-13 00:00:00+00:00, run_after=2024-04-14 00:00:00+00:00
[2024-04-14T14:43:11.456+0000] {processor.py:183} INFO - Processing /home/airflow/.local/lib/python3.12/site-packages/airflow/example_dags/example_setup_teardown.py took 12.317 seconds
[2024-04-14T15:04:03.469+0000] {processor.py:161} INFO - Started process (PID=381) to work on /home/airflow/.local/lib/python3.12/site-packages/airflow/example_dags/example_setup_teardown.py
[2024-04-14T15:04:03.482+0000] {processor.py:830} INFO - Processing file /home/airflow/.local/lib/python3.12/site-packages/airflow/example_dags/example_setup_teardown.py for tasks to queue
[2024-04-14T15:04:03.485+0000] {logging_mixin.py:188} INFO - [2024-04-14T15:04:03.484+0000] {dagbag.py:540} INFO - Filling up the DagBag from /home/airflow/.local/lib/python3.12/site-packages/airflow/example_dags/example_setup_teardown.py
[2024-04-14T15:04:05.600+0000] {processor.py:840} INFO - DAG(s) 'example_setup_teardown' retrieved from /home/airflow/.local/lib/python3.12/site-packages/airflow/example_dags/example_setup_teardown.py
[2024-04-14T15:04:07.435+0000] {logging_mixin.py:188} INFO - [2024-04-14T15:04:07.434+0000] {dag.py:3096} INFO - Sync 1 DAGs
[2024-04-14T15:04:08.483+0000] {logging_mixin.py:188} INFO - [2024-04-14T15:04:08.481+0000] {dag.py:3954} INFO - Setting next_dagrun for example_setup_teardown to 2024-04-13 00:00:00+00:00, run_after=2024-04-14 00:00:00+00:00
[2024-04-14T15:04:10.075+0000] {processor.py:183} INFO - Processing /home/airflow/.local/lib/python3.12/site-packages/airflow/example_dags/example_setup_teardown.py took 6.767 seconds
