[2024-04-14T11:53:24.586+0000] {processor.py:161} INFO - Started process (PID=91) to work on /home/airflow/.local/lib/python3.12/site-packages/airflow/example_dags/example_latest_only_with_trigger.py
[2024-04-14T11:53:24.596+0000] {processor.py:830} INFO - Processing file /home/airflow/.local/lib/python3.12/site-packages/airflow/example_dags/example_latest_only_with_trigger.py for tasks to queue
[2024-04-14T11:53:24.601+0000] {logging_mixin.py:188} INFO - [2024-04-14T11:53:24.600+0000] {dagbag.py:540} INFO - Filling up the DagBag from /home/airflow/.local/lib/python3.12/site-packages/airflow/example_dags/example_latest_only_with_trigger.py
[2024-04-14T11:53:24.633+0000] {processor.py:840} INFO - DAG(s) 'latest_only_with_trigger' retrieved from /home/airflow/.local/lib/python3.12/site-packages/airflow/example_dags/example_latest_only_with_trigger.py
[2024-04-14T11:53:24.755+0000] {logging_mixin.py:188} INFO - [2024-04-14T11:53:24.755+0000] {dag.py:3096} INFO - Sync 1 DAGs
[2024-04-14T11:53:24.847+0000] {logging_mixin.py:188} INFO - [2024-04-14T11:53:24.847+0000] {dag.py:3954} INFO - Setting next_dagrun for latest_only_with_trigger to 2024-04-14 04:00:00+00:00, run_after=2024-04-14 08:00:00+00:00
[2024-04-14T11:53:25.072+0000] {processor.py:183} INFO - Processing /home/airflow/.local/lib/python3.12/site-packages/airflow/example_dags/example_latest_only_with_trigger.py took 0.508 seconds
[2024-04-14T11:53:58.670+0000] {processor.py:161} INFO - Started process (PID=159) to work on /home/airflow/.local/lib/python3.12/site-packages/airflow/example_dags/example_latest_only_with_trigger.py
[2024-04-14T11:53:58.685+0000] {processor.py:830} INFO - Processing file /home/airflow/.local/lib/python3.12/site-packages/airflow/example_dags/example_latest_only_with_trigger.py for tasks to queue
[2024-04-14T11:53:58.702+0000] {logging_mixin.py:188} INFO - [2024-04-14T11:53:58.702+0000] {dagbag.py:540} INFO - Filling up the DagBag from /home/airflow/.local/lib/python3.12/site-packages/airflow/example_dags/example_latest_only_with_trigger.py
[2024-04-14T11:53:58.797+0000] {processor.py:840} INFO - DAG(s) 'latest_only_with_trigger' retrieved from /home/airflow/.local/lib/python3.12/site-packages/airflow/example_dags/example_latest_only_with_trigger.py
[2024-04-14T11:53:58.967+0000] {logging_mixin.py:188} INFO - [2024-04-14T11:53:58.967+0000] {dag.py:3096} INFO - Sync 1 DAGs
[2024-04-14T11:53:59.124+0000] {logging_mixin.py:188} INFO - [2024-04-14T11:53:59.123+0000] {dag.py:3954} INFO - Setting next_dagrun for latest_only_with_trigger to 2024-04-14 04:00:00+00:00, run_after=2024-04-14 08:00:00+00:00
[2024-04-14T11:53:59.275+0000] {processor.py:183} INFO - Processing /home/airflow/.local/lib/python3.12/site-packages/airflow/example_dags/example_latest_only_with_trigger.py took 0.668 seconds
[2024-04-14T11:54:34.847+0000] {processor.py:161} INFO - Started process (PID=226) to work on /home/airflow/.local/lib/python3.12/site-packages/airflow/example_dags/example_latest_only_with_trigger.py
[2024-04-14T11:54:34.853+0000] {processor.py:830} INFO - Processing file /home/airflow/.local/lib/python3.12/site-packages/airflow/example_dags/example_latest_only_with_trigger.py for tasks to queue
[2024-04-14T11:54:34.857+0000] {logging_mixin.py:188} INFO - [2024-04-14T11:54:34.856+0000] {dagbag.py:540} INFO - Filling up the DagBag from /home/airflow/.local/lib/python3.12/site-packages/airflow/example_dags/example_latest_only_with_trigger.py
[2024-04-14T11:54:34.888+0000] {processor.py:840} INFO - DAG(s) 'latest_only_with_trigger' retrieved from /home/airflow/.local/lib/python3.12/site-packages/airflow/example_dags/example_latest_only_with_trigger.py
[2024-04-14T11:54:34.948+0000] {logging_mixin.py:188} INFO - [2024-04-14T11:54:34.948+0000] {dag.py:3096} INFO - Sync 1 DAGs
[2024-04-14T11:54:34.992+0000] {logging_mixin.py:188} INFO - [2024-04-14T11:54:34.992+0000] {dag.py:3954} INFO - Setting next_dagrun for latest_only_with_trigger to 2024-04-14 04:00:00+00:00, run_after=2024-04-14 08:00:00+00:00
[2024-04-14T11:54:35.030+0000] {processor.py:183} INFO - Processing /home/airflow/.local/lib/python3.12/site-packages/airflow/example_dags/example_latest_only_with_trigger.py took 0.192 seconds
[2024-04-14T11:55:12.722+0000] {processor.py:161} INFO - Started process (PID=290) to work on /home/airflow/.local/lib/python3.12/site-packages/airflow/example_dags/example_latest_only_with_trigger.py
[2024-04-14T11:55:12.737+0000] {processor.py:830} INFO - Processing file /home/airflow/.local/lib/python3.12/site-packages/airflow/example_dags/example_latest_only_with_trigger.py for tasks to queue
[2024-04-14T11:55:12.750+0000] {logging_mixin.py:188} INFO - [2024-04-14T11:55:12.749+0000] {dagbag.py:540} INFO - Filling up the DagBag from /home/airflow/.local/lib/python3.12/site-packages/airflow/example_dags/example_latest_only_with_trigger.py
[2024-04-14T11:55:12.785+0000] {processor.py:840} INFO - DAG(s) 'latest_only_with_trigger' retrieved from /home/airflow/.local/lib/python3.12/site-packages/airflow/example_dags/example_latest_only_with_trigger.py
[2024-04-14T11:55:12.877+0000] {logging_mixin.py:188} INFO - [2024-04-14T11:55:12.877+0000] {dag.py:3096} INFO - Sync 1 DAGs
[2024-04-14T11:55:13.067+0000] {logging_mixin.py:188} INFO - [2024-04-14T11:55:13.066+0000] {dag.py:3954} INFO - Setting next_dagrun for latest_only_with_trigger to 2024-04-14 04:00:00+00:00, run_after=2024-04-14 08:00:00+00:00
[2024-04-14T11:55:13.233+0000] {processor.py:183} INFO - Processing /home/airflow/.local/lib/python3.12/site-packages/airflow/example_dags/example_latest_only_with_trigger.py took 0.531 seconds
[2024-04-14T11:55:44.076+0000] {processor.py:161} INFO - Started process (PID=353) to work on /home/airflow/.local/lib/python3.12/site-packages/airflow/example_dags/example_latest_only_with_trigger.py
[2024-04-14T11:55:44.079+0000] {processor.py:830} INFO - Processing file /home/airflow/.local/lib/python3.12/site-packages/airflow/example_dags/example_latest_only_with_trigger.py for tasks to queue
[2024-04-14T11:55:44.093+0000] {logging_mixin.py:188} INFO - [2024-04-14T11:55:44.092+0000] {dagbag.py:540} INFO - Filling up the DagBag from /home/airflow/.local/lib/python3.12/site-packages/airflow/example_dags/example_latest_only_with_trigger.py
[2024-04-14T11:55:44.333+0000] {processor.py:840} INFO - DAG(s) 'latest_only_with_trigger' retrieved from /home/airflow/.local/lib/python3.12/site-packages/airflow/example_dags/example_latest_only_with_trigger.py
[2024-04-14T11:55:44.499+0000] {logging_mixin.py:188} INFO - [2024-04-14T11:55:44.499+0000] {dag.py:3096} INFO - Sync 1 DAGs
[2024-04-14T11:55:44.618+0000] {logging_mixin.py:188} INFO - [2024-04-14T11:55:44.617+0000] {dag.py:3954} INFO - Setting next_dagrun for latest_only_with_trigger to 2024-04-14 04:00:00+00:00, run_after=2024-04-14 08:00:00+00:00
[2024-04-14T11:55:44.938+0000] {processor.py:183} INFO - Processing /home/airflow/.local/lib/python3.12/site-packages/airflow/example_dags/example_latest_only_with_trigger.py took 0.883 seconds
[2024-04-14T14:49:34.207+0000] {processor.py:161} INFO - Started process (PID=242) to work on /home/airflow/.local/lib/python3.12/site-packages/airflow/example_dags/example_latest_only_with_trigger.py
[2024-04-14T14:49:34.230+0000] {processor.py:830} INFO - Processing file /home/airflow/.local/lib/python3.12/site-packages/airflow/example_dags/example_latest_only_with_trigger.py for tasks to queue
[2024-04-14T14:49:34.256+0000] {logging_mixin.py:188} INFO - [2024-04-14T14:49:34.242+0000] {dagbag.py:540} INFO - Filling up the DagBag from /home/airflow/.local/lib/python3.12/site-packages/airflow/example_dags/example_latest_only_with_trigger.py
[2024-04-14T14:49:34.373+0000] {processor.py:840} INFO - DAG(s) 'latest_only_with_trigger' retrieved from /home/airflow/.local/lib/python3.12/site-packages/airflow/example_dags/example_latest_only_with_trigger.py
[2024-04-14T14:50:14.205+0000] {logging_mixin.py:188} INFO - [2024-04-14T14:50:14.205+0000] {dag.py:3096} INFO - Sync 1 DAGs
[2024-04-14T14:50:21.810+0000] {logging_mixin.py:188} INFO - [2024-04-14T14:50:21.694+0000] {dag.py:3954} INFO - Setting next_dagrun for latest_only_with_trigger to 2024-04-14 08:00:00+00:00, run_after=2024-04-14 12:00:00+00:00
[2024-04-14T15:07:02.918+0000] {processor.py:161} INFO - Started process (PID=424) to work on /home/airflow/.local/lib/python3.12/site-packages/airflow/example_dags/example_latest_only_with_trigger.py
[2024-04-14T15:07:02.930+0000] {processor.py:830} INFO - Processing file /home/airflow/.local/lib/python3.12/site-packages/airflow/example_dags/example_latest_only_with_trigger.py for tasks to queue
[2024-04-14T15:07:02.947+0000] {logging_mixin.py:188} INFO - [2024-04-14T15:07:02.946+0000] {dagbag.py:540} INFO - Filling up the DagBag from /home/airflow/.local/lib/python3.12/site-packages/airflow/example_dags/example_latest_only_with_trigger.py
[2024-04-14T15:07:03.154+0000] {processor.py:840} INFO - DAG(s) 'latest_only_with_trigger' retrieved from /home/airflow/.local/lib/python3.12/site-packages/airflow/example_dags/example_latest_only_with_trigger.py
[2024-04-14T15:07:03.660+0000] {logging_mixin.py:188} INFO - [2024-04-14T15:07:03.659+0000] {dag.py:3096} INFO - Sync 1 DAGs
[2024-04-14T15:07:03.914+0000] {logging_mixin.py:188} INFO - [2024-04-14T15:07:03.914+0000] {dag.py:3954} INFO - Setting next_dagrun for latest_only_with_trigger to 2024-04-14 08:00:00+00:00, run_after=2024-04-14 12:00:00+00:00
[2024-04-14T15:07:04.313+0000] {processor.py:183} INFO - Processing /home/airflow/.local/lib/python3.12/site-packages/airflow/example_dags/example_latest_only_with_trigger.py took 1.506 seconds
