[2024-04-14T11:53:21.850+0000] {processor.py:161} INFO - Started process (PID=90) to work on /home/airflow/.local/lib/python3.12/site-packages/airflow/example_dags/example_bash_operator.py
[2024-04-14T11:53:21.853+0000] {processor.py:830} INFO - Processing file /home/airflow/.local/lib/python3.12/site-packages/airflow/example_dags/example_bash_operator.py for tasks to queue
[2024-04-14T11:53:21.866+0000] {logging_mixin.py:188} INFO - [2024-04-14T11:53:21.863+0000] {dagbag.py:540} INFO - Filling up the DagBag from /home/airflow/.local/lib/python3.12/site-packages/airflow/example_dags/example_bash_operator.py
[2024-04-14T11:53:21.960+0000] {processor.py:840} INFO - DAG(s) 'example_bash_operator' retrieved from /home/airflow/.local/lib/python3.12/site-packages/airflow/example_dags/example_bash_operator.py
[2024-04-14T11:53:24.126+0000] {logging_mixin.py:188} INFO - [2024-04-14T11:53:24.126+0000] {dag.py:3096} INFO - Sync 1 DAGs
[2024-04-14T11:53:24.313+0000] {logging_mixin.py:188} INFO - [2024-04-14T11:53:24.313+0000] {dag.py:3954} INFO - Setting next_dagrun for example_bash_operator to 2024-04-13 00:00:00+00:00, run_after=2024-04-14 00:00:00+00:00
[2024-04-14T11:53:24.395+0000] {processor.py:183} INFO - Processing /home/airflow/.local/lib/python3.12/site-packages/airflow/example_dags/example_bash_operator.py took 2.590 seconds
[2024-04-14T11:53:58.013+0000] {processor.py:161} INFO - Started process (PID=158) to work on /home/airflow/.local/lib/python3.12/site-packages/airflow/example_dags/example_bash_operator.py
[2024-04-14T11:53:58.138+0000] {processor.py:830} INFO - Processing file /home/airflow/.local/lib/python3.12/site-packages/airflow/example_dags/example_bash_operator.py for tasks to queue
[2024-04-14T11:53:58.155+0000] {logging_mixin.py:188} INFO - [2024-04-14T11:53:58.154+0000] {dagbag.py:540} INFO - Filling up the DagBag from /home/airflow/.local/lib/python3.12/site-packages/airflow/example_dags/example_bash_operator.py
[2024-04-14T11:53:58.239+0000] {processor.py:840} INFO - DAG(s) 'example_bash_operator' retrieved from /home/airflow/.local/lib/python3.12/site-packages/airflow/example_dags/example_bash_operator.py
[2024-04-14T11:53:58.527+0000] {logging_mixin.py:188} INFO - [2024-04-14T11:53:58.526+0000] {dag.py:3096} INFO - Sync 1 DAGs
[2024-04-14T11:53:58.718+0000] {logging_mixin.py:188} INFO - [2024-04-14T11:53:58.717+0000] {dag.py:3954} INFO - Setting next_dagrun for example_bash_operator to 2024-04-13 00:00:00+00:00, run_after=2024-04-14 00:00:00+00:00
[2024-04-14T11:53:59.039+0000] {processor.py:183} INFO - Processing /home/airflow/.local/lib/python3.12/site-packages/airflow/example_dags/example_bash_operator.py took 1.108 seconds
[2024-04-14T11:54:34.778+0000] {processor.py:161} INFO - Started process (PID=225) to work on /home/airflow/.local/lib/python3.12/site-packages/airflow/example_dags/example_bash_operator.py
[2024-04-14T11:54:34.799+0000] {processor.py:830} INFO - Processing file /home/airflow/.local/lib/python3.12/site-packages/airflow/example_dags/example_bash_operator.py for tasks to queue
[2024-04-14T11:54:34.802+0000] {logging_mixin.py:188} INFO - [2024-04-14T11:54:34.802+0000] {dagbag.py:540} INFO - Filling up the DagBag from /home/airflow/.local/lib/python3.12/site-packages/airflow/example_dags/example_bash_operator.py
[2024-04-14T11:54:34.842+0000] {processor.py:840} INFO - DAG(s) 'example_bash_operator' retrieved from /home/airflow/.local/lib/python3.12/site-packages/airflow/example_dags/example_bash_operator.py
[2024-04-14T11:54:34.935+0000] {logging_mixin.py:188} INFO - [2024-04-14T11:54:34.935+0000] {dag.py:3096} INFO - Sync 1 DAGs
[2024-04-14T11:54:35.013+0000] {logging_mixin.py:188} INFO - [2024-04-14T11:54:35.013+0000] {dag.py:3954} INFO - Setting next_dagrun for example_bash_operator to 2024-04-13 00:00:00+00:00, run_after=2024-04-14 00:00:00+00:00
[2024-04-14T11:54:35.070+0000] {processor.py:183} INFO - Processing /home/airflow/.local/lib/python3.12/site-packages/airflow/example_dags/example_bash_operator.py took 0.304 seconds
[2024-04-14T11:55:11.860+0000] {processor.py:161} INFO - Started process (PID=289) to work on /home/airflow/.local/lib/python3.12/site-packages/airflow/example_dags/example_bash_operator.py
[2024-04-14T11:55:11.905+0000] {processor.py:830} INFO - Processing file /home/airflow/.local/lib/python3.12/site-packages/airflow/example_dags/example_bash_operator.py for tasks to queue
[2024-04-14T11:55:11.921+0000] {logging_mixin.py:188} INFO - [2024-04-14T11:55:11.921+0000] {dagbag.py:540} INFO - Filling up the DagBag from /home/airflow/.local/lib/python3.12/site-packages/airflow/example_dags/example_bash_operator.py
[2024-04-14T11:55:11.975+0000] {processor.py:840} INFO - DAG(s) 'example_bash_operator' retrieved from /home/airflow/.local/lib/python3.12/site-packages/airflow/example_dags/example_bash_operator.py
[2024-04-14T11:55:12.126+0000] {logging_mixin.py:188} INFO - [2024-04-14T11:55:12.125+0000] {dag.py:3096} INFO - Sync 1 DAGs
[2024-04-14T11:55:12.455+0000] {logging_mixin.py:188} INFO - [2024-04-14T11:55:12.455+0000] {dag.py:3954} INFO - Setting next_dagrun for example_bash_operator to 2024-04-13 00:00:00+00:00, run_after=2024-04-14 00:00:00+00:00
[2024-04-14T11:55:12.622+0000] {processor.py:183} INFO - Processing /home/airflow/.local/lib/python3.12/site-packages/airflow/example_dags/example_bash_operator.py took 0.770 seconds
[2024-04-14T11:55:43.027+0000] {processor.py:161} INFO - Started process (PID=352) to work on /home/airflow/.local/lib/python3.12/site-packages/airflow/example_dags/example_bash_operator.py
[2024-04-14T11:55:43.032+0000] {processor.py:830} INFO - Processing file /home/airflow/.local/lib/python3.12/site-packages/airflow/example_dags/example_bash_operator.py for tasks to queue
[2024-04-14T11:55:43.045+0000] {logging_mixin.py:188} INFO - [2024-04-14T11:55:43.043+0000] {dagbag.py:540} INFO - Filling up the DagBag from /home/airflow/.local/lib/python3.12/site-packages/airflow/example_dags/example_bash_operator.py
[2024-04-14T11:55:43.069+0000] {processor.py:840} INFO - DAG(s) 'example_bash_operator' retrieved from /home/airflow/.local/lib/python3.12/site-packages/airflow/example_dags/example_bash_operator.py
[2024-04-14T11:55:43.113+0000] {logging_mixin.py:188} INFO - [2024-04-14T11:55:43.113+0000] {dag.py:3096} INFO - Sync 1 DAGs
[2024-04-14T11:55:43.160+0000] {logging_mixin.py:188} INFO - [2024-04-14T11:55:43.158+0000] {dag.py:3954} INFO - Setting next_dagrun for example_bash_operator to 2024-04-13 00:00:00+00:00, run_after=2024-04-14 00:00:00+00:00
[2024-04-14T11:55:43.214+0000] {processor.py:183} INFO - Processing /home/airflow/.local/lib/python3.12/site-packages/airflow/example_dags/example_bash_operator.py took 0.206 seconds
[2024-04-14T14:49:31.667+0000] {processor.py:161} INFO - Started process (PID=241) to work on /home/airflow/.local/lib/python3.12/site-packages/airflow/example_dags/example_bash_operator.py
[2024-04-14T14:49:32.962+0000] {processor.py:830} INFO - Processing file /home/airflow/.local/lib/python3.12/site-packages/airflow/example_dags/example_bash_operator.py for tasks to queue
[2024-04-14T14:49:33.201+0000] {logging_mixin.py:188} INFO - [2024-04-14T14:49:33.199+0000] {dagbag.py:540} INFO - Filling up the DagBag from /home/airflow/.local/lib/python3.12/site-packages/airflow/example_dags/example_bash_operator.py
[2024-04-14T14:49:34.932+0000] {processor.py:840} INFO - DAG(s) 'example_bash_operator' retrieved from /home/airflow/.local/lib/python3.12/site-packages/airflow/example_dags/example_bash_operator.py
[2024-04-14T14:50:15.278+0000] {logging_mixin.py:188} INFO - [2024-04-14T14:50:15.278+0000] {dag.py:3096} INFO - Sync 1 DAGs
[2024-04-14T15:06:51.080+0000] {processor.py:161} INFO - Started process (PID=423) to work on /home/airflow/.local/lib/python3.12/site-packages/airflow/example_dags/example_bash_operator.py
[2024-04-14T15:06:51.160+0000] {processor.py:830} INFO - Processing file /home/airflow/.local/lib/python3.12/site-packages/airflow/example_dags/example_bash_operator.py for tasks to queue
[2024-04-14T15:06:51.165+0000] {logging_mixin.py:188} INFO - [2024-04-14T15:06:51.164+0000] {dagbag.py:540} INFO - Filling up the DagBag from /home/airflow/.local/lib/python3.12/site-packages/airflow/example_dags/example_bash_operator.py
[2024-04-14T15:06:52.644+0000] {processor.py:840} INFO - DAG(s) 'example_bash_operator' retrieved from /home/airflow/.local/lib/python3.12/site-packages/airflow/example_dags/example_bash_operator.py
[2024-04-14T15:07:02.602+0000] {logging_mixin.py:188} INFO - [2024-04-14T15:07:02.601+0000] {dag.py:3096} INFO - Sync 1 DAGs
[2024-04-14T15:07:02.924+0000] {logging_mixin.py:188} INFO - [2024-04-14T15:07:02.912+0000] {dag.py:3954} INFO - Setting next_dagrun for example_bash_operator to 2024-04-13 00:00:00+00:00, run_after=2024-04-14 00:00:00+00:00
