[2024-04-14T11:52:54.662+0000] {processor.py:161} INFO - Started process (PID=65) to work on /home/airflow/.local/lib/python3.12/site-packages/airflow/example_dags/example_branch_python_dop_operator_3.py
[2024-04-14T11:52:54.666+0000] {processor.py:830} INFO - Processing file /home/airflow/.local/lib/python3.12/site-packages/airflow/example_dags/example_branch_python_dop_operator_3.py for tasks to queue
[2024-04-14T11:52:54.674+0000] {logging_mixin.py:188} INFO - [2024-04-14T11:52:54.673+0000] {dagbag.py:540} INFO - Filling up the DagBag from /home/airflow/.local/lib/python3.12/site-packages/airflow/example_dags/example_branch_python_dop_operator_3.py
[2024-04-14T11:52:54.869+0000] {processor.py:840} INFO - DAG(s) 'example_branch_dop_operator_v3' retrieved from /home/airflow/.local/lib/python3.12/site-packages/airflow/example_dags/example_branch_python_dop_operator_3.py
[2024-04-14T11:52:54.954+0000] {logging_mixin.py:188} INFO - [2024-04-14T11:52:54.953+0000] {dag.py:3096} INFO - Sync 1 DAGs
[2024-04-14T11:52:55.182+0000] {logging_mixin.py:188} INFO - [2024-04-14T11:52:55.181+0000] {dag.py:3954} INFO - Setting next_dagrun for example_branch_dop_operator_v3 to 2024-04-14 11:51:00+00:00, run_after=2024-04-14 11:52:00+00:00
[2024-04-14T11:52:55.355+0000] {processor.py:183} INFO - Processing /home/airflow/.local/lib/python3.12/site-packages/airflow/example_dags/example_branch_python_dop_operator_3.py took 0.688 seconds
[2024-04-14T11:53:50.759+0000] {processor.py:161} INFO - Started process (PID=139) to work on /home/airflow/.local/lib/python3.12/site-packages/airflow/example_dags/example_branch_python_dop_operator_3.py
[2024-04-14T11:53:50.761+0000] {processor.py:830} INFO - Processing file /home/airflow/.local/lib/python3.12/site-packages/airflow/example_dags/example_branch_python_dop_operator_3.py for tasks to queue
[2024-04-14T11:53:50.765+0000] {logging_mixin.py:188} INFO - [2024-04-14T11:53:50.764+0000] {dagbag.py:540} INFO - Filling up the DagBag from /home/airflow/.local/lib/python3.12/site-packages/airflow/example_dags/example_branch_python_dop_operator_3.py
[2024-04-14T11:53:50.786+0000] {processor.py:840} INFO - DAG(s) 'example_branch_dop_operator_v3' retrieved from /home/airflow/.local/lib/python3.12/site-packages/airflow/example_dags/example_branch_python_dop_operator_3.py
[2024-04-14T11:53:50.824+0000] {logging_mixin.py:188} INFO - [2024-04-14T11:53:50.821+0000] {dag.py:3096} INFO - Sync 1 DAGs
[2024-04-14T11:53:50.889+0000] {logging_mixin.py:188} INFO - [2024-04-14T11:53:50.889+0000] {dag.py:3954} INFO - Setting next_dagrun for example_branch_dop_operator_v3 to 2024-04-14 11:52:00+00:00, run_after=2024-04-14 11:53:00+00:00
[2024-04-14T11:53:50.949+0000] {processor.py:183} INFO - Processing /home/airflow/.local/lib/python3.12/site-packages/airflow/example_dags/example_branch_python_dop_operator_3.py took 0.199 seconds
[2024-04-14T11:54:31.169+0000] {processor.py:161} INFO - Started process (PID=206) to work on /home/airflow/.local/lib/python3.12/site-packages/airflow/example_dags/example_branch_python_dop_operator_3.py
[2024-04-14T11:54:31.171+0000] {processor.py:830} INFO - Processing file /home/airflow/.local/lib/python3.12/site-packages/airflow/example_dags/example_branch_python_dop_operator_3.py for tasks to queue
[2024-04-14T11:54:31.174+0000] {logging_mixin.py:188} INFO - [2024-04-14T11:54:31.174+0000] {dagbag.py:540} INFO - Filling up the DagBag from /home/airflow/.local/lib/python3.12/site-packages/airflow/example_dags/example_branch_python_dop_operator_3.py
[2024-04-14T11:54:31.203+0000] {processor.py:840} INFO - DAG(s) 'example_branch_dop_operator_v3' retrieved from /home/airflow/.local/lib/python3.12/site-packages/airflow/example_dags/example_branch_python_dop_operator_3.py
[2024-04-14T11:54:31.245+0000] {logging_mixin.py:188} INFO - [2024-04-14T11:54:31.244+0000] {dag.py:3096} INFO - Sync 1 DAGs
[2024-04-14T11:54:31.321+0000] {logging_mixin.py:188} INFO - [2024-04-14T11:54:31.320+0000] {dag.py:3954} INFO - Setting next_dagrun for example_branch_dop_operator_v3 to 2024-04-14 11:53:00+00:00, run_after=2024-04-14 11:54:00+00:00
[2024-04-14T11:54:31.360+0000] {processor.py:183} INFO - Processing /home/airflow/.local/lib/python3.12/site-packages/airflow/example_dags/example_branch_python_dop_operator_3.py took 0.202 seconds
[2024-04-14T11:55:02.797+0000] {processor.py:161} INFO - Started process (PID=268) to work on /home/airflow/.local/lib/python3.12/site-packages/airflow/example_dags/example_branch_python_dop_operator_3.py
[2024-04-14T11:55:02.814+0000] {processor.py:830} INFO - Processing file /home/airflow/.local/lib/python3.12/site-packages/airflow/example_dags/example_branch_python_dop_operator_3.py for tasks to queue
[2024-04-14T11:55:02.832+0000] {logging_mixin.py:188} INFO - [2024-04-14T11:55:02.831+0000] {dagbag.py:540} INFO - Filling up the DagBag from /home/airflow/.local/lib/python3.12/site-packages/airflow/example_dags/example_branch_python_dop_operator_3.py
[2024-04-14T11:55:02.876+0000] {processor.py:840} INFO - DAG(s) 'example_branch_dop_operator_v3' retrieved from /home/airflow/.local/lib/python3.12/site-packages/airflow/example_dags/example_branch_python_dop_operator_3.py
[2024-04-14T11:55:03.050+0000] {logging_mixin.py:188} INFO - [2024-04-14T11:55:03.050+0000] {dag.py:3096} INFO - Sync 1 DAGs
[2024-04-14T11:55:03.159+0000] {logging_mixin.py:188} INFO - [2024-04-14T11:55:03.159+0000] {dag.py:3954} INFO - Setting next_dagrun for example_branch_dop_operator_v3 to 2024-04-14 11:54:00+00:00, run_after=2024-04-14 11:55:00+00:00
[2024-04-14T11:55:03.329+0000] {processor.py:183} INFO - Processing /home/airflow/.local/lib/python3.12/site-packages/airflow/example_dags/example_branch_python_dop_operator_3.py took 0.567 seconds
[2024-04-14T11:55:33.662+0000] {processor.py:161} INFO - Started process (PID=332) to work on /home/airflow/.local/lib/python3.12/site-packages/airflow/example_dags/example_branch_python_dop_operator_3.py
[2024-04-14T11:55:33.663+0000] {processor.py:830} INFO - Processing file /home/airflow/.local/lib/python3.12/site-packages/airflow/example_dags/example_branch_python_dop_operator_3.py for tasks to queue
[2024-04-14T11:55:33.668+0000] {logging_mixin.py:188} INFO - [2024-04-14T11:55:33.667+0000] {dagbag.py:540} INFO - Filling up the DagBag from /home/airflow/.local/lib/python3.12/site-packages/airflow/example_dags/example_branch_python_dop_operator_3.py
[2024-04-14T11:55:33.681+0000] {processor.py:840} INFO - DAG(s) 'example_branch_dop_operator_v3' retrieved from /home/airflow/.local/lib/python3.12/site-packages/airflow/example_dags/example_branch_python_dop_operator_3.py
[2024-04-14T11:55:33.716+0000] {logging_mixin.py:188} INFO - [2024-04-14T11:55:33.716+0000] {dag.py:3096} INFO - Sync 1 DAGs
[2024-04-14T11:55:33.762+0000] {logging_mixin.py:188} INFO - [2024-04-14T11:55:33.761+0000] {dag.py:3954} INFO - Setting next_dagrun for example_branch_dop_operator_v3 to 2024-04-14 11:54:00+00:00, run_after=2024-04-14 11:55:00+00:00
[2024-04-14T11:55:33.798+0000] {processor.py:183} INFO - Processing /home/airflow/.local/lib/python3.12/site-packages/airflow/example_dags/example_branch_python_dop_operator_3.py took 0.146 seconds
[2024-04-14T14:42:21.252+0000] {processor.py:161} INFO - Started process (PID=148) to work on /home/airflow/.local/lib/python3.12/site-packages/airflow/example_dags/example_branch_python_dop_operator_3.py
[2024-04-14T14:42:21.351+0000] {processor.py:830} INFO - Processing file /home/airflow/.local/lib/python3.12/site-packages/airflow/example_dags/example_branch_python_dop_operator_3.py for tasks to queue
[2024-04-14T14:42:21.481+0000] {logging_mixin.py:188} INFO - [2024-04-14T14:42:21.480+0000] {dagbag.py:540} INFO - Filling up the DagBag from /home/airflow/.local/lib/python3.12/site-packages/airflow/example_dags/example_branch_python_dop_operator_3.py
[2024-04-14T14:42:22.899+0000] {processor.py:840} INFO - DAG(s) 'example_branch_dop_operator_v3' retrieved from /home/airflow/.local/lib/python3.12/site-packages/airflow/example_dags/example_branch_python_dop_operator_3.py
[2024-04-14T14:42:39.978+0000] {logging_mixin.py:188} INFO - [2024-04-14T14:42:39.977+0000] {dag.py:3096} INFO - Sync 1 DAGs
[2024-04-14T14:42:41.613+0000] {logging_mixin.py:188} INFO - [2024-04-14T14:42:41.501+0000] {dag.py:3954} INFO - Setting next_dagrun for example_branch_dop_operator_v3 to 2024-04-14 14:41:00+00:00, run_after=2024-04-14 14:42:00+00:00
[2024-04-14T14:42:43.248+0000] {processor.py:183} INFO - Processing /home/airflow/.local/lib/python3.12/site-packages/airflow/example_dags/example_branch_python_dop_operator_3.py took 22.115 seconds
[2024-04-14T15:03:10.624+0000] {processor.py:161} INFO - Started process (PID=373) to work on /home/airflow/.local/lib/python3.12/site-packages/airflow/example_dags/example_branch_python_dop_operator_3.py
[2024-04-14T15:03:10.638+0000] {processor.py:830} INFO - Processing file /home/airflow/.local/lib/python3.12/site-packages/airflow/example_dags/example_branch_python_dop_operator_3.py for tasks to queue
[2024-04-14T15:03:10.641+0000] {logging_mixin.py:188} INFO - [2024-04-14T15:03:10.640+0000] {dagbag.py:540} INFO - Filling up the DagBag from /home/airflow/.local/lib/python3.12/site-packages/airflow/example_dags/example_branch_python_dop_operator_3.py
[2024-04-14T15:03:11.315+0000] {processor.py:840} INFO - DAG(s) 'example_branch_dop_operator_v3' retrieved from /home/airflow/.local/lib/python3.12/site-packages/airflow/example_dags/example_branch_python_dop_operator_3.py
[2024-04-14T15:03:58.401+0000] {logging_mixin.py:188} INFO - [2024-04-14T15:03:58.401+0000] {dag.py:3096} INFO - Sync 1 DAGs
[2024-04-14T15:04:00.915+0000] {logging_mixin.py:188} INFO - [2024-04-14T15:04:00.883+0000] {dag.py:3954} INFO - Setting next_dagrun for example_branch_dop_operator_v3 to 2024-04-14 15:03:00+00:00, run_after=2024-04-14 15:04:00+00:00
[2024-04-14T15:04:01.459+0000] {processor.py:183} INFO - Processing /home/airflow/.local/lib/python3.12/site-packages/airflow/example_dags/example_branch_python_dop_operator_3.py took 50.888 seconds
