[2024-04-14T11:52:40.986+0000] {processor.py:161} INFO - Started process (PID=46) to work on /home/airflow/.local/lib/python3.12/site-packages/airflow/example_dags/tutorial.py
[2024-04-14T11:52:41.009+0000] {processor.py:830} INFO - Processing file /home/airflow/.local/lib/python3.12/site-packages/airflow/example_dags/tutorial.py for tasks to queue
[2024-04-14T11:52:41.034+0000] {logging_mixin.py:188} INFO - [2024-04-14T11:52:41.016+0000] {dagbag.py:540} INFO - Filling up the DagBag from /home/airflow/.local/lib/python3.12/site-packages/airflow/example_dags/tutorial.py
[2024-04-14T11:52:41.094+0000] {processor.py:840} INFO - DAG(s) 'tutorial' retrieved from /home/airflow/.local/lib/python3.12/site-packages/airflow/example_dags/tutorial.py
[2024-04-14T11:52:41.276+0000] {logging_mixin.py:188} INFO - [2024-04-14T11:52:41.276+0000] {dag.py:3096} INFO - Sync 1 DAGs
[2024-04-14T11:52:41.534+0000] {logging_mixin.py:188} INFO - [2024-04-14T11:52:41.534+0000] {dag.py:3954} INFO - Setting next_dagrun for tutorial to 2024-04-13 00:00:00+00:00, run_after=2024-04-14 00:00:00+00:00
[2024-04-14T11:52:42.499+0000] {processor.py:183} INFO - Processing /home/airflow/.local/lib/python3.12/site-packages/airflow/example_dags/tutorial.py took 1.539 seconds
[2024-04-14T11:53:42.515+0000] {processor.py:161} INFO - Started process (PID=120) to work on /home/airflow/.local/lib/python3.12/site-packages/airflow/example_dags/tutorial.py
[2024-04-14T11:53:42.517+0000] {processor.py:830} INFO - Processing file /home/airflow/.local/lib/python3.12/site-packages/airflow/example_dags/tutorial.py for tasks to queue
[2024-04-14T11:53:42.522+0000] {logging_mixin.py:188} INFO - [2024-04-14T11:53:42.521+0000] {dagbag.py:540} INFO - Filling up the DagBag from /home/airflow/.local/lib/python3.12/site-packages/airflow/example_dags/tutorial.py
[2024-04-14T11:53:42.537+0000] {processor.py:840} INFO - DAG(s) 'tutorial' retrieved from /home/airflow/.local/lib/python3.12/site-packages/airflow/example_dags/tutorial.py
[2024-04-14T11:53:42.593+0000] {logging_mixin.py:188} INFO - [2024-04-14T11:53:42.591+0000] {dag.py:3096} INFO - Sync 1 DAGs
[2024-04-14T11:53:44.384+0000] {logging_mixin.py:188} INFO - [2024-04-14T11:53:44.383+0000] {dag.py:3954} INFO - Setting next_dagrun for tutorial to 2024-04-13 00:00:00+00:00, run_after=2024-04-14 00:00:00+00:00
[2024-04-14T11:53:45.363+0000] {processor.py:183} INFO - Processing /home/airflow/.local/lib/python3.12/site-packages/airflow/example_dags/tutorial.py took 2.867 seconds
[2024-04-14T11:54:21.924+0000] {processor.py:161} INFO - Started process (PID=192) to work on /home/airflow/.local/lib/python3.12/site-packages/airflow/example_dags/tutorial.py
[2024-04-14T11:54:21.941+0000] {processor.py:830} INFO - Processing file /home/airflow/.local/lib/python3.12/site-packages/airflow/example_dags/tutorial.py for tasks to queue
[2024-04-14T11:54:21.974+0000] {logging_mixin.py:188} INFO - [2024-04-14T11:54:21.974+0000] {dagbag.py:540} INFO - Filling up the DagBag from /home/airflow/.local/lib/python3.12/site-packages/airflow/example_dags/tutorial.py
[2024-04-14T11:54:22.036+0000] {processor.py:840} INFO - DAG(s) 'tutorial' retrieved from /home/airflow/.local/lib/python3.12/site-packages/airflow/example_dags/tutorial.py
[2024-04-14T11:54:22.442+0000] {logging_mixin.py:188} INFO - [2024-04-14T11:54:22.441+0000] {dag.py:3096} INFO - Sync 1 DAGs
[2024-04-14T11:54:22.596+0000] {logging_mixin.py:188} INFO - [2024-04-14T11:54:22.596+0000] {dag.py:3954} INFO - Setting next_dagrun for tutorial to 2024-04-13 00:00:00+00:00, run_after=2024-04-14 00:00:00+00:00
[2024-04-14T11:54:22.855+0000] {processor.py:183} INFO - Processing /home/airflow/.local/lib/python3.12/site-packages/airflow/example_dags/tutorial.py took 1.002 seconds
[2024-04-14T11:54:53.248+0000] {processor.py:161} INFO - Started process (PID=255) to work on /home/airflow/.local/lib/python3.12/site-packages/airflow/example_dags/tutorial.py
[2024-04-14T11:54:53.250+0000] {processor.py:830} INFO - Processing file /home/airflow/.local/lib/python3.12/site-packages/airflow/example_dags/tutorial.py for tasks to queue
[2024-04-14T11:54:53.253+0000] {logging_mixin.py:188} INFO - [2024-04-14T11:54:53.253+0000] {dagbag.py:540} INFO - Filling up the DagBag from /home/airflow/.local/lib/python3.12/site-packages/airflow/example_dags/tutorial.py
[2024-04-14T11:54:53.271+0000] {processor.py:840} INFO - DAG(s) 'tutorial' retrieved from /home/airflow/.local/lib/python3.12/site-packages/airflow/example_dags/tutorial.py
[2024-04-14T11:54:53.348+0000] {logging_mixin.py:188} INFO - [2024-04-14T11:54:53.347+0000] {dag.py:3096} INFO - Sync 1 DAGs
[2024-04-14T11:54:53.417+0000] {logging_mixin.py:188} INFO - [2024-04-14T11:54:53.417+0000] {dag.py:3954} INFO - Setting next_dagrun for tutorial to 2024-04-13 00:00:00+00:00, run_after=2024-04-14 00:00:00+00:00
[2024-04-14T11:54:53.578+0000] {processor.py:183} INFO - Processing /home/airflow/.local/lib/python3.12/site-packages/airflow/example_dags/tutorial.py took 0.349 seconds
[2024-04-14T11:55:23.659+0000] {processor.py:161} INFO - Started process (PID=317) to work on /home/airflow/.local/lib/python3.12/site-packages/airflow/example_dags/tutorial.py
[2024-04-14T11:55:23.661+0000] {processor.py:830} INFO - Processing file /home/airflow/.local/lib/python3.12/site-packages/airflow/example_dags/tutorial.py for tasks to queue
[2024-04-14T11:55:23.664+0000] {logging_mixin.py:188} INFO - [2024-04-14T11:55:23.663+0000] {dagbag.py:540} INFO - Filling up the DagBag from /home/airflow/.local/lib/python3.12/site-packages/airflow/example_dags/tutorial.py
[2024-04-14T11:55:23.676+0000] {processor.py:840} INFO - DAG(s) 'tutorial' retrieved from /home/airflow/.local/lib/python3.12/site-packages/airflow/example_dags/tutorial.py
[2024-04-14T11:55:23.709+0000] {logging_mixin.py:188} INFO - [2024-04-14T11:55:23.708+0000] {dag.py:3096} INFO - Sync 1 DAGs
[2024-04-14T11:55:23.744+0000] {logging_mixin.py:188} INFO - [2024-04-14T11:55:23.744+0000] {dag.py:3954} INFO - Setting next_dagrun for tutorial to 2024-04-13 00:00:00+00:00, run_after=2024-04-14 00:00:00+00:00
[2024-04-14T11:55:23.776+0000] {processor.py:183} INFO - Processing /home/airflow/.local/lib/python3.12/site-packages/airflow/example_dags/tutorial.py took 0.126 seconds
[2024-04-14T14:38:39.823+0000] {processor.py:161} INFO - Started process (PID=104) to work on /home/airflow/.local/lib/python3.12/site-packages/airflow/example_dags/tutorial.py
[2024-04-14T14:38:39.826+0000] {processor.py:830} INFO - Processing file /home/airflow/.local/lib/python3.12/site-packages/airflow/example_dags/tutorial.py for tasks to queue
[2024-04-14T14:38:40.156+0000] {logging_mixin.py:188} INFO - [2024-04-14T14:38:40.155+0000] {dagbag.py:540} INFO - Filling up the DagBag from /home/airflow/.local/lib/python3.12/site-packages/airflow/example_dags/tutorial.py
[2024-04-14T14:38:41.122+0000] {processor.py:840} INFO - DAG(s) 'tutorial' retrieved from /home/airflow/.local/lib/python3.12/site-packages/airflow/example_dags/tutorial.py
[2024-04-14T14:38:46.513+0000] {logging_mixin.py:188} INFO - [2024-04-14T14:38:46.512+0000] {dag.py:3096} INFO - Sync 1 DAGs
[2024-04-14T14:39:06.753+0000] {logging_mixin.py:188} INFO - [2024-04-14T14:39:06.751+0000] {dag.py:3954} INFO - Setting next_dagrun for tutorial to 2024-04-13 00:00:00+00:00, run_after=2024-04-14 00:00:00+00:00
[2024-04-14T14:39:15.481+0000] {processor.py:183} INFO - Processing /home/airflow/.local/lib/python3.12/site-packages/airflow/example_dags/tutorial.py took 35.815 seconds
[2024-04-14T15:01:54.909+0000] {processor.py:161} INFO - Started process (PID=348) to work on /home/airflow/.local/lib/python3.12/site-packages/airflow/example_dags/tutorial.py
[2024-04-14T15:01:54.971+0000] {processor.py:830} INFO - Processing file /home/airflow/.local/lib/python3.12/site-packages/airflow/example_dags/tutorial.py for tasks to queue
[2024-04-14T15:01:54.982+0000] {logging_mixin.py:188} INFO - [2024-04-14T15:01:54.981+0000] {dagbag.py:540} INFO - Filling up the DagBag from /home/airflow/.local/lib/python3.12/site-packages/airflow/example_dags/tutorial.py
[2024-04-14T15:01:55.369+0000] {processor.py:840} INFO - DAG(s) 'tutorial' retrieved from /home/airflow/.local/lib/python3.12/site-packages/airflow/example_dags/tutorial.py
[2024-04-14T15:01:56.479+0000] {logging_mixin.py:188} INFO - [2024-04-14T15:01:56.477+0000] {dag.py:3096} INFO - Sync 1 DAGs
[2024-04-14T15:01:57.999+0000] {logging_mixin.py:188} INFO - [2024-04-14T15:01:57.998+0000] {dag.py:3954} INFO - Setting next_dagrun for tutorial to 2024-04-13 00:00:00+00:00, run_after=2024-04-14 00:00:00+00:00
[2024-04-14T15:01:58.723+0000] {processor.py:183} INFO - Processing /home/airflow/.local/lib/python3.12/site-packages/airflow/example_dags/tutorial.py took 3.885 seconds
