[2024-04-14T11:52:32.817+0000] {processor.py:161} INFO - Started process (PID=38) to work on /opt/airflow/dags/prioritas2_dag.py
[2024-04-14T11:52:33.041+0000] {processor.py:830} INFO - Processing file /opt/airflow/dags/prioritas2_dag.py for tasks to queue
[2024-04-14T11:52:33.084+0000] {logging_mixin.py:188} INFO - [2024-04-14T11:52:33.083+0000] {dagbag.py:540} INFO - Filling up the DagBag from /opt/airflow/dags/prioritas2_dag.py
[2024-04-14T11:52:39.719+0000] {processor.py:840} INFO - DAG(s) 'prioritas2' retrieved from /opt/airflow/dags/prioritas2_dag.py
[2024-04-14T11:52:39.954+0000] {logging_mixin.py:188} INFO - [2024-04-14T11:52:39.935+0000] {dag.py:3096} INFO - Sync 1 DAGs
[2024-04-14T11:52:40.155+0000] {logging_mixin.py:188} INFO - [2024-04-14T11:52:40.154+0000] {dag.py:3954} INFO - Setting next_dagrun for prioritas2 to 2024-04-14 00:00:00+00:00, run_after=2024-04-15 00:00:00+00:00
[2024-04-14T11:52:40.313+0000] {processor.py:183} INFO - Processing /opt/airflow/dags/prioritas2_dag.py took 7.526 seconds
[2024-04-14T11:53:32.295+0000] {processor.py:161} INFO - Started process (PID=107) to work on /opt/airflow/dags/prioritas2_dag.py
[2024-04-14T11:53:32.297+0000] {processor.py:830} INFO - Processing file /opt/airflow/dags/prioritas2_dag.py for tasks to queue
[2024-04-14T11:53:32.304+0000] {logging_mixin.py:188} INFO - [2024-04-14T11:53:32.303+0000] {dagbag.py:540} INFO - Filling up the DagBag from /opt/airflow/dags/prioritas2_dag.py
[2024-04-14T11:53:40.657+0000] {processor.py:840} INFO - DAG(s) 'prioritas2' retrieved from /opt/airflow/dags/prioritas2_dag.py
[2024-04-14T11:53:40.747+0000] {logging_mixin.py:188} INFO - [2024-04-14T11:53:40.745+0000] {dag.py:3096} INFO - Sync 1 DAGs
[2024-04-14T11:53:40.815+0000] {logging_mixin.py:188} INFO - [2024-04-14T11:53:40.814+0000] {dag.py:3954} INFO - Setting next_dagrun for prioritas2 to 2024-04-14 00:00:00+00:00, run_after=2024-04-15 00:00:00+00:00
[2024-04-14T11:53:40.859+0000] {processor.py:183} INFO - Processing /opt/airflow/dags/prioritas2_dag.py took 8.588 seconds
[2024-04-14T11:54:13.519+0000] {processor.py:161} INFO - Started process (PID=178) to work on /opt/airflow/dags/prioritas2_dag.py
[2024-04-14T11:54:13.551+0000] {processor.py:830} INFO - Processing file /opt/airflow/dags/prioritas2_dag.py for tasks to queue
[2024-04-14T11:54:13.568+0000] {logging_mixin.py:188} INFO - [2024-04-14T11:54:13.568+0000] {dagbag.py:540} INFO - Filling up the DagBag from /opt/airflow/dags/prioritas2_dag.py
[2024-04-14T11:54:18.054+0000] {processor.py:840} INFO - DAG(s) 'prioritas2' retrieved from /opt/airflow/dags/prioritas2_dag.py
[2024-04-14T11:54:18.191+0000] {logging_mixin.py:188} INFO - [2024-04-14T11:54:18.190+0000] {dag.py:3096} INFO - Sync 1 DAGs
[2024-04-14T11:54:18.276+0000] {logging_mixin.py:188} INFO - [2024-04-14T11:54:18.275+0000] {dag.py:3954} INFO - Setting next_dagrun for prioritas2 to 2024-04-14 00:00:00+00:00, run_after=2024-04-15 00:00:00+00:00
[2024-04-14T11:54:18.413+0000] {processor.py:183} INFO - Processing /opt/airflow/dags/prioritas2_dag.py took 4.999 seconds
[2024-04-14T11:54:49.021+0000] {processor.py:161} INFO - Started process (PID=246) to work on /opt/airflow/dags/prioritas2_dag.py
[2024-04-14T11:54:49.031+0000] {processor.py:830} INFO - Processing file /opt/airflow/dags/prioritas2_dag.py for tasks to queue
[2024-04-14T11:54:49.039+0000] {logging_mixin.py:188} INFO - [2024-04-14T11:54:49.038+0000] {dagbag.py:540} INFO - Filling up the DagBag from /opt/airflow/dags/prioritas2_dag.py
[2024-04-14T11:54:51.195+0000] {processor.py:840} INFO - DAG(s) 'prioritas2' retrieved from /opt/airflow/dags/prioritas2_dag.py
[2024-04-14T11:54:51.272+0000] {logging_mixin.py:188} INFO - [2024-04-14T11:54:51.271+0000] {dag.py:3096} INFO - Sync 1 DAGs
[2024-04-14T11:54:51.356+0000] {logging_mixin.py:188} INFO - [2024-04-14T11:54:51.356+0000] {dag.py:3954} INFO - Setting next_dagrun for prioritas2 to 2024-04-14 00:00:00+00:00, run_after=2024-04-15 00:00:00+00:00
[2024-04-14T11:54:51.441+0000] {processor.py:183} INFO - Processing /opt/airflow/dags/prioritas2_dag.py took 2.456 seconds
[2024-04-14T11:55:21.702+0000] {processor.py:161} INFO - Started process (PID=311) to work on /opt/airflow/dags/prioritas2_dag.py
[2024-04-14T11:55:21.711+0000] {processor.py:830} INFO - Processing file /opt/airflow/dags/prioritas2_dag.py for tasks to queue
[2024-04-14T11:55:21.721+0000] {logging_mixin.py:188} INFO - [2024-04-14T11:55:21.720+0000] {dagbag.py:540} INFO - Filling up the DagBag from /opt/airflow/dags/prioritas2_dag.py
[2024-04-14T11:55:23.060+0000] {processor.py:840} INFO - DAG(s) 'prioritas2' retrieved from /opt/airflow/dags/prioritas2_dag.py
[2024-04-14T11:55:23.160+0000] {logging_mixin.py:188} INFO - [2024-04-14T11:55:23.159+0000] {dag.py:3096} INFO - Sync 1 DAGs
[2024-04-14T11:55:23.231+0000] {logging_mixin.py:188} INFO - [2024-04-14T11:55:23.231+0000] {dag.py:3954} INFO - Setting next_dagrun for prioritas2 to 2024-04-14 00:00:00+00:00, run_after=2024-04-15 00:00:00+00:00
[2024-04-14T11:55:23.341+0000] {processor.py:183} INFO - Processing /opt/airflow/dags/prioritas2_dag.py took 1.681 seconds
[2024-04-14T11:55:55.057+0000] {processor.py:161} INFO - Started process (PID=373) to work on /opt/airflow/dags/prioritas2_dag.py
[2024-04-14T11:55:55.061+0000] {processor.py:830} INFO - Processing file /opt/airflow/dags/prioritas2_dag.py for tasks to queue
[2024-04-14T11:55:55.079+0000] {logging_mixin.py:188} INFO - [2024-04-14T11:55:55.068+0000] {dagbag.py:540} INFO - Filling up the DagBag from /opt/airflow/dags/prioritas2_dag.py
[2024-04-14T11:59:04.137+0000] {logging_mixin.py:188} INFO - [2024-04-14T11:59:03.794+0000] {timeout.py:68} ERROR - Process timed out, PID: 373
[2024-04-14T12:15:59.518+0000] {processor.py:161} INFO - Started process (PID=61) to work on /opt/airflow/dags/prioritas2_dag.py
[2024-04-14T12:15:59.736+0000] {processor.py:830} INFO - Processing file /opt/airflow/dags/prioritas2_dag.py for tasks to queue
[2024-04-14T12:15:59.789+0000] {logging_mixin.py:188} INFO - [2024-04-14T12:15:59.787+0000] {dagbag.py:540} INFO - Filling up the DagBag from /opt/airflow/dags/prioritas2_dag.py
[2024-04-14T12:16:35.035+0000] {logging_mixin.py:188} INFO - [2024-04-14T12:16:35.034+0000] {timeout.py:68} ERROR - Process timed out, PID: 61
[2024-04-14T14:37:29.279+0000] {processor.py:161} INFO - Started process (PID=84) to work on /opt/airflow/dags/prioritas2_dag.py
[2024-04-14T14:37:29.310+0000] {processor.py:830} INFO - Processing file /opt/airflow/dags/prioritas2_dag.py for tasks to queue
[2024-04-14T14:37:29.381+0000] {logging_mixin.py:188} INFO - [2024-04-14T14:37:29.380+0000] {dagbag.py:540} INFO - Filling up the DagBag from /opt/airflow/dags/prioritas2_dag.py
[2024-04-14T14:38:01.672+0000] {logging_mixin.py:188} INFO - [2024-04-14T14:38:01.624+0000] {timeout.py:68} ERROR - Process timed out, PID: 84
[2024-04-14T14:38:01.703+0000] {logging_mixin.py:188} WARNING - Exception ignored in: <function WeakKeyDictionary.__init__.<locals>.remove at 0x7f1dee229580>
[2024-04-14T14:38:01.716+0000] {logging_mixin.py:188} WARNING - Traceback (most recent call last):
[2024-04-14T14:38:01.738+0000] {logging_mixin.py:188} WARNING -   File "/usr/local/lib/python3.12/weakref.py", line 369, in remove
[2024-04-14T14:38:01.781+0000] {logging_mixin.py:188} WARNING -     def remove(k, selfref=ref(self)):
[2024-04-14T14:38:01.831+0000] {logging_mixin.py:188} WARNING -   File "/home/airflow/.local/lib/python3.12/site-packages/airflow/utils/timeout.py", line 69, in handle_timeout
[2024-04-14T14:38:01.868+0000] {logging_mixin.py:188} WARNING -     raise AirflowTaskTimeout(self.error_message)
[2024-04-14T14:38:01.901+0000] {logging_mixin.py:188} WARNING - airflow.exceptions.AirflowTaskTimeout: DagBag import timeout for /opt/airflow/dags/prioritas2_dag.py after 30.0s.
Please take a look at these docs to improve your DAG import time:
* https://airflow.apache.org/docs/apache-airflow/2.9.0/best-practices.html#top-level-python-code
* https://airflow.apache.org/docs/apache-airflow/2.9.0/best-practices.html#reducing-dag-complexity, PID: 84
[2024-04-14T14:38:09.431+0000] {processor.py:840} INFO - DAG(s) 'prioritas2' retrieved from /opt/airflow/dags/prioritas2_dag.py
[2024-04-14T14:38:17.453+0000] {logging_mixin.py:188} INFO - [2024-04-14T14:38:17.452+0000] {dag.py:3096} INFO - Sync 1 DAGs
[2024-04-14T14:59:24.895+0000] {processor.py:161} INFO - Started process (PID=323) to work on /opt/airflow/dags/prioritas2_dag.py
[2024-04-14T14:59:24.898+0000] {processor.py:830} INFO - Processing file /opt/airflow/dags/prioritas2_dag.py for tasks to queue
[2024-04-14T14:59:24.924+0000] {logging_mixin.py:188} INFO - [2024-04-14T14:59:24.923+0000] {dagbag.py:540} INFO - Filling up the DagBag from /opt/airflow/dags/prioritas2_dag.py
