[2024-04-09T17:21:10.499+0000] {local_task_job_runner.py:120} INFO - ::group::Pre task execution logs
[2024-04-09T17:21:10.701+0000] {taskinstance.py:2073} INFO - Dependencies all met for dep_context=non-requeueable deps ti=<TaskInstance: prioritas1_no1.mkdir_about_us manual__2024-04-09T17:20:18.356068+00:00 [queued]>
[2024-04-09T17:21:10.781+0000] {taskinstance.py:2073} INFO - Dependencies all met for dep_context=requeueable deps ti=<TaskInstance: prioritas1_no1.mkdir_about_us manual__2024-04-09T17:20:18.356068+00:00 [queued]>
[2024-04-09T17:21:10.794+0000] {taskinstance.py:2303} INFO - Starting attempt 1 of 6
[2024-04-09T17:21:10.905+0000] {taskinstance.py:2327} INFO - Executing <Task(BashOperator): mkdir_about_us> on 2024-04-09 17:20:18.356068+00:00
[2024-04-09T17:21:10.922+0000] {warnings.py:110} WARNING - /home/***/.local/lib/python3.12/site-packages/***/task/task_runner/standard_task_runner.py:61: DeprecationWarning: This process (pid=140) is multi-threaded, use of fork() may lead to deadlocks in the child.
  pid = os.fork()

[2024-04-09T17:21:10.927+0000] {standard_task_runner.py:63} INFO - Started process 155 to run task
[2024-04-09T17:21:10.925+0000] {standard_task_runner.py:90} INFO - Running: ['***', 'tasks', 'run', 'prioritas1_no1', 'mkdir_about_us', 'manual__2024-04-09T17:20:18.356068+00:00', '--job-id', '10', '--raw', '--subdir', 'DAGS_FOLDER/prioritas1_dag.py', '--cfg-path', '/tmp/tmpko2itth7']
[2024-04-09T17:21:10.931+0000] {standard_task_runner.py:91} INFO - Job 10: Subtask mkdir_about_us
[2024-04-09T17:21:11.047+0000] {task_command.py:426} INFO - Running <TaskInstance: prioritas1_no1.mkdir_about_us manual__2024-04-09T17:20:18.356068+00:00 [running]> on host 805e8d5936d1
[2024-04-09T17:21:11.416+0000] {taskinstance.py:2644} INFO - Exporting env vars: AIRFLOW_CTX_DAG_OWNER='abdan' AIRFLOW_CTX_DAG_ID='prioritas1_no1' AIRFLOW_CTX_TASK_ID='mkdir_about_us' AIRFLOW_CTX_EXECUTION_DATE='2024-04-09T17:20:18.356068+00:00' AIRFLOW_CTX_TRY_NUMBER='1' AIRFLOW_CTX_DAG_RUN_ID='manual__2024-04-09T17:20:18.356068+00:00'
[2024-04-09T17:21:11.418+0000] {taskinstance.py:430} INFO - ::endgroup::
[2024-04-09T17:21:11.420+0000] {subprocess.py:63} INFO - Tmp dir root location: /tmp
[2024-04-09T17:21:11.436+0000] {subprocess.py:75} INFO - Running command: ['/usr/bin/bash', '-c', 'mkdir -p about_us']
[2024-04-09T17:21:11.482+0000] {subprocess.py:86} INFO - Output:
[2024-04-09T17:21:11.505+0000] {subprocess.py:97} INFO - Command exited with return code 0
[2024-04-09T17:21:11.509+0000] {taskinstance.py:441} INFO - ::group::Post task execution logs
[2024-04-09T17:21:11.903+0000] {taskinstance.py:1205} INFO - Marking task as SUCCESS. dag_id=prioritas1_no1, task_id=mkdir_about_us, execution_date=20240409T172018, start_date=20240409T172110, end_date=20240409T172111
[2024-04-09T17:21:12.319+0000] {local_task_job_runner.py:240} INFO - Task exited with return code 0
[2024-04-09T17:21:12.354+0000] {taskinstance.py:3482} INFO - 1 downstream tasks scheduled from follow-on schedule check
[2024-04-09T17:21:12.525+0000] {local_task_job_runner.py:222} INFO - ::endgroup::
