[2024-04-14T12:42:58.951+0000] {local_task_job_runner.py:120} INFO - ::group::Pre task execution logs
[2024-04-14T12:42:58.995+0000] {taskinstance.py:2073} INFO - Dependencies all met for dep_context=non-requeueable deps ti=<TaskInstance: eksplorasi_data_ingestion.extract_task manual__2024-04-14T12:41:55.293696+00:00 [queued]>
[2024-04-14T12:42:59.006+0000] {taskinstance.py:2073} INFO - Dependencies all met for dep_context=requeueable deps ti=<TaskInstance: eksplorasi_data_ingestion.extract_task manual__2024-04-14T12:41:55.293696+00:00 [queued]>
[2024-04-14T12:42:59.007+0000] {taskinstance.py:2303} INFO - Starting attempt 1 of 1
[2024-04-14T12:42:59.037+0000] {taskinstance.py:2327} INFO - Executing <Task(PythonOperator): extract_task> on 2024-04-14 12:41:55.293696+00:00
[2024-04-14T12:42:59.053+0000] {warnings.py:110} WARNING - /home/***/.local/lib/python3.12/site-packages/***/task/task_runner/standard_task_runner.py:61: DeprecationWarning: This process (pid=225) is multi-threaded, use of fork() may lead to deadlocks in the child.
  pid = os.fork()

[2024-04-14T12:42:59.057+0000] {standard_task_runner.py:63} INFO - Started process 227 to run task
[2024-04-14T12:42:59.058+0000] {standard_task_runner.py:90} INFO - Running: ['***', 'tasks', 'run', 'eksplorasi_data_ingestion', 'extract_task', 'manual__2024-04-14T12:41:55.293696+00:00', '--job-id', '3', '--raw', '--subdir', 'DAGS_FOLDER/eksplorasi_dag.py', '--cfg-path', '/tmp/tmp14d_bj3q']
[2024-04-14T12:42:59.063+0000] {standard_task_runner.py:91} INFO - Job 3: Subtask extract_task
[2024-04-14T12:42:59.132+0000] {task_command.py:426} INFO - Running <TaskInstance: eksplorasi_data_ingestion.extract_task manual__2024-04-14T12:41:55.293696+00:00 [running]> on host 327943d91b42
[2024-04-14T12:42:59.253+0000] {taskinstance.py:2644} INFO - Exporting env vars: AIRFLOW_CTX_DAG_OWNER='abdan' AIRFLOW_CTX_DAG_ID='eksplorasi_data_ingestion' AIRFLOW_CTX_TASK_ID='extract_task' AIRFLOW_CTX_EXECUTION_DATE='2024-04-14T12:41:55.293696+00:00' AIRFLOW_CTX_TRY_NUMBER='1' AIRFLOW_CTX_DAG_RUN_ID='manual__2024-04-14T12:41:55.293696+00:00'
[2024-04-14T12:42:59.255+0000] {taskinstance.py:430} INFO - ::endgroup::
[2024-04-14T12:42:59.917+0000] {taskinstance.py:441} INFO - ::group::Post task execution logs
[2024-04-14T12:42:59.918+0000] {taskinstance.py:2890} ERROR - Task failed with exception
Traceback (most recent call last):
  File "/home/airflow/.local/lib/python3.12/site-packages/airflow/models/taskinstance.py", line 465, in _execute_task
    result = _execute_callable(context=context, **execute_callable_kwargs)
             ^^^^^^^^^^^^^^^^^^^^^^^^^^^^^^^^^^^^^^^^^^^^^^^^^^^^^^^^^^^^^
  File "/home/airflow/.local/lib/python3.12/site-packages/airflow/models/taskinstance.py", line 432, in _execute_callable
    return execute_callable(context=context, **execute_callable_kwargs)
           ^^^^^^^^^^^^^^^^^^^^^^^^^^^^^^^^^^^^^^^^^^^^^^^^^^^^^^^^^^^^
  File "/home/airflow/.local/lib/python3.12/site-packages/airflow/models/baseoperator.py", line 400, in wrapper
    return func(self, *args, **kwargs)
           ^^^^^^^^^^^^^^^^^^^^^^^^^^^
  File "/home/airflow/.local/lib/python3.12/site-packages/airflow/operators/python.py", line 235, in execute
    return_value = self.execute_callable()
                   ^^^^^^^^^^^^^^^^^^^^^^^
  File "/home/airflow/.local/lib/python3.12/site-packages/airflow/operators/python.py", line 252, in execute_callable
    return self.python_callable(*self.op_args, **self.op_kwargs)
           ^^^^^^^^^^^^^^^^^^^^^^^^^^^^^^^^^^^^^^^^^^^^^^^^^^^^^
  File "/opt/airflow/dags/eksplorasi_dag.py", line 46, in extract_and_process
    relevant_books = extract_book_data()
                     ^^^^^^^^^^^^^^^^^^^
  File "/opt/airflow/dags/eksplorasi_dag.py", line 16, in extract_book_data
    for book in data['books']:
                ~~~~^^^^^^^^^
KeyError: 'books'
[2024-04-14T12:42:59.958+0000] {taskinstance.py:1205} INFO - Marking task as FAILED. dag_id=eksplorasi_data_ingestion, task_id=extract_task, execution_date=20240414T124155, start_date=20240414T124258, end_date=20240414T124259
[2024-04-14T12:43:00.002+0000] {standard_task_runner.py:110} ERROR - Failed to execute job 3 for task extract_task ('books'; 227)
[2024-04-14T12:43:00.038+0000] {local_task_job_runner.py:240} INFO - Task exited with return code 1
[2024-04-14T12:43:00.075+0000] {taskinstance.py:3482} INFO - 0 downstream tasks scheduled from follow-on schedule check
[2024-04-14T12:43:00.085+0000] {local_task_job_runner.py:222} INFO - ::endgroup::
