[2024-04-09T17:20:55.943+0000] {local_task_job_runner.py:120} INFO - ::group::Pre task execution logs
[2024-04-09T17:20:56.006+0000] {taskinstance.py:2073} INFO - Dependencies all met for dep_context=non-requeueable deps ti=<TaskInstance: prioritas1_no1.mkdir_our_work scheduled__2024-04-08T00:00:00+00:00 [queued]>
[2024-04-09T17:20:56.055+0000] {taskinstance.py:2073} INFO - Dependencies all met for dep_context=requeueable deps ti=<TaskInstance: prioritas1_no1.mkdir_our_work scheduled__2024-04-08T00:00:00+00:00 [queued]>
[2024-04-09T17:20:56.064+0000] {taskinstance.py:2303} INFO - Starting attempt 1 of 6
[2024-04-09T17:20:56.116+0000] {taskinstance.py:2327} INFO - Executing <Task(BashOperator): mkdir_our_work> on 2024-04-08 00:00:00+00:00
[2024-04-09T17:20:56.155+0000] {warnings.py:110} WARNING - /home/***/.local/lib/python3.12/site-packages/***/task/task_runner/standard_task_runner.py:61: DeprecationWarning: This process (pid=130) is multi-threaded, use of fork() may lead to deadlocks in the child.
  pid = os.fork()

[2024-04-09T17:20:56.165+0000] {standard_task_runner.py:63} INFO - Started process 135 to run task
[2024-04-09T17:20:56.167+0000] {standard_task_runner.py:90} INFO - Running: ['***', 'tasks', 'run', 'prioritas1_no1', 'mkdir_our_work', 'scheduled__2024-04-08T00:00:00+00:00', '--job-id', '8', '--raw', '--subdir', 'DAGS_FOLDER/prioritas1_dag.py', '--cfg-path', '/tmp/tmpccm6xy1_']
[2024-04-09T17:20:56.170+0000] {standard_task_runner.py:91} INFO - Job 8: Subtask mkdir_our_work
[2024-04-09T17:20:56.256+0000] {task_command.py:426} INFO - Running <TaskInstance: prioritas1_no1.mkdir_our_work scheduled__2024-04-08T00:00:00+00:00 [running]> on host 805e8d5936d1
[2024-04-09T17:20:56.420+0000] {taskinstance.py:2644} INFO - Exporting env vars: AIRFLOW_CTX_DAG_OWNER='abdan' AIRFLOW_CTX_DAG_ID='prioritas1_no1' AIRFLOW_CTX_TASK_ID='mkdir_our_work' AIRFLOW_CTX_EXECUTION_DATE='2024-04-08T00:00:00+00:00' AIRFLOW_CTX_TRY_NUMBER='1' AIRFLOW_CTX_DAG_RUN_ID='scheduled__2024-04-08T00:00:00+00:00'
[2024-04-09T17:20:56.431+0000] {taskinstance.py:430} INFO - ::endgroup::
[2024-04-09T17:20:56.432+0000] {subprocess.py:63} INFO - Tmp dir root location: /tmp
[2024-04-09T17:20:56.434+0000] {subprocess.py:75} INFO - Running command: ['/usr/bin/bash', '-c', 'mkdir -p our_works']
[2024-04-09T17:20:56.472+0000] {subprocess.py:86} INFO - Output:
[2024-04-09T17:20:56.497+0000] {subprocess.py:97} INFO - Command exited with return code 0
[2024-04-09T17:20:56.499+0000] {taskinstance.py:441} INFO - ::group::Post task execution logs
[2024-04-09T17:20:56.619+0000] {taskinstance.py:1205} INFO - Marking task as SUCCESS. dag_id=prioritas1_no1, task_id=mkdir_our_work, execution_date=20240408T000000, start_date=20240409T172056, end_date=20240409T172056
[2024-04-09T17:20:56.762+0000] {local_task_job_runner.py:240} INFO - Task exited with return code 0
[2024-04-09T17:20:57.068+0000] {taskinstance.py:3482} INFO - 1 downstream tasks scheduled from follow-on schedule check
[2024-04-09T17:20:57.084+0000] {local_task_job_runner.py:222} INFO - ::endgroup::
