[2024-04-13T15:49:40.489+0000] {local_task_job_runner.py:120} INFO - ::group::Pre task execution logs
[2024-04-13T15:49:40.547+0000] {taskinstance.py:2073} INFO - Dependencies all met for dep_context=non-requeueable deps ti=<TaskInstance: prioritas1_no1.mkdir_our_work scheduled__2024-04-12T00:00:00+00:00 [queued]>
[2024-04-13T15:49:40.571+0000] {taskinstance.py:2073} INFO - Dependencies all met for dep_context=requeueable deps ti=<TaskInstance: prioritas1_no1.mkdir_our_work scheduled__2024-04-12T00:00:00+00:00 [queued]>
[2024-04-13T15:49:40.573+0000] {taskinstance.py:2303} INFO - Starting attempt 1 of 6
[2024-04-13T15:49:40.614+0000] {taskinstance.py:2327} INFO - Executing <Task(BashOperator): mkdir_our_work> on 2024-04-12 00:00:00+00:00
[2024-04-13T15:49:40.641+0000] {warnings.py:110} WARNING - /home/***/.local/lib/python3.12/site-packages/***/task/task_runner/standard_task_runner.py:61: DeprecationWarning: This process (pid=101) is multi-threaded, use of fork() may lead to deadlocks in the child.
  pid = os.fork()

[2024-04-13T15:49:40.651+0000] {standard_task_runner.py:63} INFO - Started process 106 to run task
[2024-04-13T15:49:40.647+0000] {standard_task_runner.py:90} INFO - Running: ['***', 'tasks', 'run', 'prioritas1_no1', 'mkdir_our_work', 'scheduled__2024-04-12T00:00:00+00:00', '--job-id', '201', '--raw', '--subdir', 'DAGS_FOLDER/prioritas1_dag.py', '--cfg-path', '/tmp/tmpacjn3hxj']
[2024-04-13T15:49:40.655+0000] {standard_task_runner.py:91} INFO - Job 201: Subtask mkdir_our_work
[2024-04-13T15:49:40.881+0000] {task_command.py:426} INFO - Running <TaskInstance: prioritas1_no1.mkdir_our_work scheduled__2024-04-12T00:00:00+00:00 [running]> on host a8c8062a752a
[2024-04-13T15:49:41.365+0000] {taskinstance.py:2644} INFO - Exporting env vars: AIRFLOW_CTX_DAG_OWNER='abdan' AIRFLOW_CTX_DAG_ID='prioritas1_no1' AIRFLOW_CTX_TASK_ID='mkdir_our_work' AIRFLOW_CTX_EXECUTION_DATE='2024-04-12T00:00:00+00:00' AIRFLOW_CTX_TRY_NUMBER='1' AIRFLOW_CTX_DAG_RUN_ID='scheduled__2024-04-12T00:00:00+00:00'
[2024-04-13T15:49:41.370+0000] {taskinstance.py:430} INFO - ::endgroup::
[2024-04-13T15:49:41.371+0000] {subprocess.py:63} INFO - Tmp dir root location: /tmp
[2024-04-13T15:49:41.381+0000] {subprocess.py:75} INFO - Running command: ['/usr/bin/bash', '-c', 'mkdir -p /opt/***/dags/our_works']
[2024-04-13T15:49:41.414+0000] {subprocess.py:86} INFO - Output:
[2024-04-13T15:49:41.429+0000] {subprocess.py:97} INFO - Command exited with return code 0
[2024-04-13T15:49:41.430+0000] {taskinstance.py:441} INFO - ::group::Post task execution logs
[2024-04-13T15:49:41.518+0000] {taskinstance.py:1205} INFO - Marking task as SUCCESS. dag_id=prioritas1_no1, task_id=mkdir_our_work, execution_date=20240412T000000, start_date=20240413T154940, end_date=20240413T154941
[2024-04-13T15:49:41.594+0000] {local_task_job_runner.py:240} INFO - Task exited with return code 0
[2024-04-13T15:49:41.676+0000] {taskinstance.py:3482} INFO - 1 downstream tasks scheduled from follow-on schedule check
[2024-04-13T15:49:41.686+0000] {local_task_job_runner.py:222} INFO - ::endgroup::
