[2024-04-14T11:54:38.115+0000] {local_task_job_runner.py:120} INFO - ::group::Pre task execution logs
[2024-04-14T11:54:38.221+0000] {taskinstance.py:2073} INFO - Dependencies all met for dep_context=non-requeueable deps ti=<TaskInstance: prioritas1_no1.echo_done scheduled__2024-04-13T00:00:00+00:00 [queued]>
[2024-04-14T11:54:38.336+0000] {taskinstance.py:2073} INFO - Dependencies all met for dep_context=requeueable deps ti=<TaskInstance: prioritas1_no1.echo_done scheduled__2024-04-13T00:00:00+00:00 [queued]>
[2024-04-14T11:54:38.351+0000] {taskinstance.py:2303} INFO - Starting attempt 1 of 6
[2024-04-14T11:54:38.477+0000] {taskinstance.py:2327} INFO - Executing <Task(BashOperator): echo_done> on 2024-04-13 00:00:00+00:00
[2024-04-14T11:54:38.525+0000] {warnings.py:110} WARNING - /home/***/.local/lib/python3.12/site-packages/***/task/task_runner/standard_task_runner.py:61: DeprecationWarning: This process (pid=113) is multi-threaded, use of fork() may lead to deadlocks in the child.
  pid = os.fork()

[2024-04-14T11:54:38.544+0000] {standard_task_runner.py:63} INFO - Started process 115 to run task
[2024-04-14T11:54:38.531+0000] {standard_task_runner.py:90} INFO - Running: ['***', 'tasks', 'run', 'prioritas1_no1', 'echo_done', 'scheduled__2024-04-13T00:00:00+00:00', '--job-id', '263', '--raw', '--subdir', 'DAGS_FOLDER/prioritas1_dag.py', '--cfg-path', '/tmp/tmp39pb48j_']
[2024-04-14T11:54:38.561+0000] {standard_task_runner.py:91} INFO - Job 263: Subtask echo_done
[2024-04-14T11:54:38.830+0000] {task_command.py:426} INFO - Running <TaskInstance: prioritas1_no1.echo_done scheduled__2024-04-13T00:00:00+00:00 [running]> on host 2354a2c4893f
[2024-04-14T11:54:39.245+0000] {taskinstance.py:2644} INFO - Exporting env vars: AIRFLOW_CTX_DAG_OWNER='abdan' AIRFLOW_CTX_DAG_ID='prioritas1_no1' AIRFLOW_CTX_TASK_ID='echo_done' AIRFLOW_CTX_EXECUTION_DATE='2024-04-13T00:00:00+00:00' AIRFLOW_CTX_TRY_NUMBER='1' AIRFLOW_CTX_DAG_RUN_ID='scheduled__2024-04-13T00:00:00+00:00'
[2024-04-14T11:54:39.250+0000] {taskinstance.py:430} INFO - ::endgroup::
[2024-04-14T11:54:39.299+0000] {subprocess.py:63} INFO - Tmp dir root location: /tmp
[2024-04-14T11:54:39.339+0000] {subprocess.py:75} INFO - Running command: ['/usr/bin/bash', '-c', 'echo done!']
[2024-04-14T11:54:39.428+0000] {subprocess.py:86} INFO - Output:
[2024-04-14T11:54:39.448+0000] {subprocess.py:93} INFO - done!
[2024-04-14T11:54:39.465+0000] {subprocess.py:97} INFO - Command exited with return code 0
[2024-04-14T11:54:39.481+0000] {taskinstance.py:441} INFO - ::group::Post task execution logs
[2024-04-14T11:54:39.543+0000] {taskinstance.py:1205} INFO - Marking task as SUCCESS. dag_id=prioritas1_no1, task_id=echo_done, execution_date=20240413T000000, start_date=20240414T115438, end_date=20240414T115439
[2024-04-14T11:54:39.725+0000] {local_task_job_runner.py:240} INFO - Task exited with return code 0
[2024-04-14T11:54:39.846+0000] {taskinstance.py:3482} INFO - 0 downstream tasks scheduled from follow-on schedule check
[2024-04-14T11:54:39.884+0000] {local_task_job_runner.py:222} INFO - ::endgroup::
