[2024-04-14T11:53:14.282+0000] {processor.py:161} INFO - Started process (PID=77) to work on /home/airflow/.local/lib/python3.12/site-packages/airflow/example_dags/example_short_circuit_operator.py
[2024-04-14T11:53:14.285+0000] {processor.py:830} INFO - Processing file /home/airflow/.local/lib/python3.12/site-packages/airflow/example_dags/example_short_circuit_operator.py for tasks to queue
[2024-04-14T11:53:14.311+0000] {logging_mixin.py:188} INFO - [2024-04-14T11:53:14.308+0000] {dagbag.py:540} INFO - Filling up the DagBag from /home/airflow/.local/lib/python3.12/site-packages/airflow/example_dags/example_short_circuit_operator.py
[2024-04-14T11:53:14.415+0000] {processor.py:840} INFO - DAG(s) 'example_short_circuit_operator' retrieved from /home/airflow/.local/lib/python3.12/site-packages/airflow/example_dags/example_short_circuit_operator.py
[2024-04-14T11:53:15.071+0000] {logging_mixin.py:188} INFO - [2024-04-14T11:53:15.070+0000] {dag.py:3096} INFO - Sync 1 DAGs
[2024-04-14T11:53:16.074+0000] {logging_mixin.py:188} INFO - [2024-04-14T11:53:16.073+0000] {dag.py:3954} INFO - Setting next_dagrun for example_short_circuit_operator to 2024-04-13 00:00:00+00:00, run_after=2024-04-14 00:00:00+00:00
[2024-04-14T11:53:17.075+0000] {processor.py:183} INFO - Processing /home/airflow/.local/lib/python3.12/site-packages/airflow/example_dags/example_short_circuit_operator.py took 2.833 seconds
[2024-04-14T11:53:53.622+0000] {processor.py:161} INFO - Started process (PID=151) to work on /home/airflow/.local/lib/python3.12/site-packages/airflow/example_dags/example_short_circuit_operator.py
[2024-04-14T11:53:53.628+0000] {processor.py:830} INFO - Processing file /home/airflow/.local/lib/python3.12/site-packages/airflow/example_dags/example_short_circuit_operator.py for tasks to queue
[2024-04-14T11:53:53.645+0000] {logging_mixin.py:188} INFO - [2024-04-14T11:53:53.644+0000] {dagbag.py:540} INFO - Filling up the DagBag from /home/airflow/.local/lib/python3.12/site-packages/airflow/example_dags/example_short_circuit_operator.py
[2024-04-14T11:53:53.679+0000] {processor.py:840} INFO - DAG(s) 'example_short_circuit_operator' retrieved from /home/airflow/.local/lib/python3.12/site-packages/airflow/example_dags/example_short_circuit_operator.py
[2024-04-14T11:53:53.749+0000] {logging_mixin.py:188} INFO - [2024-04-14T11:53:53.749+0000] {dag.py:3096} INFO - Sync 1 DAGs
[2024-04-14T11:53:53.902+0000] {logging_mixin.py:188} INFO - [2024-04-14T11:53:53.902+0000] {dag.py:3954} INFO - Setting next_dagrun for example_short_circuit_operator to 2024-04-13 00:00:00+00:00, run_after=2024-04-14 00:00:00+00:00
[2024-04-14T11:53:54.011+0000] {processor.py:183} INFO - Processing /home/airflow/.local/lib/python3.12/site-packages/airflow/example_dags/example_short_circuit_operator.py took 0.399 seconds
[2024-04-14T11:54:33.851+0000] {processor.py:161} INFO - Started process (PID=218) to work on /home/airflow/.local/lib/python3.12/site-packages/airflow/example_dags/example_short_circuit_operator.py
[2024-04-14T11:54:33.853+0000] {processor.py:830} INFO - Processing file /home/airflow/.local/lib/python3.12/site-packages/airflow/example_dags/example_short_circuit_operator.py for tasks to queue
[2024-04-14T11:54:33.855+0000] {logging_mixin.py:188} INFO - [2024-04-14T11:54:33.855+0000] {dagbag.py:540} INFO - Filling up the DagBag from /home/airflow/.local/lib/python3.12/site-packages/airflow/example_dags/example_short_circuit_operator.py
[2024-04-14T11:54:33.868+0000] {processor.py:840} INFO - DAG(s) 'example_short_circuit_operator' retrieved from /home/airflow/.local/lib/python3.12/site-packages/airflow/example_dags/example_short_circuit_operator.py
[2024-04-14T11:54:33.917+0000] {logging_mixin.py:188} INFO - [2024-04-14T11:54:33.916+0000] {dag.py:3096} INFO - Sync 1 DAGs
[2024-04-14T11:54:33.962+0000] {logging_mixin.py:188} INFO - [2024-04-14T11:54:33.962+0000] {dag.py:3954} INFO - Setting next_dagrun for example_short_circuit_operator to 2024-04-13 00:00:00+00:00, run_after=2024-04-14 00:00:00+00:00
[2024-04-14T11:54:34.002+0000] {processor.py:183} INFO - Processing /home/airflow/.local/lib/python3.12/site-packages/airflow/example_dags/example_short_circuit_operator.py took 0.160 seconds
[2024-04-14T11:55:08.373+0000] {processor.py:161} INFO - Started process (PID=282) to work on /home/airflow/.local/lib/python3.12/site-packages/airflow/example_dags/example_short_circuit_operator.py
[2024-04-14T11:55:08.397+0000] {processor.py:830} INFO - Processing file /home/airflow/.local/lib/python3.12/site-packages/airflow/example_dags/example_short_circuit_operator.py for tasks to queue
[2024-04-14T11:55:08.406+0000] {logging_mixin.py:188} INFO - [2024-04-14T11:55:08.405+0000] {dagbag.py:540} INFO - Filling up the DagBag from /home/airflow/.local/lib/python3.12/site-packages/airflow/example_dags/example_short_circuit_operator.py
[2024-04-14T11:55:08.426+0000] {processor.py:840} INFO - DAG(s) 'example_short_circuit_operator' retrieved from /home/airflow/.local/lib/python3.12/site-packages/airflow/example_dags/example_short_circuit_operator.py
[2024-04-14T11:55:08.470+0000] {logging_mixin.py:188} INFO - [2024-04-14T11:55:08.469+0000] {dag.py:3096} INFO - Sync 1 DAGs
[2024-04-14T11:55:08.542+0000] {logging_mixin.py:188} INFO - [2024-04-14T11:55:08.541+0000] {dag.py:3954} INFO - Setting next_dagrun for example_short_circuit_operator to 2024-04-13 00:00:00+00:00, run_after=2024-04-14 00:00:00+00:00
[2024-04-14T11:55:08.594+0000] {processor.py:183} INFO - Processing /home/airflow/.local/lib/python3.12/site-packages/airflow/example_dags/example_short_circuit_operator.py took 0.230 seconds
[2024-04-14T11:55:39.865+0000] {processor.py:161} INFO - Started process (PID=345) to work on /home/airflow/.local/lib/python3.12/site-packages/airflow/example_dags/example_short_circuit_operator.py
[2024-04-14T11:55:39.895+0000] {processor.py:830} INFO - Processing file /home/airflow/.local/lib/python3.12/site-packages/airflow/example_dags/example_short_circuit_operator.py for tasks to queue
[2024-04-14T11:55:39.929+0000] {logging_mixin.py:188} INFO - [2024-04-14T11:55:39.926+0000] {dagbag.py:540} INFO - Filling up the DagBag from /home/airflow/.local/lib/python3.12/site-packages/airflow/example_dags/example_short_circuit_operator.py
[2024-04-14T11:55:40.073+0000] {processor.py:840} INFO - DAG(s) 'example_short_circuit_operator' retrieved from /home/airflow/.local/lib/python3.12/site-packages/airflow/example_dags/example_short_circuit_operator.py
[2024-04-14T11:55:40.284+0000] {logging_mixin.py:188} INFO - [2024-04-14T11:55:40.284+0000] {dag.py:3096} INFO - Sync 1 DAGs
[2024-04-14T11:55:40.391+0000] {logging_mixin.py:188} INFO - [2024-04-14T11:55:40.390+0000] {dag.py:3954} INFO - Setting next_dagrun for example_short_circuit_operator to 2024-04-13 00:00:00+00:00, run_after=2024-04-14 00:00:00+00:00
[2024-04-14T11:55:40.469+0000] {processor.py:183} INFO - Processing /home/airflow/.local/lib/python3.12/site-packages/airflow/example_dags/example_short_circuit_operator.py took 0.685 seconds
[2024-04-14T14:46:15.547+0000] {processor.py:161} INFO - Started process (PID=196) to work on /home/airflow/.local/lib/python3.12/site-packages/airflow/example_dags/example_short_circuit_operator.py
[2024-04-14T14:46:15.580+0000] {processor.py:830} INFO - Processing file /home/airflow/.local/lib/python3.12/site-packages/airflow/example_dags/example_short_circuit_operator.py for tasks to queue
[2024-04-14T14:46:16.298+0000] {logging_mixin.py:188} INFO - [2024-04-14T14:46:16.297+0000] {dagbag.py:540} INFO - Filling up the DagBag from /home/airflow/.local/lib/python3.12/site-packages/airflow/example_dags/example_short_circuit_operator.py
[2024-04-14T14:46:35.165+0000] {processor.py:840} INFO - DAG(s) 'example_short_circuit_operator' retrieved from /home/airflow/.local/lib/python3.12/site-packages/airflow/example_dags/example_short_circuit_operator.py
[2024-04-14T15:06:10.863+0000] {processor.py:161} INFO - Started process (PID=410) to work on /home/airflow/.local/lib/python3.12/site-packages/airflow/example_dags/example_short_circuit_operator.py
[2024-04-14T15:06:10.964+0000] {processor.py:830} INFO - Processing file /home/airflow/.local/lib/python3.12/site-packages/airflow/example_dags/example_short_circuit_operator.py for tasks to queue
[2024-04-14T15:06:10.990+0000] {logging_mixin.py:188} INFO - [2024-04-14T15:06:10.989+0000] {dagbag.py:540} INFO - Filling up the DagBag from /home/airflow/.local/lib/python3.12/site-packages/airflow/example_dags/example_short_circuit_operator.py
[2024-04-14T15:06:11.842+0000] {processor.py:840} INFO - DAG(s) 'example_short_circuit_operator' retrieved from /home/airflow/.local/lib/python3.12/site-packages/airflow/example_dags/example_short_circuit_operator.py
[2024-04-14T15:06:18.984+0000] {logging_mixin.py:188} INFO - [2024-04-14T15:06:18.983+0000] {dag.py:3096} INFO - Sync 1 DAGs
[2024-04-14T15:06:19.991+0000] {logging_mixin.py:188} INFO - [2024-04-14T15:06:19.990+0000] {dag.py:3954} INFO - Setting next_dagrun for example_short_circuit_operator to 2024-04-13 00:00:00+00:00, run_after=2024-04-14 00:00:00+00:00
[2024-04-14T15:06:20.996+0000] {processor.py:183} INFO - Processing /home/airflow/.local/lib/python3.12/site-packages/airflow/example_dags/example_short_circuit_operator.py took 10.497 seconds
