[2024-04-14T11:53:08.024+0000] {processor.py:161} INFO - Started process (PID=71) to work on /home/airflow/.local/lib/python3.12/site-packages/airflow/example_dags/example_task_group_decorator.py
[2024-04-14T11:53:08.060+0000] {processor.py:830} INFO - Processing file /home/airflow/.local/lib/python3.12/site-packages/airflow/example_dags/example_task_group_decorator.py for tasks to queue
[2024-04-14T11:53:08.218+0000] {logging_mixin.py:188} INFO - [2024-04-14T11:53:08.124+0000] {dagbag.py:540} INFO - Filling up the DagBag from /home/airflow/.local/lib/python3.12/site-packages/airflow/example_dags/example_task_group_decorator.py
[2024-04-14T11:53:08.518+0000] {processor.py:840} INFO - DAG(s) 'example_task_group_decorator' retrieved from /home/airflow/.local/lib/python3.12/site-packages/airflow/example_dags/example_task_group_decorator.py
[2024-04-14T11:53:08.934+0000] {logging_mixin.py:188} INFO - [2024-04-14T11:53:08.932+0000] {dag.py:3096} INFO - Sync 1 DAGs
[2024-04-14T11:53:10.244+0000] {logging_mixin.py:188} INFO - [2024-04-14T11:53:10.243+0000] {dag.py:3954} INFO - Setting next_dagrun for example_task_group_decorator to 2024-04-13 00:00:00+00:00, run_after=2024-04-14 00:00:00+00:00
[2024-04-14T11:53:10.457+0000] {processor.py:183} INFO - Processing /home/airflow/.local/lib/python3.12/site-packages/airflow/example_dags/example_task_group_decorator.py took 2.530 seconds
[2024-04-14T11:53:52.157+0000] {processor.py:161} INFO - Started process (PID=145) to work on /home/airflow/.local/lib/python3.12/site-packages/airflow/example_dags/example_task_group_decorator.py
[2024-04-14T11:53:52.159+0000] {processor.py:830} INFO - Processing file /home/airflow/.local/lib/python3.12/site-packages/airflow/example_dags/example_task_group_decorator.py for tasks to queue
[2024-04-14T11:53:52.167+0000] {logging_mixin.py:188} INFO - [2024-04-14T11:53:52.166+0000] {dagbag.py:540} INFO - Filling up the DagBag from /home/airflow/.local/lib/python3.12/site-packages/airflow/example_dags/example_task_group_decorator.py
[2024-04-14T11:53:52.201+0000] {processor.py:840} INFO - DAG(s) 'example_task_group_decorator' retrieved from /home/airflow/.local/lib/python3.12/site-packages/airflow/example_dags/example_task_group_decorator.py
[2024-04-14T11:53:52.247+0000] {logging_mixin.py:188} INFO - [2024-04-14T11:53:52.247+0000] {dag.py:3096} INFO - Sync 1 DAGs
[2024-04-14T11:53:52.292+0000] {logging_mixin.py:188} INFO - [2024-04-14T11:53:52.291+0000] {dag.py:3954} INFO - Setting next_dagrun for example_task_group_decorator to 2024-04-13 00:00:00+00:00, run_after=2024-04-14 00:00:00+00:00
[2024-04-14T11:53:52.342+0000] {processor.py:183} INFO - Processing /home/airflow/.local/lib/python3.12/site-packages/airflow/example_dags/example_task_group_decorator.py took 0.193 seconds
[2024-04-14T11:54:32.688+0000] {processor.py:161} INFO - Started process (PID=212) to work on /home/airflow/.local/lib/python3.12/site-packages/airflow/example_dags/example_task_group_decorator.py
[2024-04-14T11:54:32.691+0000] {processor.py:830} INFO - Processing file /home/airflow/.local/lib/python3.12/site-packages/airflow/example_dags/example_task_group_decorator.py for tasks to queue
[2024-04-14T11:54:32.695+0000] {logging_mixin.py:188} INFO - [2024-04-14T11:54:32.694+0000] {dagbag.py:540} INFO - Filling up the DagBag from /home/airflow/.local/lib/python3.12/site-packages/airflow/example_dags/example_task_group_decorator.py
[2024-04-14T11:54:32.732+0000] {processor.py:840} INFO - DAG(s) 'example_task_group_decorator' retrieved from /home/airflow/.local/lib/python3.12/site-packages/airflow/example_dags/example_task_group_decorator.py
[2024-04-14T11:54:32.790+0000] {logging_mixin.py:188} INFO - [2024-04-14T11:54:32.790+0000] {dag.py:3096} INFO - Sync 1 DAGs
[2024-04-14T11:54:32.844+0000] {logging_mixin.py:188} INFO - [2024-04-14T11:54:32.844+0000] {dag.py:3954} INFO - Setting next_dagrun for example_task_group_decorator to 2024-04-13 00:00:00+00:00, run_after=2024-04-14 00:00:00+00:00
[2024-04-14T11:54:32.887+0000] {processor.py:183} INFO - Processing /home/airflow/.local/lib/python3.12/site-packages/airflow/example_dags/example_task_group_decorator.py took 0.208 seconds
[2024-04-14T11:55:04.824+0000] {processor.py:161} INFO - Started process (PID=274) to work on /home/airflow/.local/lib/python3.12/site-packages/airflow/example_dags/example_task_group_decorator.py
[2024-04-14T11:55:04.836+0000] {processor.py:830} INFO - Processing file /home/airflow/.local/lib/python3.12/site-packages/airflow/example_dags/example_task_group_decorator.py for tasks to queue
[2024-04-14T11:55:04.873+0000] {logging_mixin.py:188} INFO - [2024-04-14T11:55:04.872+0000] {dagbag.py:540} INFO - Filling up the DagBag from /home/airflow/.local/lib/python3.12/site-packages/airflow/example_dags/example_task_group_decorator.py
[2024-04-14T11:55:04.976+0000] {processor.py:840} INFO - DAG(s) 'example_task_group_decorator' retrieved from /home/airflow/.local/lib/python3.12/site-packages/airflow/example_dags/example_task_group_decorator.py
[2024-04-14T11:55:05.096+0000] {logging_mixin.py:188} INFO - [2024-04-14T11:55:05.096+0000] {dag.py:3096} INFO - Sync 1 DAGs
[2024-04-14T11:55:05.300+0000] {logging_mixin.py:188} INFO - [2024-04-14T11:55:05.299+0000] {dag.py:3954} INFO - Setting next_dagrun for example_task_group_decorator to 2024-04-13 00:00:00+00:00, run_after=2024-04-14 00:00:00+00:00
[2024-04-14T11:55:05.549+0000] {processor.py:183} INFO - Processing /home/airflow/.local/lib/python3.12/site-packages/airflow/example_dags/example_task_group_decorator.py took 0.746 seconds
[2024-04-14T11:55:36.579+0000] {processor.py:161} INFO - Started process (PID=337) to work on /home/airflow/.local/lib/python3.12/site-packages/airflow/example_dags/example_task_group_decorator.py
[2024-04-14T11:55:36.581+0000] {processor.py:830} INFO - Processing file /home/airflow/.local/lib/python3.12/site-packages/airflow/example_dags/example_task_group_decorator.py for tasks to queue
[2024-04-14T11:55:36.629+0000] {logging_mixin.py:188} INFO - [2024-04-14T11:55:36.613+0000] {dagbag.py:540} INFO - Filling up the DagBag from /home/airflow/.local/lib/python3.12/site-packages/airflow/example_dags/example_task_group_decorator.py
[2024-04-14T11:55:36.775+0000] {processor.py:840} INFO - DAG(s) 'example_task_group_decorator' retrieved from /home/airflow/.local/lib/python3.12/site-packages/airflow/example_dags/example_task_group_decorator.py
[2024-04-14T11:55:36.924+0000] {logging_mixin.py:188} INFO - [2024-04-14T11:55:36.924+0000] {dag.py:3096} INFO - Sync 1 DAGs
[2024-04-14T11:55:37.031+0000] {logging_mixin.py:188} INFO - [2024-04-14T11:55:37.030+0000] {dag.py:3954} INFO - Setting next_dagrun for example_task_group_decorator to 2024-04-13 00:00:00+00:00, run_after=2024-04-14 00:00:00+00:00
[2024-04-14T11:55:37.171+0000] {processor.py:183} INFO - Processing /home/airflow/.local/lib/python3.12/site-packages/airflow/example_dags/example_task_group_decorator.py took 0.620 seconds
[2024-04-14T14:43:46.923+0000] {processor.py:161} INFO - Started process (PID=171) to work on /home/airflow/.local/lib/python3.12/site-packages/airflow/example_dags/example_task_group_decorator.py
[2024-04-14T14:43:47.320+0000] {processor.py:830} INFO - Processing file /home/airflow/.local/lib/python3.12/site-packages/airflow/example_dags/example_task_group_decorator.py for tasks to queue
[2024-04-14T14:43:47.395+0000] {logging_mixin.py:188} INFO - [2024-04-14T14:43:47.394+0000] {dagbag.py:540} INFO - Filling up the DagBag from /home/airflow/.local/lib/python3.12/site-packages/airflow/example_dags/example_task_group_decorator.py
[2024-04-14T14:43:48.105+0000] {processor.py:840} INFO - DAG(s) 'example_task_group_decorator' retrieved from /home/airflow/.local/lib/python3.12/site-packages/airflow/example_dags/example_task_group_decorator.py
[2024-04-14T14:44:10.488+0000] {logging_mixin.py:188} INFO - [2024-04-14T14:44:10.487+0000] {dag.py:3096} INFO - Sync 1 DAGs
[2024-04-14T14:44:11.230+0000] {logging_mixin.py:188} INFO - [2024-04-14T14:44:11.229+0000] {dag.py:3954} INFO - Setting next_dagrun for example_task_group_decorator to 2024-04-13 00:00:00+00:00, run_after=2024-04-14 00:00:00+00:00
[2024-04-14T14:44:12.054+0000] {processor.py:183} INFO - Processing /home/airflow/.local/lib/python3.12/site-packages/airflow/example_dags/example_task_group_decorator.py took 25.373 seconds
[2024-04-14T15:04:16.453+0000] {processor.py:161} INFO - Started process (PID=385) to work on /home/airflow/.local/lib/python3.12/site-packages/airflow/example_dags/example_task_group_decorator.py
[2024-04-14T15:04:16.476+0000] {processor.py:830} INFO - Processing file /home/airflow/.local/lib/python3.12/site-packages/airflow/example_dags/example_task_group_decorator.py for tasks to queue
[2024-04-14T15:04:16.493+0000] {logging_mixin.py:188} INFO - [2024-04-14T15:04:16.491+0000] {dagbag.py:540} INFO - Filling up the DagBag from /home/airflow/.local/lib/python3.12/site-packages/airflow/example_dags/example_task_group_decorator.py
[2024-04-14T15:04:16.883+0000] {processor.py:840} INFO - DAG(s) 'example_task_group_decorator' retrieved from /home/airflow/.local/lib/python3.12/site-packages/airflow/example_dags/example_task_group_decorator.py
[2024-04-14T15:04:17.415+0000] {logging_mixin.py:188} INFO - [2024-04-14T15:04:17.402+0000] {dag.py:3096} INFO - Sync 1 DAGs
[2024-04-14T15:04:21.634+0000] {logging_mixin.py:188} INFO - [2024-04-14T15:04:21.633+0000] {dag.py:3954} INFO - Setting next_dagrun for example_task_group_decorator to 2024-04-13 00:00:00+00:00, run_after=2024-04-14 00:00:00+00:00
[2024-04-14T15:04:22.120+0000] {processor.py:183} INFO - Processing /home/airflow/.local/lib/python3.12/site-packages/airflow/example_dags/example_task_group_decorator.py took 7.253 seconds
