[2024-04-14T11:53:21.350+0000] {processor.py:161} INFO - Started process (PID=89) to work on /home/airflow/.local/lib/python3.12/site-packages/airflow/example_dags/example_python_operator.py
[2024-04-14T11:53:21.354+0000] {processor.py:830} INFO - Processing file /home/airflow/.local/lib/python3.12/site-packages/airflow/example_dags/example_python_operator.py for tasks to queue
[2024-04-14T11:53:21.397+0000] {logging_mixin.py:188} INFO - [2024-04-14T11:53:21.382+0000] {dagbag.py:540} INFO - Filling up the DagBag from /home/airflow/.local/lib/python3.12/site-packages/airflow/example_dags/example_python_operator.py
[2024-04-14T11:53:21.469+0000] {processor.py:840} INFO - DAG(s) 'example_python_operator' retrieved from /home/airflow/.local/lib/python3.12/site-packages/airflow/example_dags/example_python_operator.py
[2024-04-14T11:53:24.246+0000] {logging_mixin.py:188} INFO - [2024-04-14T11:53:24.246+0000] {dag.py:3096} INFO - Sync 1 DAGs
[2024-04-14T11:53:24.337+0000] {logging_mixin.py:188} INFO - [2024-04-14T11:53:24.337+0000] {dag.py:3954} INFO - Setting next_dagrun for example_python_operator to None, run_after=None
[2024-04-14T11:53:24.445+0000] {processor.py:183} INFO - Processing /home/airflow/.local/lib/python3.12/site-packages/airflow/example_dags/example_python_operator.py took 3.150 seconds
[2024-04-14T11:53:56.693+0000] {processor.py:161} INFO - Started process (PID=157) to work on /home/airflow/.local/lib/python3.12/site-packages/airflow/example_dags/example_python_operator.py
[2024-04-14T11:53:56.730+0000] {processor.py:830} INFO - Processing file /home/airflow/.local/lib/python3.12/site-packages/airflow/example_dags/example_python_operator.py for tasks to queue
[2024-04-14T11:53:56.751+0000] {logging_mixin.py:188} INFO - [2024-04-14T11:53:56.751+0000] {dagbag.py:540} INFO - Filling up the DagBag from /home/airflow/.local/lib/python3.12/site-packages/airflow/example_dags/example_python_operator.py
[2024-04-14T11:53:56.837+0000] {processor.py:840} INFO - DAG(s) 'example_python_operator' retrieved from /home/airflow/.local/lib/python3.12/site-packages/airflow/example_dags/example_python_operator.py
[2024-04-14T11:53:57.036+0000] {logging_mixin.py:188} INFO - [2024-04-14T11:53:57.035+0000] {dag.py:3096} INFO - Sync 1 DAGs
[2024-04-14T11:53:57.171+0000] {logging_mixin.py:188} INFO - [2024-04-14T11:53:57.159+0000] {dag.py:3954} INFO - Setting next_dagrun for example_python_operator to None, run_after=None
[2024-04-14T11:53:57.414+0000] {processor.py:183} INFO - Processing /home/airflow/.local/lib/python3.12/site-packages/airflow/example_dags/example_python_operator.py took 0.773 seconds
[2024-04-14T11:54:34.651+0000] {processor.py:161} INFO - Started process (PID=224) to work on /home/airflow/.local/lib/python3.12/site-packages/airflow/example_dags/example_python_operator.py
[2024-04-14T11:54:34.652+0000] {processor.py:830} INFO - Processing file /home/airflow/.local/lib/python3.12/site-packages/airflow/example_dags/example_python_operator.py for tasks to queue
[2024-04-14T11:54:34.656+0000] {logging_mixin.py:188} INFO - [2024-04-14T11:54:34.655+0000] {dagbag.py:540} INFO - Filling up the DagBag from /home/airflow/.local/lib/python3.12/site-packages/airflow/example_dags/example_python_operator.py
[2024-04-14T11:54:34.675+0000] {processor.py:840} INFO - DAG(s) 'example_python_operator' retrieved from /home/airflow/.local/lib/python3.12/site-packages/airflow/example_dags/example_python_operator.py
[2024-04-14T11:54:34.722+0000] {logging_mixin.py:188} INFO - [2024-04-14T11:54:34.719+0000] {dag.py:3096} INFO - Sync 1 DAGs
[2024-04-14T11:54:34.752+0000] {logging_mixin.py:188} INFO - [2024-04-14T11:54:34.752+0000] {dag.py:3954} INFO - Setting next_dagrun for example_python_operator to None, run_after=None
[2024-04-14T11:54:34.792+0000] {processor.py:183} INFO - Processing /home/airflow/.local/lib/python3.12/site-packages/airflow/example_dags/example_python_operator.py took 0.153 seconds
[2024-04-14T11:55:11.848+0000] {processor.py:161} INFO - Started process (PID=288) to work on /home/airflow/.local/lib/python3.12/site-packages/airflow/example_dags/example_python_operator.py
[2024-04-14T11:55:11.870+0000] {processor.py:830} INFO - Processing file /home/airflow/.local/lib/python3.12/site-packages/airflow/example_dags/example_python_operator.py for tasks to queue
[2024-04-14T11:55:11.904+0000] {logging_mixin.py:188} INFO - [2024-04-14T11:55:11.903+0000] {dagbag.py:540} INFO - Filling up the DagBag from /home/airflow/.local/lib/python3.12/site-packages/airflow/example_dags/example_python_operator.py
[2024-04-14T11:55:11.955+0000] {processor.py:840} INFO - DAG(s) 'example_python_operator' retrieved from /home/airflow/.local/lib/python3.12/site-packages/airflow/example_dags/example_python_operator.py
[2024-04-14T11:55:12.091+0000] {logging_mixin.py:188} INFO - [2024-04-14T11:55:12.090+0000] {dag.py:3096} INFO - Sync 1 DAGs
[2024-04-14T11:55:12.173+0000] {logging_mixin.py:188} INFO - [2024-04-14T11:55:12.173+0000] {dag.py:3954} INFO - Setting next_dagrun for example_python_operator to None, run_after=None
[2024-04-14T11:55:12.463+0000] {processor.py:183} INFO - Processing /home/airflow/.local/lib/python3.12/site-packages/airflow/example_dags/example_python_operator.py took 0.626 seconds
[2024-04-14T11:55:42.647+0000] {processor.py:161} INFO - Started process (PID=351) to work on /home/airflow/.local/lib/python3.12/site-packages/airflow/example_dags/example_python_operator.py
[2024-04-14T11:55:42.652+0000] {processor.py:830} INFO - Processing file /home/airflow/.local/lib/python3.12/site-packages/airflow/example_dags/example_python_operator.py for tasks to queue
[2024-04-14T11:55:42.661+0000] {logging_mixin.py:188} INFO - [2024-04-14T11:55:42.661+0000] {dagbag.py:540} INFO - Filling up the DagBag from /home/airflow/.local/lib/python3.12/site-packages/airflow/example_dags/example_python_operator.py
[2024-04-14T11:55:42.729+0000] {processor.py:840} INFO - DAG(s) 'example_python_operator' retrieved from /home/airflow/.local/lib/python3.12/site-packages/airflow/example_dags/example_python_operator.py
[2024-04-14T11:55:42.811+0000] {logging_mixin.py:188} INFO - [2024-04-14T11:55:42.810+0000] {dag.py:3096} INFO - Sync 1 DAGs
[2024-04-14T11:55:42.849+0000] {logging_mixin.py:188} INFO - [2024-04-14T11:55:42.849+0000] {dag.py:3954} INFO - Setting next_dagrun for example_python_operator to None, run_after=None
[2024-04-14T11:55:42.910+0000] {processor.py:183} INFO - Processing /home/airflow/.local/lib/python3.12/site-packages/airflow/example_dags/example_python_operator.py took 0.293 seconds
[2024-04-14T14:48:49.034+0000] {processor.py:161} INFO - Started process (PID=234) to work on /home/airflow/.local/lib/python3.12/site-packages/airflow/example_dags/example_python_operator.py
[2024-04-14T14:48:49.121+0000] {processor.py:830} INFO - Processing file /home/airflow/.local/lib/python3.12/site-packages/airflow/example_dags/example_python_operator.py for tasks to queue
[2024-04-14T14:48:49.126+0000] {logging_mixin.py:188} INFO - [2024-04-14T14:48:49.125+0000] {dagbag.py:540} INFO - Filling up the DagBag from /home/airflow/.local/lib/python3.12/site-packages/airflow/example_dags/example_python_operator.py
[2024-04-14T14:48:53.643+0000] {processor.py:840} INFO - DAG(s) 'example_python_operator' retrieved from /home/airflow/.local/lib/python3.12/site-packages/airflow/example_dags/example_python_operator.py
[2024-04-14T14:49:31.665+0000] {logging_mixin.py:188} INFO - [2024-04-14T14:49:31.664+0000] {dag.py:3096} INFO - Sync 1 DAGs
[2024-04-14T15:06:45.599+0000] {processor.py:161} INFO - Started process (PID=422) to work on /home/airflow/.local/lib/python3.12/site-packages/airflow/example_dags/example_python_operator.py
[2024-04-14T15:06:45.645+0000] {processor.py:830} INFO - Processing file /home/airflow/.local/lib/python3.12/site-packages/airflow/example_dags/example_python_operator.py for tasks to queue
[2024-04-14T15:06:45.727+0000] {logging_mixin.py:188} INFO - [2024-04-14T15:06:45.726+0000] {dagbag.py:540} INFO - Filling up the DagBag from /home/airflow/.local/lib/python3.12/site-packages/airflow/example_dags/example_python_operator.py
[2024-04-14T15:06:48.462+0000] {processor.py:840} INFO - DAG(s) 'example_python_operator' retrieved from /home/airflow/.local/lib/python3.12/site-packages/airflow/example_dags/example_python_operator.py
[2024-04-14T15:06:52.791+0000] {logging_mixin.py:188} INFO - [2024-04-14T15:06:52.790+0000] {dag.py:3096} INFO - Sync 1 DAGs
[2024-04-14T15:06:53.083+0000] {logging_mixin.py:188} INFO - [2024-04-14T15:06:53.083+0000] {dag.py:3954} INFO - Setting next_dagrun for example_python_operator to None, run_after=None
[2024-04-14T15:07:02.210+0000] {processor.py:183} INFO - Processing /home/airflow/.local/lib/python3.12/site-packages/airflow/example_dags/example_python_operator.py took 16.690 seconds
