[2024-04-14T11:53:30.359+0000] {processor.py:161} INFO - Started process (PID=99) to work on /home/airflow/.local/lib/python3.12/site-packages/airflow/example_dags/example_sensor_decorator.py
[2024-04-14T11:53:30.370+0000] {processor.py:830} INFO - Processing file /home/airflow/.local/lib/python3.12/site-packages/airflow/example_dags/example_sensor_decorator.py for tasks to queue
[2024-04-14T11:53:30.375+0000] {logging_mixin.py:188} INFO - [2024-04-14T11:53:30.374+0000] {dagbag.py:540} INFO - Filling up the DagBag from /home/airflow/.local/lib/python3.12/site-packages/airflow/example_dags/example_sensor_decorator.py
[2024-04-14T11:53:30.402+0000] {processor.py:840} INFO - DAG(s) 'example_sensor_decorator' retrieved from /home/airflow/.local/lib/python3.12/site-packages/airflow/example_dags/example_sensor_decorator.py
[2024-04-14T11:53:30.444+0000] {logging_mixin.py:188} INFO - [2024-04-14T11:53:30.444+0000] {dag.py:3096} INFO - Sync 1 DAGs
[2024-04-14T11:53:30.469+0000] {logging_mixin.py:188} INFO - [2024-04-14T11:53:30.469+0000] {dag.py:3954} INFO - Setting next_dagrun for example_sensor_decorator to None, run_after=None
[2024-04-14T11:53:30.513+0000] {processor.py:183} INFO - Processing /home/airflow/.local/lib/python3.12/site-packages/airflow/example_dags/example_sensor_decorator.py took 0.170 seconds
[2024-04-14T11:54:02.122+0000] {processor.py:161} INFO - Started process (PID=167) to work on /home/airflow/.local/lib/python3.12/site-packages/airflow/example_dags/example_sensor_decorator.py
[2024-04-14T11:54:02.126+0000] {processor.py:830} INFO - Processing file /home/airflow/.local/lib/python3.12/site-packages/airflow/example_dags/example_sensor_decorator.py for tasks to queue
[2024-04-14T11:54:02.139+0000] {logging_mixin.py:188} INFO - [2024-04-14T11:54:02.129+0000] {dagbag.py:540} INFO - Filling up the DagBag from /home/airflow/.local/lib/python3.12/site-packages/airflow/example_dags/example_sensor_decorator.py
[2024-04-14T11:54:02.172+0000] {processor.py:840} INFO - DAG(s) 'example_sensor_decorator' retrieved from /home/airflow/.local/lib/python3.12/site-packages/airflow/example_dags/example_sensor_decorator.py
[2024-04-14T11:54:02.268+0000] {logging_mixin.py:188} INFO - [2024-04-14T11:54:02.268+0000] {dag.py:3096} INFO - Sync 1 DAGs
[2024-04-14T11:54:02.323+0000] {logging_mixin.py:188} INFO - [2024-04-14T11:54:02.323+0000] {dag.py:3954} INFO - Setting next_dagrun for example_sensor_decorator to None, run_after=None
[2024-04-14T11:54:02.381+0000] {processor.py:183} INFO - Processing /home/airflow/.local/lib/python3.12/site-packages/airflow/example_dags/example_sensor_decorator.py took 0.300 seconds
[2024-04-14T11:54:37.083+0000] {processor.py:161} INFO - Started process (PID=235) to work on /home/airflow/.local/lib/python3.12/site-packages/airflow/example_dags/example_sensor_decorator.py
[2024-04-14T11:54:37.085+0000] {processor.py:830} INFO - Processing file /home/airflow/.local/lib/python3.12/site-packages/airflow/example_dags/example_sensor_decorator.py for tasks to queue
[2024-04-14T11:54:37.094+0000] {logging_mixin.py:188} INFO - [2024-04-14T11:54:37.093+0000] {dagbag.py:540} INFO - Filling up the DagBag from /home/airflow/.local/lib/python3.12/site-packages/airflow/example_dags/example_sensor_decorator.py
[2024-04-14T11:54:37.130+0000] {processor.py:840} INFO - DAG(s) 'example_sensor_decorator' retrieved from /home/airflow/.local/lib/python3.12/site-packages/airflow/example_dags/example_sensor_decorator.py
[2024-04-14T11:54:37.250+0000] {logging_mixin.py:188} INFO - [2024-04-14T11:54:37.249+0000] {dag.py:3096} INFO - Sync 1 DAGs
[2024-04-14T11:54:37.432+0000] {logging_mixin.py:188} INFO - [2024-04-14T11:54:37.431+0000] {dag.py:3954} INFO - Setting next_dagrun for example_sensor_decorator to None, run_after=None
[2024-04-14T11:54:37.570+0000] {processor.py:183} INFO - Processing /home/airflow/.local/lib/python3.12/site-packages/airflow/example_dags/example_sensor_decorator.py took 0.495 seconds
[2024-04-14T11:55:15.537+0000] {processor.py:161} INFO - Started process (PID=298) to work on /home/airflow/.local/lib/python3.12/site-packages/airflow/example_dags/example_sensor_decorator.py
[2024-04-14T11:55:15.558+0000] {processor.py:830} INFO - Processing file /home/airflow/.local/lib/python3.12/site-packages/airflow/example_dags/example_sensor_decorator.py for tasks to queue
[2024-04-14T11:55:15.569+0000] {logging_mixin.py:188} INFO - [2024-04-14T11:55:15.568+0000] {dagbag.py:540} INFO - Filling up the DagBag from /home/airflow/.local/lib/python3.12/site-packages/airflow/example_dags/example_sensor_decorator.py
[2024-04-14T11:55:15.582+0000] {processor.py:840} INFO - DAG(s) 'example_sensor_decorator' retrieved from /home/airflow/.local/lib/python3.12/site-packages/airflow/example_dags/example_sensor_decorator.py
[2024-04-14T11:55:15.674+0000] {logging_mixin.py:188} INFO - [2024-04-14T11:55:15.674+0000] {dag.py:3096} INFO - Sync 1 DAGs
[2024-04-14T11:55:15.742+0000] {logging_mixin.py:188} INFO - [2024-04-14T11:55:15.741+0000] {dag.py:3954} INFO - Setting next_dagrun for example_sensor_decorator to None, run_after=None
[2024-04-14T11:55:15.851+0000] {processor.py:183} INFO - Processing /home/airflow/.local/lib/python3.12/site-packages/airflow/example_dags/example_sensor_decorator.py took 0.387 seconds
[2024-04-14T11:55:49.745+0000] {processor.py:161} INFO - Started process (PID=361) to work on /home/airflow/.local/lib/python3.12/site-packages/airflow/example_dags/example_sensor_decorator.py
[2024-04-14T11:55:49.763+0000] {processor.py:830} INFO - Processing file /home/airflow/.local/lib/python3.12/site-packages/airflow/example_dags/example_sensor_decorator.py for tasks to queue
[2024-04-14T11:55:49.812+0000] {logging_mixin.py:188} INFO - [2024-04-14T11:55:49.812+0000] {dagbag.py:540} INFO - Filling up the DagBag from /home/airflow/.local/lib/python3.12/site-packages/airflow/example_dags/example_sensor_decorator.py
[2024-04-14T11:55:49.919+0000] {processor.py:840} INFO - DAG(s) 'example_sensor_decorator' retrieved from /home/airflow/.local/lib/python3.12/site-packages/airflow/example_dags/example_sensor_decorator.py
[2024-04-14T11:55:50.201+0000] {logging_mixin.py:188} INFO - [2024-04-14T11:55:50.200+0000] {dag.py:3096} INFO - Sync 1 DAGs
[2024-04-14T11:55:50.560+0000] {logging_mixin.py:188} INFO - [2024-04-14T11:55:50.560+0000] {dag.py:3954} INFO - Setting next_dagrun for example_sensor_decorator to None, run_after=None
[2024-04-14T11:55:50.700+0000] {processor.py:183} INFO - Processing /home/airflow/.local/lib/python3.12/site-packages/airflow/example_dags/example_sensor_decorator.py took 1.050 seconds
[2024-04-14T14:57:27.957+0000] {processor.py:161} INFO - Started process (PID=293) to work on /home/airflow/.local/lib/python3.12/site-packages/airflow/example_dags/example_sensor_decorator.py
[2024-04-14T14:57:28.019+0000] {processor.py:830} INFO - Processing file /home/airflow/.local/lib/python3.12/site-packages/airflow/example_dags/example_sensor_decorator.py for tasks to queue
[2024-04-14T14:57:28.104+0000] {logging_mixin.py:188} INFO - [2024-04-14T14:57:28.086+0000] {dagbag.py:540} INFO - Filling up the DagBag from /home/airflow/.local/lib/python3.12/site-packages/airflow/example_dags/example_sensor_decorator.py
[2024-04-14T14:57:30.063+0000] {processor.py:840} INFO - DAG(s) 'example_sensor_decorator' retrieved from /home/airflow/.local/lib/python3.12/site-packages/airflow/example_dags/example_sensor_decorator.py
[2024-04-14T14:57:42.230+0000] {logging_mixin.py:188} INFO - [2024-04-14T14:57:42.226+0000] {dag.py:3096} INFO - Sync 1 DAGs
[2024-04-14T14:57:53.148+0000] {logging_mixin.py:188} INFO - [2024-04-14T14:57:53.147+0000] {dag.py:3954} INFO - Setting next_dagrun for example_sensor_decorator to None, run_after=None
