[2024-04-12T00:21:28.843+0000] {local_task_job_runner.py:120} INFO - ::group::Pre task execution logs
[2024-04-12T00:21:28.959+0000] {taskinstance.py:2073} INFO - Dependencies all met for dep_context=non-requeueable deps ti=<TaskInstance: prioritas1_no1.echo_hello_airflow scheduled__2024-04-11T00:00:00+00:00 [queued]>
[2024-04-12T00:21:28.971+0000] {taskinstance.py:2073} INFO - Dependencies all met for dep_context=requeueable deps ti=<TaskInstance: prioritas1_no1.echo_hello_airflow scheduled__2024-04-11T00:00:00+00:00 [queued]>
[2024-04-12T00:21:28.973+0000] {taskinstance.py:2303} INFO - Starting attempt 1 of 6
[2024-04-12T00:21:29.009+0000] {taskinstance.py:2327} INFO - Executing <Task(BashOperator): echo_hello_airflow> on 2024-04-11 00:00:00+00:00
[2024-04-12T00:21:29.024+0000] {warnings.py:110} WARNING - /home/***/.local/lib/python3.12/site-packages/***/task/task_runner/standard_task_runner.py:61: DeprecationWarning: This process (pid=66) is multi-threaded, use of fork() may lead to deadlocks in the child.
  pid = os.fork()

[2024-04-12T00:21:29.028+0000] {standard_task_runner.py:63} INFO - Started process 70 to run task
[2024-04-12T00:21:29.032+0000] {standard_task_runner.py:90} INFO - Running: ['***', 'tasks', 'run', 'prioritas1_no1', 'echo_hello_***', 'scheduled__2024-04-11T00:00:00+00:00', '--job-id', '48', '--raw', '--subdir', 'DAGS_FOLDER/prioritas1_dag.py', '--cfg-path', '/tmp/tmp8tn8g91a']
[2024-04-12T00:21:29.036+0000] {standard_task_runner.py:91} INFO - Job 48: Subtask echo_hello_***
[2024-04-12T00:21:29.182+0000] {task_command.py:426} INFO - Running <TaskInstance: prioritas1_no1.echo_hello_airflow scheduled__2024-04-11T00:00:00+00:00 [running]> on host 805e8d5936d1
[2024-04-12T00:21:29.419+0000] {taskinstance.py:2644} INFO - Exporting env vars: AIRFLOW_CTX_DAG_OWNER='abdan' AIRFLOW_CTX_DAG_ID='prioritas1_no1' AIRFLOW_CTX_TASK_ID='echo_hello_***' AIRFLOW_CTX_EXECUTION_DATE='2024-04-11T00:00:00+00:00' AIRFLOW_CTX_TRY_NUMBER='1' AIRFLOW_CTX_DAG_RUN_ID='scheduled__2024-04-11T00:00:00+00:00'
[2024-04-12T00:21:29.423+0000] {taskinstance.py:430} INFO - ::endgroup::
[2024-04-12T00:21:29.429+0000] {subprocess.py:63} INFO - Tmp dir root location: /tmp
[2024-04-12T00:21:29.435+0000] {subprocess.py:75} INFO - Running command: ['/usr/bin/bash', '-c', 'echo hello ***']
[2024-04-12T00:21:29.481+0000] {subprocess.py:86} INFO - Output:
[2024-04-12T00:21:29.503+0000] {subprocess.py:93} INFO - hello ***
[2024-04-12T00:21:29.505+0000] {subprocess.py:97} INFO - Command exited with return code 0
[2024-04-12T00:21:29.506+0000] {taskinstance.py:441} INFO - ::group::Post task execution logs
[2024-04-12T00:21:29.570+0000] {taskinstance.py:1205} INFO - Marking task as SUCCESS. dag_id=prioritas1_no1, task_id=echo_hello_***, execution_date=20240411T000000, start_date=20240412T002128, end_date=20240412T002129
[2024-04-12T00:21:29.649+0000] {local_task_job_runner.py:240} INFO - Task exited with return code 0
[2024-04-12T00:21:29.702+0000] {taskinstance.py:3482} INFO - 2 downstream tasks scheduled from follow-on schedule check
[2024-04-12T00:21:29.711+0000] {local_task_job_runner.py:222} INFO - ::endgroup::
