[2024-04-13T15:49:46.757+0000] {local_task_job_runner.py:120} INFO - ::group::Pre task execution logs
[2024-04-13T15:49:46.805+0000] {taskinstance.py:2073} INFO - Dependencies all met for dep_context=non-requeueable deps ti=<TaskInstance: prioritas1_no1.touch_our_works scheduled__2024-04-12T00:00:00+00:00 [queued]>
[2024-04-13T15:49:46.817+0000] {taskinstance.py:2073} INFO - Dependencies all met for dep_context=requeueable deps ti=<TaskInstance: prioritas1_no1.touch_our_works scheduled__2024-04-12T00:00:00+00:00 [queued]>
[2024-04-13T15:49:46.819+0000] {taskinstance.py:2303} INFO - Starting attempt 1 of 6
[2024-04-13T15:49:46.846+0000] {taskinstance.py:2327} INFO - Executing <Task(BashOperator): touch_our_works> on 2024-04-12 00:00:00+00:00
[2024-04-13T15:49:46.857+0000] {warnings.py:110} WARNING - /home/***/.local/lib/python3.12/site-packages/***/task/task_runner/standard_task_runner.py:61: DeprecationWarning: This process (pid=109) is multi-threaded, use of fork() may lead to deadlocks in the child.
  pid = os.fork()

[2024-04-13T15:49:46.859+0000] {standard_task_runner.py:63} INFO - Started process 114 to run task
[2024-04-13T15:49:46.859+0000] {standard_task_runner.py:90} INFO - Running: ['***', 'tasks', 'run', 'prioritas1_no1', 'touch_our_works', 'scheduled__2024-04-12T00:00:00+00:00', '--job-id', '203', '--raw', '--subdir', 'DAGS_FOLDER/prioritas1_dag.py', '--cfg-path', '/tmp/tmpq0ljk8gg']
[2024-04-13T15:49:46.871+0000] {standard_task_runner.py:91} INFO - Job 203: Subtask touch_our_works
[2024-04-13T15:49:46.949+0000] {task_command.py:426} INFO - Running <TaskInstance: prioritas1_no1.touch_our_works scheduled__2024-04-12T00:00:00+00:00 [running]> on host a8c8062a752a
[2024-04-13T15:49:47.066+0000] {taskinstance.py:2644} INFO - Exporting env vars: AIRFLOW_CTX_DAG_OWNER='abdan' AIRFLOW_CTX_DAG_ID='prioritas1_no1' AIRFLOW_CTX_TASK_ID='touch_our_works' AIRFLOW_CTX_EXECUTION_DATE='2024-04-12T00:00:00+00:00' AIRFLOW_CTX_TRY_NUMBER='1' AIRFLOW_CTX_DAG_RUN_ID='scheduled__2024-04-12T00:00:00+00:00'
[2024-04-13T15:49:47.069+0000] {taskinstance.py:430} INFO - ::endgroup::
[2024-04-13T15:49:47.070+0000] {subprocess.py:63} INFO - Tmp dir root location: /tmp
[2024-04-13T15:49:47.072+0000] {subprocess.py:75} INFO - Running command: ['/usr/bin/bash', '-c', 'touch /opt/***/dags/our_works/works.txt']
[2024-04-13T15:49:47.089+0000] {subprocess.py:86} INFO - Output:
[2024-04-13T15:49:47.096+0000] {subprocess.py:97} INFO - Command exited with return code 0
[2024-04-13T15:49:47.098+0000] {taskinstance.py:441} INFO - ::group::Post task execution logs
[2024-04-13T15:49:47.124+0000] {taskinstance.py:1205} INFO - Marking task as SUCCESS. dag_id=prioritas1_no1, task_id=touch_our_works, execution_date=20240412T000000, start_date=20240413T154946, end_date=20240413T154947
[2024-04-13T15:49:47.167+0000] {local_task_job_runner.py:240} INFO - Task exited with return code 0
[2024-04-13T15:49:47.193+0000] {taskinstance.py:3482} INFO - 1 downstream tasks scheduled from follow-on schedule check
[2024-04-13T15:49:47.196+0000] {local_task_job_runner.py:222} INFO - ::endgroup::
