[2024-04-12T00:53:32.087+0000] {local_task_job_runner.py:120} INFO - ::group::Pre task execution logs
[2024-04-12T00:53:32.105+0000] {taskinstance.py:2073} INFO - Dependencies all met for dep_context=non-requeueable deps ti=<TaskInstance: prioritas1_no1.touch_about_us scheduled__2024-04-09T00:00:00+00:00 [queued]>
[2024-04-12T00:53:32.112+0000] {taskinstance.py:2073} INFO - Dependencies all met for dep_context=requeueable deps ti=<TaskInstance: prioritas1_no1.touch_about_us scheduled__2024-04-09T00:00:00+00:00 [queued]>
[2024-04-12T00:53:32.113+0000] {taskinstance.py:2303} INFO - Starting attempt 2 of 6
[2024-04-12T00:53:32.129+0000] {taskinstance.py:2327} INFO - Executing <Task(BashOperator): touch_about_us> on 2024-04-09 00:00:00+00:00
[2024-04-12T00:53:32.138+0000] {warnings.py:110} WARNING - /home/***/.local/lib/python3.12/site-packages/***/task/task_runner/standard_task_runner.py:61: DeprecationWarning: This process (pid=590) is multi-threaded, use of fork() may lead to deadlocks in the child.
  pid = os.fork()

[2024-04-12T00:53:32.139+0000] {standard_task_runner.py:63} INFO - Started process 592 to run task
[2024-04-12T00:53:32.139+0000] {standard_task_runner.py:90} INFO - Running: ['***', 'tasks', 'run', 'prioritas1_no1', 'touch_about_us', 'scheduled__2024-04-09T00:00:00+00:00', '--job-id', '85', '--raw', '--subdir', 'DAGS_FOLDER/prioritas1_dag.py', '--cfg-path', '/tmp/tmp_dex6_xc']
[2024-04-12T00:53:32.143+0000] {standard_task_runner.py:91} INFO - Job 85: Subtask touch_about_us
[2024-04-12T00:53:32.191+0000] {task_command.py:426} INFO - Running <TaskInstance: prioritas1_no1.touch_about_us scheduled__2024-04-09T00:00:00+00:00 [running]> on host 805e8d5936d1
[2024-04-12T00:53:32.275+0000] {taskinstance.py:2644} INFO - Exporting env vars: AIRFLOW_CTX_DAG_OWNER='abdan' AIRFLOW_CTX_DAG_ID='prioritas1_no1' AIRFLOW_CTX_TASK_ID='touch_about_us' AIRFLOW_CTX_EXECUTION_DATE='2024-04-09T00:00:00+00:00' AIRFLOW_CTX_TRY_NUMBER='2' AIRFLOW_CTX_DAG_RUN_ID='scheduled__2024-04-09T00:00:00+00:00'
[2024-04-12T00:53:32.277+0000] {taskinstance.py:430} INFO - ::endgroup::
[2024-04-12T00:53:32.279+0000] {subprocess.py:63} INFO - Tmp dir root location: /tmp
[2024-04-12T00:53:32.281+0000] {subprocess.py:75} INFO - Running command: ['/usr/bin/bash', '-c', 'touch about_us/about.txt']
[2024-04-12T00:53:32.294+0000] {subprocess.py:86} INFO - Output:
[2024-04-12T00:53:32.296+0000] {subprocess.py:93} INFO - touch: cannot touch 'about_us/about.txt': No such file or directory
[2024-04-12T00:53:32.297+0000] {subprocess.py:97} INFO - Command exited with return code 1
[2024-04-12T00:53:32.298+0000] {taskinstance.py:441} INFO - ::group::Post task execution logs
[2024-04-12T00:53:32.311+0000] {taskinstance.py:2890} ERROR - Task failed with exception
Traceback (most recent call last):
  File "/home/airflow/.local/lib/python3.12/site-packages/airflow/models/taskinstance.py", line 465, in _execute_task
    result = _execute_callable(context=context, **execute_callable_kwargs)
             ^^^^^^^^^^^^^^^^^^^^^^^^^^^^^^^^^^^^^^^^^^^^^^^^^^^^^^^^^^^^^
  File "/home/airflow/.local/lib/python3.12/site-packages/airflow/models/taskinstance.py", line 432, in _execute_callable
    return execute_callable(context=context, **execute_callable_kwargs)
           ^^^^^^^^^^^^^^^^^^^^^^^^^^^^^^^^^^^^^^^^^^^^^^^^^^^^^^^^^^^^
  File "/home/airflow/.local/lib/python3.12/site-packages/airflow/models/baseoperator.py", line 400, in wrapper
    return func(self, *args, **kwargs)
           ^^^^^^^^^^^^^^^^^^^^^^^^^^^
  File "/home/airflow/.local/lib/python3.12/site-packages/airflow/operators/bash.py", line 243, in execute
    raise AirflowException(
airflow.exceptions.AirflowException: Bash command failed. The command returned a non-zero exit code 1.
[2024-04-12T00:53:32.316+0000] {taskinstance.py:1205} INFO - Marking task as UP_FOR_RETRY. dag_id=prioritas1_no1, task_id=touch_about_us, execution_date=20240409T000000, start_date=20240412T005332, end_date=20240412T005332
[2024-04-12T00:53:32.334+0000] {standard_task_runner.py:110} ERROR - Failed to execute job 85 for task touch_about_us (Bash command failed. The command returned a non-zero exit code 1.; 592)
[2024-04-12T00:53:32.354+0000] {local_task_job_runner.py:240} INFO - Task exited with return code 1
[2024-04-12T00:53:32.374+0000] {taskinstance.py:3482} INFO - 0 downstream tasks scheduled from follow-on schedule check
[2024-04-12T00:53:32.382+0000] {local_task_job_runner.py:222} INFO - ::endgroup::
