[2024-04-15T10:08:20.594+0000] {local_task_job_runner.py:120} INFO - ::group::Pre task execution logs
[2024-04-15T10:08:20.759+0000] {taskinstance.py:2073} INFO - Dependencies all met for dep_context=non-requeueable deps ti=<TaskInstance: eksplorasii_dag.create_fruits_table scheduled__2023-05-26T00:00:00+00:00 [queued]>
[2024-04-15T10:08:20.855+0000] {taskinstance.py:2073} INFO - Dependencies all met for dep_context=requeueable deps ti=<TaskInstance: eksplorasii_dag.create_fruits_table scheduled__2023-05-26T00:00:00+00:00 [queued]>
[2024-04-15T10:08:20.857+0000] {taskinstance.py:2303} INFO - Starting attempt 1 of 1
[2024-04-15T10:08:20.939+0000] {taskinstance.py:2327} INFO - Executing <Task(PostgresOperator): create_fruits_table> on 2023-05-26 00:00:00+00:00
[2024-04-15T10:08:20.996+0000] {standard_task_runner.py:90} INFO - Running: ['***', 'tasks', 'run', 'eksplorasii_dag', 'create_fruits_table', 'scheduled__2023-05-26T00:00:00+00:00', '--job-id', '346', '--raw', '--subdir', 'DAGS_FOLDER/eksplorasii_dag.py', '--cfg-path', '/tmp/tmpobdqppxk']
[2024-04-15T10:08:21.002+0000] {standard_task_runner.py:91} INFO - Job 346: Subtask create_fruits_table
[2024-04-15T10:08:20.959+0000] {warnings.py:110} WARNING - /home/***/.local/lib/python3.12/site-packages/***/task/task_runner/standard_task_runner.py:61: DeprecationWarning: This process (pid=450) is multi-threaded, use of fork() may lead to deadlocks in the child.
  pid = os.fork()

[2024-04-15T10:08:21.007+0000] {standard_task_runner.py:63} INFO - Started process 475 to run task
[2024-04-15T10:08:21.168+0000] {task_command.py:426} INFO - Running <TaskInstance: eksplorasii_dag.create_fruits_table scheduled__2023-05-26T00:00:00+00:00 [running]> on host 2354a2c4893f
[2024-04-15T10:08:21.527+0000] {taskinstance.py:2644} INFO - Exporting env vars: AIRFLOW_CTX_DAG_OWNER='abdan' AIRFLOW_CTX_DAG_ID='eksplorasii_dag' AIRFLOW_CTX_TASK_ID='create_fruits_table' AIRFLOW_CTX_EXECUTION_DATE='2023-05-26T00:00:00+00:00' AIRFLOW_CTX_TRY_NUMBER='1' AIRFLOW_CTX_DAG_RUN_ID='scheduled__2023-05-26T00:00:00+00:00'
[2024-04-15T10:08:21.533+0000] {taskinstance.py:430} INFO - ::endgroup::
[2024-04-15T10:08:21.535+0000] {sql.py:276} INFO - Executing: 
        CREATE TABLE IF NOT EXISTS fruits (
            id SERIAL PRIMARY KEY,
            name VARCHAR(50) NOT NULL,
            calories DECIMAL NOT NULL,
            fat DECIMAL NOT NULL,
            sugar DECIMAL NOT NULL,
            carbohydrates DECIMAL NOT NULL,
            protein DECIMAL NOT NULL
        );

        -- Perbaikan: Menambahkan sequence fruits_id_seq
        CREATE SEQUENCE IF NOT EXISTS fruits_id_seq
            START WITH 1
            INCREMENT BY 1
            NO MINVALUE
            NO MAXVALUE
            CACHE 1;
    
[2024-04-15T10:08:21.623+0000] {taskinstance.py:441} INFO - ::group::Post task execution logs
[2024-04-15T10:08:21.640+0000] {taskinstance.py:2890} ERROR - Task failed with exception
Traceback (most recent call last):
  File "/home/airflow/.local/lib/python3.12/site-packages/airflow/models/taskinstance.py", line 465, in _execute_task
    result = _execute_callable(context=context, **execute_callable_kwargs)
             ^^^^^^^^^^^^^^^^^^^^^^^^^^^^^^^^^^^^^^^^^^^^^^^^^^^^^^^^^^^^^
  File "/home/airflow/.local/lib/python3.12/site-packages/airflow/models/taskinstance.py", line 432, in _execute_callable
    return execute_callable(context=context, **execute_callable_kwargs)
           ^^^^^^^^^^^^^^^^^^^^^^^^^^^^^^^^^^^^^^^^^^^^^^^^^^^^^^^^^^^^
  File "/home/airflow/.local/lib/python3.12/site-packages/airflow/models/baseoperator.py", line 400, in wrapper
    return func(self, *args, **kwargs)
           ^^^^^^^^^^^^^^^^^^^^^^^^^^^
  File "/home/airflow/.local/lib/python3.12/site-packages/airflow/providers/common/sql/operators/sql.py", line 277, in execute
    hook = self.get_db_hook()
           ^^^^^^^^^^^^^^^^^^
  File "/home/airflow/.local/lib/python3.12/site-packages/airflow/providers/common/sql/operators/sql.py", line 188, in get_db_hook
    return self._hook
           ^^^^^^^^^^
  File "/usr/local/lib/python3.12/functools.py", line 995, in __get__
    val = self.func(instance)
          ^^^^^^^^^^^^^^^^^^^
  File "/home/airflow/.local/lib/python3.12/site-packages/airflow/providers/common/sql/operators/sql.py", line 150, in _hook
    conn = BaseHook.get_connection(conn_id)
           ^^^^^^^^^^^^^^^^^^^^^^^^^^^^^^^^
  File "/home/airflow/.local/lib/python3.12/site-packages/airflow/hooks/base.py", line 83, in get_connection
    conn = Connection.get_connection_from_secrets(conn_id)
           ^^^^^^^^^^^^^^^^^^^^^^^^^^^^^^^^^^^^^^^^^^^^^^^
  File "/home/airflow/.local/lib/python3.12/site-packages/airflow/models/connection.py", line 519, in get_connection_from_secrets
    raise AirflowNotFoundException(f"The conn_id `{conn_id}` isn't defined")
airflow.exceptions.AirflowNotFoundException: The conn_id `eksplorasi_postgres` isn't defined
[2024-04-15T10:08:21.674+0000] {taskinstance.py:1205} INFO - Marking task as FAILED. dag_id=eksplorasii_dag, task_id=create_fruits_table, execution_date=20230526T000000, start_date=20240415T100820, end_date=20240415T100821
[2024-04-15T10:08:21.760+0000] {standard_task_runner.py:110} ERROR - Failed to execute job 346 for task create_fruits_table (The conn_id `eksplorasi_postgres` isn't defined; 475)
[2024-04-15T10:08:21.835+0000] {local_task_job_runner.py:240} INFO - Task exited with return code 1
